2019-03-08 08:07:02,669: [DEBUG] 寫入ad帳號
2019-03-08 08:07:12,860: [DEBUG] Employee：鍾XXXXX
2019-03-08 08:07:13,367: [DEBUG] HomeController:F
2019-03-08 08:07:13,509: [DEBUG] 1
2019-03-08 08:07:13,509: [DEBUG] F
2019-03-08 08:07:20,664: [DEBUG] 寫入ad帳號
2019-03-08 08:07:20,709: [DEBUG] Employee：鍾XXXXX
2019-03-08 08:07:20,731: [DEBUG] HomeController:F
2019-03-08 08:07:20,732: [DEBUG] 1
2019-03-08 08:07:20,733: [DEBUG] F
2019-03-08 08:07:20,856: [DEBUG] 寫入ad帳號
2019-03-08 08:07:20,874: [DEBUG] 寫入ad帳號
2019-03-08 08:07:20,880: [DEBUG] 寫入ad帳號
2019-03-08 08:07:20,978: [DEBUG] Employee：鍾XXXXX
2019-03-08 08:07:21,030: [DEBUG] 寫入ad帳號
2019-03-08 08:07:21,033: [DEBUG] Employee：鍾XXXXX
2019-03-08 08:07:21,072: [DEBUG] 寫入ad帳號
2019-03-08 08:07:21,072: [DEBUG] 寫入ad帳號
2019-03-08 08:07:21,115: [DEBUG] Employee：鍾XXXXX
2019-03-08 08:07:21,115: [DEBUG] Employee：鍾XXXXX
2019-03-08 08:07:21,191: [DEBUG] 寫入ad帳號
2019-03-08 08:07:21,244: [DEBUG] Employee：鍾XXXXX
2019-03-08 08:07:21,244: [DEBUG] Employee：鍾XXXXX
2019-03-08 08:07:21,255: [DEBUG] Employee：鍾XXXXX
2019-03-08 08:07:21,291: [DEBUG] HomeController:F
2019-03-08 08:07:21,292: [DEBUG] 1
2019-03-08 08:07:21,292: [DEBUG] F
2019-03-08 08:07:29,024: [DEBUG] 1
2019-03-08 08:07:29,024: [DEBUG] F
2019-03-08 08:07:39,976: [DEBUG] 寫入ad帳號
2019-03-08 08:07:40,026: [DEBUG] Employee：鍾XXXXX
2019-03-08 08:07:40,071: [DEBUG] 1
2019-03-08 08:07:40,071: [DEBUG] F
2019-03-08 08:07:40,355: [DEBUG] 寫入ad帳號
2019-03-08 08:07:40,376: [DEBUG] 寫入ad帳號
2019-03-08 08:07:40,379: [DEBUG] 寫入ad帳號
2019-03-08 08:07:40,419: [DEBUG] 寫入ad帳號
2019-03-08 08:07:40,419: [DEBUG] 寫入ad帳號
2019-03-08 08:07:40,422: [DEBUG] 寫入ad帳號
2019-03-08 08:07:40,507: [DEBUG] Employee：鍾XXXXX
2019-03-08 08:07:40,507: [DEBUG] Employee：鍾XXXXX
2019-03-08 08:07:40,529: [DEBUG] Employee：鍾XXXXX
2019-03-08 08:07:40,529: [DEBUG] Employee：鍾XXXXX
2019-03-08 08:07:40,529: [DEBUG] 寫入ad帳號
2019-03-08 08:07:40,559: [DEBUG] Employee：鍾XXXXX
2019-03-08 08:07:40,582: [DEBUG] Employee：鍾XXXXX
2019-03-08 08:07:40,584: [DEBUG] 寫入ad帳號
2019-03-08 08:07:40,584: [DEBUG] 寫入ad帳號
2019-03-08 08:07:40,585: [DEBUG] 寫入ad帳號
2019-03-08 08:07:40,585: [DEBUG] 寫入ad帳號
2019-03-08 08:07:40,602: [DEBUG] Employee：鍾XXXXX
2019-03-08 08:07:40,630: [DEBUG] 寫入ad帳號
2019-03-08 08:07:40,672: [DEBUG] Employee：鍾XXXXX
2019-03-08 08:07:40,692: [DEBUG] Employee：鍾XXXXX
2019-03-08 08:07:40,705: [DEBUG] Employee：鍾XXXXX
2019-03-08 08:07:40,705: [DEBUG] Employee：鍾XXXXX
2019-03-08 08:07:40,716: [DEBUG] Employee：鍾XXXXX
2019-03-08 08:07:40,720: [DEBUG] 寫入ad帳號
2019-03-08 08:07:40,723: [DEBUG] 寫入ad帳號
2019-03-08 08:07:40,723: [DEBUG] 寫入ad帳號
2019-03-08 08:07:40,756: [DEBUG] 寫入ad帳號
2019-03-08 08:07:40,756: [DEBUG] 寫入ad帳號
2019-03-08 08:07:40,825: [DEBUG] Employee：鍾XXXXX
2019-03-08 08:07:40,825: [DEBUG] Employee：鍾XXXXX
2019-03-08 08:07:40,827: [DEBUG] Employee：鍾XXXXX
2019-03-08 08:07:40,837: [DEBUG] Employee：鍾XXXXX
2019-03-08 08:07:40,841: [DEBUG] 寫入ad帳號
2019-03-08 08:07:40,847: [DEBUG] Employee：鍾XXXXX
2019-03-08 08:07:40,848: [DEBUG] 寫入ad帳號
2019-03-08 08:07:40,868: [DEBUG] 寫入ad帳號
2019-03-08 08:07:40,870: [DEBUG] 寫入ad帳號
2019-03-08 08:07:40,912: [DEBUG] Employee：鍾XXXXX
2019-03-08 08:07:40,945: [DEBUG] Employee：鍾XXXXX
2019-03-08 08:07:40,945: [DEBUG] Employee：鍾XXXXX
2019-03-08 08:07:40,951: [DEBUG] 寫入ad帳號
2019-03-08 08:07:40,953: [DEBUG] 寫入ad帳號
2019-03-08 08:07:40,981: [DEBUG] Employee：鍾XXXXX
2019-03-08 08:07:40,981: [DEBUG] 寫入ad帳號
2019-03-08 08:07:41,029: [DEBUG] Employee：鍾XXXXX
2019-03-08 08:07:41,040: [DEBUG] 寫入ad帳號
2019-03-08 08:07:41,040: [DEBUG] Employee：鍾XXXXX
2019-03-08 08:07:41,040: [DEBUG] Employee：鍾XXXXX
2019-03-08 08:07:41,070: [DEBUG] 寫入ad帳號
2019-03-08 08:07:41,100: [DEBUG] 寫入ad帳號
2019-03-08 08:07:41,122: [DEBUG] Employee：鍾XXXXX
2019-03-08 08:07:41,142: [DEBUG] Employee：鍾XXXXX
2019-03-08 08:07:41,143: [DEBUG] 寫入ad帳號
2019-03-08 08:07:41,161: [DEBUG] Employee：鍾XXXXX
2019-03-08 08:07:41,188: [DEBUG] 寫入ad帳號
2019-03-08 08:07:41,188: [DEBUG] 寫入ad帳號
2019-03-08 08:07:41,224: [DEBUG] Employee：鍾XXXXX
2019-03-08 08:07:41,262: [DEBUG] Employee：鍾XXXXX
2019-03-08 08:07:41,262: [DEBUG] 寫入ad帳號
2019-03-08 08:07:41,277: [DEBUG] Employee：鍾XXXXX
2019-03-08 08:07:41,286: [DEBUG] 寫入ad帳號
2019-03-08 08:07:41,303: [DEBUG] 寫入ad帳號
2019-03-08 08:07:41,319: [DEBUG] Employee：鍾XXXXX
2019-03-08 08:07:41,364: [DEBUG] Employee：鍾XXXXX
2019-03-08 08:07:41,364: [DEBUG] 寫入ad帳號
2019-03-08 08:07:41,364: [DEBUG] 寫入ad帳號
2019-03-08 08:07:41,380: [DEBUG] Employee：鍾XXXXX
2019-03-08 08:07:41,398: [DEBUG] 寫入ad帳號
2019-03-08 08:07:41,398: [DEBUG] 寫入ad帳號
2019-03-08 08:07:41,465: [DEBUG] Employee：鍾XXXXX
2019-03-08 08:07:41,512: [DEBUG] Employee：鍾XXXXX
2019-03-08 08:07:41,512: [DEBUG] 寫入ad帳號
2019-03-08 08:07:41,512: [DEBUG] 寫入ad帳號
2019-03-08 08:07:41,532: [DEBUG] Employee：鍾XXXXX
2019-03-08 08:07:41,537: [DEBUG] 寫入ad帳號
2019-03-08 08:07:41,588: [DEBUG] Employee：鍾XXXXX
2019-03-08 08:07:41,588: [DEBUG] Employee：鍾XXXXX
2019-03-08 08:07:41,588: [DEBUG] 寫入ad帳號
2019-03-08 08:07:41,601: [DEBUG] Employee：鍾XXXXX
2019-03-08 08:07:41,629: [DEBUG] 寫入ad帳號
2019-03-08 08:07:41,629: [DEBUG] Employee：鍾XXXXX
2019-03-08 08:07:41,644: [DEBUG] Employee：鍾XXXXX
2019-03-08 08:07:41,672: [DEBUG] Employee：鍾XXXXX
2019-03-08 08:19:53,888: [DEBUG] 寫入ad帳號
2019-03-08 08:19:54,531: [DEBUG] Employee：鍾XXXXX
2019-03-08 08:19:54,997: [DEBUG] HomeController:F
2019-03-08 08:19:55,131: [DEBUG] 1
2019-03-08 08:19:55,131: [DEBUG] F
2019-03-08 08:20:01,410: [DEBUG] 1
2019-03-08 08:20:01,411: [DEBUG] F
2019-03-08 08:20:28,516: [DEBUG] 寫入ad帳號
2019-03-08 08:20:28,606: [DEBUG] 寫入ad帳號
2019-03-08 08:20:28,606: [DEBUG] Employee：鍾XXXXX
2019-03-08 08:20:28,632: [DEBUG] 寫入ad帳號
2019-03-08 08:20:28,662: [DEBUG] Employee：鍾XXXXX
2019-03-08 08:20:28,690: [DEBUG] Employee：鍾XXXXX
2019-03-08 08:20:38,792: [DEBUG] 寫入ad帳號
2019-03-08 08:20:38,834: [DEBUG] Employee：鍾XXXXX
2019-03-08 08:20:38,871: [DEBUG] 1
2019-03-08 08:20:38,871: [DEBUG] F
2019-03-08 08:21:06,102: [DEBUG] 1
2019-03-08 08:21:06,102: [DEBUG] F
2019-03-08 08:21:32,598: [DEBUG] 1
2019-03-08 08:21:32,598: [DEBUG] F
2019-03-08 08:21:57,072: [DEBUG] 1
2019-03-08 08:21:57,072: [DEBUG] F
2019-03-08 08:22:36,689: [DEBUG] 1
2019-03-08 08:22:36,689: [DEBUG] F
2019-03-08 08:22:58,014: [DEBUG] 1
2019-03-08 08:22:58,014: [DEBUG] F
2019-03-08 08:23:30,455: [DEBUG] 1
2019-03-08 08:23:30,455: [DEBUG] F
2019-03-08 08:25:33,821: [DEBUG] 1
2019-03-08 08:25:33,821: [DEBUG] F
2019-03-08 08:26:51,333: [DEBUG] 1
2019-03-08 08:26:51,333: [DEBUG] F
2019-03-08 08:28:38,099: [DEBUG] 1
2019-03-08 08:28:38,099: [DEBUG] F
2019-03-08 08:29:19,953: [DEBUG] 1
2019-03-08 08:29:19,953: [DEBUG] F
2019-03-08 08:32:00,062: [DEBUG] 1
2019-03-08 08:32:00,062: [DEBUG] F
2019-03-08 08:32:11,316: [DEBUG] 1
2019-03-08 08:32:11,316: [DEBUG] F
2019-03-08 08:35:14,837: [DEBUG] 1
2019-03-08 08:35:14,837: [DEBUG] F
2019-03-08 08:35:27,131: [DEBUG] 1
2019-03-08 08:35:27,131: [DEBUG] F
2019-03-08 08:36:39,022: [DEBUG] 1
2019-03-08 08:36:39,022: [DEBUG] F
2019-03-08 08:36:44,362: [DEBUG] 1
2019-03-08 08:36:44,362: [DEBUG] F
2019-03-08 08:36:53,589: [DEBUG] 寫入ad帳號
2019-03-08 08:36:53,631: [DEBUG] Employee：鍾XXXXX
2019-03-08 08:36:53,675: [DEBUG] 1
2019-03-08 08:36:53,675: [DEBUG] F
2019-03-08 08:37:17,175: [DEBUG] 1
2019-03-08 08:37:17,175: [DEBUG] F
