2019-03-14 15:12:59,225: [DEBUG] 寫入ad帳號
2019-03-14 15:13:00,116: [DEBUG] Employee：鍾XXXXX
2019-03-14 15:13:00,794: [DEBUG] HomeController:F
2019-03-14 15:13:00,929: [DEBUG] 1
2019-03-14 15:13:00,929: [DEBUG] F
2019-03-14 15:13:01,286: [DEBUG] 寫入ad帳號
2019-03-14 15:13:01,353: [DEBUG] 寫入ad帳號
2019-03-14 15:13:01,355: [DEBUG] 寫入ad帳號
2019-03-14 15:13:01,356: [DEBUG] 寫入ad帳號
2019-03-14 15:13:01,356: [DEBUG] 寫入ad帳號
2019-03-14 15:13:01,573: [DEBUG] Employee：鍾XXXXX
2019-03-14 15:13:01,597: [DEBUG] Employee：鍾XXXXX
2019-03-14 15:13:01,598: [DEBUG] Employee：鍾XXXXX
2019-03-14 15:13:01,639: [DEBUG] Employee：鍾XXXXX
2019-03-14 15:13:01,697: [DEBUG] Employee：鍾XXXXX
2019-03-14 15:13:01,701: [DEBUG] 寫入ad帳號
2019-03-14 15:13:01,764: [DEBUG] Employee：鍾XXXXX
2019-03-14 15:13:01,766: [DEBUG] 寫入ad帳號
2019-03-14 15:13:01,837: [DEBUG] 寫入ad帳號
2019-03-14 15:13:01,837: [DEBUG] 寫入ad帳號
2019-03-14 15:13:01,851: [DEBUG] 寫入ad帳號
2019-03-14 15:13:01,863: [DEBUG] Employee：鍾XXXXX
2019-03-14 15:13:01,914: [DEBUG] Employee：鍾XXXXX
2019-03-14 15:13:01,933: [DEBUG] Employee：鍾XXXXX
2019-03-14 15:13:01,933: [DEBUG] 寫入ad帳號
2019-03-14 15:13:01,995: [DEBUG] Employee：鍾XXXXX
2019-03-14 15:13:01,996: [DEBUG] 寫入ad帳號
2019-03-14 15:13:02,030: [DEBUG] 寫入ad帳號
2019-03-14 15:13:02,066: [DEBUG] 寫入ad帳號
2019-03-14 15:13:02,098: [DEBUG] Employee：鍾XXXXX
2019-03-14 15:13:02,114: [DEBUG] 寫入ad帳號
2019-03-14 15:13:02,128: [DEBUG] Employee：鍾XXXXX
2019-03-14 15:13:02,129: [DEBUG] Employee：鍾XXXXX
2019-03-14 15:13:02,129: [DEBUG] Employee：鍾XXXXX
2019-03-14 15:13:02,143: [DEBUG] 寫入ad帳號
2019-03-14 15:13:02,207: [DEBUG] 寫入ad帳號
2019-03-14 15:13:02,207: [DEBUG] Employee：鍾XXXXX
2019-03-14 15:13:02,222: [DEBUG] Employee：鍾XXXXX
2019-03-14 15:13:02,225: [DEBUG] 寫入ad帳號
2019-03-14 15:13:02,267: [DEBUG] Employee：鍾XXXXX
2019-03-14 15:13:02,280: [DEBUG] Employee：鍾XXXXX
2019-03-14 15:13:02,293: [DEBUG] 寫入ad帳號
2019-03-14 15:13:02,377: [DEBUG] 寫入ad帳號
2019-03-14 15:13:02,403: [DEBUG] 寫入ad帳號
2019-03-14 15:13:02,418: [DEBUG] Employee：鍾XXXXX
2019-03-14 15:13:02,455: [DEBUG] 寫入ad帳號
2019-03-14 15:13:02,489: [DEBUG] Employee：鍾XXXXX
2019-03-14 15:13:02,489: [DEBUG] 寫入ad帳號
2019-03-14 15:13:02,502: [DEBUG] Employee：鍾XXXXX
2019-03-14 15:13:02,523: [DEBUG] Employee：鍾XXXXX
2019-03-14 15:13:02,534: [DEBUG] Employee：鍾XXXXX
2019-03-14 15:13:02,558: [DEBUG] 寫入ad帳號
2019-03-14 15:13:02,582: [DEBUG] 寫入ad帳號
2019-03-14 15:13:02,620: [DEBUG] Employee：鍾XXXXX
2019-03-14 15:13:02,631: [DEBUG] Employee：鍾XXXXX
2019-03-14 15:13:02,645: [DEBUG] 寫入ad帳號
2019-03-14 15:13:02,691: [DEBUG] 寫入ad帳號
2019-03-14 15:13:02,737: [DEBUG] 寫入ad帳號
2019-03-14 15:13:02,738: [DEBUG] Employee：鍾XXXXX
2019-03-14 15:13:02,772: [DEBUG] Employee：鍾XXXXX
2019-03-14 15:13:02,782: [DEBUG] Employee：鍾XXXXX
2019-03-14 15:13:02,819: [DEBUG] 寫入ad帳號
2019-03-14 15:13:02,821: [DEBUG] 寫入ad帳號
2019-03-14 15:13:02,849: [DEBUG] 寫入ad帳號
2019-03-14 15:13:02,894: [DEBUG] Employee：鍾XXXXX
2019-03-14 15:13:02,894: [DEBUG] Employee：鍾XXXXX
2019-03-14 15:13:02,906: [DEBUG] Employee：鍾XXXXX
2019-03-14 15:13:02,945: [DEBUG] 寫入ad帳號
2019-03-14 15:13:02,945: [DEBUG] 寫入ad帳號
2019-03-14 15:13:03,028: [DEBUG] 寫入ad帳號
2019-03-14 15:13:03,040: [DEBUG] Employee：鍾XXXXX
2019-03-14 15:13:03,040: [DEBUG] Employee：鍾XXXXX
2019-03-14 15:13:03,068: [DEBUG] 寫入ad帳號
2019-03-14 15:13:03,069: [DEBUG] Employee：鍾XXXXX
2019-03-14 15:13:03,092: [DEBUG] 寫入ad帳號
2019-03-14 15:13:03,092: [DEBUG] 寫入ad帳號
2019-03-14 15:13:03,144: [DEBUG] 寫入ad帳號
2019-03-14 15:13:03,144: [DEBUG] Employee：鍾XXXXX
2019-03-14 15:13:03,158: [DEBUG] Employee：鍾XXXXX
2019-03-14 15:13:03,196: [DEBUG] 寫入ad帳號
2019-03-14 15:13:03,196: [DEBUG] 寫入ad帳號
2019-03-14 15:13:03,211: [DEBUG] Employee：鍾XXXXX
2019-03-14 15:13:03,271: [DEBUG] 寫入ad帳號
2019-03-14 15:13:03,287: [DEBUG] 寫入ad帳號
2019-03-14 15:13:03,289: [DEBUG] Employee：鍾XXXXX
2019-03-14 15:13:03,323: [DEBUG] Employee：鍾XXXXX
2019-03-14 15:13:03,323: [DEBUG] Employee：鍾XXXXX
2019-03-14 15:13:03,336: [DEBUG] Employee：鍾XXXXX
2019-03-14 15:13:03,426: [DEBUG] Employee：鍾XXXXX
2019-03-14 15:13:09,042: [DEBUG] 1
2019-03-14 15:13:09,043: [DEBUG] F
2019-03-14 15:13:17,479: [DEBUG] 1
2019-03-14 15:13:17,481: [DEBUG] 2
2019-03-14 15:13:17,482: [DEBUG] @YMD20180101
2019-03-14 15:13:23,177: [DEBUG] 3：2
2019-03-14 15:14:22,448: [DEBUG] 4
2019-03-14 15:14:22,508: [DEBUG] ["201704"]
2019-03-14 15:14:22,508: [DEBUG] [52]
2019-03-14 15:14:22,508: [DEBUG] [1]
2019-03-14 15:14:22,508: [DEBUG] []
2019-03-14 15:14:31,620: [DEBUG] 1
2019-03-14 15:14:31,621: [DEBUG] 2
2019-03-14 15:14:31,621: [DEBUG] @YMD20180101
2019-03-14 15:14:33,721: [DEBUG] 3：2
2019-03-14 15:16:22,424: [DEBUG] 4
2019-03-14 15:16:22,427: [DEBUG] []
2019-03-14 15:16:22,427: [DEBUG] []
2019-03-14 15:16:22,427: [DEBUG] []
2019-03-14 15:16:22,427: [DEBUG] []
2019-03-14 15:16:32,530: [DEBUG] 1
2019-03-14 15:16:32,530: [DEBUG] 2
2019-03-14 15:16:32,530: [DEBUG] @YMD20180101
2019-03-14 15:16:42,891: [DEBUG] 3：2
