2019-03-06 08:09:26,613: [DEBUG] 寫入ad帳號
2019-03-06 08:09:26,613: [DEBUG] 寫入ad帳號
2019-03-06 08:09:26,613: [DEBUG] 寫入ad帳號
2019-03-06 08:09:26,613: [DEBUG] 寫入ad帳號
2019-03-06 08:09:27,331: [DEBUG] 寫入ad帳號
2019-03-06 08:09:27,358: [DEBUG] Employee：鍾XXXXX
2019-03-06 08:09:27,358: [DEBUG] Employee：鍾XXXXX
2019-03-06 08:09:27,359: [DEBUG] Employee：鍾XXXXX
2019-03-06 08:09:27,359: [DEBUG] Employee：鍾XXXXX
2019-03-06 08:09:27,359: [DEBUG] Employee：鍾XXXXX
2019-03-06 08:11:45,108: [DEBUG] 寫入ad帳號
2019-03-06 08:11:45,108: [DEBUG] 寫入ad帳號
2019-03-06 08:11:45,788: [DEBUG] Employee：鍾XXXXX
2019-03-06 08:11:45,788: [DEBUG] Employee：鍾XXXXX
2019-03-06 08:11:46,316: [DEBUG] HomeController:F
2019-03-06 08:11:46,540: [DEBUG] 1
2019-03-06 08:11:46,540: [DEBUG] F
2019-03-06 08:11:46,910: [DEBUG] 1
2019-03-06 08:11:46,910: [DEBUG] F
2019-03-06 08:12:19,715: [DEBUG] 1
2019-03-06 08:12:19,715: [DEBUG] F
2019-03-06 08:15:16,459: [DEBUG] 1
2019-03-06 08:15:16,459: [DEBUG] F
2019-03-06 08:15:28,743: [DEBUG] 1
2019-03-06 08:15:28,743: [DEBUG] F
2019-03-06 08:16:42,170: [DEBUG] 1
2019-03-06 08:16:42,170: [DEBUG] F
2019-03-06 08:17:20,276: [DEBUG] 1
2019-03-06 08:17:20,276: [DEBUG] F
2019-03-06 08:25:13,244: [DEBUG] 1
2019-03-06 08:25:13,244: [DEBUG] F
2019-03-06 08:25:35,637: [DEBUG] 1
2019-03-06 08:25:35,637: [DEBUG] F
2019-03-06 08:28:51,988: [DEBUG] 1
2019-03-06 08:28:51,988: [DEBUG] F
2019-03-06 08:29:11,101: [DEBUG] ["201704"]
2019-03-06 08:29:11,102: [DEBUG] [52]
2019-03-06 08:29:11,102: [DEBUG] [1]
2019-03-06 08:29:11,102: [DEBUG] []
2019-03-06 08:29:34,088: [DEBUG] ["201704"]
2019-03-06 08:29:34,088: [DEBUG] [52]
2019-03-06 08:29:34,088: [DEBUG] [1]
2019-03-06 08:29:34,088: [DEBUG] []
2019-03-06 08:32:24,610: [DEBUG] ["201704"]
2019-03-06 08:32:24,610: [DEBUG] [52]
2019-03-06 08:32:24,610: [DEBUG] [1]
2019-03-06 08:32:24,610: [DEBUG] []
2019-03-06 08:32:30,843: [DEBUG] 1
2019-03-06 08:32:30,843: [DEBUG] F
2019-03-06 08:34:04,767: [DEBUG] 1
2019-03-06 08:34:04,767: [DEBUG] F
2019-03-06 08:34:48,182: [DEBUG] 1
2019-03-06 08:34:48,182: [DEBUG] F
2019-03-06 08:35:20,068: [DEBUG] 1
2019-03-06 08:35:20,068: [DEBUG] F
2019-03-06 08:35:36,983: [DEBUG] 1
2019-03-06 08:35:36,983: [DEBUG] F
2019-03-06 08:35:54,247: [DEBUG] 1
2019-03-06 08:35:54,247: [DEBUG] F
2019-03-06 08:36:10,639: [DEBUG] 1
2019-03-06 08:36:10,639: [DEBUG] F
2019-03-06 08:36:56,591: [DEBUG] 1
2019-03-06 08:36:56,591: [DEBUG] F
2019-03-06 08:37:08,165: [DEBUG] ["201704"]
2019-03-06 08:37:08,165: [DEBUG] [52]
2019-03-06 08:37:08,165: [DEBUG] [1]
2019-03-06 08:37:08,165: [DEBUG] []
2019-03-06 08:38:04,654: [DEBUG] 1
2019-03-06 08:38:04,654: [DEBUG] F
2019-03-06 08:38:13,816: [DEBUG] ["201704"]
2019-03-06 08:38:13,816: [DEBUG] [52]
2019-03-06 08:38:13,816: [DEBUG] [1]
2019-03-06 08:38:13,816: [DEBUG] []
2019-03-06 08:39:19,285: [DEBUG] 1
2019-03-06 08:39:19,285: [DEBUG] F
2019-03-06 08:39:27,480: [DEBUG] ["201704"]
2019-03-06 08:39:27,480: [DEBUG] [52]
2019-03-06 08:39:27,481: [DEBUG] [1]
2019-03-06 08:39:27,481: [DEBUG] []
2019-03-06 08:39:50,253: [DEBUG] 1
2019-03-06 08:39:50,254: [DEBUG] F
2019-03-06 08:39:58,708: [DEBUG] ["201704"]
2019-03-06 08:39:58,708: [DEBUG] [52]
2019-03-06 08:39:58,708: [DEBUG] [1]
2019-03-06 08:39:58,708: [DEBUG] []
2019-03-06 08:40:14,007: [DEBUG] ["201704"]
2019-03-06 08:40:14,007: [DEBUG] [52]
2019-03-06 08:40:14,007: [DEBUG] [1]
2019-03-06 08:40:14,007: [DEBUG] []
2019-03-06 08:40:41,394: [DEBUG] 1
2019-03-06 08:40:41,394: [DEBUG] F
2019-03-06 08:40:49,897: [DEBUG] ["201704"]
2019-03-06 08:40:49,897: [DEBUG] [52]
2019-03-06 08:40:49,897: [DEBUG] [1]
2019-03-06 08:40:49,897: [DEBUG] []
2019-03-06 08:40:58,686: [DEBUG] ["201704"]
2019-03-06 08:40:58,686: [DEBUG] [52]
2019-03-06 08:40:58,686: [DEBUG] [1]
2019-03-06 08:40:58,686: [DEBUG] []
2019-03-06 08:41:21,143: [DEBUG] ["201704"]
2019-03-06 08:41:21,143: [DEBUG] [52]
2019-03-06 08:41:21,143: [DEBUG] [1]
2019-03-06 08:41:21,143: [DEBUG] []
2019-03-06 08:53:01,641: [DEBUG] 寫入ad帳號
2019-03-06 08:53:01,642: [DEBUG] 寫入ad帳號
2019-03-06 08:53:01,953: [DEBUG] 寫入ad帳號
2019-03-06 08:53:02,410: [DEBUG] Employee：鍾XXXXX
2019-03-06 08:53:02,410: [DEBUG] Employee：鍾XXXXX
2019-03-06 08:53:02,410: [DEBUG] Employee：鍾XXXXX
2019-03-06 08:53:02,867: [DEBUG] HomeController:F
2019-03-06 08:53:03,011: [DEBUG] 1
2019-03-06 08:53:03,011: [DEBUG] F
2019-03-06 08:53:03,410: [DEBUG] 寫入ad帳號
2019-03-06 08:53:03,421: [DEBUG] 寫入ad帳號
2019-03-06 08:53:03,421: [DEBUG] 寫入ad帳號
2019-03-06 08:53:03,443: [DEBUG] Employee：鍾XXXXX
2019-03-06 08:53:03,443: [DEBUG] Employee：鍾XXXXX
2019-03-06 08:53:03,445: [DEBUG] Employee：鍾XXXXX
2019-03-06 08:53:03,505: [DEBUG] 寫入ad帳號
2019-03-06 08:53:03,505: [DEBUG] 寫入ad帳號
2019-03-06 08:53:03,508: [DEBUG] 寫入ad帳號
2019-03-06 08:53:03,527: [DEBUG] Employee：鍾XXXXX
2019-03-06 08:53:03,528: [DEBUG] Employee：鍾XXXXX
2019-03-06 08:53:03,533: [DEBUG] Employee：鍾XXXXX
2019-03-06 08:53:03,611: [DEBUG] 寫入ad帳號
2019-03-06 08:53:03,617: [DEBUG] 寫入ad帳號
2019-03-06 08:53:03,619: [DEBUG] 寫入ad帳號
2019-03-06 08:53:03,636: [DEBUG] Employee：鍾XXXXX
2019-03-06 08:53:03,640: [DEBUG] Employee：鍾XXXXX
2019-03-06 08:53:03,641: [DEBUG] Employee：鍾XXXXX
2019-03-06 08:53:03,644: [DEBUG] 寫入ad帳號
2019-03-06 08:53:03,650: [DEBUG] 寫入ad帳號
2019-03-06 08:53:03,660: [DEBUG] Employee：鍾XXXXX
2019-03-06 08:53:03,671: [DEBUG] Employee：鍾XXXXX
2019-03-06 08:53:03,671: [DEBUG] 寫入ad帳號
2019-03-06 08:53:03,695: [DEBUG] Employee：鍾XXXXX
2019-03-06 08:53:03,696: [DEBUG] 寫入ad帳號
2019-03-06 08:53:03,700: [DEBUG] 寫入ad帳號
2019-03-06 08:53:03,719: [DEBUG] Employee：鍾XXXXX
2019-03-06 08:53:03,723: [DEBUG] Employee：鍾XXXXX
2019-03-06 08:53:03,769: [DEBUG] 寫入ad帳號
2019-03-06 08:53:03,770: [DEBUG] 寫入ad帳號
2019-03-06 08:53:03,793: [DEBUG] Employee：鍾XXXXX
2019-03-06 08:53:03,794: [DEBUG] Employee：鍾XXXXX
2019-03-06 08:53:03,820: [DEBUG] 寫入ad帳號
2019-03-06 08:53:03,821: [DEBUG] 寫入ad帳號
2019-03-06 08:53:03,843: [DEBUG] Employee：鍾XXXXX
2019-03-06 08:53:03,845: [DEBUG] Employee：鍾XXXXX
2019-03-06 08:53:03,861: [DEBUG] 寫入ad帳號
2019-03-06 08:53:03,891: [DEBUG] Employee：鍾XXXXX
2019-03-06 08:53:03,891: [DEBUG] 寫入ad帳號
2019-03-06 08:53:03,907: [DEBUG] Employee：鍾XXXXX
2019-03-06 08:53:04,025: [DEBUG] 寫入ad帳號
2019-03-06 08:53:04,052: [DEBUG] Employee：鍾XXXXX
2019-03-06 08:53:04,053: [DEBUG] 寫入ad帳號
2019-03-06 08:53:04,067: [DEBUG] Employee：鍾XXXXX
2019-03-06 08:53:04,081: [DEBUG] 寫入ad帳號
2019-03-06 08:53:04,096: [DEBUG] Employee：鍾XXXXX
2019-03-06 08:53:04,152: [DEBUG] 寫入ad帳號
2019-03-06 08:53:04,188: [DEBUG] Employee：鍾XXXXX
2019-03-06 08:53:04,189: [DEBUG] 寫入ad帳號
2019-03-06 08:53:04,190: [DEBUG] 寫入ad帳號
2019-03-06 08:53:04,208: [DEBUG] 寫入ad帳號
2019-03-06 08:53:04,213: [DEBUG] Employee：鍾XXXXX
2019-03-06 08:53:04,215: [DEBUG] Employee：鍾XXXXX
2019-03-06 08:53:04,223: [DEBUG] Employee：鍾XXXXX
2019-03-06 08:53:04,262: [DEBUG] 寫入ad帳號
2019-03-06 08:53:04,285: [DEBUG] Employee：鍾XXXXX
2019-03-06 08:53:04,298: [DEBUG] 寫入ad帳號
2019-03-06 08:53:04,299: [DEBUG] 寫入ad帳號
2019-03-06 08:53:04,322: [DEBUG] Employee：鍾XXXXX
2019-03-06 08:53:04,322: [DEBUG] Employee：鍾XXXXX
2019-03-06 08:53:04,328: [DEBUG] 寫入ad帳號
2019-03-06 08:53:04,344: [DEBUG] Employee：鍾XXXXX
2019-03-06 08:53:04,381: [DEBUG] 寫入ad帳號
2019-03-06 08:53:04,405: [DEBUG] Employee：鍾XXXXX
2019-03-06 08:53:04,430: [DEBUG] 寫入ad帳號
2019-03-06 08:53:04,431: [DEBUG] 寫入ad帳號
2019-03-06 08:53:04,450: [DEBUG] Employee：鍾XXXXX
2019-03-06 08:53:04,450: [DEBUG] Employee：鍾XXXXX
2019-03-06 08:53:04,464: [DEBUG] 寫入ad帳號
2019-03-06 08:53:04,487: [DEBUG] Employee：鍾XXXXX
2019-03-06 08:53:04,537: [DEBUG] 寫入ad帳號
2019-03-06 08:53:04,538: [DEBUG] 寫入ad帳號
2019-03-06 08:53:04,552: [DEBUG] Employee：鍾XXXXX
2019-03-06 08:53:04,554: [DEBUG] Employee：鍾XXXXX
2019-03-06 08:53:04,567: [DEBUG] 寫入ad帳號
2019-03-06 08:53:04,586: [DEBUG] Employee：鍾XXXXX
2019-03-06 08:53:04,603: [DEBUG] 寫入ad帳號
2019-03-06 08:53:04,615: [DEBUG] 寫入ad帳號
2019-03-06 08:53:04,619: [DEBUG] Employee：鍾XXXXX
2019-03-06 08:53:04,632: [DEBUG] Employee：鍾XXXXX
2019-03-06 08:53:04,676: [DEBUG] 寫入ad帳號
2019-03-06 08:53:04,679: [DEBUG] 寫入ad帳號
2019-03-06 08:53:04,712: [DEBUG] Employee：鍾XXXXX
2019-03-06 08:53:04,712: [DEBUG] Employee：鍾XXXXX
2019-03-06 08:53:04,984: [DEBUG] 1
2019-03-06 08:53:04,984: [DEBUG] F
2019-03-06 08:53:04,984: [DEBUG] 1
2019-03-06 08:53:04,985: [DEBUG] F
2019-03-06 08:53:29,320: [DEBUG] ["201704"]
2019-03-06 08:53:29,320: [DEBUG] [52]
2019-03-06 08:53:29,320: [DEBUG] [1]
2019-03-06 08:53:29,320: [DEBUG] []
2019-03-06 08:55:44,455: [DEBUG] 寫入ad帳號
2019-03-06 08:55:44,455: [DEBUG] 寫入ad帳號
2019-03-06 08:55:44,899: [DEBUG] Employee：鍾XXXXX
2019-03-06 08:55:44,899: [DEBUG] Employee：鍾XXXXX
2019-03-06 08:55:45,266: [DEBUG] HomeController:F
2019-03-06 08:55:45,391: [DEBUG] 1
2019-03-06 08:55:45,391: [DEBUG] F
2019-03-06 08:55:45,687: [DEBUG] 寫入ad帳號
2019-03-06 08:55:45,689: [DEBUG] 寫入ad帳號
2019-03-06 08:55:45,695: [DEBUG] 寫入ad帳號
2019-03-06 08:55:45,695: [DEBUG] 寫入ad帳號
2019-03-06 08:55:45,705: [DEBUG] Employee：鍾XXXXX
2019-03-06 08:55:45,707: [DEBUG] Employee：鍾XXXXX
2019-03-06 08:55:45,717: [DEBUG] Employee：鍾XXXXX
2019-03-06 08:55:45,728: [DEBUG] Employee：鍾XXXXX
2019-03-06 08:55:45,749: [DEBUG] 寫入ad帳號
2019-03-06 08:55:45,766: [DEBUG] Employee：鍾XXXXX
2019-03-06 08:55:45,805: [DEBUG] 寫入ad帳號
2019-03-06 08:55:45,817: [DEBUG] 寫入ad帳號
2019-03-06 08:55:45,819: [DEBUG] Employee：鍾XXXXX
2019-03-06 08:55:45,840: [DEBUG] 寫入ad帳號
2019-03-06 08:55:45,848: [DEBUG] 寫入ad帳號
2019-03-06 08:55:45,851: [DEBUG] Employee：鍾XXXXX
2019-03-06 08:55:45,867: [DEBUG] Employee：鍾XXXXX
2019-03-06 08:55:45,871: [DEBUG] 寫入ad帳號
2019-03-06 08:55:45,884: [DEBUG] Employee：鍾XXXXX
2019-03-06 08:55:45,911: [DEBUG] Employee：鍾XXXXX
2019-03-06 08:55:45,928: [DEBUG] 寫入ad帳號
2019-03-06 08:55:45,929: [DEBUG] 寫入ad帳號
2019-03-06 08:55:45,930: [DEBUG] 寫入ad帳號
2019-03-06 08:55:45,945: [DEBUG] Employee：鍾XXXXX
2019-03-06 08:55:45,946: [DEBUG] 寫入ad帳號
2019-03-06 08:55:45,951: [DEBUG] Employee：鍾XXXXX
2019-03-06 08:55:45,956: [DEBUG] Employee：鍾XXXXX
2019-03-06 08:55:45,962: [DEBUG] Employee：鍾XXXXX
2019-03-06 08:55:45,973: [DEBUG] 寫入ad帳號
2019-03-06 08:55:45,987: [DEBUG] Employee：鍾XXXXX
2019-03-06 08:55:45,993: [DEBUG] 寫入ad帳號
2019-03-06 08:55:45,997: [DEBUG] 寫入ad帳號
2019-03-06 08:55:46,001: [DEBUG] 寫入ad帳號
2019-03-06 08:55:46,012: [DEBUG] Employee：鍾XXXXX
2019-03-06 08:55:46,023: [DEBUG] Employee：鍾XXXXX
2019-03-06 08:55:46,023: [DEBUG] Employee：鍾XXXXX
2019-03-06 08:55:46,023: [DEBUG] 寫入ad帳號
2019-03-06 08:55:46,060: [DEBUG] 寫入ad帳號
2019-03-06 08:55:46,065: [DEBUG] 寫入ad帳號
2019-03-06 08:55:46,066: [DEBUG] Employee：鍾XXXXX
2019-03-06 08:55:46,074: [DEBUG] Employee：鍾XXXXX
2019-03-06 08:55:46,074: [DEBUG] 寫入ad帳號
2019-03-06 08:55:46,089: [DEBUG] Employee：鍾XXXXX
2019-03-06 08:55:46,097: [DEBUG] Employee：鍾XXXXX
2019-03-06 08:55:46,144: [DEBUG] 寫入ad帳號
2019-03-06 08:55:46,152: [DEBUG] 寫入ad帳號
2019-03-06 08:55:46,153: [DEBUG] 寫入ad帳號
2019-03-06 08:55:46,167: [DEBUG] Employee：鍾XXXXX
2019-03-06 08:55:46,168: [DEBUG] Employee：鍾XXXXX
2019-03-06 08:55:46,174: [DEBUG] Employee：鍾XXXXX
2019-03-06 08:55:46,189: [DEBUG] 寫入ad帳號
2019-03-06 08:55:46,189: [DEBUG] 寫入ad帳號
2019-03-06 08:55:46,199: [DEBUG] 寫入ad帳號
2019-03-06 08:55:46,217: [DEBUG] Employee：鍾XXXXX
2019-03-06 08:55:46,217: [DEBUG] Employee：鍾XXXXX
2019-03-06 08:55:46,217: [DEBUG] Employee：鍾XXXXX
2019-03-06 08:55:46,234: [DEBUG] 寫入ad帳號
2019-03-06 08:55:46,241: [DEBUG] 寫入ad帳號
2019-03-06 08:55:46,256: [DEBUG] 寫入ad帳號
2019-03-06 08:55:46,277: [DEBUG] Employee：鍾XXXXX
2019-03-06 08:55:46,279: [DEBUG] Employee：鍾XXXXX
2019-03-06 08:55:46,292: [DEBUG] Employee：鍾XXXXX
2019-03-06 08:55:46,325: [DEBUG] 寫入ad帳號
2019-03-06 08:55:46,332: [DEBUG] 寫入ad帳號
2019-03-06 08:55:46,335: [DEBUG] 寫入ad帳號
2019-03-06 08:55:46,336: [DEBUG] 寫入ad帳號
2019-03-06 08:55:46,348: [DEBUG] Employee：鍾XXXXX
2019-03-06 08:55:46,350: [DEBUG] 寫入ad帳號
2019-03-06 08:55:46,351: [DEBUG] Employee：鍾XXXXX
2019-03-06 08:55:46,351: [DEBUG] Employee：鍾XXXXX
2019-03-06 08:55:46,360: [DEBUG] Employee：鍾XXXXX
2019-03-06 08:55:46,370: [DEBUG] Employee：鍾XXXXX
2019-03-06 08:55:46,392: [DEBUG] 寫入ad帳號
2019-03-06 08:55:46,397: [DEBUG] 寫入ad帳號
2019-03-06 08:55:46,412: [DEBUG] Employee：鍾XXXXX
2019-03-06 08:55:46,413: [DEBUG] Employee：鍾XXXXX
2019-03-06 08:55:46,416: [DEBUG] 寫入ad帳號
2019-03-06 08:55:46,432: [DEBUG] Employee：鍾XXXXX
2019-03-06 08:55:46,436: [DEBUG] 寫入ad帳號
2019-03-06 08:55:46,449: [DEBUG] 寫入ad帳號
2019-03-06 08:55:46,460: [DEBUG] Employee：鍾XXXXX
2019-03-06 08:55:46,467: [DEBUG] Employee：鍾XXXXX
2019-03-06 08:55:46,696: [DEBUG] 寫入ad帳號
2019-03-06 08:55:46,711: [DEBUG] Employee：鍾XXXXX
2019-03-06 08:55:46,820: [DEBUG] 1
2019-03-06 08:55:46,820: [DEBUG] F
2019-03-06 08:55:55,475: [DEBUG] ["201704"]
2019-03-06 08:55:55,475: [DEBUG] [52]
2019-03-06 08:55:55,475: [DEBUG] [1]
2019-03-06 08:55:55,475: [DEBUG] []
2019-03-06 11:11:20,568: [DEBUG] 寫入ad帳號
2019-03-06 11:11:20,658: [DEBUG] Employee：鍾XXXXX
2019-03-06 11:11:20,673: [DEBUG] 1
2019-03-06 11:11:20,673: [DEBUG] F
2019-03-06 11:11:43,729: [DEBUG] ["201704"]
2019-03-06 11:11:43,729: [DEBUG] [52]
2019-03-06 11:11:43,729: [DEBUG] [1]
2019-03-06 11:11:43,729: [DEBUG] []
2019-03-06 11:16:59,954: [DEBUG] 寫入ad帳號
2019-03-06 11:16:59,954: [DEBUG] 寫入ad帳號
2019-03-06 11:16:59,954: [DEBUG] 寫入ad帳號
2019-03-06 11:17:00,609: [DEBUG] Employee：鍾XXXXX
2019-03-06 11:17:00,609: [DEBUG] Employee：鍾XXXXX
2019-03-06 11:17:00,609: [DEBUG] Employee：鍾XXXXX
2019-03-06 11:17:01,139: [DEBUG] HomeController:F
2019-03-06 11:17:01,278: [DEBUG] 1
2019-03-06 11:17:01,278: [DEBUG] F
2019-03-06 11:17:01,629: [DEBUG] 寫入ad帳號
2019-03-06 11:17:01,633: [DEBUG] 寫入ad帳號
2019-03-06 11:17:01,636: [DEBUG] 寫入ad帳號
2019-03-06 11:17:01,645: [DEBUG] Employee：鍾XXXXX
2019-03-06 11:17:01,648: [DEBUG] Employee：鍾XXXXX
2019-03-06 11:17:01,651: [DEBUG] Employee：鍾XXXXX
2019-03-06 11:17:01,700: [DEBUG] 寫入ad帳號
2019-03-06 11:17:01,701: [DEBUG] 寫入ad帳號
2019-03-06 11:17:01,721: [DEBUG] Employee：鍾XXXXX
2019-03-06 11:17:01,721: [DEBUG] Employee：鍾XXXXX
2019-03-06 11:17:01,744: [DEBUG] 寫入ad帳號
2019-03-06 11:17:01,758: [DEBUG] Employee：鍾XXXXX
2019-03-06 11:17:01,774: [DEBUG] 寫入ad帳號
2019-03-06 11:17:01,779: [DEBUG] 寫入ad帳號
2019-03-06 11:17:01,787: [DEBUG] Employee：鍾XXXXX
2019-03-06 11:17:01,794: [DEBUG] Employee：鍾XXXXX
2019-03-06 11:17:01,812: [DEBUG] 寫入ad帳號
2019-03-06 11:17:01,826: [DEBUG] 寫入ad帳號
2019-03-06 11:17:01,831: [DEBUG] Employee：鍾XXXXX
2019-03-06 11:17:01,839: [DEBUG] 寫入ad帳號
2019-03-06 11:17:01,840: [DEBUG] Employee：鍾XXXXX
2019-03-06 11:17:01,854: [DEBUG] Employee：鍾XXXXX
2019-03-06 11:17:01,882: [DEBUG] 寫入ad帳號
2019-03-06 11:17:01,885: [DEBUG] 寫入ad帳號
2019-03-06 11:17:01,899: [DEBUG] Employee：鍾XXXXX
2019-03-06 11:17:01,900: [DEBUG] Employee：鍾XXXXX
2019-03-06 11:17:01,915: [DEBUG] 寫入ad帳號
2019-03-06 11:17:01,931: [DEBUG] Employee：鍾XXXXX
2019-03-06 11:17:01,944: [DEBUG] 寫入ad帳號
2019-03-06 11:17:01,950: [DEBUG] 寫入ad帳號
2019-03-06 11:17:01,960: [DEBUG] Employee：鍾XXXXX
2019-03-06 11:17:01,963: [DEBUG] Employee：鍾XXXXX
2019-03-06 11:17:01,985: [DEBUG] 寫入ad帳號
2019-03-06 11:17:01,999: [DEBUG] Employee：鍾XXXXX
2019-03-06 11:17:02,024: [DEBUG] 寫入ad帳號
2019-03-06 11:17:02,037: [DEBUG] Employee：鍾XXXXX
2019-03-06 11:17:02,054: [DEBUG] 寫入ad帳號
2019-03-06 11:17:02,071: [DEBUG] Employee：鍾XXXXX
2019-03-06 11:17:02,160: [DEBUG] 寫入ad帳號
2019-03-06 11:17:02,175: [DEBUG] Employee：鍾XXXXX
2019-03-06 11:17:02,250: [DEBUG] 寫入ad帳號
2019-03-06 11:17:02,264: [DEBUG] Employee：鍾XXXXX
2019-03-06 11:17:02,292: [DEBUG] 寫入ad帳號
2019-03-06 11:17:02,306: [DEBUG] Employee：鍾XXXXX
2019-03-06 11:17:02,352: [DEBUG] 寫入ad帳號
2019-03-06 11:17:02,367: [DEBUG] Employee：鍾XXXXX
2019-03-06 11:17:02,373: [DEBUG] 寫入ad帳號
2019-03-06 11:17:02,397: [DEBUG] Employee：鍾XXXXX
2019-03-06 11:17:02,419: [DEBUG] 寫入ad帳號
2019-03-06 11:17:02,437: [DEBUG] Employee：鍾XXXXX
2019-03-06 11:17:02,452: [DEBUG] 寫入ad帳號
2019-03-06 11:17:02,463: [DEBUG] 寫入ad帳號
2019-03-06 11:17:02,466: [DEBUG] Employee：鍾XXXXX
2019-03-06 11:17:02,477: [DEBUG] Employee：鍾XXXXX
2019-03-06 11:17:02,521: [DEBUG] 寫入ad帳號
2019-03-06 11:17:02,523: [DEBUG] 寫入ad帳號
2019-03-06 11:17:02,535: [DEBUG] Employee：鍾XXXXX
2019-03-06 11:17:02,537: [DEBUG] Employee：鍾XXXXX
2019-03-06 11:17:02,594: [DEBUG] 寫入ad帳號
2019-03-06 11:17:02,609: [DEBUG] Employee：鍾XXXXX
2019-03-06 11:17:02,772: [DEBUG] 寫入ad帳號
2019-03-06 11:17:02,784: [DEBUG] 寫入ad帳號
2019-03-06 11:17:02,791: [DEBUG] Employee：鍾XXXXX
2019-03-06 11:17:02,799: [DEBUG] Employee：鍾XXXXX
2019-03-06 11:17:02,827: [DEBUG] 寫入ad帳號
2019-03-06 11:17:02,834: [DEBUG] 寫入ad帳號
2019-03-06 11:17:02,874: [DEBUG] Employee：鍾XXXXX
2019-03-06 11:17:02,898: [DEBUG] 寫入ad帳號
2019-03-06 11:17:02,906: [DEBUG] Employee：鍾XXXXX
2019-03-06 11:17:02,906: [DEBUG] 寫入ad帳號
2019-03-06 11:17:02,931: [DEBUG] Employee：鍾XXXXX
2019-03-06 11:17:02,949: [DEBUG] 寫入ad帳號
2019-03-06 11:17:02,951: [DEBUG] Employee：鍾XXXXX
2019-03-06 11:17:02,968: [DEBUG] Employee：鍾XXXXX
2019-03-06 11:17:02,973: [DEBUG] 寫入ad帳號
2019-03-06 11:17:03,001: [DEBUG] Employee：鍾XXXXX
2019-03-06 11:17:03,039: [DEBUG] 寫入ad帳號
2019-03-06 11:17:03,040: [DEBUG] 寫入ad帳號
2019-03-06 11:17:03,043: [DEBUG] 寫入ad帳號
2019-03-06 11:17:03,054: [DEBUG] Employee：鍾XXXXX
2019-03-06 11:17:03,054: [DEBUG] Employee：鍾XXXXX
2019-03-06 11:17:03,058: [DEBUG] Employee：鍾XXXXX
2019-03-06 11:17:03,086: [DEBUG] 寫入ad帳號
2019-03-06 11:17:03,100: [DEBUG] Employee：鍾XXXXX
2019-03-06 11:17:03,231: [DEBUG] 1
2019-03-06 11:17:03,231: [DEBUG] 1
2019-03-06 11:17:03,231: [DEBUG] F
2019-03-06 11:17:03,231: [DEBUG] F
2019-03-06 11:19:03,119: [DEBUG] 1
2019-03-06 11:19:03,119: [DEBUG] F
2019-03-06 11:19:19,759: [DEBUG] ["201704"]
2019-03-06 11:19:19,759: [DEBUG] [52]
2019-03-06 11:19:19,759: [DEBUG] [1]
2019-03-06 11:19:19,760: [DEBUG] []
2019-03-06 11:20:05,750: [DEBUG] 1
2019-03-06 11:20:05,750: [DEBUG] F
2019-03-06 11:20:18,204: [DEBUG] 1
2019-03-06 11:20:18,204: [DEBUG] F
2019-03-06 11:20:21,857: [DEBUG] ["201704"]
2019-03-06 11:20:21,857: [DEBUG] [52]
2019-03-06 11:20:21,857: [DEBUG] [1]
2019-03-06 11:20:21,857: [DEBUG] []
2019-03-06 11:20:35,316: [DEBUG] ["201704"]
2019-03-06 11:20:35,316: [DEBUG] [52]
2019-03-06 11:20:35,316: [DEBUG] [1]
2019-03-06 11:20:35,316: [DEBUG] []
2019-03-06 11:22:06,754: [DEBUG] 1
2019-03-06 11:22:06,754: [DEBUG] F
2019-03-06 11:22:15,340: [DEBUG] ["201704"]
2019-03-06 11:22:15,340: [DEBUG] [52]
2019-03-06 11:22:15,340: [DEBUG] [1]
2019-03-06 11:22:15,340: [DEBUG] []
2019-03-06 13:19:04,832: [DEBUG] 寫入ad帳號
2019-03-06 13:19:05,962: [DEBUG] Employee：鍾XXXXX
2019-03-06 13:19:06,447: [DEBUG] HomeController:F
2019-03-06 13:19:06,596: [DEBUG] 1
2019-03-06 13:19:06,597: [DEBUG] F
2019-03-06 13:19:07,051: [DEBUG] 寫入ad帳號
2019-03-06 13:19:07,057: [DEBUG] 寫入ad帳號
2019-03-06 13:19:07,057: [DEBUG] 寫入ad帳號
2019-03-06 13:19:07,058: [DEBUG] 寫入ad帳號
2019-03-06 13:19:07,058: [DEBUG] 寫入ad帳號
2019-03-06 13:19:07,068: [DEBUG] Employee：鍾XXXXX
2019-03-06 13:19:07,083: [DEBUG] Employee：鍾XXXXX
2019-03-06 13:19:07,087: [DEBUG] Employee：鍾XXXXX
2019-03-06 13:19:07,095: [DEBUG] Employee：鍾XXXXX
2019-03-06 13:19:07,095: [DEBUG] Employee：鍾XXXXX
2019-03-06 13:19:07,098: [DEBUG] 寫入ad帳號
2019-03-06 13:19:07,125: [DEBUG] Employee：鍾XXXXX
2019-03-06 13:19:07,210: [DEBUG] 寫入ad帳號
2019-03-06 13:19:07,210: [DEBUG] 寫入ad帳號
2019-03-06 13:19:07,212: [DEBUG] 寫入ad帳號
2019-03-06 13:19:07,217: [DEBUG] 寫入ad帳號
2019-03-06 13:19:07,225: [DEBUG] Employee：鍾XXXXX
2019-03-06 13:19:07,226: [DEBUG] Employee：鍾XXXXX
2019-03-06 13:19:07,229: [DEBUG] Employee：鍾XXXXX
2019-03-06 13:19:07,234: [DEBUG] Employee：鍾XXXXX
2019-03-06 13:19:07,239: [DEBUG] 寫入ad帳號
2019-03-06 13:19:07,256: [DEBUG] Employee：鍾XXXXX
2019-03-06 13:19:07,257: [DEBUG] 寫入ad帳號
2019-03-06 13:19:07,284: [DEBUG] Employee：鍾XXXXX
2019-03-06 13:19:07,285: [DEBUG] 寫入ad帳號
2019-03-06 13:19:07,298: [DEBUG] 寫入ad帳號
2019-03-06 13:19:07,298: [DEBUG] 寫入ad帳號
2019-03-06 13:19:07,306: [DEBUG] Employee：鍾XXXXX
2019-03-06 13:19:07,313: [DEBUG] 寫入ad帳號
2019-03-06 13:19:07,314: [DEBUG] Employee：鍾XXXXX
2019-03-06 13:19:07,314: [DEBUG] Employee：鍾XXXXX
2019-03-06 13:19:07,330: [DEBUG] Employee：鍾XXXXX
2019-03-06 13:19:07,336: [DEBUG] 寫入ad帳號
2019-03-06 13:19:07,352: [DEBUG] Employee：鍾XXXXX
2019-03-06 13:19:07,359: [DEBUG] 寫入ad帳號
2019-03-06 13:19:07,376: [DEBUG] 寫入ad帳號
2019-03-06 13:19:07,376: [DEBUG] 寫入ad帳號
2019-03-06 13:19:07,376: [DEBUG] Employee：鍾XXXXX
2019-03-06 13:19:07,390: [DEBUG] Employee：鍾XXXXX
2019-03-06 13:19:07,391: [DEBUG] Employee：鍾XXXXX
2019-03-06 13:19:07,410: [DEBUG] 寫入ad帳號
2019-03-06 13:19:07,427: [DEBUG] Employee：鍾XXXXX
2019-03-06 13:19:07,427: [DEBUG] 寫入ad帳號
2019-03-06 13:19:07,442: [DEBUG] Employee：鍾XXXXX
2019-03-06 13:19:07,459: [DEBUG] 寫入ad帳號
2019-03-06 13:19:07,488: [DEBUG] Employee：鍾XXXXX
2019-03-06 13:19:07,507: [DEBUG] 寫入ad帳號
2019-03-06 13:19:07,525: [DEBUG] Employee：鍾XXXXX
2019-03-06 13:19:07,526: [DEBUG] 寫入ad帳號
2019-03-06 13:19:07,549: [DEBUG] Employee：鍾XXXXX
2019-03-06 13:19:07,564: [DEBUG] 寫入ad帳號
2019-03-06 13:19:07,579: [DEBUG] 寫入ad帳號
2019-03-06 13:19:07,579: [DEBUG] Employee：鍾XXXXX
2019-03-06 13:19:07,580: [DEBUG] 寫入ad帳號
2019-03-06 13:19:07,594: [DEBUG] Employee：鍾XXXXX
2019-03-06 13:19:07,610: [DEBUG] 寫入ad帳號
2019-03-06 13:19:07,617: [DEBUG] 寫入ad帳號
2019-03-06 13:19:07,625: [DEBUG] Employee：鍾XXXXX
2019-03-06 13:19:07,626: [DEBUG] Employee：鍾XXXXX
2019-03-06 13:19:07,641: [DEBUG] Employee：鍾XXXXX
2019-03-06 13:19:07,648: [DEBUG] 寫入ad帳號
2019-03-06 13:19:07,665: [DEBUG] Employee：鍾XXXXX
2019-03-06 13:19:07,677: [DEBUG] 寫入ad帳號
2019-03-06 13:19:07,686: [DEBUG] 寫入ad帳號
2019-03-06 13:19:07,687: [DEBUG] 寫入ad帳號
2019-03-06 13:19:07,694: [DEBUG] 寫入ad帳號
2019-03-06 13:19:07,694: [DEBUG] Employee：鍾XXXXX
2019-03-06 13:19:07,706: [DEBUG] Employee：鍾XXXXX
2019-03-06 13:19:07,706: [DEBUG] Employee：鍾XXXXX
2019-03-06 13:19:07,712: [DEBUG] Employee：鍾XXXXX
2019-03-06 13:19:07,723: [DEBUG] 寫入ad帳號
2019-03-06 13:19:07,730: [DEBUG] 寫入ad帳號
2019-03-06 13:19:07,733: [DEBUG] 寫入ad帳號
2019-03-06 13:19:07,743: [DEBUG] 寫入ad帳號
2019-03-06 13:19:07,746: [DEBUG] Employee：鍾XXXXX
2019-03-06 13:19:07,751: [DEBUG] Employee：鍾XXXXX
2019-03-06 13:19:07,751: [DEBUG] Employee：鍾XXXXX
2019-03-06 13:19:07,764: [DEBUG] Employee：鍾XXXXX
2019-03-06 13:19:07,780: [DEBUG] 寫入ad帳號
2019-03-06 13:19:07,787: [DEBUG] 寫入ad帳號
2019-03-06 13:19:07,787: [DEBUG] 寫入ad帳號
2019-03-06 13:19:07,794: [DEBUG] Employee：鍾XXXXX
2019-03-06 13:19:07,802: [DEBUG] Employee：鍾XXXXX
2019-03-06 13:19:07,803: [DEBUG] Employee：鍾XXXXX
2019-03-06 13:39:36,665: [DEBUG] 寫入ad帳號
2019-03-06 13:39:36,733: [DEBUG] Employee：鍾XXXXX
2019-03-06 13:39:36,736: [DEBUG] HomeController:F
2019-03-06 13:39:36,739: [DEBUG] 1
2019-03-06 13:39:36,739: [DEBUG] F
2019-03-06 13:40:34,345: [DEBUG] 1
2019-03-06 13:40:34,345: [DEBUG] F
2019-03-06 13:40:41,938: [DEBUG] 1
2019-03-06 13:40:41,941: [DEBUG] 2
2019-03-06 13:40:41,941: [DEBUG] @YMD20180101
2019-03-06 13:40:44,329: [DEBUG] 3：2
2019-03-06 13:40:44,351: [DEBUG] 4
2019-03-06 13:40:49,947: [DEBUG] ["201704"]
2019-03-06 13:40:49,947: [DEBUG] [52]
2019-03-06 13:40:49,947: [DEBUG] [1]
2019-03-06 13:40:49,947: [DEBUG] []
2019-03-06 13:43:53,506: [DEBUG] 1
2019-03-06 13:43:53,506: [DEBUG] F
2019-03-06 13:44:02,949: [DEBUG] 1
2019-03-06 13:44:02,949: [DEBUG] 2
2019-03-06 13:44:02,949: [DEBUG] @YMD20180101
2019-03-06 13:44:03,382: [DEBUG] 3：2
2019-03-06 13:44:03,382: [DEBUG] 4
2019-03-06 13:44:08,252: [DEBUG] ["201704"]
2019-03-06 13:44:08,252: [DEBUG] [52]
2019-03-06 13:44:08,252: [DEBUG] [1]
2019-03-06 13:44:08,252: [DEBUG] []
2019-03-06 13:53:29,318: [DEBUG] 1
2019-03-06 13:53:29,318: [DEBUG] 2
2019-03-06 13:53:29,318: [DEBUG] @YMD20180102
2019-03-06 13:53:29,743: [DEBUG] 3：2
2019-03-06 13:53:29,743: [DEBUG] 4
2019-03-06 13:53:29,744: [DEBUG] ["201704"]
2019-03-06 13:53:29,744: [DEBUG] [52]
2019-03-06 13:53:29,744: [DEBUG] [1]
2019-03-06 13:53:29,744: [DEBUG] []
2019-03-06 14:37:18,963: [DEBUG] 寫入ad帳號
2019-03-06 14:37:19,331: [DEBUG] Employee：鍾XXXXX
2019-03-06 14:37:19,918: [DEBUG] 1
2019-03-06 14:37:19,918: [DEBUG] F
2019-03-06 16:36:12,435: [DEBUG] 寫入ad帳號
2019-03-06 16:36:13,163: [DEBUG] Employee：鍾XXXXX
2019-03-06 16:36:13,633: [DEBUG] HomeController:F
2019-03-06 16:36:13,788: [DEBUG] 1
2019-03-06 16:36:13,788: [DEBUG] F
2019-03-06 16:36:14,156: [DEBUG] 寫入ad帳號
2019-03-06 16:36:14,157: [DEBUG] 寫入ad帳號
2019-03-06 16:36:14,172: [DEBUG] 寫入ad帳號
2019-03-06 16:36:14,172: [DEBUG] 寫入ad帳號
2019-03-06 16:36:14,172: [DEBUG] 寫入ad帳號
2019-03-06 16:36:14,184: [DEBUG] Employee：鍾XXXXX
2019-03-06 16:36:14,194: [DEBUG] Employee：鍾XXXXX
2019-03-06 16:36:14,200: [DEBUG] Employee：鍾XXXXX
2019-03-06 16:36:14,201: [DEBUG] Employee：鍾XXXXX
2019-03-06 16:36:14,212: [DEBUG] Employee：鍾XXXXX
2019-03-06 16:36:14,254: [DEBUG] 寫入ad帳號
2019-03-06 16:36:14,272: [DEBUG] Employee：鍾XXXXX
2019-03-06 16:36:14,358: [DEBUG] 寫入ad帳號
2019-03-06 16:36:14,360: [DEBUG] 寫入ad帳號
2019-03-06 16:36:14,362: [DEBUG] 寫入ad帳號
2019-03-06 16:36:14,362: [DEBUG] 寫入ad帳號
2019-03-06 16:36:14,363: [DEBUG] 寫入ad帳號
2019-03-06 16:36:14,376: [DEBUG] Employee：鍾XXXXX
2019-03-06 16:36:14,381: [DEBUG] Employee：鍾XXXXX
2019-03-06 16:36:14,383: [DEBUG] Employee：鍾XXXXX
2019-03-06 16:36:14,383: [DEBUG] Employee：鍾XXXXX
2019-03-06 16:36:14,388: [DEBUG] Employee：鍾XXXXX
2019-03-06 16:36:14,415: [DEBUG] 寫入ad帳號
2019-03-06 16:36:14,439: [DEBUG] Employee：鍾XXXXX
2019-03-06 16:36:14,460: [DEBUG] 寫入ad帳號
2019-03-06 16:36:14,489: [DEBUG] Employee：鍾XXXXX
2019-03-06 16:36:14,497: [DEBUG] 寫入ad帳號
2019-03-06 16:36:14,516: [DEBUG] Employee：鍾XXXXX
2019-03-06 16:36:14,564: [DEBUG] 寫入ad帳號
2019-03-06 16:36:14,580: [DEBUG] Employee：鍾XXXXX
2019-03-06 16:36:14,611: [DEBUG] 寫入ad帳號
2019-03-06 16:36:14,626: [DEBUG] Employee：鍾XXXXX
2019-03-06 16:36:14,628: [DEBUG] 寫入ad帳號
2019-03-06 16:36:14,628: [DEBUG] 寫入ad帳號
2019-03-06 16:36:14,629: [DEBUG] 寫入ad帳號
2019-03-06 16:36:14,639: [DEBUG] 寫入ad帳號
2019-03-06 16:36:14,643: [DEBUG] Employee：鍾XXXXX
2019-03-06 16:36:14,651: [DEBUG] Employee：鍾XXXXX
2019-03-06 16:36:14,653: [DEBUG] Employee：鍾XXXXX
2019-03-06 16:36:14,653: [DEBUG] Employee：鍾XXXXX
2019-03-06 16:36:14,680: [DEBUG] 寫入ad帳號
2019-03-06 16:36:14,695: [DEBUG] Employee：鍾XXXXX
2019-03-06 16:36:14,695: [DEBUG] 寫入ad帳號
2019-03-06 16:36:14,710: [DEBUG] Employee：鍾XXXXX
2019-03-06 16:36:14,738: [DEBUG] 寫入ad帳號
2019-03-06 16:36:14,758: [DEBUG] 寫入ad帳號
2019-03-06 16:36:14,761: [DEBUG] Employee：鍾XXXXX
2019-03-06 16:36:14,773: [DEBUG] Employee：鍾XXXXX
2019-03-06 16:36:14,791: [DEBUG] 寫入ad帳號
2019-03-06 16:36:14,801: [DEBUG] 寫入ad帳號
2019-03-06 16:36:14,806: [DEBUG] Employee：鍾XXXXX
2019-03-06 16:36:14,811: [DEBUG] 寫入ad帳號
2019-03-06 16:36:14,815: [DEBUG] Employee：鍾XXXXX
2019-03-06 16:36:14,831: [DEBUG] Employee：鍾XXXXX
2019-03-06 16:36:14,832: [DEBUG] 寫入ad帳號
2019-03-06 16:36:14,854: [DEBUG] Employee：鍾XXXXX
2019-03-06 16:36:14,868: [DEBUG] 寫入ad帳號
2019-03-06 16:36:14,883: [DEBUG] Employee：鍾XXXXX
2019-03-06 16:36:14,885: [DEBUG] 寫入ad帳號
2019-03-06 16:36:14,885: [DEBUG] 寫入ad帳號
2019-03-06 16:36:14,906: [DEBUG] Employee：鍾XXXXX
2019-03-06 16:36:14,921: [DEBUG] 寫入ad帳號
2019-03-06 16:36:14,925: [DEBUG] Employee：鍾XXXXX
2019-03-06 16:36:14,941: [DEBUG] Employee：鍾XXXXX
2019-03-06 16:36:14,949: [DEBUG] 寫入ad帳號
2019-03-06 16:36:14,964: [DEBUG] 寫入ad帳號
2019-03-06 16:36:14,976: [DEBUG] Employee：鍾XXXXX
2019-03-06 16:36:14,986: [DEBUG] 寫入ad帳號
2019-03-06 16:36:14,994: [DEBUG] Employee：鍾XXXXX
2019-03-06 16:36:15,002: [DEBUG] 寫入ad帳號
2019-03-06 16:36:15,005: [DEBUG] Employee：鍾XXXXX
2019-03-06 16:36:15,021: [DEBUG] Employee：鍾XXXXX
2019-03-06 16:36:15,054: [DEBUG] 寫入ad帳號
2019-03-06 16:36:15,079: [DEBUG] Employee：鍾XXXXX
2019-03-06 16:36:15,091: [DEBUG] 寫入ad帳號
2019-03-06 16:36:15,098: [DEBUG] 寫入ad帳號
2019-03-06 16:36:15,106: [DEBUG] Employee：鍾XXXXX
2019-03-06 16:36:15,139: [DEBUG] 寫入ad帳號
2019-03-06 16:36:15,139: [DEBUG] Employee：鍾XXXXX
2019-03-06 16:36:15,158: [DEBUG] Employee：鍾XXXXX
2019-03-06 16:36:15,161: [DEBUG] 寫入ad帳號
2019-03-06 16:36:15,162: [DEBUG] 寫入ad帳號
2019-03-06 16:36:15,180: [DEBUG] Employee：鍾XXXXX
2019-03-06 16:36:15,180: [DEBUG] Employee：鍾XXXXX
2019-03-06 16:36:18,218: [DEBUG] 寫入ad帳號
2019-03-06 16:36:18,232: [DEBUG] Employee：鍾XXXXX
2019-03-06 16:36:18,284: [DEBUG] 1
2019-03-06 16:36:18,284: [DEBUG] F
