2019-03-07 08:28:03,116: [DEBUG] 寫入ad帳號
2019-03-07 08:28:18,956: [DEBUG] HomeController:
2019-03-07 08:28:19,100: [DEBUG] 1
2019-03-07 08:28:19,100: [DEBUG] 
2019-03-07 19:00:17,907: [DEBUG] 寫入ad帳號
2019-03-07 19:00:18,848: [DEBUG] Employee：鍾XXXXX
2019-03-07 19:00:19,407: [DEBUG] HomeController:F
2019-03-07 19:00:19,563: [DEBUG] 1
2019-03-07 19:00:19,564: [DEBUG] F
2019-03-07 19:00:20,034: [DEBUG] 寫入ad帳號
2019-03-07 19:00:20,058: [DEBUG] 寫入ad帳號
2019-03-07 19:00:20,062: [DEBUG] 寫入ad帳號
2019-03-07 19:00:20,074: [DEBUG] 寫入ad帳號
2019-03-07 19:00:20,090: [DEBUG] 寫入ad帳號
2019-03-07 19:00:20,107: [DEBUG] Employee：鍾XXXXX
2019-03-07 19:00:20,213: [DEBUG] Employee：鍾XXXXX
2019-03-07 19:00:20,217: [DEBUG] Employee：鍾XXXXX
2019-03-07 19:00:20,289: [DEBUG] Employee：鍾XXXXX
2019-03-07 19:00:20,345: [DEBUG] 寫入ad帳號
2019-03-07 19:00:20,355: [DEBUG] Employee：鍾XXXXX
2019-03-07 19:00:20,374: [DEBUG] 寫入ad帳號
2019-03-07 19:00:20,447: [DEBUG] 寫入ad帳號
2019-03-07 19:00:20,463: [DEBUG] Employee：鍾XXXXX
2019-03-07 19:00:20,463: [DEBUG] Employee：鍾XXXXX
2019-03-07 19:00:20,494: [DEBUG] Employee：鍾XXXXX
2019-03-07 19:00:20,499: [DEBUG] 寫入ad帳號
2019-03-07 19:00:20,542: [DEBUG] 寫入ad帳號
2019-03-07 19:00:20,564: [DEBUG] 寫入ad帳號
2019-03-07 19:00:20,598: [DEBUG] 寫入ad帳號
2019-03-07 19:00:20,620: [DEBUG] Employee：鍾XXXXX
2019-03-07 19:00:20,636: [DEBUG] Employee：鍾XXXXX
2019-03-07 19:00:20,638: [DEBUG] 寫入ad帳號
2019-03-07 19:00:20,654: [DEBUG] Employee：鍾XXXXX
2019-03-07 19:00:20,687: [DEBUG] 寫入ad帳號
2019-03-07 19:00:20,699: [DEBUG] Employee：鍾XXXXX
2019-03-07 19:00:20,699: [DEBUG] 寫入ad帳號
2019-03-07 19:00:20,717: [DEBUG] Employee：鍾XXXXX
2019-03-07 19:00:20,744: [DEBUG] Employee：鍾XXXXX
2019-03-07 19:00:20,760: [DEBUG] Employee：鍾XXXXX
2019-03-07 19:00:20,762: [DEBUG] 寫入ad帳號
2019-03-07 19:00:20,790: [DEBUG] 寫入ad帳號
2019-03-07 19:00:20,832: [DEBUG] 寫入ad帳號
2019-03-07 19:00:20,846: [DEBUG] 寫入ad帳號
2019-03-07 19:00:20,846: [DEBUG] Employee：鍾XXXXX
2019-03-07 19:00:20,913: [DEBUG] Employee：鍾XXXXX
2019-03-07 19:00:20,939: [DEBUG] 寫入ad帳號
2019-03-07 19:00:20,951: [DEBUG] Employee：鍾XXXXX
2019-03-07 19:00:20,951: [DEBUG] 寫入ad帳號
2019-03-07 19:00:20,976: [DEBUG] Employee：鍾XXXXX
2019-03-07 19:00:21,000: [DEBUG] Employee：鍾XXXXX
2019-03-07 19:00:21,011: [DEBUG] Employee：鍾XXXXX
2019-03-07 19:00:21,072: [DEBUG] 寫入ad帳號
2019-03-07 19:00:21,108: [DEBUG] 寫入ad帳號
2019-03-07 19:00:21,108: [DEBUG] 寫入ad帳號
2019-03-07 19:00:21,130: [DEBUG] Employee：鍾XXXXX
2019-03-07 19:00:21,174: [DEBUG] Employee：鍾XXXXX
2019-03-07 19:00:21,174: [DEBUG] Employee：鍾XXXXX
2019-03-07 19:00:21,198: [DEBUG] 寫入ad帳號
2019-03-07 19:00:21,223: [DEBUG] 寫入ad帳號
2019-03-07 19:00:21,273: [DEBUG] 寫入ad帳號
2019-03-07 19:00:21,313: [DEBUG] 寫入ad帳號
2019-03-07 19:00:21,326: [DEBUG] Employee：鍾XXXXX
2019-03-07 19:00:21,339: [DEBUG] Employee：鍾XXXXX
2019-03-07 19:00:21,356: [DEBUG] Employee：鍾XXXXX
2019-03-07 19:00:21,366: [DEBUG] Employee：鍾XXXXX
2019-03-07 19:00:21,368: [DEBUG] 寫入ad帳號
2019-03-07 19:00:21,409: [DEBUG] 寫入ad帳號
2019-03-07 19:00:21,446: [DEBUG] 寫入ad帳號
2019-03-07 19:00:21,446: [DEBUG] 寫入ad帳號
2019-03-07 19:00:21,468: [DEBUG] Employee：鍾XXXXX
2019-03-07 19:00:21,500: [DEBUG] Employee：鍾XXXXX
2019-03-07 19:00:21,511: [DEBUG] Employee：鍾XXXXX
2019-03-07 19:00:21,511: [DEBUG] Employee：鍾XXXXX
2019-03-07 19:00:21,526: [DEBUG] 寫入ad帳號
2019-03-07 19:00:21,544: [DEBUG] 寫入ad帳號
2019-03-07 19:00:21,564: [DEBUG] 寫入ad帳號
2019-03-07 19:00:21,589: [DEBUG] 寫入ad帳號
2019-03-07 19:00:21,589: [DEBUG] Employee：鍾XXXXX
2019-03-07 19:00:21,621: [DEBUG] Employee：鍾XXXXX
2019-03-07 19:00:21,643: [DEBUG] Employee：鍾XXXXX
2019-03-07 19:00:21,643: [DEBUG] 寫入ad帳號
2019-03-07 19:00:21,673: [DEBUG] Employee：鍾XXXXX
2019-03-07 19:00:21,675: [DEBUG] 寫入ad帳號
2019-03-07 19:00:21,731: [DEBUG] 寫入ad帳號
2019-03-07 19:00:21,742: [DEBUG] Employee：鍾XXXXX
2019-03-07 19:00:21,774: [DEBUG] 寫入ad帳號
2019-03-07 19:00:21,786: [DEBUG] Employee：鍾XXXXX
2019-03-07 19:00:21,794: [DEBUG] 寫入ad帳號
2019-03-07 19:00:21,794: [DEBUG] 寫入ad帳號
2019-03-07 19:00:21,809: [DEBUG] Employee：鍾XXXXX
2019-03-07 19:00:21,915: [DEBUG] Employee：鍾XXXXX
2019-03-07 19:00:21,934: [DEBUG] Employee：鍾XXXXX
2019-03-07 19:00:21,936: [DEBUG] Employee：鍾XXXXX
2019-03-07 19:00:28,228: [DEBUG] 1
2019-03-07 19:00:28,228: [DEBUG] F
