2019-03-04 08:47:03,966: [DEBUG] 寫入ad帳號
2019-03-04 08:47:04,560: [DEBUG] Employee：鍾XXXXX
2019-03-04 08:47:05,130: [DEBUG] HomeController:F
2019-03-04 08:47:05,320: [DEBUG] 1
2019-03-04 08:47:05,320: [DEBUG] F
2019-03-04 08:47:05,818: [DEBUG] 寫入ad帳號
2019-03-04 08:47:05,835: [DEBUG] Employee：鍾XXXXX
2019-03-04 08:47:05,839: [DEBUG] 寫入ad帳號
2019-03-04 08:47:05,839: [DEBUG] 寫入ad帳號
2019-03-04 08:47:05,840: [DEBUG] 寫入ad帳號
2019-03-04 08:47:05,840: [DEBUG] 寫入ad帳號
2019-03-04 08:47:05,860: [DEBUG] Employee：鍾XXXXX
2019-03-04 08:47:05,865: [DEBUG] Employee：鍾XXXXX
2019-03-04 08:47:05,869: [DEBUG] Employee：鍾XXXXX
2019-03-04 08:47:05,875: [DEBUG] Employee：鍾XXXXX
2019-03-04 08:47:05,914: [DEBUG] 寫入ad帳號
2019-03-04 08:47:05,929: [DEBUG] Employee：鍾XXXXX
2019-03-04 08:47:05,982: [DEBUG] 寫入ad帳號
2019-03-04 08:47:05,983: [DEBUG] 寫入ad帳號
2019-03-04 08:47:05,983: [DEBUG] 寫入ad帳號
2019-03-04 08:47:05,983: [DEBUG] 寫入ad帳號
2019-03-04 08:47:05,983: [DEBUG] 寫入ad帳號
2019-03-04 08:47:06,010: [DEBUG] Employee：鍾XXXXX
2019-03-04 08:47:06,011: [DEBUG] Employee：鍾XXXXX
2019-03-04 08:47:06,011: [DEBUG] Employee：鍾XXXXX
2019-03-04 08:47:06,011: [DEBUG] Employee：鍾XXXXX
2019-03-04 08:47:06,019: [DEBUG] Employee：鍾XXXXX
2019-03-04 08:47:06,233: [DEBUG] 寫入ad帳號
2019-03-04 08:47:06,237: [DEBUG] 寫入ad帳號
2019-03-04 08:47:06,248: [DEBUG] Employee：鍾XXXXX
2019-03-04 08:47:06,252: [DEBUG] Employee：鍾XXXXX
2019-03-04 08:47:43,144: [DEBUG] 1
2019-03-04 08:47:43,144: [DEBUG] F
2019-03-04 08:57:54,477: [DEBUG] 寫入ad帳號
2019-03-04 08:57:55,039: [DEBUG] Employee：鍾XXXXX
2019-03-04 08:57:55,485: [DEBUG] HomeController:F
2019-03-04 08:57:55,645: [DEBUG] 1
2019-03-04 08:57:55,645: [DEBUG] F
2019-03-04 08:58:01,423: [DEBUG] 1
2019-03-04 08:58:01,424: [DEBUG] F
2019-03-04 09:24:48,246: [DEBUG] 寫入ad帳號
2019-03-04 09:24:48,830: [DEBUG] Employee：鍾XXXXX
2019-03-04 09:24:49,284: [DEBUG] HomeController:F
2019-03-04 09:24:49,442: [DEBUG] 1
2019-03-04 09:24:49,442: [DEBUG] F
2019-03-04 09:25:53,063: [DEBUG] 1
2019-03-04 09:25:53,063: [DEBUG] F
2019-03-04 09:26:20,404: [DEBUG] @SDATE：20180101, @EDATE：20180228, @RECEIVERID：, @UNIT：000
2019-03-04 09:27:02,272: [DEBUG] @SDATE：20180101, @EDATE：20180331, @RECEIVERID：, @UNIT：000
2019-03-04 09:27:23,106: [DEBUG] @SDATE：20180601, @EDATE：20180831, @RECEIVERID：, @UNIT：000
2019-03-04 09:27:34,326: [DEBUG] @SDATE：20180601, @EDATE：20180831, @RECEIVERID：, @UNIT：
2019-03-04 11:36:11,446: [DEBUG] 寫入ad帳號
2019-03-04 11:36:11,916: [DEBUG] Employee：鍾XXXXX
2019-03-04 11:36:12,337: [DEBUG] 1
2019-03-04 11:36:12,338: [DEBUG] F
2019-03-04 11:36:30,928: [DEBUG] @SDATE：20180101, @EDATE：20180331, @RECEIVERID：, @UNIT：000
2019-03-04 11:36:45,436: [DEBUG] 1
2019-03-04 11:36:45,436: [DEBUG] F
2019-03-04 11:36:49,264: [DEBUG] @SDATE：20190104, @EDATE：20190304, @RECEIVERID：, @UNIT：000
2019-03-04 11:37:06,756: [DEBUG] @SDATE：20160101, @EDATE：20160331, @RECEIVERID：, @UNIT：000
2019-03-04 11:38:25,109: [DEBUG] @SDATE：20140101, @EDATE：20140331, @RECEIVERID：, @UNIT：000
2019-03-04 11:39:15,082: [DEBUG] 1
2019-03-04 11:39:15,082: [DEBUG] F
2019-03-04 11:39:30,561: [DEBUG] @SDATE：20140101, @EDATE：20140331, @RECEIVERID：, @UNIT：000
2019-03-04 13:10:38,381: [DEBUG] 寫入ad帳號
2019-03-04 13:10:39,026: [DEBUG] Employee：鍾XXXXX
2019-03-04 13:10:39,648: [DEBUG] HomeController:F
2019-03-04 13:10:39,790: [DEBUG] 1
2019-03-04 13:10:39,790: [DEBUG] F
2019-03-04 13:10:50,301: [DEBUG] 1
2019-03-04 13:10:50,301: [DEBUG] F
2019-03-04 13:11:02,577: [DEBUG] @SDATE：20190101, @EDATE：20190304, @RECEIVERID：, @UNIT：000
2019-03-04 13:11:08,079: [DEBUG] 1
2019-03-04 13:11:08,079: [DEBUG] F
