2019-03-05 13:29:54,994: [DEBUG] 寫入ad帳號
2019-03-05 13:29:55,652: [DEBUG] Employee：鍾XXXXX
2019-03-05 13:29:56,267: [DEBUG] HomeController:F
2019-03-05 13:29:56,441: [DEBUG] 1
2019-03-05 13:29:56,442: [DEBUG] F
2019-03-05 13:29:56,856: [DEBUG] 寫入ad帳號
2019-03-05 13:29:56,872: [DEBUG] 寫入ad帳號
2019-03-05 13:29:56,878: [DEBUG] Employee：鍾XXXXX
2019-03-05 13:29:56,882: [DEBUG] 寫入ad帳號
2019-03-05 13:29:56,883: [DEBUG] 寫入ad帳號
2019-03-05 13:29:56,883: [DEBUG] 寫入ad帳號
2019-03-05 13:29:56,901: [DEBUG] Employee：鍾XXXXX
2019-03-05 13:29:56,906: [DEBUG] Employee：鍾XXXXX
2019-03-05 13:29:56,910: [DEBUG] Employee：鍾XXXXX
2019-03-05 13:29:56,914: [DEBUG] Employee：鍾XXXXX
2019-03-05 13:29:56,949: [DEBUG] 寫入ad帳號
2019-03-05 13:29:56,964: [DEBUG] Employee：鍾XXXXX
2019-03-05 13:29:57,021: [DEBUG] 寫入ad帳號
2019-03-05 13:29:57,022: [DEBUG] 寫入ad帳號
2019-03-05 13:29:57,027: [DEBUG] 寫入ad帳號
2019-03-05 13:29:57,027: [DEBUG] 寫入ad帳號
2019-03-05 13:29:57,037: [DEBUG] Employee：鍾XXXXX
2019-03-05 13:29:57,037: [DEBUG] Employee：鍾XXXXX
2019-03-05 13:29:57,045: [DEBUG] Employee：鍾XXXXX
2019-03-05 13:29:57,047: [DEBUG] Employee：鍾XXXXX
2019-03-05 13:29:57,050: [DEBUG] 寫入ad帳號
2019-03-05 13:29:57,085: [DEBUG] Employee：鍾XXXXX
2019-03-05 13:29:57,086: [DEBUG] 寫入ad帳號
2019-03-05 13:29:57,151: [DEBUG] Employee：鍾XXXXX
2019-03-05 13:29:57,151: [DEBUG] 寫入ad帳號
2019-03-05 13:29:57,203: [DEBUG] Employee：鍾XXXXX
2019-03-05 13:31:18,114: [DEBUG] 寫入ad帳號
2019-03-05 13:31:18,129: [DEBUG] Employee：鍾XXXXX
2019-03-05 13:31:18,129: [DEBUG] HomeController:F
2019-03-05 13:31:18,130: [DEBUG] 1
2019-03-05 13:31:18,130: [DEBUG] F
2019-03-05 13:31:18,341: [DEBUG] 寫入ad帳號
2019-03-05 13:31:18,344: [DEBUG] 寫入ad帳號
2019-03-05 13:31:18,349: [DEBUG] 寫入ad帳號
2019-03-05 13:31:18,352: [DEBUG] 寫入ad帳號
2019-03-05 13:31:18,354: [DEBUG] 寫入ad帳號
2019-03-05 13:31:18,355: [DEBUG] 寫入ad帳號
2019-03-05 13:31:18,358: [DEBUG] Employee：鍾XXXXX
2019-03-05 13:31:18,361: [DEBUG] Employee：鍾XXXXX
2019-03-05 13:31:18,373: [DEBUG] Employee：鍾XXXXX
2019-03-05 13:31:18,382: [DEBUG] Employee：鍾XXXXX
2019-03-05 13:31:18,383: [DEBUG] Employee：鍾XXXXX
2019-03-05 13:31:18,386: [DEBUG] Employee：鍾XXXXX
2019-03-05 13:31:18,422: [DEBUG] 寫入ad帳號
2019-03-05 13:31:18,426: [DEBUG] 寫入ad帳號
2019-03-05 13:31:18,442: [DEBUG] Employee：鍾XXXXX
2019-03-05 13:31:18,457: [DEBUG] Employee：鍾XXXXX
2019-03-05 13:31:18,457: [DEBUG] 寫入ad帳號
2019-03-05 13:31:18,463: [DEBUG] 寫入ad帳號
2019-03-05 13:31:18,476: [DEBUG] Employee：鍾XXXXX
2019-03-05 13:31:18,487: [DEBUG] 寫入ad帳號
2019-03-05 13:31:18,499: [DEBUG] Employee：鍾XXXXX
2019-03-05 13:31:18,507: [DEBUG] 寫入ad帳號
2019-03-05 13:31:18,521: [DEBUG] Employee：鍾XXXXX
2019-03-05 13:31:18,525: [DEBUG] Employee：鍾XXXXX
2019-03-05 13:31:18,526: [DEBUG] 寫入ad帳號
2019-03-05 13:31:18,538: [DEBUG] 寫入ad帳號
2019-03-05 13:31:18,541: [DEBUG] 寫入ad帳號
2019-03-05 13:31:18,542: [DEBUG] 寫入ad帳號
2019-03-05 13:31:18,550: [DEBUG] Employee：鍾XXXXX
2019-03-05 13:31:18,557: [DEBUG] Employee：鍾XXXXX
2019-03-05 13:31:18,571: [DEBUG] Employee：鍾XXXXX
2019-03-05 13:31:18,571: [DEBUG] Employee：鍾XXXXX
2019-03-05 13:31:18,584: [DEBUG] 寫入ad帳號
2019-03-05 13:31:18,626: [DEBUG] Employee：鍾XXXXX
2019-03-05 13:31:18,655: [DEBUG] 寫入ad帳號
2019-03-05 13:31:18,658: [DEBUG] 寫入ad帳號
2019-03-05 13:31:18,661: [DEBUG] 寫入ad帳號
2019-03-05 13:31:18,664: [DEBUG] 寫入ad帳號
2019-03-05 13:31:18,670: [DEBUG] Employee：鍾XXXXX
2019-03-05 13:31:18,674: [DEBUG] Employee：鍾XXXXX
2019-03-05 13:31:18,685: [DEBUG] Employee：鍾XXXXX
2019-03-05 13:31:18,686: [DEBUG] Employee：鍾XXXXX
2019-03-05 13:31:18,739: [DEBUG] 寫入ad帳號
2019-03-05 13:31:18,753: [DEBUG] 寫入ad帳號
2019-03-05 13:31:18,754: [DEBUG] Employee：鍾XXXXX
2019-03-05 13:31:18,757: [DEBUG] 寫入ad帳號
2019-03-05 13:31:18,769: [DEBUG] Employee：鍾XXXXX
2019-03-05 13:31:18,770: [DEBUG] 寫入ad帳號
2019-03-05 13:31:18,781: [DEBUG] Employee：鍾XXXXX
2019-03-05 13:31:18,801: [DEBUG] Employee：鍾XXXXX
2019-03-05 13:31:18,802: [DEBUG] 寫入ad帳號
2019-03-05 13:31:18,806: [DEBUG] 寫入ad帳號
2019-03-05 13:31:18,817: [DEBUG] Employee：鍾XXXXX
2019-03-05 13:31:18,824: [DEBUG] Employee：鍾XXXXX
2019-03-05 13:31:18,877: [DEBUG] 寫入ad帳號
2019-03-05 13:31:18,897: [DEBUG] Employee：鍾XXXXX
2019-03-05 13:31:18,916: [DEBUG] 寫入ad帳號
2019-03-05 13:31:18,932: [DEBUG] Employee：鍾XXXXX
2019-03-05 13:31:18,984: [DEBUG] 寫入ad帳號
2019-03-05 13:31:18,993: [DEBUG] 寫入ad帳號
2019-03-05 13:31:18,998: [DEBUG] 寫入ad帳號
2019-03-05 13:31:19,000: [DEBUG] Employee：鍾XXXXX
2019-03-05 13:31:19,009: [DEBUG] Employee：鍾XXXXX
2019-03-05 13:31:19,020: [DEBUG] Employee：鍾XXXXX
2019-03-05 13:31:19,141: [DEBUG] 寫入ad帳號
2019-03-05 13:31:19,157: [DEBUG] 寫入ad帳號
2019-03-05 13:31:19,158: [DEBUG] Employee：鍾XXXXX
2019-03-05 13:31:19,160: [DEBUG] 寫入ad帳號
2019-03-05 13:31:19,163: [DEBUG] 寫入ad帳號
2019-03-05 13:31:19,172: [DEBUG] 寫入ad帳號
2019-03-05 13:31:19,172: [DEBUG] Employee：鍾XXXXX
2019-03-05 13:31:19,175: [DEBUG] Employee：鍾XXXXX
2019-03-05 13:31:19,192: [DEBUG] Employee：鍾XXXXX
2019-03-05 13:31:19,192: [DEBUG] Employee：鍾XXXXX
2019-03-05 13:31:19,226: [DEBUG] 寫入ad帳號
2019-03-05 13:31:19,250: [DEBUG] Employee：鍾XXXXX
2019-03-05 13:31:19,251: [DEBUG] 寫入ad帳號
2019-03-05 13:31:19,266: [DEBUG] Employee：鍾XXXXX
2019-03-05 13:31:19,269: [DEBUG] 寫入ad帳號
2019-03-05 13:31:19,284: [DEBUG] Employee：鍾XXXXX
2019-03-05 13:31:19,289: [DEBUG] 寫入ad帳號
2019-03-05 13:31:19,304: [DEBUG] Employee：鍾XXXXX
2019-03-05 13:33:09,490: [DEBUG] 1
2019-03-05 13:33:09,490: [DEBUG] F
2019-03-05 13:39:51,485: [DEBUG] HomeController:F
2019-03-05 13:39:51,495: [DEBUG] 1
2019-03-05 13:39:51,495: [DEBUG] F
2019-03-05 13:39:58,927: [DEBUG] 1
2019-03-05 13:39:58,927: [DEBUG] F
2019-03-05 13:45:35,858: [DEBUG] 1
2019-03-05 13:45:35,858: [DEBUG] F
2019-03-05 13:47:02,815: [DEBUG] 1
2019-03-05 13:47:02,815: [DEBUG] F
2019-03-05 13:51:46,534: [DEBUG] 1
2019-03-05 13:51:46,534: [DEBUG] F
2019-03-05 14:52:29,583: [DEBUG] 寫入ad帳號
2019-03-05 14:52:30,362: [DEBUG] Employee：鍾XXXXX
2019-03-05 14:52:30,860: [DEBUG] HomeController:F
2019-03-05 14:52:31,025: [DEBUG] 1
2019-03-05 14:52:31,025: [DEBUG] F
2019-03-05 14:53:33,621: [DEBUG] 寫入ad帳號
2019-03-05 14:53:33,636: [DEBUG] Employee：鍾XXXXX
2019-03-05 14:53:33,998: [DEBUG] 1
2019-03-05 14:53:33,998: [DEBUG] F
2019-03-05 14:54:12,797: [DEBUG] 1
2019-03-05 14:54:12,797: [DEBUG] F
2019-03-05 14:54:48,243: [DEBUG] 1
2019-03-05 14:54:48,243: [DEBUG] F
2019-03-05 14:55:10,917: [DEBUG] 1
2019-03-05 14:55:10,917: [DEBUG] F
2019-03-05 14:58:00,833: [DEBUG] 寫入ad帳號
2019-03-05 14:58:01,496: [DEBUG] Employee：鍾XXXXX
2019-03-05 14:58:02,007: [DEBUG] HomeController:F
2019-03-05 14:58:02,191: [DEBUG] 1
2019-03-05 14:58:02,191: [DEBUG] F
2019-03-05 14:58:52,855: [DEBUG] 寫入ad帳號
2019-03-05 14:58:52,870: [DEBUG] Employee：鍾XXXXX
2019-03-05 14:58:53,209: [DEBUG] 1
2019-03-05 14:58:53,209: [DEBUG] F
2019-03-05 14:59:52,453: [DEBUG] 1
2019-03-05 14:59:52,453: [DEBUG] F
2019-03-05 15:00:40,382: [DEBUG] 1
2019-03-05 15:00:40,382: [DEBUG] F
2019-03-05 15:01:17,312: [DEBUG] 1
2019-03-05 15:01:17,312: [DEBUG] F
2019-03-05 15:02:19,942: [DEBUG] 寫入ad帳號
2019-03-05 15:02:19,942: [DEBUG] 寫入ad帳號
2019-03-05 15:02:20,438: [DEBUG] Employee：鍾XXXXX
2019-03-05 15:02:20,438: [DEBUG] Employee：鍾XXXXX
2019-03-05 15:02:21,237: [DEBUG] 1
2019-03-05 15:02:21,237: [DEBUG] F
2019-03-05 15:02:21,759: [DEBUG] HomeController:F
2019-03-05 15:02:21,811: [DEBUG] 1
2019-03-05 15:02:21,811: [DEBUG] F
2019-03-05 15:06:00,959: [DEBUG] 寫入ad帳號
2019-03-05 15:06:01,480: [DEBUG] Employee：鍾XXXXX
2019-03-05 15:06:01,840: [DEBUG] HomeController:F
2019-03-05 15:06:01,977: [DEBUG] 1
2019-03-05 15:06:01,977: [DEBUG] F
2019-03-05 15:06:12,897: [DEBUG] 寫入ad帳號
2019-03-05 15:06:12,913: [DEBUG] Employee：鍾XXXXX
2019-03-05 15:06:13,211: [DEBUG] 1
2019-03-05 15:06:13,211: [DEBUG] F
2019-03-05 15:10:46,768: [DEBUG] 1
2019-03-05 15:10:46,768: [DEBUG] F
2019-03-05 15:11:48,990: [DEBUG] 1
2019-03-05 15:11:48,990: [DEBUG] F
2019-03-05 15:13:13,945: [DEBUG] 寫入ad帳號
2019-03-05 15:13:14,724: [DEBUG] 寫入ad帳號
2019-03-05 15:13:14,786: [DEBUG] Employee：鍾XXXXX
2019-03-05 15:13:14,786: [DEBUG] Employee：鍾XXXXX
2019-03-05 15:13:15,911: [DEBUG] 1
2019-03-05 15:13:15,911: [DEBUG] F
2019-03-05 15:13:16,218: [DEBUG] HomeController:F
2019-03-05 15:13:16,244: [DEBUG] 1
2019-03-05 15:13:16,244: [DEBUG] F
2019-03-05 15:17:27,380: [DEBUG] 1
2019-03-05 15:17:27,380: [DEBUG] F
2019-03-05 15:20:36,911: [DEBUG] 1
2019-03-05 15:20:36,911: [DEBUG] F
2019-03-05 15:27:18,664: [DEBUG] 1
2019-03-05 15:27:18,664: [DEBUG] F
2019-03-05 15:44:13,764: [DEBUG] 寫入ad帳號
2019-03-05 15:44:14,395: [DEBUG] Employee：鍾XXXXX
2019-03-05 15:44:15,031: [DEBUG] HomeController:F
2019-03-05 15:44:15,256: [DEBUG] 1
2019-03-05 15:44:15,256: [DEBUG] F
2019-03-05 15:44:16,519: [DEBUG] 寫入ad帳號
2019-03-05 15:44:16,535: [DEBUG] Employee：鍾XXXXX
2019-03-05 15:44:16,874: [DEBUG] 1
2019-03-05 15:44:16,874: [DEBUG] F
2019-03-05 16:16:54,211: [DEBUG] 寫入ad帳號
2019-03-05 16:16:54,243: [DEBUG] Employee：鍾XXXXX
2019-03-05 16:27:02,659: [DEBUG] 1
2019-03-05 16:27:02,659: [DEBUG] F
2019-03-05 16:27:51,735: [DEBUG] 1
2019-03-05 16:27:51,735: [DEBUG] F
2019-03-05 16:55:48,821: [DEBUG] 寫入ad帳號
2019-03-05 16:55:49,380: [DEBUG] Employee：鍾XXXXX
2019-03-05 16:55:49,806: [DEBUG] HomeController:F
2019-03-05 16:55:49,939: [DEBUG] 1
2019-03-05 16:55:49,939: [DEBUG] F
2019-03-05 16:56:21,364: [DEBUG] 寫入ad帳號
2019-03-05 16:56:21,384: [DEBUG] Employee：鍾XXXXX
2019-03-05 16:56:21,385: [DEBUG] HomeController:F
2019-03-05 16:56:21,403: [DEBUG] 1
2019-03-05 16:56:21,403: [DEBUG] F
2019-03-05 16:56:26,155: [DEBUG] 1
2019-03-05 16:56:26,155: [DEBUG] F
2019-03-05 16:59:28,435: [DEBUG] 1
2019-03-05 16:59:28,435: [DEBUG] F
2019-03-05 17:00:09,269: [DEBUG] 1
2019-03-05 17:00:09,269: [DEBUG] F
2019-03-05 17:37:21,670: [DEBUG] 寫入ad帳號
2019-03-05 17:37:21,670: [DEBUG] 寫入ad帳號
2019-03-05 17:37:22,029: [DEBUG] Employee：鍾XXXXX
2019-03-05 17:37:22,029: [DEBUG] Employee：鍾XXXXX
2019-03-05 17:37:27,917: [DEBUG] 1
2019-03-05 17:37:27,918: [DEBUG] F
2019-03-05 18:09:55,130: [DEBUG] 寫入ad帳號
2019-03-05 18:09:55,650: [DEBUG] Employee：鍾XXXXX
2019-03-05 18:09:56,014: [DEBUG] HomeController:F
2019-03-05 18:09:56,162: [DEBUG] 1
2019-03-05 18:09:56,162: [DEBUG] F
2019-03-05 18:10:01,746: [DEBUG] 1
2019-03-05 18:10:01,746: [DEBUG] F
2019-03-05 18:10:11,875: [DEBUG] ["201704"]
2019-03-05 18:10:11,875: [DEBUG] [52]
2019-03-05 18:10:11,875: [DEBUG] [1]
2019-03-05 18:10:11,875: [DEBUG] []
2019-03-05 18:10:23,003: [DEBUG] 寫入ad帳號
2019-03-05 18:10:23,021: [DEBUG] Employee：鍾XXXXX
2019-03-05 18:10:23,041: [DEBUG] 寫入ad帳號
2019-03-05 18:10:23,041: [DEBUG] 寫入ad帳號
2019-03-05 18:10:23,055: [DEBUG] Employee：鍾XXXXX
2019-03-05 18:10:23,063: [DEBUG] Employee：鍾XXXXX
2019-03-05 18:10:25,790: [DEBUG] 寫入ad帳號
2019-03-05 18:10:25,807: [DEBUG] Employee：鍾XXXXX
2019-03-05 18:10:25,812: [DEBUG] 1
2019-03-05 18:10:25,812: [DEBUG] F
2019-03-05 18:10:40,521: [DEBUG] ["201704"]
2019-03-05 18:10:40,521: [DEBUG] [52]
2019-03-05 18:10:40,521: [DEBUG] [1]
2019-03-05 18:10:40,521: [DEBUG] []
