2019-01-31 17:22:47,958: [DEBUG] 寫入ad帳號
2019-01-31 17:22:48,828: [DEBUG] Employee：鍾XXXXX
2019-01-31 17:22:49,645: [DEBUG] HomeController:F
2019-01-31 17:22:49,926: [DEBUG] 1
2019-01-31 17:22:49,926: [DEBUG] F
2019-01-31 17:22:50,518: [DEBUG] 寫入ad帳號
2019-01-31 17:22:50,624: [DEBUG] 寫入ad帳號
2019-01-31 17:22:50,625: [DEBUG] 寫入ad帳號
2019-01-31 17:22:50,625: [DEBUG] 寫入ad帳號
2019-01-31 17:22:50,625: [DEBUG] 寫入ad帳號
2019-01-31 17:22:50,635: [DEBUG] Employee：鍾XXXXX
2019-01-31 17:22:50,759: [DEBUG] Employee：鍾XXXXX
2019-01-31 17:22:50,759: [DEBUG] Employee：鍾XXXXX
2019-01-31 17:22:50,798: [DEBUG] Employee：鍾XXXXX
2019-01-31 17:22:50,803: [DEBUG] 寫入ad帳號
2019-01-31 17:22:50,811: [DEBUG] Employee：鍾XXXXX
2019-01-31 17:22:50,839: [DEBUG] 寫入ad帳號
2019-01-31 17:22:50,839: [DEBUG] 寫入ad帳號
2019-01-31 17:22:50,916: [DEBUG] 寫入ad帳號
2019-01-31 17:22:50,916: [DEBUG] 寫入ad帳號
2019-01-31 17:22:50,996: [DEBUG] Employee：鍾XXXXX
2019-01-31 17:22:51,017: [DEBUG] Employee：鍾XXXXX
2019-01-31 17:22:51,017: [DEBUG] 寫入ad帳號
2019-01-31 17:22:51,017: [DEBUG] Employee：鍾XXXXX
2019-01-31 17:22:51,044: [DEBUG] Employee：鍾XXXXX
2019-01-31 17:22:51,134: [DEBUG] 寫入ad帳號
2019-01-31 17:22:51,147: [DEBUG] 寫入ad帳號
2019-01-31 17:22:51,148: [DEBUG] Employee：鍾XXXXX
2019-01-31 17:22:51,150: [DEBUG] 寫入ad帳號
2019-01-31 17:22:51,211: [DEBUG] 寫入ad帳號
2019-01-31 17:22:51,224: [DEBUG] Employee：鍾XXXXX
2019-01-31 17:22:51,249: [DEBUG] 寫入ad帳號
2019-01-31 17:22:51,265: [DEBUG] Employee：鍾XXXXX
2019-01-31 17:22:51,265: [DEBUG] Employee：鍾XXXXX
2019-01-31 17:22:51,284: [DEBUG] Employee：鍾XXXXX
2019-01-31 17:22:51,308: [DEBUG] Employee：鍾XXXXX
2019-01-31 17:22:51,308: [DEBUG] 寫入ad帳號
2019-01-31 17:22:51,327: [DEBUG] 寫入ad帳號
2019-01-31 17:22:51,333: [DEBUG] 寫入ad帳號
2019-01-31 17:22:51,449: [DEBUG] Employee：鍾XXXXX
2019-01-31 17:22:51,449: [DEBUG] 寫入ad帳號
2019-01-31 17:22:51,450: [DEBUG] 寫入ad帳號
2019-01-31 17:22:51,478: [DEBUG] Employee：鍾XXXXX
2019-01-31 17:22:51,478: [DEBUG] Employee：鍾XXXXX
2019-01-31 17:22:51,478: [DEBUG] Employee：鍾XXXXX
2019-01-31 17:22:51,490: [DEBUG] 寫入ad帳號
2019-01-31 17:22:51,531: [DEBUG] 寫入ad帳號
2019-01-31 17:22:51,591: [DEBUG] Employee：鍾XXXXX
2019-01-31 17:22:51,609: [DEBUG] Employee：鍾XXXXX
2019-01-31 17:22:51,609: [DEBUG] 寫入ad帳號
2019-01-31 17:22:51,609: [DEBUG] 寫入ad帳號
2019-01-31 17:22:51,624: [DEBUG] Employee：鍾XXXXX
2019-01-31 17:22:51,681: [DEBUG] 寫入ad帳號
2019-01-31 17:22:51,717: [DEBUG] Employee：鍾XXXXX
2019-01-31 17:22:51,752: [DEBUG] 寫入ad帳號
2019-01-31 17:22:51,772: [DEBUG] Employee：鍾XXXXX
2019-01-31 17:22:51,772: [DEBUG] Employee：鍾XXXXX
2019-01-31 17:22:51,773: [DEBUG] 寫入ad帳號
2019-01-31 17:22:51,833: [DEBUG] Employee：鍾XXXXX
2019-01-31 17:22:51,833: [DEBUG] 寫入ad帳號
2019-01-31 17:22:51,851: [DEBUG] 寫入ad帳號
2019-01-31 17:22:51,865: [DEBUG] Employee：鍾XXXXX
2019-01-31 17:22:51,917: [DEBUG] Employee：鍾XXXXX
2019-01-31 17:22:51,947: [DEBUG] Employee：鍾XXXXX
2019-01-31 17:22:51,959: [DEBUG] Employee：鍾XXXXX
2019-01-31 17:23:09,198: [DEBUG] 1
2019-01-31 17:23:09,198: [DEBUG] F
2019-01-31 17:24:26,460: [DEBUG] 寫入ad帳號
2019-01-31 17:24:27,008: [DEBUG] Employee：鍾XXXXX
2019-01-31 17:24:27,591: [DEBUG] HomeController:F
2019-01-31 17:24:27,750: [DEBUG] 1
2019-01-31 17:24:27,750: [DEBUG] F
2019-01-31 17:24:28,304: [DEBUG] 寫入ad帳號
2019-01-31 17:24:28,322: [DEBUG] 寫入ad帳號
2019-01-31 17:24:28,324: [DEBUG] 寫入ad帳號
2019-01-31 17:24:28,324: [DEBUG] 寫入ad帳號
2019-01-31 17:24:28,324: [DEBUG] 寫入ad帳號
2019-01-31 17:24:28,449: [DEBUG] Employee：鍾XXXXX
2019-01-31 17:24:28,465: [DEBUG] Employee：鍾XXXXX
2019-01-31 17:24:28,465: [DEBUG] Employee：鍾XXXXX
2019-01-31 17:24:28,478: [DEBUG] Employee：鍾XXXXX
2019-01-31 17:24:28,490: [DEBUG] Employee：鍾XXXXX
2019-01-31 17:24:28,514: [DEBUG] 寫入ad帳號
2019-01-31 17:24:28,542: [DEBUG] 寫入ad帳號
2019-01-31 17:24:28,542: [DEBUG] 寫入ad帳號
2019-01-31 17:24:28,571: [DEBUG] 寫入ad帳號
2019-01-31 17:24:28,630: [DEBUG] Employee：鍾XXXXX
2019-01-31 17:24:28,645: [DEBUG] Employee：鍾XXXXX
2019-01-31 17:24:28,691: [DEBUG] Employee：鍾XXXXX
2019-01-31 17:24:28,691: [DEBUG] 寫入ad帳號
2019-01-31 17:24:28,697: [DEBUG] 寫入ad帳號
2019-01-31 17:24:28,723: [DEBUG] Employee：鍾XXXXX
2019-01-31 17:24:28,723: [DEBUG] 寫入ad帳號
2019-01-31 17:24:28,785: [DEBUG] 寫入ad帳號
2019-01-31 17:24:28,809: [DEBUG] Employee：鍾XXXXX
2019-01-31 17:24:28,809: [DEBUG] Employee：鍾XXXXX
2019-01-31 17:24:28,850: [DEBUG] Employee：鍾XXXXX
2019-01-31 17:24:28,896: [DEBUG] 寫入ad帳號
2019-01-31 17:24:28,898: [DEBUG] 寫入ad帳號
2019-01-31 17:24:28,914: [DEBUG] Employee：鍾XXXXX
2019-01-31 17:24:28,914: [DEBUG] 寫入ad帳號
2019-01-31 17:24:28,963: [DEBUG] 寫入ad帳號
2019-01-31 17:24:29,012: [DEBUG] Employee：鍾XXXXX
2019-01-31 17:24:29,026: [DEBUG] Employee：鍾XXXXX
2019-01-31 17:24:29,043: [DEBUG] Employee：鍾XXXXX
2019-01-31 17:24:29,043: [DEBUG] 寫入ad帳號
2019-01-31 17:24:29,053: [DEBUG] Employee：鍾XXXXX
2019-01-31 17:24:29,078: [DEBUG] 寫入ad帳號
2019-01-31 17:24:29,102: [DEBUG] 寫入ad帳號
2019-01-31 17:24:29,157: [DEBUG] Employee：鍾XXXXX
2019-01-31 17:24:29,157: [DEBUG] Employee：鍾XXXXX
2019-01-31 17:24:29,157: [DEBUG] 寫入ad帳號
2019-01-31 17:24:29,179: [DEBUG] Employee：鍾XXXXX
2019-01-31 17:24:29,179: [DEBUG] 寫入ad帳號
2019-01-31 17:24:29,179: [DEBUG] 寫入ad帳號
2019-01-31 17:24:29,273: [DEBUG] Employee：鍾XXXXX
2019-01-31 17:24:29,273: [DEBUG] 寫入ad帳號
2019-01-31 17:24:29,290: [DEBUG] Employee：鍾XXXXX
2019-01-31 17:24:29,291: [DEBUG] 寫入ad帳號
2019-01-31 17:24:29,294: [DEBUG] Employee：鍾XXXXX
2019-01-31 17:24:29,332: [DEBUG] 寫入ad帳號
2019-01-31 17:24:29,349: [DEBUG] Employee：鍾XXXXX
2019-01-31 17:24:29,363: [DEBUG] 寫入ad帳號
2019-01-31 17:24:29,423: [DEBUG] Employee：鍾XXXXX
2019-01-31 17:24:29,423: [DEBUG] 寫入ad帳號
2019-01-31 17:24:29,425: [DEBUG] Employee：鍾XXXXX
2019-01-31 17:24:29,501: [DEBUG] 寫入ad帳號
2019-01-31 17:24:29,512: [DEBUG] Employee：鍾XXXXX
2019-01-31 17:24:29,512: [DEBUG] 寫入ad帳號
2019-01-31 17:24:29,574: [DEBUG] Employee：鍾XXXXX
2019-01-31 17:24:29,709: [DEBUG] Employee：鍾XXXXX
2019-01-31 17:24:29,761: [DEBUG] Employee：鍾XXXXX
2019-01-31 17:24:37,108: [DEBUG] 1
2019-01-31 17:24:37,108: [DEBUG] F
2019-01-31 17:24:53,661: [DEBUG] 1
2019-01-31 17:24:53,661: [DEBUG] F
2019-01-31 17:25:23,407: [DEBUG] @SDATE：20180101, @EDATE：20180131, @TYPE：2
2019-01-31 17:25:45,769: [DEBUG] @SDATE：20180101, @EDATE：20180131, @TYPE：2
2019-01-31 17:25:45,859: [DEBUG] 1
2019-01-31 17:25:45,859: [DEBUG] F
2019-01-31 17:26:22,645: [DEBUG] @SDATE：20180101, @EDATE：20180331, @TYPE：2
2019-01-31 17:26:30,471: [DEBUG] @SDATE：20180101, @EDATE：20180331, @TYPE：1
2019-01-31 17:27:18,760: [DEBUG] @SDATE：20180101, @EDATE：20180331, @TYPE：1
2019-01-31 17:32:01,540: [DEBUG] 寫入ad帳號
2019-01-31 17:32:02,144: [DEBUG] Employee：鍾XXXXX
2019-01-31 17:32:02,642: [DEBUG] HomeController:F
2019-01-31 17:32:02,821: [DEBUG] 1
2019-01-31 17:32:02,821: [DEBUG] F
2019-01-31 17:32:03,338: [DEBUG] 寫入ad帳號
2019-01-31 17:32:03,341: [DEBUG] 寫入ad帳號
2019-01-31 17:32:03,428: [DEBUG] 寫入ad帳號
2019-01-31 17:32:03,429: [DEBUG] 寫入ad帳號
2019-01-31 17:32:03,454: [DEBUG] 寫入ad帳號
2019-01-31 17:32:03,537: [DEBUG] Employee：鍾XXXXX
2019-01-31 17:32:03,537: [DEBUG] Employee：鍾XXXXX
2019-01-31 17:32:03,572: [DEBUG] Employee：鍾XXXXX
2019-01-31 17:32:03,589: [DEBUG] 寫入ad帳號
2019-01-31 17:32:03,608: [DEBUG] Employee：鍾XXXXX
2019-01-31 17:32:03,608: [DEBUG] Employee：鍾XXXXX
2019-01-31 17:32:03,609: [DEBUG] 寫入ad帳號
2019-01-31 17:32:03,634: [DEBUG] 寫入ad帳號
2019-01-31 17:32:03,648: [DEBUG] 寫入ad帳號
2019-01-31 17:32:03,687: [DEBUG] Employee：鍾XXXXX
2019-01-31 17:32:03,734: [DEBUG] 寫入ad帳號
2019-01-31 17:32:03,772: [DEBUG] Employee：鍾XXXXX
2019-01-31 17:32:03,772: [DEBUG] 寫入ad帳號
2019-01-31 17:32:03,779: [DEBUG] Employee：鍾XXXXX
2019-01-31 17:32:03,780: [DEBUG] 寫入ad帳號
2019-01-31 17:32:03,801: [DEBUG] Employee：鍾XXXXX
2019-01-31 17:32:03,827: [DEBUG] 寫入ad帳號
2019-01-31 17:32:03,836: [DEBUG] Employee：鍾XXXXX
2019-01-31 17:32:03,874: [DEBUG] Employee：鍾XXXXX
2019-01-31 17:32:03,874: [DEBUG] 寫入ad帳號
2019-01-31 17:32:03,887: [DEBUG] Employee：鍾XXXXX
2019-01-31 17:32:03,966: [DEBUG] 寫入ad帳號
2019-01-31 17:32:04,000: [DEBUG] 寫入ad帳號
2019-01-31 17:32:04,045: [DEBUG] Employee：鍾XXXXX
2019-01-31 17:32:04,047: [DEBUG] 寫入ad帳號
2019-01-31 17:32:04,060: [DEBUG] Employee：鍾XXXXX
2019-01-31 17:32:04,109: [DEBUG] 寫入ad帳號
2019-01-31 17:32:04,112: [DEBUG] Employee：鍾XXXXX
2019-01-31 17:32:04,112: [DEBUG] 寫入ad帳號
2019-01-31 17:32:04,136: [DEBUG] Employee：鍾XXXXX
2019-01-31 17:32:04,170: [DEBUG] Employee：鍾XXXXX
2019-01-31 17:32:04,171: [DEBUG] 寫入ad帳號
2019-01-31 17:32:04,188: [DEBUG] Employee：鍾XXXXX
2019-01-31 17:32:04,189: [DEBUG] 寫入ad帳號
2019-01-31 17:32:04,219: [DEBUG] Employee：鍾XXXXX
2019-01-31 17:32:04,220: [DEBUG] 寫入ad帳號
2019-01-31 17:32:04,220: [DEBUG] 寫入ad帳號
2019-01-31 17:32:04,317: [DEBUG] Employee：鍾XXXXX
2019-01-31 17:32:04,317: [DEBUG] Employee：鍾XXXXX
2019-01-31 17:32:04,331: [DEBUG] Employee：鍾XXXXX
2019-01-31 17:32:04,331: [DEBUG] 寫入ad帳號
2019-01-31 17:32:04,352: [DEBUG] Employee：鍾XXXXX
2019-01-31 17:32:04,352: [DEBUG] 寫入ad帳號
2019-01-31 17:32:04,352: [DEBUG] 寫入ad帳號
2019-01-31 17:32:04,425: [DEBUG] Employee：鍾XXXXX
2019-01-31 17:32:04,439: [DEBUG] Employee：鍾XXXXX
2019-01-31 17:32:04,439: [DEBUG] 寫入ad帳號
2019-01-31 17:32:04,472: [DEBUG] 寫入ad帳號
2019-01-31 17:32:04,486: [DEBUG] Employee：鍾XXXXX
2019-01-31 17:32:04,487: [DEBUG] 寫入ad帳號
2019-01-31 17:32:04,532: [DEBUG] Employee：鍾XXXXX
2019-01-31 17:32:04,544: [DEBUG] 寫入ad帳號
2019-01-31 17:32:04,565: [DEBUG] Employee：鍾XXXXX
2019-01-31 17:32:04,565: [DEBUG] Employee：鍾XXXXX
2019-01-31 17:32:04,602: [DEBUG] Employee：鍾XXXXX
2019-01-31 17:32:09,224: [DEBUG] 1
2019-01-31 17:32:09,225: [DEBUG] F
2019-01-31 17:32:23,784: [DEBUG] @SDATE：20180101, @EDATE：20180331, @TYPE：2
2019-01-31 17:32:26,930: [DEBUG] @SDATE：20180101, @EDATE：20180331, @TYPE：1
2019-01-31 17:32:34,969: [DEBUG] @SDATE：20180101, @EDATE：20180331, @TYPE：2
2019-01-31 17:32:43,261: [DEBUG] @SDATE：20180101, @EDATE：20180331, @TYPE：1
2019-01-31 17:32:57,421: [DEBUG] @SDATE：20180101, @EDATE：20180331, @TYPE：2
2019-01-31 17:32:57,762: [DEBUG] @SDATE：20180101, @EDATE：20180331, @TYPE：1
2019-01-31 17:33:10,811: [DEBUG] @SDATE：20180102, @EDATE：20180331, @TYPE：2
2019-01-31 17:33:12,704: [DEBUG] @SDATE：20180102, @EDATE：20180331, @TYPE：1
2019-01-31 17:33:22,946: [DEBUG] @SDATE：20180102, @EDATE：20180331, @TYPE：2
2019-01-31 17:33:23,378: [DEBUG] @SDATE：20180102, @EDATE：20180331, @TYPE：1
2019-01-31 17:33:29,601: [DEBUG] @SDATE：20180102, @EDATE：20180331, @TYPE：2
2019-01-31 17:33:29,818: [DEBUG] @SDATE：20180102, @EDATE：20180331, @TYPE：1
2019-01-31 17:33:38,936: [DEBUG] @SDATE：20180102, @EDATE：20180331, @TYPE：2
2019-01-31 17:34:10,367: [DEBUG] @SDATE：20180102, @EDATE：20180331, @TYPE：1
2019-01-31 17:34:21,024: [DEBUG] @SDATE：20180101, @EDATE：20180331, @TYPE：2
2019-01-31 17:34:24,264: [DEBUG] @SDATE：20180101, @EDATE：20180331, @TYPE：1
2019-01-31 17:34:37,976: [DEBUG] @SDATE：20180101, @EDATE：20180331, @TYPE：2
2019-01-31 17:34:45,635: [DEBUG] @SDATE：20180101, @EDATE：20180331, @TYPE：1
2019-01-31 17:35:06,162: [DEBUG] @SDATE：20180102, @EDATE：20180331, @TYPE：2
2019-01-31 17:35:09,461: [DEBUG] @SDATE：20180102, @EDATE：20180331, @TYPE：1
2019-01-31 17:35:31,323: [DEBUG] @SDATE：20180102, @EDATE：20180331, @TYPE：2
2019-01-31 18:05:21,196: [DEBUG] 寫入ad帳號
2019-01-31 18:05:21,782: [DEBUG] Employee：鍾XXXXX
2019-01-31 18:05:22,327: [DEBUG] HomeController:F
2019-01-31 18:05:22,483: [DEBUG] 1
2019-01-31 18:05:22,483: [DEBUG] F
2019-01-31 18:05:22,958: [DEBUG] 寫入ad帳號
2019-01-31 18:05:22,976: [DEBUG] 寫入ad帳號
2019-01-31 18:05:22,997: [DEBUG] 寫入ad帳號
2019-01-31 18:05:22,998: [DEBUG] 寫入ad帳號
2019-01-31 18:05:22,998: [DEBUG] 寫入ad帳號
2019-01-31 18:05:23,094: [DEBUG] Employee：鍾XXXXX
2019-01-31 18:05:23,114: [DEBUG] Employee：鍾XXXXX
2019-01-31 18:05:23,130: [DEBUG] Employee：鍾XXXXX
2019-01-31 18:05:23,130: [DEBUG] Employee：鍾XXXXX
2019-01-31 18:05:23,135: [DEBUG] 寫入ad帳號
2019-01-31 18:05:23,142: [DEBUG] Employee：鍾XXXXX
2019-01-31 18:05:23,234: [DEBUG] 寫入ad帳號
2019-01-31 18:05:23,236: [DEBUG] 寫入ad帳號
2019-01-31 18:05:23,275: [DEBUG] 寫入ad帳號
2019-01-31 18:05:23,289: [DEBUG] Employee：鍾XXXXX
2019-01-31 18:05:23,333: [DEBUG] 寫入ad帳號
2019-01-31 18:05:23,361: [DEBUG] Employee：鍾XXXXX
2019-01-31 18:05:23,362: [DEBUG] Employee：鍾XXXXX
2019-01-31 18:05:23,377: [DEBUG] Employee：鍾XXXXX
2019-01-31 18:05:23,388: [DEBUG] Employee：鍾XXXXX
2019-01-31 18:05:23,390: [DEBUG] 寫入ad帳號
2019-01-31 18:05:23,398: [DEBUG] 寫入ad帳號
2019-01-31 18:05:23,398: [DEBUG] 寫入ad帳號
2019-01-31 18:05:23,431: [DEBUG] 寫入ad帳號
2019-01-31 18:05:23,484: [DEBUG] Employee：鍾XXXXX
2019-01-31 18:05:23,497: [DEBUG] Employee：鍾XXXXX
2019-01-31 18:05:23,497: [DEBUG] 寫入ad帳號
2019-01-31 18:05:23,521: [DEBUG] Employee：鍾XXXXX
2019-01-31 18:05:23,545: [DEBUG] 寫入ad帳號
2019-01-31 18:05:23,596: [DEBUG] Employee：鍾XXXXX
2019-01-31 18:05:23,597: [DEBUG] 寫入ad帳號
2019-01-31 18:05:23,609: [DEBUG] 寫入ad帳號
2019-01-31 18:05:23,609: [DEBUG] Employee：鍾XXXXX
2019-01-31 18:05:23,641: [DEBUG] 寫入ad帳號
2019-01-31 18:05:23,717: [DEBUG] Employee：鍾XXXXX
2019-01-31 18:05:23,718: [DEBUG] 寫入ad帳號
2019-01-31 18:05:23,734: [DEBUG] Employee：鍾XXXXX
2019-01-31 18:05:23,734: [DEBUG] Employee：鍾XXXXX
2019-01-31 18:05:23,746: [DEBUG] 寫入ad帳號
2019-01-31 18:05:23,758: [DEBUG] Employee：鍾XXXXX
2019-01-31 18:05:23,800: [DEBUG] 寫入ad帳號
2019-01-31 18:05:23,819: [DEBUG] Employee：鍾XXXXX
2019-01-31 18:05:23,863: [DEBUG] 寫入ad帳號
2019-01-31 18:05:23,886: [DEBUG] Employee：鍾XXXXX
2019-01-31 18:05:23,917: [DEBUG] Employee：鍾XXXXX
2019-01-31 18:05:23,918: [DEBUG] 寫入ad帳號
2019-01-31 18:05:23,926: [DEBUG] 寫入ad帳號
2019-01-31 18:05:23,994: [DEBUG] Employee：鍾XXXXX
2019-01-31 18:05:23,994: [DEBUG] 寫入ad帳號
2019-01-31 18:05:24,009: [DEBUG] Employee：鍾XXXXX
2019-01-31 18:05:24,028: [DEBUG] 寫入ad帳號
2019-01-31 18:05:24,099: [DEBUG] Employee：鍾XXXXX
2019-01-31 18:05:24,114: [DEBUG] 寫入ad帳號
2019-01-31 18:05:24,125: [DEBUG] Employee：鍾XXXXX
2019-01-31 18:05:24,138: [DEBUG] Employee：鍾XXXXX
2019-01-31 18:05:24,138: [DEBUG] 寫入ad帳號
2019-01-31 18:05:24,138: [DEBUG] 寫入ad帳號
2019-01-31 18:05:24,196: [DEBUG] Employee：鍾XXXXX
2019-01-31 18:05:24,281: [DEBUG] Employee：鍾XXXXX
2019-01-31 18:05:24,287: [DEBUG] Employee：鍾XXXXX
2019-01-31 18:05:49,457: [DEBUG] 1
2019-01-31 18:05:49,457: [DEBUG] F
2019-01-31 18:06:06,069: [DEBUG] 1
2019-01-31 18:06:06,069: [DEBUG] F
2019-01-31 18:06:11,261: [DEBUG] 1
2019-01-31 18:06:11,261: [DEBUG] F
2019-01-31 18:06:14,674: [DEBUG] 1
2019-01-31 18:06:14,674: [DEBUG] F
2019-01-31 18:06:19,050: [DEBUG] 1
2019-01-31 18:06:19,050: [DEBUG] F
2019-01-31 18:06:29,252: [DEBUG] @SDATE：20181031, @EDATE：20190131, @RECEIVERID：, @UNIT：000
2019-01-31 18:06:47,255: [DEBUG] @SDATE：20181031, @EDATE：20190124, @RECEIVERID：, @UNIT：000
2019-01-31 18:07:38,502: [DEBUG] 1
2019-01-31 18:07:38,502: [DEBUG] F
2019-01-31 18:07:41,087: [DEBUG] @SDATE：20181130, @EDATE：20190131, @RECEIVERID：, @UNIT：
2019-01-31 18:07:48,920: [DEBUG] @SDATE：20181130, @EDATE：20190222, @RECEIVERID：, @UNIT：
2019-01-31 18:08:18,128: [DEBUG] 1
2019-01-31 18:08:18,128: [DEBUG] F
2019-01-31 18:08:26,587: [DEBUG] test
2019-01-31 18:08:26,595: [DEBUG] @SDATE：20181130, @EDATE：20190131, @TYPE：1
2019-01-31 18:08:26,601: [DEBUG] @SDATE：20181130, @EDATE：20190131, @TYPE：2
2019-01-31 18:08:34,764: [DEBUG] test
2019-01-31 18:08:34,764: [DEBUG] @SDATE：20181115, @EDATE：20190131, @TYPE：1
2019-01-31 18:08:34,764: [DEBUG] @SDATE：20181115, @EDATE：20190131, @TYPE：2
2019-01-31 18:09:30,553: [DEBUG] 寫入ad帳號
2019-01-31 18:09:31,694: [DEBUG] Employee：鍾XXXXX
2019-01-31 18:09:32,233: [DEBUG] HomeController:F
2019-01-31 18:09:32,375: [DEBUG] 1
2019-01-31 18:09:32,375: [DEBUG] F
2019-01-31 18:09:32,779: [DEBUG] 寫入ad帳號
2019-01-31 18:09:32,780: [DEBUG] 寫入ad帳號
2019-01-31 18:09:32,799: [DEBUG] 寫入ad帳號
2019-01-31 18:09:32,800: [DEBUG] 寫入ad帳號
2019-01-31 18:09:32,800: [DEBUG] 寫入ad帳號
2019-01-31 18:09:32,943: [DEBUG] Employee：鍾XXXXX
2019-01-31 18:09:33,002: [DEBUG] 寫入ad帳號
2019-01-31 18:09:33,021: [DEBUG] Employee：鍾XXXXX
2019-01-31 18:09:33,021: [DEBUG] Employee：鍾XXXXX
2019-01-31 18:09:33,021: [DEBUG] Employee：鍾XXXXX
2019-01-31 18:09:33,021: [DEBUG] Employee：鍾XXXXX
2019-01-31 18:09:33,079: [DEBUG] 寫入ad帳號
2019-01-31 18:09:33,079: [DEBUG] 寫入ad帳號
2019-01-31 18:09:33,079: [DEBUG] 寫入ad帳號
2019-01-31 18:09:33,082: [DEBUG] 寫入ad帳號
2019-01-31 18:09:33,098: [DEBUG] Employee：鍾XXXXX
2019-01-31 18:09:33,144: [DEBUG] 寫入ad帳號
2019-01-31 18:09:33,179: [DEBUG] Employee：鍾XXXXX
2019-01-31 18:09:33,179: [DEBUG] Employee：鍾XXXXX
2019-01-31 18:09:33,217: [DEBUG] Employee：鍾XXXXX
2019-01-31 18:09:33,217: [DEBUG] Employee：鍾XXXXX
2019-01-31 18:09:33,218: [DEBUG] 寫入ad帳號
2019-01-31 18:09:33,224: [DEBUG] 寫入ad帳號
2019-01-31 18:09:33,234: [DEBUG] 寫入ad帳號
2019-01-31 18:09:33,234: [DEBUG] 寫入ad帳號
2019-01-31 18:09:33,331: [DEBUG] Employee：鍾XXXXX
2019-01-31 18:09:33,332: [DEBUG] 寫入ad帳號
2019-01-31 18:09:33,341: [DEBUG] Employee：鍾XXXXX
2019-01-31 18:09:33,342: [DEBUG] Employee：鍾XXXXX
2019-01-31 18:09:33,426: [DEBUG] 寫入ad帳號
2019-01-31 18:09:33,426: [DEBUG] 寫入ad帳號
2019-01-31 18:09:33,451: [DEBUG] Employee：鍾XXXXX
2019-01-31 18:09:33,451: [DEBUG] Employee：鍾XXXXX
2019-01-31 18:09:33,456: [DEBUG] 寫入ad帳號
2019-01-31 18:09:33,506: [DEBUG] Employee：鍾XXXXX
2019-01-31 18:09:33,540: [DEBUG] 寫入ad帳號
2019-01-31 18:09:33,547: [DEBUG] 寫入ad帳號
2019-01-31 18:09:33,601: [DEBUG] Employee：鍾XXXXX
2019-01-31 18:09:33,602: [DEBUG] Employee：鍾XXXXX
2019-01-31 18:09:33,603: [DEBUG] Employee：鍾XXXXX
2019-01-31 18:09:33,616: [DEBUG] 寫入ad帳號
2019-01-31 18:09:33,631: [DEBUG] 寫入ad帳號
2019-01-31 18:09:33,642: [DEBUG] Employee：鍾XXXXX
2019-01-31 18:09:33,669: [DEBUG] 寫入ad帳號
2019-01-31 18:09:33,693: [DEBUG] Employee：鍾XXXXX
2019-01-31 18:09:33,693: [DEBUG] 寫入ad帳號
2019-01-31 18:09:33,791: [DEBUG] Employee：鍾XXXXX
2019-01-31 18:09:33,794: [DEBUG] Employee：鍾XXXXX
2019-01-31 18:09:33,808: [DEBUG] 寫入ad帳號
2019-01-31 18:09:33,819: [DEBUG] Employee：鍾XXXXX
2019-01-31 18:09:33,828: [DEBUG] 寫入ad帳號
2019-01-31 18:09:33,939: [DEBUG] 寫入ad帳號
2019-01-31 18:09:33,955: [DEBUG] Employee：鍾XXXXX
2019-01-31 18:09:33,955: [DEBUG] Employee：鍾XXXXX
2019-01-31 18:09:33,955: [DEBUG] 寫入ad帳號
2019-01-31 18:09:33,977: [DEBUG] Employee：鍾XXXXX
2019-01-31 18:09:33,978: [DEBUG] 寫入ad帳號
2019-01-31 18:09:34,090: [DEBUG] Employee：鍾XXXXX
2019-01-31 18:09:34,090: [DEBUG] Employee：鍾XXXXX
2019-01-31 18:09:34,100: [DEBUG] Employee：鍾XXXXX
2019-01-31 18:10:22,356: [DEBUG] 1
2019-01-31 18:10:22,356: [DEBUG] F
2019-01-31 18:10:29,147: [DEBUG] test
2019-01-31 18:10:29,167: [DEBUG] @SDATE：20181130, @EDATE：20190131, @TYPE：1
2019-01-31 18:10:29,167: [DEBUG] @SDATE：20181130, @EDATE：20190131, @TYPE：2
2019-01-31 18:10:36,619: [DEBUG] test
2019-01-31 18:10:36,620: [DEBUG] @SDATE：20181130, @EDATE：20190130, @TYPE：1
2019-01-31 18:10:36,620: [DEBUG] @SDATE：20181130, @EDATE：20190130, @TYPE：2
2019-01-31 18:11:02,824: [DEBUG] test
2019-01-31 18:11:02,824: [DEBUG] @SDATE：20180101, @EDATE：20180331, @TYPE：1
2019-01-31 18:11:02,824: [DEBUG] @SDATE：20180101, @EDATE：20180331, @TYPE：2
2019-01-31 18:11:37,697: [DEBUG] @SDATE：20180101, @EDATE：20180331, @TYPE：1
2019-01-31 18:11:37,699: [DEBUG] @SDATE：20180101, @EDATE：20180331, @TYPE：2
2019-01-31 18:11:56,616: [DEBUG] test
2019-01-31 18:11:56,618: [DEBUG] @SDATE：20180101, @EDATE：20180330, @TYPE：2
2019-01-31 18:11:58,147: [DEBUG] @SDATE：20180101, @EDATE：20180330, @TYPE：1
2019-01-31 18:12:32,902: [DEBUG] 1
2019-01-31 18:12:32,902: [DEBUG] F
2019-01-31 18:12:46,982: [DEBUG] @SDATE：20180101, @EDATE：20180331, @RECEIVERID：, @UNIT：
2019-01-31 18:12:56,979: [DEBUG] 1
2019-01-31 18:12:56,979: [DEBUG] F
2019-01-31 18:14:49,631: [DEBUG] 寫入ad帳號
2019-01-31 18:14:50,201: [DEBUG] Employee：鍾XXXXX
2019-01-31 18:14:50,735: [DEBUG] HomeController:F
2019-01-31 18:14:50,891: [DEBUG] 1
2019-01-31 18:14:50,891: [DEBUG] F
2019-01-31 18:14:51,339: [DEBUG] 寫入ad帳號
2019-01-31 18:14:51,339: [DEBUG] 寫入ad帳號
2019-01-31 18:14:51,450: [DEBUG] 寫入ad帳號
2019-01-31 18:14:51,450: [DEBUG] 寫入ad帳號
2019-01-31 18:14:51,453: [DEBUG] 寫入ad帳號
2019-01-31 18:14:51,473: [DEBUG] Employee：鍾XXXXX
2019-01-31 18:14:51,473: [DEBUG] Employee：鍾XXXXX
2019-01-31 18:14:51,534: [DEBUG] Employee：鍾XXXXX
2019-01-31 18:14:51,549: [DEBUG] Employee：鍾XXXXX
2019-01-31 18:14:51,551: [DEBUG] 寫入ad帳號
2019-01-31 18:14:51,568: [DEBUG] Employee：鍾XXXXX
2019-01-31 18:14:51,592: [DEBUG] 寫入ad帳號
2019-01-31 18:14:51,609: [DEBUG] 寫入ad帳號
2019-01-31 18:14:51,631: [DEBUG] 寫入ad帳號
2019-01-31 18:14:51,645: [DEBUG] 寫入ad帳號
2019-01-31 18:14:51,766: [DEBUG] Employee：鍾XXXXX
2019-01-31 18:14:51,767: [DEBUG] Employee：鍾XXXXX
2019-01-31 18:14:51,782: [DEBUG] Employee：鍾XXXXX
2019-01-31 18:14:51,796: [DEBUG] 寫入ad帳號
2019-01-31 18:14:51,796: [DEBUG] 寫入ad帳號
2019-01-31 18:14:51,796: [DEBUG] 寫入ad帳號
2019-01-31 18:14:51,862: [DEBUG] Employee：鍾XXXXX
2019-01-31 18:14:51,863: [DEBUG] 寫入ad帳號
2019-01-31 18:14:51,924: [DEBUG] Employee：鍾XXXXX
2019-01-31 18:14:51,925: [DEBUG] 寫入ad帳號
2019-01-31 18:14:51,937: [DEBUG] Employee：鍾XXXXX
2019-01-31 18:14:51,937: [DEBUG] Employee：鍾XXXXX
2019-01-31 18:14:51,937: [DEBUG] Employee：鍾XXXXX
2019-01-31 18:14:51,986: [DEBUG] 寫入ad帳號
2019-01-31 18:14:52,029: [DEBUG] 寫入ad帳號
2019-01-31 18:14:52,029: [DEBUG] 寫入ad帳號
2019-01-31 18:14:52,041: [DEBUG] Employee：鍾XXXXX
2019-01-31 18:14:52,056: [DEBUG] Employee：鍾XXXXX
2019-01-31 18:14:52,056: [DEBUG] 寫入ad帳號
2019-01-31 18:14:52,093: [DEBUG] Employee：鍾XXXXX
2019-01-31 18:14:52,093: [DEBUG] 寫入ad帳號
2019-01-31 18:14:52,096: [DEBUG] 寫入ad帳號
2019-01-31 18:14:52,204: [DEBUG] Employee：鍾XXXXX
2019-01-31 18:14:52,204: [DEBUG] Employee：鍾XXXXX
2019-01-31 18:14:52,218: [DEBUG] Employee：鍾XXXXX
2019-01-31 18:14:52,236: [DEBUG] 寫入ad帳號
2019-01-31 18:14:52,236: [DEBUG] 寫入ad帳號
2019-01-31 18:14:52,236: [DEBUG] 寫入ad帳號
2019-01-31 18:14:52,236: [DEBUG] Employee：鍾XXXXX
2019-01-31 18:14:52,261: [DEBUG] Employee：鍾XXXXX
2019-01-31 18:14:52,297: [DEBUG] 寫入ad帳號
2019-01-31 18:14:52,363: [DEBUG] Employee：鍾XXXXX
2019-01-31 18:14:52,386: [DEBUG] Employee：鍾XXXXX
2019-01-31 18:14:52,386: [DEBUG] 寫入ad帳號
2019-01-31 18:14:52,387: [DEBUG] 寫入ad帳號
2019-01-31 18:14:52,421: [DEBUG] Employee：鍾XXXXX
2019-01-31 18:14:52,421: [DEBUG] Employee：鍾XXXXX
2019-01-31 18:14:52,421: [DEBUG] 寫入ad帳號
2019-01-31 18:14:52,483: [DEBUG] 寫入ad帳號
2019-01-31 18:14:52,537: [DEBUG] Employee：鍾XXXXX
2019-01-31 18:14:52,550: [DEBUG] Employee：鍾XXXXX
2019-01-31 18:14:52,562: [DEBUG] Employee：鍾XXXXX
2019-01-31 18:14:52,563: [DEBUG] 寫入ad帳號
2019-01-31 18:14:52,599: [DEBUG] Employee：鍾XXXXX
2019-01-31 18:14:52,655: [DEBUG] Employee：鍾XXXXX
2019-01-31 18:14:56,465: [DEBUG] 1
2019-01-31 18:14:56,465: [DEBUG] F
2019-01-31 18:16:12,157: [DEBUG] 寫入ad帳號
2019-01-31 18:16:12,716: [DEBUG] Employee：鍾XXXXX
2019-01-31 18:16:13,271: [DEBUG] HomeController:F
2019-01-31 18:16:13,419: [DEBUG] 1
2019-01-31 18:16:13,420: [DEBUG] F
2019-01-31 18:16:13,791: [DEBUG] 寫入ad帳號
2019-01-31 18:16:13,851: [DEBUG] 寫入ad帳號
2019-01-31 18:16:13,851: [DEBUG] 寫入ad帳號
2019-01-31 18:16:13,853: [DEBUG] 寫入ad帳號
2019-01-31 18:16:13,854: [DEBUG] 寫入ad帳號
2019-01-31 18:16:13,944: [DEBUG] Employee：鍾XXXXX
2019-01-31 18:16:13,972: [DEBUG] Employee：鍾XXXXX
2019-01-31 18:16:13,994: [DEBUG] Employee：鍾XXXXX
2019-01-31 18:16:14,009: [DEBUG] Employee：鍾XXXXX
2019-01-31 18:16:14,010: [DEBUG] 寫入ad帳號
2019-01-31 18:16:14,063: [DEBUG] Employee：鍾XXXXX
2019-01-31 18:16:14,119: [DEBUG] 寫入ad帳號
2019-01-31 18:16:14,122: [DEBUG] 寫入ad帳號
2019-01-31 18:16:14,151: [DEBUG] 寫入ad帳號
2019-01-31 18:16:14,164: [DEBUG] Employee：鍾XXXXX
2019-01-31 18:16:14,185: [DEBUG] 寫入ad帳號
2019-01-31 18:16:14,200: [DEBUG] Employee：鍾XXXXX
2019-01-31 18:16:14,200: [DEBUG] Employee：鍾XXXXX
2019-01-31 18:16:14,200: [DEBUG] 寫入ad帳號
2019-01-31 18:16:14,200: [DEBUG] 寫入ad帳號
2019-01-31 18:16:14,222: [DEBUG] Employee：鍾XXXXX
2019-01-31 18:16:14,242: [DEBUG] 寫入ad帳號
2019-01-31 18:16:14,331: [DEBUG] 寫入ad帳號
2019-01-31 18:16:14,376: [DEBUG] Employee：鍾XXXXX
2019-01-31 18:16:14,377: [DEBUG] Employee：鍾XXXXX
2019-01-31 18:16:14,377: [DEBUG] 寫入ad帳號
2019-01-31 18:16:14,421: [DEBUG] 寫入ad帳號
2019-01-31 18:16:14,439: [DEBUG] Employee：鍾XXXXX
2019-01-31 18:16:14,454: [DEBUG] 寫入ad帳號
2019-01-31 18:16:14,479: [DEBUG] Employee：鍾XXXXX
2019-01-31 18:16:14,513: [DEBUG] Employee：鍾XXXXX
2019-01-31 18:16:14,524: [DEBUG] Employee：鍾XXXXX
2019-01-31 18:16:14,581: [DEBUG] 寫入ad帳號
2019-01-31 18:16:14,620: [DEBUG] 寫入ad帳號
2019-01-31 18:16:14,621: [DEBUG] 寫入ad帳號
2019-01-31 18:16:14,634: [DEBUG] Employee：鍾XXXXX
2019-01-31 18:16:14,634: [DEBUG] Employee：鍾XXXXX
2019-01-31 18:16:14,648: [DEBUG] 寫入ad帳號
2019-01-31 18:16:14,763: [DEBUG] 寫入ad帳號
2019-01-31 18:16:14,795: [DEBUG] Employee：鍾XXXXX
2019-01-31 18:16:14,814: [DEBUG] Employee：鍾XXXXX
2019-01-31 18:16:14,826: [DEBUG] Employee：鍾XXXXX
2019-01-31 18:16:14,826: [DEBUG] 寫入ad帳號
2019-01-31 18:16:14,882: [DEBUG] Employee：鍾XXXXX
2019-01-31 18:16:14,882: [DEBUG] 寫入ad帳號
2019-01-31 18:16:14,882: [DEBUG] 寫入ad帳號
2019-01-31 18:16:14,932: [DEBUG] Employee：鍾XXXXX
2019-01-31 18:16:14,932: [DEBUG] Employee：鍾XXXXX
2019-01-31 18:16:14,943: [DEBUG] 寫入ad帳號
2019-01-31 18:16:15,023: [DEBUG] Employee：鍾XXXXX
2019-01-31 18:16:15,059: [DEBUG] 寫入ad帳號
2019-01-31 18:16:15,059: [DEBUG] 寫入ad帳號
2019-01-31 18:16:15,059: [DEBUG] Employee：鍾XXXXX
2019-01-31 18:16:15,064: [DEBUG] 寫入ad帳號
2019-01-31 18:16:15,136: [DEBUG] Employee：鍾XXXXX
2019-01-31 18:16:15,150: [DEBUG] Employee：鍾XXXXX
2019-01-31 18:16:15,150: [DEBUG] 寫入ad帳號
2019-01-31 18:16:15,166: [DEBUG] Employee：鍾XXXXX
2019-01-31 18:16:15,166: [DEBUG] Employee：鍾XXXXX
2019-01-31 18:16:15,277: [DEBUG] Employee：鍾XXXXX
2019-01-31 19:42:26,121: [DEBUG] 寫入ad帳號
2019-01-31 19:42:26,692: [DEBUG] Employee：鍾XXXXX
2019-01-31 19:42:27,212: [DEBUG] HomeController:F
2019-01-31 19:42:27,372: [DEBUG] 1
2019-01-31 19:42:27,372: [DEBUG] F
2019-01-31 19:42:27,785: [DEBUG] 寫入ad帳號
2019-01-31 19:42:27,853: [DEBUG] 寫入ad帳號
2019-01-31 19:42:27,854: [DEBUG] 寫入ad帳號
2019-01-31 19:42:27,855: [DEBUG] 寫入ad帳號
2019-01-31 19:42:27,876: [DEBUG] 寫入ad帳號
2019-01-31 19:42:27,955: [DEBUG] Employee：鍾XXXXX
2019-01-31 19:42:27,965: [DEBUG] Employee：鍾XXXXX
2019-01-31 19:42:27,965: [DEBUG] Employee：鍾XXXXX
2019-01-31 19:42:27,970: [DEBUG] 寫入ad帳號
2019-01-31 19:42:27,987: [DEBUG] Employee：鍾XXXXX
2019-01-31 19:42:28,003: [DEBUG] 寫入ad帳號
2019-01-31 19:42:28,077: [DEBUG] Employee：鍾XXXXX
2019-01-31 19:42:28,090: [DEBUG] 寫入ad帳號
2019-01-31 19:42:28,091: [DEBUG] Employee：鍾XXXXX
2019-01-31 19:42:28,136: [DEBUG] Employee：鍾XXXXX
2019-01-31 19:42:28,137: [DEBUG] 寫入ad帳號
2019-01-31 19:42:28,170: [DEBUG] 寫入ad帳號
2019-01-31 19:42:28,196: [DEBUG] Employee：鍾XXXXX
2019-01-31 19:42:28,208: [DEBUG] 寫入ad帳號
2019-01-31 19:42:28,273: [DEBUG] Employee：鍾XXXXX
2019-01-31 19:42:28,290: [DEBUG] Employee：鍾XXXXX
2019-01-31 19:42:28,290: [DEBUG] 寫入ad帳號
2019-01-31 19:42:28,314: [DEBUG] Employee：鍾XXXXX
2019-01-31 19:42:28,314: [DEBUG] 寫入ad帳號
2019-01-31 19:42:28,315: [DEBUG] 寫入ad帳號
2019-01-31 19:42:28,389: [DEBUG] Employee：鍾XXXXX
2019-01-31 19:42:28,408: [DEBUG] Employee：鍾XXXXX
2019-01-31 19:42:28,408: [DEBUG] 寫入ad帳號
2019-01-31 19:42:28,439: [DEBUG] Employee：鍾XXXXX
2019-01-31 19:42:28,451: [DEBUG] 寫入ad帳號
2019-01-31 19:42:28,477: [DEBUG] 寫入ad帳號
2019-01-31 19:42:28,491: [DEBUG] Employee：鍾XXXXX
2019-01-31 19:42:28,531: [DEBUG] 寫入ad帳號
2019-01-31 19:42:28,544: [DEBUG] Employee：鍾XXXXX
2019-01-31 19:42:28,557: [DEBUG] 寫入ad帳號
2019-01-31 19:42:28,580: [DEBUG] Employee：鍾XXXXX
2019-01-31 19:42:28,581: [DEBUG] 寫入ad帳號
2019-01-31 19:42:28,628: [DEBUG] Employee：鍾XXXXX
2019-01-31 19:42:28,628: [DEBUG] 寫入ad帳號
2019-01-31 19:42:28,660: [DEBUG] Employee：鍾XXXXX
2019-01-31 19:42:28,660: [DEBUG] 寫入ad帳號
2019-01-31 19:42:28,685: [DEBUG] Employee：鍾XXXXX
2019-01-31 19:42:28,697: [DEBUG] 寫入ad帳號
2019-01-31 19:42:28,721: [DEBUG] Employee：鍾XXXXX
2019-01-31 19:42:28,737: [DEBUG] Employee：鍾XXXXX
2019-01-31 19:42:28,737: [DEBUG] 寫入ad帳號
2019-01-31 19:42:28,758: [DEBUG] Employee：鍾XXXXX
2019-01-31 19:42:28,759: [DEBUG] 寫入ad帳號
2019-01-31 19:42:28,835: [DEBUG] Employee：鍾XXXXX
2019-01-31 19:42:28,835: [DEBUG] 寫入ad帳號
2019-01-31 19:42:28,861: [DEBUG] Employee：鍾XXXXX
2019-01-31 19:42:28,862: [DEBUG] 寫入ad帳號
2019-01-31 19:42:28,874: [DEBUG] Employee：鍾XXXXX
2019-01-31 19:42:28,876: [DEBUG] 寫入ad帳號
2019-01-31 19:42:28,960: [DEBUG] Employee：鍾XXXXX
2019-01-31 19:42:28,961: [DEBUG] 寫入ad帳號
2019-01-31 19:42:28,982: [DEBUG] 寫入ad帳號
2019-01-31 19:42:28,982: [DEBUG] Employee：鍾XXXXX
2019-01-31 19:42:29,076: [DEBUG] Employee：鍾XXXXX
2019-01-31 19:42:29,087: [DEBUG] Employee：鍾XXXXX
2019-01-31 19:42:57,917: [DEBUG] 1
2019-01-31 19:42:57,918: [DEBUG] F
2019-01-31 19:43:37,349: [DEBUG] 1
2019-01-31 19:43:37,349: [DEBUG] F
2019-01-31 19:43:58,280: [DEBUG] test
2019-01-31 19:43:58,285: [DEBUG] @SDATE：20180101, @EDATE：20180331, @TYPE：1
2019-01-31 19:43:58,285: [DEBUG] @SDATE：20180101, @EDATE：20180331, @TYPE：2
2019-01-31 19:44:12,612: [DEBUG] @SDATE：20180101, @EDATE：20180331, @TYPE：1
2019-01-31 19:44:12,614: [DEBUG] @SDATE：20180101, @EDATE：20180331, @TYPE：2
2019-01-31 19:46:10,945: [DEBUG] 寫入ad帳號
2019-01-31 19:46:11,591: [DEBUG] Employee：鍾XXXXX
2019-01-31 19:46:12,452: [DEBUG] HomeController:F
2019-01-31 19:46:12,622: [DEBUG] 1
2019-01-31 19:46:12,622: [DEBUG] F
2019-01-31 19:46:13,022: [DEBUG] 寫入ad帳號
2019-01-31 19:46:13,050: [DEBUG] 寫入ad帳號
2019-01-31 19:46:13,065: [DEBUG] 寫入ad帳號
2019-01-31 19:46:13,066: [DEBUG] 寫入ad帳號
2019-01-31 19:46:13,066: [DEBUG] 寫入ad帳號
2019-01-31 19:46:13,181: [DEBUG] Employee：鍾XXXXX
2019-01-31 19:46:13,181: [DEBUG] Employee：鍾XXXXX
2019-01-31 19:46:13,193: [DEBUG] Employee：鍾XXXXX
2019-01-31 19:46:13,208: [DEBUG] Employee：鍾XXXXX
2019-01-31 19:46:13,212: [DEBUG] 寫入ad帳號
2019-01-31 19:46:13,312: [DEBUG] Employee：鍾XXXXX
2019-01-31 19:46:13,313: [DEBUG] 寫入ad帳號
2019-01-31 19:46:13,335: [DEBUG] 寫入ad帳號
2019-01-31 19:46:13,422: [DEBUG] 寫入ad帳號
2019-01-31 19:46:13,431: [DEBUG] 寫入ad帳號
2019-01-31 19:46:13,538: [DEBUG] Employee：鍾XXXXX
2019-01-31 19:46:13,538: [DEBUG] Employee：鍾XXXXX
2019-01-31 19:46:13,538: [DEBUG] Employee：鍾XXXXX
2019-01-31 19:46:13,540: [DEBUG] 寫入ad帳號
2019-01-31 19:46:13,577: [DEBUG] Employee：鍾XXXXX
2019-01-31 19:46:13,637: [DEBUG] 寫入ad帳號
2019-01-31 19:46:13,642: [DEBUG] 寫入ad帳號
2019-01-31 19:46:13,644: [DEBUG] 寫入ad帳號
2019-01-31 19:46:13,776: [DEBUG] Employee：鍾XXXXX
2019-01-31 19:46:13,776: [DEBUG] Employee：鍾XXXXX
2019-01-31 19:46:13,783: [DEBUG] 寫入ad帳號
2019-01-31 19:46:13,877: [DEBUG] Employee：鍾XXXXX
2019-01-31 19:46:13,877: [DEBUG] 寫入ad帳號
2019-01-31 19:46:13,999: [DEBUG] Employee：鍾XXXXX
2019-01-31 19:46:14,000: [DEBUG] 寫入ad帳號
2019-01-31 19:46:14,101: [DEBUG] Employee：鍾XXXXX
2019-01-31 19:46:14,107: [DEBUG] 寫入ad帳號
2019-01-31 19:46:14,118: [DEBUG] Employee：鍾XXXXX
2019-01-31 19:46:14,182: [DEBUG] 寫入ad帳號
2019-01-31 19:46:14,207: [DEBUG] Employee：鍾XXXXX
2019-01-31 19:46:14,207: [DEBUG] 寫入ad帳號
2019-01-31 19:46:14,332: [DEBUG] Employee：鍾XXXXX
2019-01-31 19:46:14,381: [DEBUG] 寫入ad帳號
2019-01-31 19:46:14,427: [DEBUG] 寫入ad帳號
2019-01-31 19:46:14,492: [DEBUG] Employee：鍾XXXXX
2019-01-31 19:46:14,509: [DEBUG] Employee：鍾XXXXX
2019-01-31 19:46:14,509: [DEBUG] Employee：鍾XXXXX
2019-01-31 19:46:14,510: [DEBUG] 寫入ad帳號
2019-01-31 19:46:14,589: [DEBUG] 寫入ad帳號
2019-01-31 19:46:14,625: [DEBUG] Employee：鍾XXXXX
2019-01-31 19:46:14,626: [DEBUG] 寫入ad帳號
2019-01-31 19:46:14,640: [DEBUG] Employee：鍾XXXXX
2019-01-31 19:46:14,666: [DEBUG] Employee：鍾XXXXX
2019-01-31 19:46:14,666: [DEBUG] 寫入ad帳號
2019-01-31 19:46:14,690: [DEBUG] Employee：鍾XXXXX
2019-01-31 19:46:14,753: [DEBUG] 寫入ad帳號
2019-01-31 19:46:14,753: [DEBUG] 寫入ad帳號
2019-01-31 19:46:14,771: [DEBUG] Employee：鍾XXXXX
2019-01-31 19:46:14,800: [DEBUG] 寫入ad帳號
2019-01-31 19:46:14,872: [DEBUG] Employee：鍾XXXXX
2019-01-31 19:46:14,874: [DEBUG] 寫入ad帳號
2019-01-31 19:46:14,890: [DEBUG] Employee：鍾XXXXX
2019-01-31 19:46:14,890: [DEBUG] Employee：鍾XXXXX
2019-01-31 19:46:14,946: [DEBUG] Employee：鍾XXXXX
2019-01-31 19:46:14,966: [DEBUG] Employee：鍾XXXXX
2019-01-31 19:46:19,275: [DEBUG] 1
2019-01-31 19:46:19,275: [DEBUG] F
2019-01-31 19:46:35,423: [DEBUG] test
2019-01-31 19:46:35,453: [DEBUG] @SDATE：20180101, @EDATE：20180331, @TYPE：1
2019-01-31 19:46:35,453: [DEBUG] @SDATE：20180101, @EDATE：20180331, @TYPE：2
2019-01-31 19:53:58,392: [DEBUG] 寫入ad帳號
2019-01-31 19:53:59,254: [DEBUG] Employee：鍾XXXXX
2019-01-31 19:53:59,838: [DEBUG] HomeController:F
2019-01-31 19:54:00,004: [DEBUG] 1
2019-01-31 19:54:00,004: [DEBUG] F
2019-01-31 19:54:00,505: [DEBUG] 寫入ad帳號
2019-01-31 19:54:00,506: [DEBUG] 寫入ad帳號
2019-01-31 19:54:00,506: [DEBUG] 寫入ad帳號
2019-01-31 19:54:00,512: [DEBUG] 寫入ad帳號
2019-01-31 19:54:00,526: [DEBUG] 寫入ad帳號
2019-01-31 19:54:00,640: [DEBUG] Employee：鍾XXXXX
2019-01-31 19:54:00,702: [DEBUG] Employee：鍾XXXXX
2019-01-31 19:54:00,748: [DEBUG] 寫入ad帳號
2019-01-31 19:54:00,748: [DEBUG] Employee：鍾XXXXX
2019-01-31 19:54:00,773: [DEBUG] 寫入ad帳號
2019-01-31 19:54:00,848: [DEBUG] Employee：鍾XXXXX
2019-01-31 19:54:00,849: [DEBUG] Employee：鍾XXXXX
2019-01-31 19:54:00,849: [DEBUG] 寫入ad帳號
2019-01-31 19:54:00,940: [DEBUG] 寫入ad帳號
2019-01-31 19:54:00,940: [DEBUG] 寫入ad帳號
2019-01-31 19:54:00,967: [DEBUG] Employee：鍾XXXXX
2019-01-31 19:54:00,967: [DEBUG] Employee：鍾XXXXX
2019-01-31 19:54:01,021: [DEBUG] 寫入ad帳號
2019-01-31 19:54:01,070: [DEBUG] Employee：鍾XXXXX
2019-01-31 19:54:01,071: [DEBUG] 寫入ad帳號
2019-01-31 19:54:01,144: [DEBUG] Employee：鍾XXXXX
2019-01-31 19:54:01,144: [DEBUG] 寫入ad帳號
2019-01-31 19:54:01,158: [DEBUG] Employee：鍾XXXXX
2019-01-31 19:54:01,158: [DEBUG] Employee：鍾XXXXX
2019-01-31 19:54:01,158: [DEBUG] 寫入ad帳號
2019-01-31 19:54:01,203: [DEBUG] 寫入ad帳號
2019-01-31 19:54:01,258: [DEBUG] 寫入ad帳號
2019-01-31 19:54:01,279: [DEBUG] Employee：鍾XXXXX
2019-01-31 19:54:01,319: [DEBUG] Employee：鍾XXXXX
2019-01-31 19:54:01,320: [DEBUG] Employee：鍾XXXXX
2019-01-31 19:54:01,320: [DEBUG] 寫入ad帳號
2019-01-31 19:54:01,321: [DEBUG] Employee：鍾XXXXX
2019-01-31 19:54:01,379: [DEBUG] 寫入ad帳號
2019-01-31 19:54:01,379: [DEBUG] 寫入ad帳號
2019-01-31 19:54:01,379: [DEBUG] 寫入ad帳號
2019-01-31 19:54:01,415: [DEBUG] Employee：鍾XXXXX
2019-01-31 19:54:01,490: [DEBUG] Employee：鍾XXXXX
2019-01-31 19:54:01,490: [DEBUG] Employee：鍾XXXXX
2019-01-31 19:54:01,500: [DEBUG] Employee：鍾XXXXX
2019-01-31 19:54:01,506: [DEBUG] 寫入ad帳號
2019-01-31 19:54:01,513: [DEBUG] Employee：鍾XXXXX
2019-01-31 19:54:01,514: [DEBUG] 寫入ad帳號
2019-01-31 19:54:01,615: [DEBUG] 寫入ad帳號
2019-01-31 19:54:01,616: [DEBUG] 寫入ad帳號
2019-01-31 19:54:01,645: [DEBUG] Employee：鍾XXXXX
2019-01-31 19:54:01,657: [DEBUG] Employee：鍾XXXXX
2019-01-31 19:54:01,657: [DEBUG] 寫入ad帳號
2019-01-31 19:54:01,769: [DEBUG] Employee：鍾XXXXX
2019-01-31 19:54:01,769: [DEBUG] 寫入ad帳號
2019-01-31 19:54:01,769: [DEBUG] Employee：鍾XXXXX
2019-01-31 19:54:01,769: [DEBUG] 寫入ad帳號
2019-01-31 19:54:01,770: [DEBUG] 寫入ad帳號
2019-01-31 19:54:01,802: [DEBUG] Employee：鍾XXXXX
2019-01-31 19:54:01,803: [DEBUG] 寫入ad帳號
2019-01-31 19:54:01,890: [DEBUG] Employee：鍾XXXXX
2019-01-31 19:54:01,890: [DEBUG] 寫入ad帳號
2019-01-31 19:54:01,905: [DEBUG] Employee：鍾XXXXX
2019-01-31 19:54:01,930: [DEBUG] Employee：鍾XXXXX
2019-01-31 19:54:01,950: [DEBUG] Employee：鍾XXXXX
2019-01-31 19:54:02,091: [DEBUG] Employee：鍾XXXXX
2019-01-31 19:54:06,421: [DEBUG] 1
2019-01-31 19:54:06,421: [DEBUG] F
2019-01-31 19:54:19,460: [DEBUG] test
2019-01-31 19:54:19,484: [DEBUG] @SDATE：20180101, @EDATE：20180331, @TYPE：2
2019-01-31 19:54:19,484: [DEBUG] @SDATE：20180101, @EDATE：20180331, @TYPE：1
2019-01-31 20:00:11,693: [DEBUG] 寫入ad帳號
2019-01-31 20:00:12,309: [DEBUG] Employee：鍾XXXXX
2019-01-31 20:00:12,806: [DEBUG] HomeController:F
2019-01-31 20:00:12,957: [DEBUG] 1
2019-01-31 20:00:12,957: [DEBUG] F
2019-01-31 20:00:13,334: [DEBUG] 寫入ad帳號
2019-01-31 20:00:13,377: [DEBUG] 寫入ad帳號
2019-01-31 20:00:13,379: [DEBUG] 寫入ad帳號
2019-01-31 20:00:13,380: [DEBUG] 寫入ad帳號
2019-01-31 20:00:13,380: [DEBUG] 寫入ad帳號
2019-01-31 20:00:13,467: [DEBUG] Employee：鍾XXXXX
2019-01-31 20:00:13,481: [DEBUG] Employee：鍾XXXXX
2019-01-31 20:00:13,494: [DEBUG] Employee：鍾XXXXX
2019-01-31 20:00:13,507: [DEBUG] Employee：鍾XXXXX
2019-01-31 20:00:13,524: [DEBUG] 寫入ad帳號
2019-01-31 20:00:13,537: [DEBUG] Employee：鍾XXXXX
2019-01-31 20:00:13,579: [DEBUG] 寫入ad帳號
2019-01-31 20:00:13,588: [DEBUG] 寫入ad帳號
2019-01-31 20:00:13,588: [DEBUG] 寫入ad帳號
2019-01-31 20:00:13,638: [DEBUG] 寫入ad帳號
2019-01-31 20:00:13,705: [DEBUG] Employee：鍾XXXXX
2019-01-31 20:00:13,705: [DEBUG] Employee：鍾XXXXX
2019-01-31 20:00:13,706: [DEBUG] 寫入ad帳號
2019-01-31 20:00:13,719: [DEBUG] Employee：鍾XXXXX
2019-01-31 20:00:13,719: [DEBUG] Employee：鍾XXXXX
2019-01-31 20:00:13,739: [DEBUG] 寫入ad帳號
2019-01-31 20:00:13,759: [DEBUG] 寫入ad帳號
2019-01-31 20:00:13,797: [DEBUG] Employee：鍾XXXXX
2019-01-31 20:00:13,798: [DEBUG] 寫入ad帳號
2019-01-31 20:00:13,849: [DEBUG] Employee：鍾XXXXX
2019-01-31 20:00:13,878: [DEBUG] Employee：鍾XXXXX
2019-01-31 20:00:13,918: [DEBUG] Employee：鍾XXXXX
2019-01-31 20:00:13,918: [DEBUG] 寫入ad帳號
2019-01-31 20:00:13,918: [DEBUG] 寫入ad帳號
2019-01-31 20:00:13,947: [DEBUG] Employee：鍾XXXXX
2019-01-31 20:00:13,978: [DEBUG] 寫入ad帳號
2019-01-31 20:00:13,978: [DEBUG] 寫入ad帳號
2019-01-31 20:00:14,066: [DEBUG] Employee：鍾XXXXX
2019-01-31 20:00:14,066: [DEBUG] 寫入ad帳號
2019-01-31 20:00:14,112: [DEBUG] Employee：鍾XXXXX
2019-01-31 20:00:14,112: [DEBUG] 寫入ad帳號
2019-01-31 20:00:14,129: [DEBUG] Employee：鍾XXXXX
2019-01-31 20:00:14,129: [DEBUG] Employee：鍾XXXXX
2019-01-31 20:00:14,131: [DEBUG] 寫入ad帳號
2019-01-31 20:00:14,190: [DEBUG] Employee：鍾XXXXX
2019-01-31 20:00:14,191: [DEBUG] Employee：鍾XXXXX
2019-01-31 20:00:14,191: [DEBUG] 寫入ad帳號
2019-01-31 20:00:14,191: [DEBUG] 寫入ad帳號
2019-01-31 20:00:14,298: [DEBUG] Employee：鍾XXXXX
2019-01-31 20:00:14,298: [DEBUG] 寫入ad帳號
2019-01-31 20:00:14,315: [DEBUG] Employee：鍾XXXXX
2019-01-31 20:00:14,315: [DEBUG] Employee：鍾XXXXX
2019-01-31 20:00:14,316: [DEBUG] 寫入ad帳號
2019-01-31 20:00:14,316: [DEBUG] 寫入ad帳號
2019-01-31 20:00:14,376: [DEBUG] Employee：鍾XXXXX
2019-01-31 20:00:14,388: [DEBUG] 寫入ad帳號
2019-01-31 20:00:14,405: [DEBUG] Employee：鍾XXXXX
2019-01-31 20:00:14,405: [DEBUG] Employee：鍾XXXXX
2019-01-31 20:00:14,406: [DEBUG] 寫入ad帳號
2019-01-31 20:00:14,414: [DEBUG] 寫入ad帳號
2019-01-31 20:00:14,467: [DEBUG] Employee：鍾XXXXX
2019-01-31 20:00:14,467: [DEBUG] 寫入ad帳號
2019-01-31 20:00:14,518: [DEBUG] Employee：鍾XXXXX
2019-01-31 20:00:14,535: [DEBUG] Employee：鍾XXXXX
2019-01-31 20:00:14,545: [DEBUG] Employee：鍾XXXXX
2019-01-31 20:00:29,053: [DEBUG] 1
2019-01-31 20:00:29,053: [DEBUG] F
2019-01-31 20:00:41,032: [DEBUG] test
2019-01-31 20:00:41,059: [DEBUG] @SDATE：20180101, @EDATE：20180331, @TYPE：2
2019-01-31 20:00:41,059: [DEBUG] @SDATE：20180101, @EDATE：20180331, @TYPE：1
2019-01-31 20:06:45,425: [DEBUG] 寫入ad帳號
2019-01-31 20:06:46,072: [DEBUG] Employee：鍾XXXXX
2019-01-31 20:06:46,581: [DEBUG] HomeController:F
2019-01-31 20:06:46,809: [DEBUG] 1
2019-01-31 20:06:46,809: [DEBUG] F
2019-01-31 20:06:47,306: [DEBUG] 寫入ad帳號
2019-01-31 20:06:47,349: [DEBUG] 寫入ad帳號
2019-01-31 20:06:47,374: [DEBUG] 寫入ad帳號
2019-01-31 20:06:47,399: [DEBUG] 寫入ad帳號
2019-01-31 20:06:47,405: [DEBUG] 寫入ad帳號
2019-01-31 20:06:47,699: [DEBUG] Employee：鍾XXXXX
2019-01-31 20:06:47,707: [DEBUG] Employee：鍾XXXXX
2019-01-31 20:06:47,732: [DEBUG] Employee：鍾XXXXX
2019-01-31 20:06:47,732: [DEBUG] 寫入ad帳號
2019-01-31 20:06:47,862: [DEBUG] Employee：鍾XXXXX
2019-01-31 20:06:47,862: [DEBUG] 寫入ad帳號
2019-01-31 20:06:47,915: [DEBUG] 寫入ad帳號
2019-01-31 20:06:47,946: [DEBUG] Employee：鍾XXXXX
2019-01-31 20:06:48,061: [DEBUG] 寫入ad帳號
2019-01-31 20:06:48,061: [DEBUG] 寫入ad帳號
2019-01-31 20:06:48,079: [DEBUG] Employee：鍾XXXXX
2019-01-31 20:06:48,079: [DEBUG] Employee：鍾XXXXX
2019-01-31 20:06:48,109: [DEBUG] 寫入ad帳號
2019-01-31 20:06:48,117: [DEBUG] Employee：鍾XXXXX
2019-01-31 20:06:48,151: [DEBUG] 寫入ad帳號
2019-01-31 20:06:48,170: [DEBUG] Employee：鍾XXXXX
2019-01-31 20:06:48,211: [DEBUG] 寫入ad帳號
2019-01-31 20:06:48,225: [DEBUG] Employee：鍾XXXXX
2019-01-31 20:06:48,225: [DEBUG] 寫入ad帳號
2019-01-31 20:06:48,272: [DEBUG] Employee：鍾XXXXX
2019-01-31 20:06:48,272: [DEBUG] Employee：鍾XXXXX
2019-01-31 20:06:48,302: [DEBUG] Employee：鍾XXXXX
2019-01-31 20:06:48,303: [DEBUG] Employee：鍾XXXXX
2019-01-31 20:06:48,314: [DEBUG] 寫入ad帳號
2019-01-31 20:06:48,330: [DEBUG] 寫入ad帳號
2019-01-31 20:06:48,343: [DEBUG] 寫入ad帳號
2019-01-31 20:06:48,404: [DEBUG] Employee：鍾XXXXX
2019-01-31 20:06:48,419: [DEBUG] Employee：鍾XXXXX
2019-01-31 20:06:48,419: [DEBUG] 寫入ad帳號
2019-01-31 20:06:48,463: [DEBUG] 寫入ad帳號
2019-01-31 20:06:48,480: [DEBUG] Employee：鍾XXXXX
2019-01-31 20:06:48,497: [DEBUG] 寫入ad帳號
2019-01-31 20:06:48,538: [DEBUG] Employee：鍾XXXXX
2019-01-31 20:06:48,591: [DEBUG] Employee：鍾XXXXX
2019-01-31 20:06:48,592: [DEBUG] 寫入ad帳號
2019-01-31 20:06:48,616: [DEBUG] Employee：鍾XXXXX
2019-01-31 20:06:48,617: [DEBUG] 寫入ad帳號
2019-01-31 20:06:48,722: [DEBUG] Employee：鍾XXXXX
2019-01-31 20:06:48,723: [DEBUG] 寫入ad帳號
2019-01-31 20:06:48,750: [DEBUG] Employee：鍾XXXXX
2019-01-31 20:06:48,751: [DEBUG] 寫入ad帳號
2019-01-31 20:06:48,825: [DEBUG] Employee：鍾XXXXX
2019-01-31 20:06:48,826: [DEBUG] 寫入ad帳號
2019-01-31 20:06:48,884: [DEBUG] Employee：鍾XXXXX
2019-01-31 20:06:48,885: [DEBUG] 寫入ad帳號
2019-01-31 20:06:49,021: [DEBUG] Employee：鍾XXXXX
2019-01-31 20:06:49,021: [DEBUG] 寫入ad帳號
2019-01-31 20:06:49,036: [DEBUG] Employee：鍾XXXXX
2019-01-31 20:06:49,037: [DEBUG] 寫入ad帳號
2019-01-31 20:06:49,089: [DEBUG] 寫入ad帳號
2019-01-31 20:06:49,152: [DEBUG] Employee：鍾XXXXX
2019-01-31 20:06:49,152: [DEBUG] Employee：鍾XXXXX
2019-01-31 20:06:49,152: [DEBUG] 寫入ad帳號
2019-01-31 20:06:49,213: [DEBUG] Employee：鍾XXXXX
2019-01-31 20:06:49,242: [DEBUG] Employee：鍾XXXXX
2019-01-31 20:06:52,860: [DEBUG] 1
2019-01-31 20:06:52,860: [DEBUG] F
2019-01-31 20:07:09,603: [DEBUG] test
2019-01-31 20:07:09,625: [DEBUG] @SDATE：20180101, @EDATE：20180331, @TYPE：1
2019-01-31 20:07:09,625: [DEBUG] @SDATE：20180101, @EDATE：20180331, @TYPE：2
2019-01-31 20:51:00,328: [DEBUG] 寫入ad帳號
2019-01-31 20:51:01,108: [DEBUG] Employee：鍾XXXXX
2019-01-31 20:51:01,592: [DEBUG] HomeController:F
2019-01-31 20:51:01,742: [DEBUG] 1
2019-01-31 20:51:01,742: [DEBUG] F
2019-01-31 20:51:02,165: [DEBUG] 寫入ad帳號
2019-01-31 20:51:02,207: [DEBUG] 寫入ad帳號
2019-01-31 20:51:02,209: [DEBUG] 寫入ad帳號
2019-01-31 20:51:02,231: [DEBUG] 寫入ad帳號
2019-01-31 20:51:02,231: [DEBUG] 寫入ad帳號
2019-01-31 20:51:02,296: [DEBUG] Employee：鍾XXXXX
2019-01-31 20:51:02,310: [DEBUG] Employee：鍾XXXXX
2019-01-31 20:51:02,323: [DEBUG] Employee：鍾XXXXX
2019-01-31 20:51:02,341: [DEBUG] Employee：鍾XXXXX
2019-01-31 20:51:02,343: [DEBUG] 寫入ad帳號
2019-01-31 20:51:02,352: [DEBUG] Employee：鍾XXXXX
2019-01-31 20:51:02,382: [DEBUG] 寫入ad帳號
2019-01-31 20:51:02,402: [DEBUG] 寫入ad帳號
2019-01-31 20:51:02,463: [DEBUG] 寫入ad帳號
2019-01-31 20:51:02,489: [DEBUG] Employee：鍾XXXXX
2019-01-31 20:51:02,490: [DEBUG] 寫入ad帳號
2019-01-31 20:51:02,511: [DEBUG] Employee：鍾XXXXX
2019-01-31 20:51:02,511: [DEBUG] Employee：鍾XXXXX
2019-01-31 20:51:02,587: [DEBUG] 寫入ad帳號
2019-01-31 20:51:02,608: [DEBUG] Employee：鍾XXXXX
2019-01-31 20:51:02,608: [DEBUG] 寫入ad帳號
2019-01-31 20:51:02,608: [DEBUG] 寫入ad帳號
2019-01-31 20:51:02,654: [DEBUG] Employee：鍾XXXXX
2019-01-31 20:51:02,688: [DEBUG] Employee：鍾XXXXX
2019-01-31 20:51:02,688: [DEBUG] Employee：鍾XXXXX
2019-01-31 20:51:02,701: [DEBUG] 寫入ad帳號
2019-01-31 20:51:02,703: [DEBUG] 寫入ad帳號
2019-01-31 20:51:02,704: [DEBUG] Employee：鍾XXXXX
2019-01-31 20:51:02,704: [DEBUG] 寫入ad帳號
2019-01-31 20:51:02,758: [DEBUG] 寫入ad帳號
2019-01-31 20:51:02,837: [DEBUG] Employee：鍾XXXXX
2019-01-31 20:51:02,838: [DEBUG] 寫入ad帳號
2019-01-31 20:51:02,863: [DEBUG] Employee：鍾XXXXX
2019-01-31 20:51:02,863: [DEBUG] Employee：鍾XXXXX
2019-01-31 20:51:02,864: [DEBUG] 寫入ad帳號
2019-01-31 20:51:02,872: [DEBUG] 寫入ad帳號
2019-01-31 20:51:02,890: [DEBUG] Employee：鍾XXXXX
2019-01-31 20:51:02,903: [DEBUG] Employee：鍾XXXXX
2019-01-31 20:51:02,917: [DEBUG] 寫入ad帳號
2019-01-31 20:51:02,928: [DEBUG] Employee：鍾XXXXX
2019-01-31 20:51:02,965: [DEBUG] Employee：鍾XXXXX
2019-01-31 20:51:02,965: [DEBUG] 寫入ad帳號
2019-01-31 20:51:02,988: [DEBUG] 寫入ad帳號
2019-01-31 20:51:02,988: [DEBUG] Employee：鍾XXXXX
2019-01-31 20:51:02,990: [DEBUG] 寫入ad帳號
2019-01-31 20:51:03,098: [DEBUG] Employee：鍾XXXXX
2019-01-31 20:51:03,099: [DEBUG] 寫入ad帳號
2019-01-31 20:51:03,103: [DEBUG] Employee：鍾XXXXX
2019-01-31 20:51:03,122: [DEBUG] Employee：鍾XXXXX
2019-01-31 20:51:03,122: [DEBUG] 寫入ad帳號
2019-01-31 20:51:03,123: [DEBUG] 寫入ad帳號
2019-01-31 20:51:03,178: [DEBUG] Employee：鍾XXXXX
2019-01-31 20:51:03,179: [DEBUG] 寫入ad帳號
2019-01-31 20:51:03,191: [DEBUG] Employee：鍾XXXXX
2019-01-31 20:51:03,191: [DEBUG] Employee：鍾XXXXX
2019-01-31 20:51:03,225: [DEBUG] 寫入ad帳號
2019-01-31 20:51:03,249: [DEBUG] 寫入ad帳號
2019-01-31 20:51:03,292: [DEBUG] Employee：鍾XXXXX
2019-01-31 20:51:03,305: [DEBUG] Employee：鍾XXXXX
2019-01-31 20:51:03,305: [DEBUG] Employee：鍾XXXXX
2019-01-31 20:51:39,761: [DEBUG] 1
2019-01-31 20:51:39,761: [DEBUG] F
2019-01-31 20:53:16,118: [DEBUG] test
2019-01-31 20:54:26,366: [DEBUG] 寫入ad帳號
2019-01-31 20:54:27,051: [DEBUG] Employee：鍾XXXXX
2019-01-31 20:54:27,526: [DEBUG] HomeController:F
2019-01-31 20:54:27,680: [DEBUG] 1
2019-01-31 20:54:27,681: [DEBUG] F
2019-01-31 20:54:28,075: [DEBUG] 寫入ad帳號
2019-01-31 20:54:28,106: [DEBUG] 寫入ad帳號
2019-01-31 20:54:28,120: [DEBUG] 寫入ad帳號
2019-01-31 20:54:28,124: [DEBUG] 寫入ad帳號
2019-01-31 20:54:28,182: [DEBUG] 寫入ad帳號
2019-01-31 20:54:28,193: [DEBUG] Employee：鍾XXXXX
2019-01-31 20:54:28,217: [DEBUG] Employee：鍾XXXXX
2019-01-31 20:54:28,218: [DEBUG] Employee：鍾XXXXX
2019-01-31 20:54:28,242: [DEBUG] Employee：鍾XXXXX
2019-01-31 20:54:28,247: [DEBUG] 寫入ad帳號
2019-01-31 20:54:28,253: [DEBUG] Employee：鍾XXXXX
2019-01-31 20:54:28,279: [DEBUG] 寫入ad帳號
2019-01-31 20:54:28,334: [DEBUG] 寫入ad帳號
2019-01-31 20:54:28,350: [DEBUG] 寫入ad帳號
2019-01-31 20:54:28,383: [DEBUG] 寫入ad帳號
2019-01-31 20:54:28,384: [DEBUG] Employee：鍾XXXXX
2019-01-31 20:54:28,404: [DEBUG] Employee：鍾XXXXX
2019-01-31 20:54:28,434: [DEBUG] 寫入ad帳號
2019-01-31 20:54:28,467: [DEBUG] Employee：鍾XXXXX
2019-01-31 20:54:28,467: [DEBUG] Employee：鍾XXXXX
2019-01-31 20:54:28,522: [DEBUG] 寫入ad帳號
2019-01-31 20:54:28,588: [DEBUG] 寫入ad帳號
2019-01-31 20:54:28,588: [DEBUG] 寫入ad帳號
2019-01-31 20:54:28,599: [DEBUG] Employee：鍾XXXXX
2019-01-31 20:54:28,600: [DEBUG] Employee：鍾XXXXX
2019-01-31 20:54:28,600: [DEBUG] 寫入ad帳號
2019-01-31 20:54:28,638: [DEBUG] 寫入ad帳號
2019-01-31 20:54:28,662: [DEBUG] Employee：鍾XXXXX
2019-01-31 20:54:28,675: [DEBUG] 寫入ad帳號
2019-01-31 20:54:28,713: [DEBUG] Employee：鍾XXXXX
2019-01-31 20:54:28,713: [DEBUG] Employee：鍾XXXXX
2019-01-31 20:54:28,723: [DEBUG] 寫入ad帳號
2019-01-31 20:54:28,733: [DEBUG] Employee：鍾XXXXX
2019-01-31 20:54:28,733: [DEBUG] Employee：鍾XXXXX
2019-01-31 20:54:28,734: [DEBUG] 寫入ad帳號
2019-01-31 20:54:28,791: [DEBUG] 寫入ad帳號
2019-01-31 20:54:28,871: [DEBUG] Employee：鍾XXXXX
2019-01-31 20:54:28,889: [DEBUG] 寫入ad帳號
2019-01-31 20:54:28,889: [DEBUG] 寫入ad帳號
2019-01-31 20:54:28,897: [DEBUG] Employee：鍾XXXXX
2019-01-31 20:54:28,916: [DEBUG] Employee：鍾XXXXX
2019-01-31 20:54:29,046: [DEBUG] 寫入ad帳號
2019-01-31 20:54:29,066: [DEBUG] Employee：鍾XXXXX
2019-01-31 20:54:29,097: [DEBUG] 寫入ad帳號
2019-01-31 20:54:29,120: [DEBUG] Employee：鍾XXXXX
2019-01-31 20:54:29,125: [DEBUG] Employee：鍾XXXXX
2019-01-31 20:54:29,139: [DEBUG] 寫入ad帳號
2019-01-31 20:54:29,150: [DEBUG] Employee：鍾XXXXX
2019-01-31 20:54:29,220: [DEBUG] 寫入ad帳號
2019-01-31 20:54:29,233: [DEBUG] Employee：鍾XXXXX
2019-01-31 20:54:29,248: [DEBUG] 寫入ad帳號
2019-01-31 20:54:29,272: [DEBUG] 寫入ad帳號
2019-01-31 20:54:29,274: [DEBUG] Employee：鍾XXXXX
2019-01-31 20:54:29,302: [DEBUG] 寫入ad帳號
2019-01-31 20:54:29,308: [DEBUG] Employee：鍾XXXXX
2019-01-31 20:54:29,341: [DEBUG] 寫入ad帳號
2019-01-31 20:54:29,391: [DEBUG] Employee：鍾XXXXX
2019-01-31 20:54:29,436: [DEBUG] Employee：鍾XXXXX
2019-01-31 20:54:29,447: [DEBUG] Employee：鍾XXXXX
2019-01-31 20:54:29,448: [DEBUG] Employee：鍾XXXXX
2019-01-31 20:54:57,838: [DEBUG] 1
2019-01-31 20:54:57,838: [DEBUG] F
2019-01-31 20:55:13,924: [DEBUG] test
2019-01-31 20:55:26,044: [DEBUG] @SDATE：20180101, @EDATE：20180331, @TYPE：1
2019-01-31 20:56:26,772: [DEBUG] @SDATE：20180101, @EDATE：20180331, @TYPE：2
2019-01-31 20:58:21,695: [DEBUG] 寫入ad帳號
2019-01-31 20:58:22,702: [DEBUG] Employee：鍾XXXXX
2019-01-31 20:58:23,340: [DEBUG] HomeController:F
2019-01-31 20:58:23,540: [DEBUG] 1
2019-01-31 20:58:23,540: [DEBUG] F
2019-01-31 20:58:23,961: [DEBUG] 寫入ad帳號
2019-01-31 20:58:23,974: [DEBUG] 寫入ad帳號
2019-01-31 20:58:23,996: [DEBUG] 寫入ad帳號
2019-01-31 20:58:24,095: [DEBUG] 寫入ad帳號
2019-01-31 20:58:24,197: [DEBUG] 寫入ad帳號
2019-01-31 20:58:24,241: [DEBUG] Employee：鍾XXXXX
2019-01-31 20:58:24,248: [DEBUG] Employee：鍾XXXXX
2019-01-31 20:58:24,311: [DEBUG] Employee：鍾XXXXX
2019-01-31 20:58:24,314: [DEBUG] 寫入ad帳號
2019-01-31 20:58:24,324: [DEBUG] Employee：鍾XXXXX
2019-01-31 20:58:24,327: [DEBUG] Employee：鍾XXXXX
2019-01-31 20:58:24,397: [DEBUG] 寫入ad帳號
2019-01-31 20:58:24,399: [DEBUG] 寫入ad帳號
2019-01-31 20:58:24,401: [DEBUG] 寫入ad帳號
2019-01-31 20:58:24,504: [DEBUG] Employee：鍾XXXXX
2019-01-31 20:58:24,504: [DEBUG] 寫入ad帳號
2019-01-31 20:58:24,515: [DEBUG] Employee：鍾XXXXX
2019-01-31 20:58:24,563: [DEBUG] Employee：鍾XXXXX
2019-01-31 20:58:24,563: [DEBUG] 寫入ad帳號
2019-01-31 20:58:24,567: [DEBUG] Employee：鍾XXXXX
2019-01-31 20:58:24,567: [DEBUG] 寫入ad帳號
2019-01-31 20:58:24,593: [DEBUG] 寫入ad帳號
2019-01-31 20:58:24,609: [DEBUG] Employee：鍾XXXXX
2019-01-31 20:58:24,633: [DEBUG] 寫入ad帳號
2019-01-31 20:58:24,697: [DEBUG] Employee：鍾XXXXX
2019-01-31 20:58:24,697: [DEBUG] Employee：鍾XXXXX
2019-01-31 20:58:24,697: [DEBUG] 寫入ad帳號
2019-01-31 20:58:24,732: [DEBUG] Employee：鍾XXXXX
2019-01-31 20:58:24,732: [DEBUG] 寫入ad帳號
2019-01-31 20:58:24,732: [DEBUG] 寫入ad帳號
2019-01-31 20:58:24,773: [DEBUG] Employee：鍾XXXXX
2019-01-31 20:58:24,788: [DEBUG] 寫入ad帳號
2019-01-31 20:58:24,833: [DEBUG] 寫入ad帳號
2019-01-31 20:58:24,847: [DEBUG] Employee：鍾XXXXX
2019-01-31 20:58:24,864: [DEBUG] Employee：鍾XXXXX
2019-01-31 20:58:24,864: [DEBUG] Employee：鍾XXXXX
2019-01-31 20:58:24,936: [DEBUG] Employee：鍾XXXXX
2019-01-31 20:58:24,936: [DEBUG] 寫入ad帳號
2019-01-31 20:58:24,936: [DEBUG] 寫入ad帳號
2019-01-31 20:58:24,937: [DEBUG] 寫入ad帳號
2019-01-31 20:58:24,952: [DEBUG] Employee：鍾XXXXX
2019-01-31 20:58:25,074: [DEBUG] 寫入ad帳號
2019-01-31 20:58:25,091: [DEBUG] Employee：鍾XXXXX
2019-01-31 20:58:25,093: [DEBUG] Employee：鍾XXXXX
2019-01-31 20:58:25,105: [DEBUG] Employee：鍾XXXXX
2019-01-31 20:58:25,105: [DEBUG] 寫入ad帳號
2019-01-31 20:58:25,119: [DEBUG] 寫入ad帳號
2019-01-31 20:58:25,218: [DEBUG] 寫入ad帳號
2019-01-31 20:58:25,281: [DEBUG] Employee：鍾XXXXX
2019-01-31 20:58:25,308: [DEBUG] 寫入ad帳號
2019-01-31 20:58:25,330: [DEBUG] Employee：鍾XXXXX
2019-01-31 20:58:25,331: [DEBUG] 寫入ad帳號
2019-01-31 20:58:25,364: [DEBUG] Employee：鍾XXXXX
2019-01-31 20:58:25,364: [DEBUG] Employee：鍾XXXXX
2019-01-31 20:58:25,365: [DEBUG] 寫入ad帳號
2019-01-31 20:58:25,390: [DEBUG] Employee：鍾XXXXX
2019-01-31 20:58:25,406: [DEBUG] 寫入ad帳號
2019-01-31 20:58:25,430: [DEBUG] Employee：鍾XXXXX
2019-01-31 20:58:25,454: [DEBUG] Employee：鍾XXXXX
2019-01-31 20:58:25,478: [DEBUG] Employee：鍾XXXXX
2019-01-31 20:58:28,515: [DEBUG] 1
2019-01-31 20:58:28,515: [DEBUG] F
2019-01-31 20:59:15,075: [DEBUG] test
2019-01-31 20:59:19,873: [DEBUG] @SDATE：20180101, @EDATE：20180331, @TYPE：1
2019-01-31 21:00:06,449: [DEBUG] @SDATE：20180101, @EDATE：20180331, @TYPE：2
2019-01-31 21:09:54,386: [DEBUG] test
2019-01-31 21:09:58,068: [DEBUG] @SDATE：20180101, @EDATE：20180228, @TYPE：1
2019-01-31 21:10:29,565: [DEBUG] @SDATE：20180101, @EDATE：20180228, @TYPE：2
2019-01-31 21:12:00,936: [DEBUG] 1
2019-01-31 21:12:00,936: [DEBUG] F
2019-01-31 21:12:07,966: [DEBUG] test
2019-01-31 21:12:08,985: [DEBUG] @SDATE：20180101, @EDATE：20180331, @TYPE：1
2019-01-31 21:12:39,866: [DEBUG] @SDATE：20180101, @EDATE：20180331, @TYPE：2
2019-01-31 21:13:32,211: [DEBUG] 1
2019-01-31 21:13:32,212: [DEBUG] F
2019-01-31 21:13:54,693: [DEBUG] 1
2019-01-31 21:13:54,693: [DEBUG] F
2019-01-31 21:14:51,584: [DEBUG] 寫入ad帳號
2019-01-31 21:14:52,216: [DEBUG] Employee：鍾XXXXX
2019-01-31 21:14:52,976: [DEBUG] HomeController:F
2019-01-31 21:14:53,240: [DEBUG] 1
2019-01-31 21:14:53,240: [DEBUG] F
2019-01-31 21:14:53,711: [DEBUG] 寫入ad帳號
2019-01-31 21:14:53,736: [DEBUG] 寫入ad帳號
2019-01-31 21:14:53,754: [DEBUG] 寫入ad帳號
2019-01-31 21:14:53,757: [DEBUG] 寫入ad帳號
2019-01-31 21:14:53,791: [DEBUG] Employee：鍾XXXXX
2019-01-31 21:14:53,810: [DEBUG] 寫入ad帳號
2019-01-31 21:14:53,972: [DEBUG] Employee：鍾XXXXX
2019-01-31 21:14:53,992: [DEBUG] Employee：鍾XXXXX
2019-01-31 21:14:54,035: [DEBUG] Employee：鍾XXXXX
2019-01-31 21:14:54,153: [DEBUG] 寫入ad帳號
2019-01-31 21:14:54,160: [DEBUG] 寫入ad帳號
2019-01-31 21:14:54,260: [DEBUG] Employee：鍾XXXXX
2019-01-31 21:14:54,260: [DEBUG] 寫入ad帳號
2019-01-31 21:14:54,281: [DEBUG] 寫入ad帳號
2019-01-31 21:14:54,285: [DEBUG] Employee：鍾XXXXX
2019-01-31 21:14:54,285: [DEBUG] 寫入ad帳號
2019-01-31 21:14:54,285: [DEBUG] Employee：鍾XXXXX
2019-01-31 21:14:54,332: [DEBUG] 寫入ad帳號
2019-01-31 21:14:54,364: [DEBUG] 寫入ad帳號
2019-01-31 21:14:54,380: [DEBUG] Employee：鍾XXXXX
2019-01-31 21:14:54,392: [DEBUG] Employee：鍾XXXXX
2019-01-31 21:14:54,422: [DEBUG] Employee：鍾XXXXX
2019-01-31 21:14:54,422: [DEBUG] 寫入ad帳號
2019-01-31 21:14:54,526: [DEBUG] Employee：鍾XXXXX
2019-01-31 21:14:54,554: [DEBUG] 寫入ad帳號
2019-01-31 21:14:54,556: [DEBUG] 寫入ad帳號
2019-01-31 21:14:54,571: [DEBUG] Employee：鍾XXXXX
2019-01-31 21:14:54,645: [DEBUG] 寫入ad帳號
2019-01-31 21:14:54,647: [DEBUG] Employee：鍾XXXXX
2019-01-31 21:14:54,647: [DEBUG] Employee：鍾XXXXX
2019-01-31 21:14:54,649: [DEBUG] 寫入ad帳號
2019-01-31 21:14:54,675: [DEBUG] Employee：鍾XXXXX
2019-01-31 21:14:54,696: [DEBUG] 寫入ad帳號
2019-01-31 21:14:54,696: [DEBUG] 寫入ad帳號
2019-01-31 21:14:54,755: [DEBUG] Employee：鍾XXXXX
2019-01-31 21:14:54,775: [DEBUG] 寫入ad帳號
2019-01-31 21:14:54,775: [DEBUG] Employee：鍾XXXXX
2019-01-31 21:14:54,776: [DEBUG] 寫入ad帳號
2019-01-31 21:14:54,856: [DEBUG] Employee：鍾XXXXX
2019-01-31 21:14:54,857: [DEBUG] 寫入ad帳號
2019-01-31 21:14:54,907: [DEBUG] Employee：鍾XXXXX
2019-01-31 21:14:54,909: [DEBUG] 寫入ad帳號
2019-01-31 21:14:54,926: [DEBUG] Employee：鍾XXXXX
2019-01-31 21:14:54,928: [DEBUG] Employee：鍾XXXXX
2019-01-31 21:14:54,928: [DEBUG] 寫入ad帳號
2019-01-31 21:14:55,134: [DEBUG] Employee：鍾XXXXX
2019-01-31 21:14:55,134: [DEBUG] 寫入ad帳號
2019-01-31 21:14:55,161: [DEBUG] 寫入ad帳號
2019-01-31 21:14:55,194: [DEBUG] Employee：鍾XXXXX
2019-01-31 21:14:55,210: [DEBUG] 寫入ad帳號
2019-01-31 21:14:55,226: [DEBUG] Employee：鍾XXXXX
2019-01-31 21:14:55,298: [DEBUG] Employee：鍾XXXXX
2019-01-31 21:14:55,301: [DEBUG] 寫入ad帳號
2019-01-31 21:14:55,360: [DEBUG] 寫入ad帳號
2019-01-31 21:14:55,385: [DEBUG] Employee：鍾XXXXX
2019-01-31 21:14:55,415: [DEBUG] 寫入ad帳號
2019-01-31 21:14:55,482: [DEBUG] Employee：鍾XXXXX
2019-01-31 21:14:55,507: [DEBUG] Employee：鍾XXXXX
2019-01-31 21:14:55,518: [DEBUG] Employee：鍾XXXXX
2019-01-31 21:14:55,518: [DEBUG] Employee：鍾XXXXX
2019-01-31 21:14:59,312: [DEBUG] 1
2019-01-31 21:14:59,312: [DEBUG] F
2019-01-31 21:15:15,541: [DEBUG] test
2019-01-31 21:15:15,814: [DEBUG] @SDATE：20180101, @EDATE：20180331, @TYPE：1
2019-01-31 21:17:23,916: [DEBUG] 寫入ad帳號
2019-01-31 21:17:24,607: [DEBUG] Employee：鍾XXXXX
2019-01-31 21:17:25,214: [DEBUG] HomeController:F
2019-01-31 21:17:25,368: [DEBUG] 1
2019-01-31 21:17:25,368: [DEBUG] F
2019-01-31 21:17:25,779: [DEBUG] 寫入ad帳號
2019-01-31 21:17:25,812: [DEBUG] 寫入ad帳號
2019-01-31 21:17:25,812: [DEBUG] 寫入ad帳號
2019-01-31 21:17:25,839: [DEBUG] 寫入ad帳號
2019-01-31 21:17:25,839: [DEBUG] 寫入ad帳號
2019-01-31 21:17:25,879: [DEBUG] Employee：鍾XXXXX
2019-01-31 21:17:25,970: [DEBUG] Employee：鍾XXXXX
2019-01-31 21:17:25,970: [DEBUG] 寫入ad帳號
2019-01-31 21:17:25,974: [DEBUG] Employee：鍾XXXXX
2019-01-31 21:17:26,031: [DEBUG] 寫入ad帳號
2019-01-31 21:17:26,034: [DEBUG] 寫入ad帳號
2019-01-31 21:17:26,046: [DEBUG] Employee：鍾XXXXX
2019-01-31 21:17:26,048: [DEBUG] Employee：鍾XXXXX
2019-01-31 21:17:26,065: [DEBUG] 寫入ad帳號
2019-01-31 21:17:26,184: [DEBUG] 寫入ad帳號
2019-01-31 21:17:26,240: [DEBUG] Employee：鍾XXXXX
2019-01-31 21:17:26,241: [DEBUG] 寫入ad帳號
2019-01-31 21:17:26,293: [DEBUG] Employee：鍾XXXXX
2019-01-31 21:17:26,313: [DEBUG] Employee：鍾XXXXX
2019-01-31 21:17:26,314: [DEBUG] Employee：鍾XXXXX
2019-01-31 21:17:26,315: [DEBUG] 寫入ad帳號
2019-01-31 21:17:26,397: [DEBUG] 寫入ad帳號
2019-01-31 21:17:26,421: [DEBUG] Employee：鍾XXXXX
2019-01-31 21:17:26,444: [DEBUG] 寫入ad帳號
2019-01-31 21:17:26,448: [DEBUG] 寫入ad帳號
2019-01-31 21:17:26,492: [DEBUG] Employee：鍾XXXXX
2019-01-31 21:17:26,492: [DEBUG] Employee：鍾XXXXX
2019-01-31 21:17:26,536: [DEBUG] Employee：鍾XXXXX
2019-01-31 21:17:26,551: [DEBUG] 寫入ad帳號
2019-01-31 21:17:26,622: [DEBUG] 寫入ad帳號
2019-01-31 21:17:26,640: [DEBUG] Employee：鍾XXXXX
2019-01-31 21:17:26,661: [DEBUG] 寫入ad帳號
2019-01-31 21:17:26,661: [DEBUG] Employee：鍾XXXXX
2019-01-31 21:17:26,691: [DEBUG] Employee：鍾XXXXX
2019-01-31 21:17:26,720: [DEBUG] 寫入ad帳號
2019-01-31 21:17:26,761: [DEBUG] 寫入ad帳號
2019-01-31 21:17:26,810: [DEBUG] Employee：鍾XXXXX
2019-01-31 21:17:26,810: [DEBUG] 寫入ad帳號
2019-01-31 21:17:26,843: [DEBUG] Employee：鍾XXXXX
2019-01-31 21:17:26,851: [DEBUG] 寫入ad帳號
2019-01-31 21:17:26,868: [DEBUG] 寫入ad帳號
2019-01-31 21:17:26,868: [DEBUG] Employee：鍾XXXXX
2019-01-31 21:17:26,894: [DEBUG] Employee：鍾XXXXX
2019-01-31 21:17:26,936: [DEBUG] 寫入ad帳號
2019-01-31 21:17:26,949: [DEBUG] Employee：鍾XXXXX
2019-01-31 21:17:26,951: [DEBUG] 寫入ad帳號
2019-01-31 21:17:27,023: [DEBUG] Employee：鍾XXXXX
2019-01-31 21:17:27,023: [DEBUG] Employee：鍾XXXXX
2019-01-31 21:17:27,023: [DEBUG] 寫入ad帳號
2019-01-31 21:17:27,039: [DEBUG] Employee：鍾XXXXX
2019-01-31 21:17:27,076: [DEBUG] 寫入ad帳號
2019-01-31 21:17:27,116: [DEBUG] 寫入ad帳號
2019-01-31 21:17:27,134: [DEBUG] Employee：鍾XXXXX
2019-01-31 21:17:27,136: [DEBUG] 寫入ad帳號
2019-01-31 21:17:27,216: [DEBUG] Employee：鍾XXXXX
2019-01-31 21:17:27,216: [DEBUG] Employee：鍾XXXXX
2019-01-31 21:17:27,230: [DEBUG] 寫入ad帳號
2019-01-31 21:17:27,252: [DEBUG] Employee：鍾XXXXX
2019-01-31 21:17:27,252: [DEBUG] Employee：鍾XXXXX
2019-01-31 21:17:27,307: [DEBUG] Employee：鍾XXXXX
2019-01-31 21:18:01,322: [DEBUG] 1
2019-01-31 21:18:01,322: [DEBUG] F
2019-01-31 21:18:17,281: [DEBUG] test
2019-01-31 21:18:18,002: [DEBUG] @SDATE：20180101, @EDATE：20180331, @TYPE：1
2019-01-31 21:18:54,506: [DEBUG] @SDATE：20180101, @EDATE：20180331, @TYPE：2
2019-01-31 21:19:17,646: [DEBUG] test
2019-01-31 21:19:18,395: [DEBUG] @SDATE：20180101, @EDATE：20180228, @TYPE：1
2019-01-31 21:19:22,947: [DEBUG] @SDATE：20180101, @EDATE：20180228, @TYPE：2
2019-01-31 21:19:38,145: [DEBUG] test
2019-01-31 21:19:38,825: [DEBUG] @SDATE：20180101, @EDATE：20180331, @TYPE：1
2019-01-31 21:19:43,243: [DEBUG] @SDATE：20180101, @EDATE：20180331, @TYPE：2
