2019-02-10 00:22:35,303: [DEBUG] 寫入ad帳號
2019-02-10 00:22:36,067: [DEBUG] Employee：鍾XXXXX
2019-02-10 00:22:36,647: [DEBUG] HomeController:F
2019-02-10 00:22:36,786: [DEBUG] 1
2019-02-10 00:22:36,786: [DEBUG] F
2019-02-10 00:22:37,350: [DEBUG] 寫入ad帳號
2019-02-10 00:22:37,353: [DEBUG] 寫入ad帳號
2019-02-10 00:22:37,385: [DEBUG] 寫入ad帳號
2019-02-10 00:22:37,385: [DEBUG] 寫入ad帳號
2019-02-10 00:22:37,385: [DEBUG] 寫入ad帳號
2019-02-10 00:22:37,511: [DEBUG] Employee：鍾XXXXX
2019-02-10 00:22:37,560: [DEBUG] 寫入ad帳號
2019-02-10 00:22:37,562: [DEBUG] Employee：鍾XXXXX
2019-02-10 00:22:37,562: [DEBUG] Employee：鍾XXXXX
2019-02-10 00:22:37,575: [DEBUG] Employee：鍾XXXXX
2019-02-10 00:22:37,625: [DEBUG] Employee：鍾XXXXX
2019-02-10 00:22:37,656: [DEBUG] 寫入ad帳號
2019-02-10 00:22:37,669: [DEBUG] Employee：鍾XXXXX
2019-02-10 00:22:37,671: [DEBUG] 寫入ad帳號
2019-02-10 00:22:37,701: [DEBUG] 寫入ad帳號
2019-02-10 00:22:37,755: [DEBUG] 寫入ad帳號
2019-02-10 00:22:37,808: [DEBUG] Employee：鍾XXXXX
2019-02-10 00:22:37,819: [DEBUG] Employee：鍾XXXXX
2019-02-10 00:22:37,821: [DEBUG] Employee：鍾XXXXX
2019-02-10 00:22:37,858: [DEBUG] 寫入ad帳號
2019-02-10 00:22:37,878: [DEBUG] Employee：鍾XXXXX
2019-02-10 00:22:37,878: [DEBUG] 寫入ad帳號
2019-02-10 00:22:37,942: [DEBUG] Employee：鍾XXXXX
2019-02-10 00:22:37,951: [DEBUG] 寫入ad帳號
2019-02-10 00:22:37,995: [DEBUG] 寫入ad帳號
2019-02-10 00:22:37,995: [DEBUG] 寫入ad帳號
2019-02-10 00:22:38,022: [DEBUG] Employee：鍾XXXXX
2019-02-10 00:22:38,042: [DEBUG] Employee：鍾XXXXX
2019-02-10 00:22:38,050: [DEBUG] 寫入ad帳號
2019-02-10 00:22:38,085: [DEBUG] Employee：鍾XXXXX
2019-02-10 00:22:38,087: [DEBUG] 寫入ad帳號
2019-02-10 00:22:38,112: [DEBUG] Employee：鍾XXXXX
2019-02-10 00:22:38,113: [DEBUG] 寫入ad帳號
2019-02-10 00:22:38,137: [DEBUG] Employee：鍾XXXXX
2019-02-10 00:22:38,139: [DEBUG] Employee：鍾XXXXX
2019-02-10 00:22:38,193: [DEBUG] 寫入ad帳號
2019-02-10 00:22:38,232: [DEBUG] Employee：鍾XXXXX
2019-02-10 00:22:38,232: [DEBUG] 寫入ad帳號
2019-02-10 00:22:38,259: [DEBUG] 寫入ad帳號
2019-02-10 00:22:38,318: [DEBUG] Employee：鍾XXXXX
2019-02-10 00:22:38,318: [DEBUG] 寫入ad帳號
2019-02-10 00:22:38,354: [DEBUG] Employee：鍾XXXXX
2019-02-10 00:22:38,391: [DEBUG] 寫入ad帳號
2019-02-10 00:22:38,405: [DEBUG] Employee：鍾XXXXX
2019-02-10 00:22:38,420: [DEBUG] Employee：鍾XXXXX
2019-02-10 00:22:38,453: [DEBUG] 寫入ad帳號
2019-02-10 00:22:38,483: [DEBUG] 寫入ad帳號
2019-02-10 00:22:38,524: [DEBUG] Employee：鍾XXXXX
2019-02-10 00:22:38,532: [DEBUG] 寫入ad帳號
2019-02-10 00:22:38,555: [DEBUG] Employee：鍾XXXXX
2019-02-10 00:22:38,610: [DEBUG] Employee：鍾XXXXX
2019-02-10 00:22:38,611: [DEBUG] 寫入ad帳號
2019-02-10 00:22:38,635: [DEBUG] Employee：鍾XXXXX
2019-02-10 00:22:38,650: [DEBUG] 寫入ad帳號
2019-02-10 00:22:38,677: [DEBUG] 寫入ad帳號
2019-02-10 00:22:38,714: [DEBUG] Employee：鍾XXXXX
2019-02-10 00:22:38,715: [DEBUG] 寫入ad帳號
2019-02-10 00:22:38,744: [DEBUG] Employee：鍾XXXXX
2019-02-10 00:22:38,770: [DEBUG] 寫入ad帳號
2019-02-10 00:22:38,795: [DEBUG] Employee：鍾XXXXX
2019-02-10 00:22:38,795: [DEBUG] Employee：鍾XXXXX
2019-02-10 00:22:38,796: [DEBUG] 寫入ad帳號
2019-02-10 00:22:38,866: [DEBUG] 寫入ad帳號
2019-02-10 00:22:38,881: [DEBUG] 寫入ad帳號
2019-02-10 00:22:38,900: [DEBUG] Employee：鍾XXXXX
2019-02-10 00:22:38,900: [DEBUG] Employee：鍾XXXXX
2019-02-10 00:22:38,932: [DEBUG] 寫入ad帳號
2019-02-10 00:22:38,961: [DEBUG] 寫入ad帳號
2019-02-10 00:22:38,974: [DEBUG] Employee：鍾XXXXX
2019-02-10 00:22:39,002: [DEBUG] Employee：鍾XXXXX
2019-02-10 00:22:39,007: [DEBUG] Employee：鍾XXXXX
2019-02-10 00:22:39,023: [DEBUG] Employee：鍾XXXXX
2019-02-10 00:22:39,028: [DEBUG] 寫入ad帳號
2019-02-10 00:22:39,047: [DEBUG] 寫入ad帳號
2019-02-10 00:22:39,075: [DEBUG] 寫入ad帳號
2019-02-10 00:22:39,075: [DEBUG] 寫入ad帳號
2019-02-10 00:22:39,145: [DEBUG] Employee：鍾XXXXX
2019-02-10 00:22:39,145: [DEBUG] Employee：鍾XXXXX
2019-02-10 00:22:39,150: [DEBUG] Employee：鍾XXXXX
2019-02-10 00:22:39,161: [DEBUG] Employee：鍾XXXXX
2019-02-10 00:22:39,167: [DEBUG] 寫入ad帳號
2019-02-10 00:22:39,189: [DEBUG] 寫入ad帳號
2019-02-10 00:22:39,299: [DEBUG] Employee：鍾XXXXX
2019-02-10 00:22:39,318: [DEBUG] Employee：鍾XXXXX
2019-02-10 00:28:14,784: [DEBUG] 寫入ad帳號
2019-02-10 00:28:14,843: [DEBUG] Employee：鍾XXXXX
2019-02-10 00:28:15,439: [DEBUG] 1
2019-02-10 00:28:15,439: [DEBUG] F
2019-02-10 00:44:35,277: [DEBUG] 1
2019-02-10 00:44:35,277: [DEBUG] F
2019-02-10 00:47:37,190: [DEBUG] 1
2019-02-10 00:47:37,190: [DEBUG] F
2019-02-10 00:49:44,747: [DEBUG] 1
2019-02-10 00:49:44,747: [DEBUG] F
2019-02-10 00:50:12,793: [DEBUG] 1
2019-02-10 00:50:12,793: [DEBUG] F
2019-02-10 00:51:37,426: [DEBUG] 1
2019-02-10 00:51:37,426: [DEBUG] F
2019-02-10 00:54:01,511: [DEBUG] 寫入ad帳號
2019-02-10 00:54:02,264: [DEBUG] Employee：鍾XXXXX
2019-02-10 00:54:02,897: [DEBUG] HomeController:F
2019-02-10 00:54:03,066: [DEBUG] 1
2019-02-10 00:54:03,066: [DEBUG] F
2019-02-10 00:54:03,681: [DEBUG] 寫入ad帳號
2019-02-10 00:54:03,798: [DEBUG] 寫入ad帳號
2019-02-10 00:54:03,799: [DEBUG] 寫入ad帳號
2019-02-10 00:54:03,799: [DEBUG] 寫入ad帳號
2019-02-10 00:54:03,799: [DEBUG] 寫入ad帳號
2019-02-10 00:54:03,839: [DEBUG] Employee：鍾XXXXX
2019-02-10 00:54:03,968: [DEBUG] Employee：鍾XXXXX
2019-02-10 00:54:03,990: [DEBUG] Employee：鍾XXXXX
2019-02-10 00:54:04,036: [DEBUG] 寫入ad帳號
2019-02-10 00:54:04,095: [DEBUG] Employee：鍾XXXXX
2019-02-10 00:54:04,097: [DEBUG] Employee：鍾XXXXX
2019-02-10 00:54:04,170: [DEBUG] 寫入ad帳號
2019-02-10 00:54:04,179: [DEBUG] 寫入ad帳號
2019-02-10 00:54:04,220: [DEBUG] 寫入ad帳號
2019-02-10 00:54:04,298: [DEBUG] Employee：鍾XXXXX
2019-02-10 00:54:04,300: [DEBUG] 寫入ad帳號
2019-02-10 00:54:04,356: [DEBUG] Employee：鍾XXXXX
2019-02-10 00:54:04,427: [DEBUG] 寫入ad帳號
2019-02-10 00:54:04,429: [DEBUG] Employee：鍾XXXXX
2019-02-10 00:54:04,430: [DEBUG] Employee：鍾XXXXX
2019-02-10 00:54:04,455: [DEBUG] Employee：鍾XXXXX
2019-02-10 00:54:04,485: [DEBUG] 寫入ad帳號
2019-02-10 00:54:04,492: [DEBUG] 寫入ad帳號
2019-02-10 00:54:04,560: [DEBUG] Employee：鍾XXXXX
2019-02-10 00:54:04,568: [DEBUG] 寫入ad帳號
2019-02-10 00:54:04,618: [DEBUG] 寫入ad帳號
2019-02-10 00:54:04,644: [DEBUG] Employee：鍾XXXXX
2019-02-10 00:54:04,644: [DEBUG] Employee：鍾XXXXX
2019-02-10 00:54:04,677: [DEBUG] 寫入ad帳號
2019-02-10 00:54:04,698: [DEBUG] Employee：鍾XXXXX
2019-02-10 00:54:04,702: [DEBUG] Employee：鍾XXXXX
2019-02-10 00:54:04,710: [DEBUG] 寫入ad帳號
2019-02-10 00:54:04,751: [DEBUG] 寫入ad帳號
2019-02-10 00:54:04,773: [DEBUG] Employee：鍾XXXXX
2019-02-10 00:54:04,809: [DEBUG] 寫入ad帳號
2019-02-10 00:54:04,810: [DEBUG] 寫入ad帳號
2019-02-10 00:54:04,847: [DEBUG] Employee：鍾XXXXX
2019-02-10 00:54:04,880: [DEBUG] Employee：鍾XXXXX
2019-02-10 00:54:04,923: [DEBUG] Employee：鍾XXXXX
2019-02-10 00:54:04,935: [DEBUG] Employee：鍾XXXXX
2019-02-10 00:54:04,960: [DEBUG] 寫入ad帳號
2019-02-10 00:54:05,002: [DEBUG] 寫入ad帳號
2019-02-10 00:54:05,119: [DEBUG] 寫入ad帳號
2019-02-10 00:54:05,119: [DEBUG] 寫入ad帳號
2019-02-10 00:54:05,160: [DEBUG] Employee：鍾XXXXX
2019-02-10 00:54:05,197: [DEBUG] Employee：鍾XXXXX
2019-02-10 00:54:05,218: [DEBUG] Employee：鍾XXXXX
2019-02-10 00:54:05,218: [DEBUG] Employee：鍾XXXXX
2019-02-10 00:54:05,238: [DEBUG] 寫入ad帳號
2019-02-10 00:54:05,297: [DEBUG] 寫入ad帳號
2019-02-10 00:54:05,318: [DEBUG] 寫入ad帳號
2019-02-10 00:54:05,396: [DEBUG] 寫入ad帳號
2019-02-10 00:54:05,415: [DEBUG] Employee：鍾XXXXX
2019-02-10 00:54:05,460: [DEBUG] Employee：鍾XXXXX
2019-02-10 00:54:05,460: [DEBUG] 寫入ad帳號
2019-02-10 00:54:05,478: [DEBUG] Employee：鍾XXXXX
2019-02-10 00:54:05,515: [DEBUG] 寫入ad帳號
2019-02-10 00:54:05,543: [DEBUG] 寫入ad帳號
2019-02-10 00:54:05,650: [DEBUG] Employee：鍾XXXXX
2019-02-10 00:54:05,656: [DEBUG] Employee：鍾XXXXX
2019-02-10 00:54:05,662: [DEBUG] Employee：鍾XXXXX
2019-02-10 00:54:05,662: [DEBUG] Employee：鍾XXXXX
2019-02-10 00:54:05,676: [DEBUG] 寫入ad帳號
2019-02-10 00:54:05,785: [DEBUG] 寫入ad帳號
2019-02-10 00:54:05,794: [DEBUG] Employee：鍾XXXXX
2019-02-10 00:54:05,878: [DEBUG] 寫入ad帳號
2019-02-10 00:54:05,890: [DEBUG] 寫入ad帳號
2019-02-10 00:54:05,980: [DEBUG] 寫入ad帳號
2019-02-10 00:54:05,980: [DEBUG] Employee：鍾XXXXX
2019-02-10 00:54:06,004: [DEBUG] Employee：鍾XXXXX
2019-02-10 00:54:06,004: [DEBUG] Employee：鍾XXXXX
2019-02-10 00:54:06,060: [DEBUG] 寫入ad帳號
2019-02-10 00:54:06,064: [DEBUG] 寫入ad帳號
2019-02-10 00:54:06,089: [DEBUG] Employee：鍾XXXXX
2019-02-10 00:54:06,090: [DEBUG] 寫入ad帳號
2019-02-10 00:54:06,151: [DEBUG] 寫入ad帳號
2019-02-10 00:54:06,220: [DEBUG] Employee：鍾XXXXX
2019-02-10 00:54:06,222: [DEBUG] 寫入ad帳號
2019-02-10 00:54:06,225: [DEBUG] Employee：鍾XXXXX
2019-02-10 00:54:06,247: [DEBUG] Employee：鍾XXXXX
2019-02-10 00:54:06,288: [DEBUG] 寫入ad帳號
2019-02-10 00:54:06,318: [DEBUG] Employee：鍾XXXXX
2019-02-10 00:54:06,366: [DEBUG] Employee：鍾XXXXX
2019-02-10 00:54:06,375: [DEBUG] 寫入ad帳號
2019-02-10 00:54:06,402: [DEBUG] Employee：鍾XXXXX
2019-02-10 00:54:06,492: [DEBUG] Employee：鍾XXXXX
2019-02-10 00:54:06,870: [DEBUG] 1
2019-02-10 00:54:06,870: [DEBUG] F
2019-02-10 00:54:24,982: [DEBUG] 1
2019-02-10 00:54:24,982: [DEBUG] F
2019-02-10 16:24:49,124: [DEBUG] 寫入ad帳號
2019-02-10 16:24:49,124: [DEBUG] 寫入ad帳號
2019-02-10 16:24:49,124: [DEBUG] 寫入ad帳號
2019-02-10 16:24:51,372: [DEBUG] 寫入ad帳號
2019-02-10 16:24:51,602: [DEBUG] Employee：鍾XXXXX
2019-02-10 16:24:51,602: [DEBUG] Employee：鍾XXXXX
2019-02-10 16:24:51,602: [DEBUG] Employee：鍾XXXXX
2019-02-10 16:24:51,602: [DEBUG] Employee：鍾XXXXX
2019-02-10 16:24:52,350: [DEBUG] HomeController:F
2019-02-10 16:24:52,350: [DEBUG] HomeController:F
2019-02-10 16:24:52,512: [DEBUG] 1
2019-02-10 16:24:52,512: [DEBUG] F
2019-02-10 16:24:53,152: [DEBUG] HomeController:F
2019-02-10 16:24:53,153: [DEBUG] 1
2019-02-10 16:24:53,153: [DEBUG] F
2019-02-10 16:24:53,178: [DEBUG] HomeController:F
2019-02-10 16:24:53,178: [DEBUG] 1
2019-02-10 16:24:53,178: [DEBUG] F
2019-02-10 16:24:53,453: [DEBUG] 1
2019-02-10 16:24:53,453: [DEBUG] F
2019-02-10 16:24:54,307: [DEBUG] 寫入ad帳號
2019-02-10 16:24:54,397: [DEBUG] 寫入ad帳號
2019-02-10 16:24:54,407: [DEBUG] 寫入ad帳號
2019-02-10 16:24:54,415: [DEBUG] 寫入ad帳號
2019-02-10 16:24:54,551: [DEBUG] 寫入ad帳號
2019-02-10 16:24:54,551: [DEBUG] 寫入ad帳號
2019-02-10 16:24:54,678: [DEBUG] Employee：鍾XXXXX
2019-02-10 16:24:54,713: [DEBUG] Employee：鍾XXXXX
2019-02-10 16:24:54,714: [DEBUG] Employee：鍾XXXXX
2019-02-10 16:24:54,736: [DEBUG] Employee：鍾XXXXX
2019-02-10 16:24:54,790: [DEBUG] Employee：鍾XXXXX
2019-02-10 16:24:54,802: [DEBUG] Employee：鍾XXXXX
2019-02-10 16:24:54,865: [DEBUG] 寫入ad帳號
2019-02-10 16:24:54,865: [DEBUG] 寫入ad帳號
2019-02-10 16:24:54,960: [DEBUG] 寫入ad帳號
2019-02-10 16:24:55,039: [DEBUG] 寫入ad帳號
2019-02-10 16:24:55,074: [DEBUG] Employee：鍾XXXXX
2019-02-10 16:24:55,109: [DEBUG] 寫入ad帳號
2019-02-10 16:24:55,222: [DEBUG] Employee：鍾XXXXX
2019-02-10 16:24:55,445: [DEBUG] Employee：鍾XXXXX
2019-02-10 16:24:55,525: [DEBUG] 寫入ad帳號
2019-02-10 16:24:55,525: [DEBUG] Employee：鍾XXXXX
2019-02-10 16:24:55,665: [DEBUG] 寫入ad帳號
2019-02-10 16:24:55,670: [DEBUG] Employee：鍾XXXXX
2019-02-10 16:24:55,867: [DEBUG] 寫入ad帳號
2019-02-10 16:24:55,982: [DEBUG] 寫入ad帳號
2019-02-10 16:24:55,992: [DEBUG] Employee：鍾XXXXX
2019-02-10 16:24:56,111: [DEBUG] Employee：鍾XXXXX
2019-02-10 16:24:56,195: [DEBUG] HomeController:F
2019-02-10 16:24:56,195: [DEBUG] 1
2019-02-10 16:24:56,195: [DEBUG] F
2019-02-10 16:24:56,195: [DEBUG] 寫入ad帳號
2019-02-10 16:24:56,200: [DEBUG] 寫入ad帳號
2019-02-10 16:24:56,309: [DEBUG] Employee：鍾XXXXX
2019-02-10 16:24:56,381: [DEBUG] Employee：鍾XXXXX
2019-02-10 16:24:56,458: [DEBUG] 寫入ad帳號
2019-02-10 16:24:56,480: [DEBUG] Employee：鍾XXXXX
2019-02-10 16:24:56,495: [DEBUG] Employee：鍾XXXXX
2019-02-10 16:24:56,570: [DEBUG] 寫入ad帳號
2019-02-10 16:24:56,570: [DEBUG] 寫入ad帳號
2019-02-10 16:24:56,682: [DEBUG] 寫入ad帳號
2019-02-10 16:24:56,712: [DEBUG] Employee：鍾XXXXX
2019-02-10 16:24:56,712: [DEBUG] 寫入ad帳號
2019-02-10 16:24:56,964: [DEBUG] 寫入ad帳號
2019-02-10 16:24:57,014: [DEBUG] 寫入ad帳號
2019-02-10 16:24:57,060: [DEBUG] Employee：鍾XXXXX
2019-02-10 16:24:57,075: [DEBUG] Employee：鍾XXXXX
2019-02-10 16:24:57,075: [DEBUG] Employee：鍾XXXXX
2019-02-10 16:24:57,087: [DEBUG] Employee：鍾XXXXX
2019-02-10 16:24:57,118: [DEBUG] Employee：鍾XXXXX
2019-02-10 16:24:57,118: [DEBUG] 寫入ad帳號
2019-02-10 16:24:57,118: [DEBUG] 寫入ad帳號
2019-02-10 16:24:57,136: [DEBUG] Employee：鍾XXXXX
2019-02-10 16:24:57,180: [DEBUG] Employee：鍾XXXXX
2019-02-10 16:24:57,180: [DEBUG] 寫入ad帳號
2019-02-10 16:24:57,180: [DEBUG] 寫入ad帳號
2019-02-10 16:24:57,180: [DEBUG] 寫入ad帳號
2019-02-10 16:24:57,218: [DEBUG] Employee：鍾XXXXX
2019-02-10 16:24:57,297: [DEBUG] Employee：鍾XXXXX
2019-02-10 16:24:57,298: [DEBUG] 寫入ad帳號
2019-02-10 16:24:57,298: [DEBUG] 寫入ad帳號
2019-02-10 16:24:57,300: [DEBUG] Employee：鍾XXXXX
2019-02-10 16:24:57,325: [DEBUG] 寫入ad帳號
2019-02-10 16:24:57,325: [DEBUG] 寫入ad帳號
2019-02-10 16:24:57,389: [DEBUG] Employee：鍾XXXXX
2019-02-10 16:24:57,391: [DEBUG] 寫入ad帳號
2019-02-10 16:24:57,391: [DEBUG] 寫入ad帳號
2019-02-10 16:24:57,435: [DEBUG] Employee：鍾XXXXX
2019-02-10 16:24:57,452: [DEBUG] Employee：鍾XXXXX
2019-02-10 16:24:57,452: [DEBUG] Employee：鍾XXXXX
2019-02-10 16:24:57,454: [DEBUG] 寫入ad帳號
2019-02-10 16:24:57,454: [DEBUG] 寫入ad帳號
2019-02-10 16:24:57,492: [DEBUG] Employee：鍾XXXXX
2019-02-10 16:24:57,582: [DEBUG] Employee：鍾XXXXX
2019-02-10 16:24:57,583: [DEBUG] 寫入ad帳號
2019-02-10 16:24:57,585: [DEBUG] 寫入ad帳號
2019-02-10 16:24:57,604: [DEBUG] Employee：鍾XXXXX
2019-02-10 16:24:57,604: [DEBUG] Employee：鍾XXXXX
2019-02-10 16:24:57,604: [DEBUG] Employee：鍾XXXXX
2019-02-10 16:24:57,636: [DEBUG] 寫入ad帳號
2019-02-10 16:24:57,681: [DEBUG] 寫入ad帳號
2019-02-10 16:24:57,709: [DEBUG] Employee：鍾XXXXX
2019-02-10 16:24:57,709: [DEBUG] Employee：鍾XXXXX
2019-02-10 16:24:57,861: [DEBUG] 寫入ad帳號
2019-02-10 16:24:57,866: [DEBUG] Employee：鍾XXXXX
2019-02-10 16:24:57,866: [DEBUG] 寫入ad帳號
2019-02-10 16:24:57,867: [DEBUG] 寫入ad帳號
2019-02-10 16:24:57,964: [DEBUG] Employee：鍾XXXXX
2019-02-10 16:24:57,975: [DEBUG] 寫入ad帳號
2019-02-10 16:24:57,988: [DEBUG] Employee：鍾XXXXX
2019-02-10 16:24:57,988: [DEBUG] Employee：鍾XXXXX
2019-02-10 16:24:57,988: [DEBUG] Employee：鍾XXXXX
2019-02-10 16:24:57,989: [DEBUG] 寫入ad帳號
2019-02-10 16:24:58,020: [DEBUG] 寫入ad帳號
2019-02-10 16:24:58,066: [DEBUG] 寫入ad帳號
2019-02-10 16:24:58,083: [DEBUG] Employee：鍾XXXXX
2019-02-10 16:24:58,106: [DEBUG] 寫入ad帳號
2019-02-10 16:24:58,186: [DEBUG] Employee：鍾XXXXX
2019-02-10 16:24:58,187: [DEBUG] Employee：鍾XXXXX
2019-02-10 16:24:58,187: [DEBUG] Employee：鍾XXXXX
2019-02-10 16:24:58,187: [DEBUG] 寫入ad帳號
2019-02-10 16:24:58,204: [DEBUG] Employee：鍾XXXXX
2019-02-10 16:24:58,206: [DEBUG] 寫入ad帳號
2019-02-10 16:24:58,206: [DEBUG] 寫入ad帳號
2019-02-10 16:24:58,284: [DEBUG] 寫入ad帳號
2019-02-10 16:24:58,334: [DEBUG] Employee：鍾XXXXX
2019-02-10 16:24:58,336: [DEBUG] 寫入ad帳號
2019-02-10 16:24:58,367: [DEBUG] Employee：鍾XXXXX
2019-02-10 16:24:58,367: [DEBUG] Employee：鍾XXXXX
2019-02-10 16:24:58,372: [DEBUG] 寫入ad帳號
2019-02-10 16:24:58,372: [DEBUG] 寫入ad帳號
2019-02-10 16:24:58,476: [DEBUG] Employee：鍾XXXXX
2019-02-10 16:24:58,484: [DEBUG] 寫入ad帳號
2019-02-10 16:24:58,499: [DEBUG] Employee：鍾XXXXX
2019-02-10 16:24:58,499: [DEBUG] Employee：鍾XXXXX
2019-02-10 16:24:58,499: [DEBUG] Employee：鍾XXXXX
2019-02-10 16:24:58,499: [DEBUG] 寫入ad帳號
2019-02-10 16:24:58,500: [DEBUG] 寫入ad帳號
2019-02-10 16:24:58,567: [DEBUG] 寫入ad帳號
2019-02-10 16:24:58,646: [DEBUG] Employee：鍾XXXXX
2019-02-10 16:24:58,712: [DEBUG] 寫入ad帳號
2019-02-10 16:24:58,715: [DEBUG] 寫入ad帳號
2019-02-10 16:24:58,809: [DEBUG] 寫入ad帳號
2019-02-10 16:24:58,824: [DEBUG] Employee：鍾XXXXX
2019-02-10 16:24:58,825: [DEBUG] 寫入ad帳號
2019-02-10 16:24:58,826: [DEBUG] Employee：鍾XXXXX
2019-02-10 16:24:58,856: [DEBUG] 寫入ad帳號
2019-02-10 16:24:58,915: [DEBUG] 寫入ad帳號
2019-02-10 16:24:58,951: [DEBUG] Employee：鍾XXXXX
2019-02-10 16:24:58,962: [DEBUG] Employee：鍾XXXXX
2019-02-10 16:24:58,962: [DEBUG] 寫入ad帳號
2019-02-10 16:24:58,971: [DEBUG] 寫入ad帳號
2019-02-10 16:24:59,012: [DEBUG] 寫入ad帳號
2019-02-10 16:24:59,048: [DEBUG] Employee：鍾XXXXX
2019-02-10 16:24:59,060: [DEBUG] 寫入ad帳號
2019-02-10 16:24:59,154: [DEBUG] 寫入ad帳號
2019-02-10 16:24:59,252: [DEBUG] Employee：鍾XXXXX
2019-02-10 16:24:59,254: [DEBUG] Employee：鍾XXXXX
2019-02-10 16:24:59,255: [DEBUG] Employee：鍾XXXXX
2019-02-10 16:24:59,265: [DEBUG] Employee：鍾XXXXX
2019-02-10 16:24:59,269: [DEBUG] Employee：鍾XXXXX
2019-02-10 16:24:59,270: [DEBUG] Employee：鍾XXXXX
2019-02-10 16:24:59,306: [DEBUG] 寫入ad帳號
2019-02-10 16:24:59,306: [DEBUG] 寫入ad帳號
2019-02-10 16:24:59,307: [DEBUG] 寫入ad帳號
2019-02-10 16:24:59,323: [DEBUG] Employee：鍾XXXXX
2019-02-10 16:24:59,375: [DEBUG] 寫入ad帳號
2019-02-10 16:24:59,387: [DEBUG] 寫入ad帳號
2019-02-10 16:24:59,416: [DEBUG] Employee：鍾XXXXX
2019-02-10 16:24:59,425: [DEBUG] Employee：鍾XXXXX
2019-02-10 16:24:59,427: [DEBUG] 寫入ad帳號
2019-02-10 16:24:59,499: [DEBUG] Employee：鍾XXXXX
2019-02-10 16:24:59,512: [DEBUG] 寫入ad帳號
2019-02-10 16:24:59,519: [DEBUG] Employee：鍾XXXXX
2019-02-10 16:24:59,582: [DEBUG] 寫入ad帳號
2019-02-10 16:24:59,595: [DEBUG] Employee：鍾XXXXX
2019-02-10 16:24:59,595: [DEBUG] Employee：鍾XXXXX
2019-02-10 16:24:59,601: [DEBUG] Employee：鍾XXXXX
2019-02-10 16:24:59,616: [DEBUG] Employee：鍾XXXXX
2019-02-10 16:24:59,637: [DEBUG] 寫入ad帳號
2019-02-10 16:24:59,644: [DEBUG] 寫入ad帳號
2019-02-10 16:24:59,644: [DEBUG] 寫入ad帳號
2019-02-10 16:24:59,700: [DEBUG] 寫入ad帳號
2019-02-10 16:24:59,733: [DEBUG] Employee：鍾XXXXX
2019-02-10 16:24:59,782: [DEBUG] Employee：鍾XXXXX
2019-02-10 16:24:59,783: [DEBUG] 寫入ad帳號
2019-02-10 16:24:59,807: [DEBUG] Employee：鍾XXXXX
2019-02-10 16:24:59,819: [DEBUG] Employee：鍾XXXXX
2019-02-10 16:24:59,884: [DEBUG] Employee：鍾XXXXX
2019-02-10 16:24:59,903: [DEBUG] Employee：鍾XXXXX
2019-02-10 16:24:59,914: [DEBUG] Employee：鍾XXXXX
2019-02-10 16:25:05,160: [DEBUG] 1
2019-02-10 16:25:05,160: [DEBUG] F
2019-02-10 16:28:13,587: [DEBUG] 1
2019-02-10 16:28:13,587: [DEBUG] F
2019-02-10 16:28:58,841: [DEBUG] 寫入ad帳號
2019-02-10 16:28:59,468: [DEBUG] Employee：鍾XXXXX
2019-02-10 16:29:00,004: [DEBUG] HomeController:F
2019-02-10 16:29:00,149: [DEBUG] 1
2019-02-10 16:29:00,149: [DEBUG] F
2019-02-10 16:29:00,655: [DEBUG] 寫入ad帳號
2019-02-10 16:29:00,679: [DEBUG] 寫入ad帳號
2019-02-10 16:29:00,679: [DEBUG] 寫入ad帳號
2019-02-10 16:29:00,682: [DEBUG] 寫入ad帳號
2019-02-10 16:29:00,683: [DEBUG] 寫入ad帳號
2019-02-10 16:29:00,791: [DEBUG] Employee：鍾XXXXX
2019-02-10 16:29:00,805: [DEBUG] Employee：鍾XXXXX
2019-02-10 16:29:00,824: [DEBUG] Employee：鍾XXXXX
2019-02-10 16:29:00,843: [DEBUG] Employee：鍾XXXXX
2019-02-10 16:29:00,850: [DEBUG] 寫入ad帳號
2019-02-10 16:29:00,865: [DEBUG] Employee：鍾XXXXX
2019-02-10 16:29:01,005: [DEBUG] 寫入ad帳號
2019-02-10 16:29:01,023: [DEBUG] 寫入ad帳號
2019-02-10 16:29:01,042: [DEBUG] Employee：鍾XXXXX
2019-02-10 16:29:01,052: [DEBUG] 寫入ad帳號
2019-02-10 16:29:01,076: [DEBUG] 寫入ad帳號
2019-02-10 16:29:01,105: [DEBUG] Employee：鍾XXXXX
2019-02-10 16:29:01,105: [DEBUG] Employee：鍾XXXXX
2019-02-10 16:29:01,116: [DEBUG] 寫入ad帳號
2019-02-10 16:29:01,129: [DEBUG] Employee：鍾XXXXX
2019-02-10 16:29:01,143: [DEBUG] Employee：鍾XXXXX
2019-02-10 16:29:01,146: [DEBUG] 寫入ad帳號
2019-02-10 16:29:01,240: [DEBUG] Employee：鍾XXXXX
2019-02-10 16:29:01,242: [DEBUG] 寫入ad帳號
2019-02-10 16:29:01,257: [DEBUG] Employee：鍾XXXXX
2019-02-10 16:29:01,276: [DEBUG] 寫入ad帳號
2019-02-10 16:29:01,314: [DEBUG] 寫入ad帳號
2019-02-10 16:29:01,351: [DEBUG] Employee：鍾XXXXX
2019-02-10 16:29:01,368: [DEBUG] 寫入ad帳號
2019-02-10 16:29:01,368: [DEBUG] Employee：鍾XXXXX
2019-02-10 16:29:01,388: [DEBUG] 寫入ad帳號
2019-02-10 16:29:01,403: [DEBUG] Employee：鍾XXXXX
2019-02-10 16:29:01,431: [DEBUG] Employee：鍾XXXXX
2019-02-10 16:29:01,432: [DEBUG] 寫入ad帳號
2019-02-10 16:29:01,449: [DEBUG] Employee：鍾XXXXX
2019-02-10 16:29:01,479: [DEBUG] 寫入ad帳號
2019-02-10 16:29:01,496: [DEBUG] Employee：鍾XXXXX
2019-02-10 16:29:01,562: [DEBUG] Employee：鍾XXXXX
2019-02-10 16:29:01,582: [DEBUG] 寫入ad帳號
2019-02-10 16:29:01,602: [DEBUG] 寫入ad帳號
2019-02-10 16:29:01,634: [DEBUG] 寫入ad帳號
2019-02-10 16:29:01,727: [DEBUG] Employee：鍾XXXXX
2019-02-10 16:29:01,727: [DEBUG] Employee：鍾XXXXX
2019-02-10 16:29:01,748: [DEBUG] Employee：鍾XXXXX
2019-02-10 16:29:01,751: [DEBUG] 寫入ad帳號
2019-02-10 16:29:01,822: [DEBUG] 寫入ad帳號
2019-02-10 16:29:01,822: [DEBUG] 寫入ad帳號
2019-02-10 16:29:01,845: [DEBUG] Employee：鍾XXXXX
2019-02-10 16:29:01,873: [DEBUG] Employee：鍾XXXXX
2019-02-10 16:29:01,884: [DEBUG] Employee：鍾XXXXX
2019-02-10 16:29:01,895: [DEBUG] 寫入ad帳號
2019-02-10 16:29:01,912: [DEBUG] 寫入ad帳號
2019-02-10 16:29:01,948: [DEBUG] 寫入ad帳號
2019-02-10 16:29:01,963: [DEBUG] Employee：鍾XXXXX
2019-02-10 16:29:01,991: [DEBUG] Employee：鍾XXXXX
2019-02-10 16:29:02,007: [DEBUG] Employee：鍾XXXXX
2019-02-10 16:29:02,008: [DEBUG] 寫入ad帳號
2019-02-10 16:29:02,026: [DEBUG] 寫入ad帳號
2019-02-10 16:29:02,042: [DEBUG] 寫入ad帳號
2019-02-10 16:29:02,120: [DEBUG] Employee：鍾XXXXX
2019-02-10 16:29:02,166: [DEBUG] Employee：鍾XXXXX
2019-02-10 16:29:02,166: [DEBUG] Employee：鍾XXXXX
2019-02-10 16:29:02,199: [DEBUG] 寫入ad帳號
2019-02-10 16:29:02,223: [DEBUG] 寫入ad帳號
2019-02-10 16:29:02,248: [DEBUG] 寫入ad帳號
2019-02-10 16:29:02,248: [DEBUG] 寫入ad帳號
2019-02-10 16:29:02,310: [DEBUG] Employee：鍾XXXXX
2019-02-10 16:29:02,310: [DEBUG] Employee：鍾XXXXX
2019-02-10 16:29:02,323: [DEBUG] Employee：鍾XXXXX
2019-02-10 16:29:02,347: [DEBUG] Employee：鍾XXXXX
2019-02-10 16:29:02,371: [DEBUG] 寫入ad帳號
2019-02-10 16:29:02,384: [DEBUG] 寫入ad帳號
2019-02-10 16:29:02,384: [DEBUG] 寫入ad帳號
2019-02-10 16:29:02,432: [DEBUG] 寫入ad帳號
2019-02-10 16:29:02,501: [DEBUG] Employee：鍾XXXXX
2019-02-10 16:29:02,515: [DEBUG] Employee：鍾XXXXX
2019-02-10 16:29:02,544: [DEBUG] Employee：鍾XXXXX
2019-02-10 16:29:02,553: [DEBUG] Employee：鍾XXXXX
2019-02-10 16:29:02,580: [DEBUG] 寫入ad帳號
2019-02-10 16:29:02,580: [DEBUG] 寫入ad帳號
2019-02-10 16:29:02,630: [DEBUG] 寫入ad帳號
2019-02-10 16:29:02,686: [DEBUG] Employee：鍾XXXXX
2019-02-10 16:29:02,686: [DEBUG] Employee：鍾XXXXX
2019-02-10 16:29:02,697: [DEBUG] Employee：鍾XXXXX
2019-02-10 16:29:52,918: [DEBUG] 寫入ad帳號
2019-02-10 16:29:52,970: [DEBUG] Employee：鍾XXXXX
2019-02-10 16:29:53,614: [DEBUG] 1
2019-02-10 16:29:53,614: [DEBUG] F
2019-02-10 16:31:49,816: [DEBUG] 1
2019-02-10 16:31:49,816: [DEBUG] F
2019-02-10 16:32:24,579: [DEBUG] 寫入ad帳號
2019-02-10 16:32:24,592: [DEBUG] 寫入ad帳號
2019-02-10 16:32:24,619: [DEBUG] 寫入ad帳號
2019-02-10 16:32:24,735: [DEBUG] Employee：鍾XXXXX
2019-02-10 16:32:24,735: [DEBUG] Employee：鍾XXXXX
2019-02-10 16:32:24,747: [DEBUG] Employee：鍾XXXXX
2019-02-10 16:32:25,041: [DEBUG] 寫入ad帳號
2019-02-10 16:32:25,041: [DEBUG] 寫入ad帳號
2019-02-10 16:32:25,091: [DEBUG] 寫入ad帳號
2019-02-10 16:32:25,188: [DEBUG] 寫入ad帳號
2019-02-10 16:32:25,234: [DEBUG] Employee：鍾XXXXX
2019-02-10 16:32:25,255: [DEBUG] Employee：鍾XXXXX
2019-02-10 16:32:25,255: [DEBUG] Employee：鍾XXXXX
2019-02-10 16:32:25,273: [DEBUG] Employee：鍾XXXXX
2019-02-10 16:32:34,230: [DEBUG] 1
2019-02-10 16:32:34,230: [DEBUG] F
2019-02-10 16:32:35,849: [DEBUG] 寫入ad帳號
2019-02-10 16:32:35,896: [DEBUG] Employee：鍾XXXXX
2019-02-10 16:32:36,235: [DEBUG] 寫入ad帳號
2019-02-10 16:32:36,235: [DEBUG] 寫入ad帳號
2019-02-10 16:32:36,293: [DEBUG] Employee：鍾XXXXX
2019-02-10 16:32:36,293: [DEBUG] Employee：鍾XXXXX
2019-02-10 16:32:36,387: [DEBUG] 寫入ad帳號
2019-02-10 16:32:36,387: [DEBUG] 寫入ad帳號
2019-02-10 16:32:36,387: [DEBUG] 寫入ad帳號
2019-02-10 16:32:36,421: [DEBUG] 寫入ad帳號
2019-02-10 16:32:36,505: [DEBUG] Employee：鍾XXXXX
2019-02-10 16:32:36,505: [DEBUG] Employee：鍾XXXXX
2019-02-10 16:32:36,505: [DEBUG] Employee：鍾XXXXX
2019-02-10 16:32:36,518: [DEBUG] Employee：鍾XXXXX
2019-02-10 16:32:36,662: [DEBUG] 寫入ad帳號
2019-02-10 16:32:36,677: [DEBUG] 寫入ad帳號
2019-02-10 16:32:36,677: [DEBUG] 寫入ad帳號
2019-02-10 16:32:36,742: [DEBUG] Employee：鍾XXXXX
2019-02-10 16:32:36,742: [DEBUG] Employee：鍾XXXXX
2019-02-10 16:32:36,752: [DEBUG] Employee：鍾XXXXX
2019-02-10 16:35:04,952: [DEBUG] 1
2019-02-10 16:35:04,952: [DEBUG] F
2019-02-10 16:35:07,272: [DEBUG] 寫入ad帳號
2019-02-10 16:35:07,347: [DEBUG] Employee：鍾XXXXX
2019-02-10 16:35:07,623: [DEBUG] 寫入ad帳號
2019-02-10 16:35:07,650: [DEBUG] 寫入ad帳號
2019-02-10 16:35:07,651: [DEBUG] 寫入ad帳號
2019-02-10 16:35:07,720: [DEBUG] 寫入ad帳號
2019-02-10 16:35:07,747: [DEBUG] Employee：鍾XXXXX
2019-02-10 16:35:07,762: [DEBUG] Employee：鍾XXXXX
2019-02-10 16:35:07,763: [DEBUG] 寫入ad帳號
2019-02-10 16:35:07,776: [DEBUG] 寫入ad帳號
2019-02-10 16:35:07,776: [DEBUG] Employee：鍾XXXXX
2019-02-10 16:35:07,829: [DEBUG] Employee：鍾XXXXX
2019-02-10 16:35:07,848: [DEBUG] 寫入ad帳號
2019-02-10 16:35:07,859: [DEBUG] 寫入ad帳號
2019-02-10 16:35:08,009: [DEBUG] Employee：鍾XXXXX
2019-02-10 16:35:08,102: [DEBUG] 寫入ad帳號
2019-02-10 16:35:08,142: [DEBUG] Employee：鍾XXXXX
2019-02-10 16:35:08,172: [DEBUG] Employee：鍾XXXXX
2019-02-10 16:35:08,192: [DEBUG] Employee：鍾XXXXX
2019-02-10 16:35:08,288: [DEBUG] Employee：鍾XXXXX
2019-02-10 16:37:16,716: [DEBUG] 寫入ad帳號
2019-02-10 16:37:17,599: [DEBUG] Employee：鍾XXXXX
2019-02-10 16:37:18,248: [DEBUG] HomeController:F
2019-02-10 16:37:18,417: [DEBUG] 1
2019-02-10 16:37:18,417: [DEBUG] F
2019-02-10 16:37:18,997: [DEBUG] 寫入ad帳號
2019-02-10 16:37:18,999: [DEBUG] 寫入ad帳號
2019-02-10 16:37:18,999: [DEBUG] 寫入ad帳號
2019-02-10 16:37:19,037: [DEBUG] 寫入ad帳號
2019-02-10 16:37:19,054: [DEBUG] 寫入ad帳號
2019-02-10 16:37:19,185: [DEBUG] Employee：鍾XXXXX
2019-02-10 16:37:19,259: [DEBUG] Employee：鍾XXXXX
2019-02-10 16:37:19,259: [DEBUG] Employee：鍾XXXXX
2019-02-10 16:37:19,300: [DEBUG] 寫入ad帳號
2019-02-10 16:37:19,321: [DEBUG] Employee：鍾XXXXX
2019-02-10 16:37:19,321: [DEBUG] Employee：鍾XXXXX
2019-02-10 16:37:19,363: [DEBUG] 寫入ad帳號
2019-02-10 16:37:19,372: [DEBUG] 寫入ad帳號
2019-02-10 16:37:19,389: [DEBUG] Employee：鍾XXXXX
2019-02-10 16:37:19,413: [DEBUG] 寫入ad帳號
2019-02-10 16:37:19,514: [DEBUG] Employee：鍾XXXXX
2019-02-10 16:37:19,514: [DEBUG] Employee：鍾XXXXX
2019-02-10 16:37:19,514: [DEBUG] 寫入ad帳號
2019-02-10 16:37:19,539: [DEBUG] Employee：鍾XXXXX
2019-02-10 16:37:19,539: [DEBUG] 寫入ad帳號
2019-02-10 16:37:19,558: [DEBUG] 寫入ad帳號
2019-02-10 16:37:19,600: [DEBUG] Employee：鍾XXXXX
2019-02-10 16:37:19,600: [DEBUG] 寫入ad帳號
2019-02-10 16:37:19,661: [DEBUG] Employee：鍾XXXXX
2019-02-10 16:37:19,677: [DEBUG] Employee：鍾XXXXX
2019-02-10 16:37:19,707: [DEBUG] 寫入ad帳號
2019-02-10 16:37:19,707: [DEBUG] 寫入ad帳號
2019-02-10 16:37:19,755: [DEBUG] Employee：鍾XXXXX
2019-02-10 16:37:19,757: [DEBUG] 寫入ad帳號
2019-02-10 16:37:19,839: [DEBUG] 寫入ad帳號
2019-02-10 16:37:19,842: [DEBUG] Employee：鍾XXXXX
2019-02-10 16:37:19,890: [DEBUG] 寫入ad帳號
2019-02-10 16:37:19,890: [DEBUG] Employee：鍾XXXXX
2019-02-10 16:37:19,906: [DEBUG] Employee：鍾XXXXX
2019-02-10 16:37:19,939: [DEBUG] Employee：鍾XXXXX
2019-02-10 16:37:19,987: [DEBUG] Employee：鍾XXXXX
2019-02-10 16:37:19,996: [DEBUG] 寫入ad帳號
2019-02-10 16:37:20,007: [DEBUG] 寫入ad帳號
2019-02-10 16:37:20,007: [DEBUG] 寫入ad帳號
2019-02-10 16:37:20,144: [DEBUG] Employee：鍾XXXXX
2019-02-10 16:37:20,146: [DEBUG] 寫入ad帳號
2019-02-10 16:37:20,156: [DEBUG] Employee：鍾XXXXX
2019-02-10 16:37:20,164: [DEBUG] Employee：鍾XXXXX
2019-02-10 16:37:20,202: [DEBUG] 寫入ad帳號
2019-02-10 16:37:20,296: [DEBUG] Employee：鍾XXXXX
2019-02-10 16:37:20,320: [DEBUG] 寫入ad帳號
2019-02-10 16:37:20,322: [DEBUG] Employee：鍾XXXXX
2019-02-10 16:37:20,362: [DEBUG] 寫入ad帳號
2019-02-10 16:37:20,427: [DEBUG] 寫入ad帳號
2019-02-10 16:37:20,428: [DEBUG] Employee：鍾XXXXX
2019-02-10 16:37:20,428: [DEBUG] 寫入ad帳號
2019-02-10 16:37:20,457: [DEBUG] Employee：鍾XXXXX
2019-02-10 16:37:20,508: [DEBUG] 寫入ad帳號
2019-02-10 16:37:20,522: [DEBUG] Employee：鍾XXXXX
2019-02-10 16:37:20,522: [DEBUG] Employee：鍾XXXXX
2019-02-10 16:37:20,532: [DEBUG] 寫入ad帳號
2019-02-10 16:37:20,580: [DEBUG] Employee：鍾XXXXX
2019-02-10 16:37:20,580: [DEBUG] 寫入ad帳號
2019-02-10 16:37:20,582: [DEBUG] 寫入ad帳號
2019-02-10 16:37:20,606: [DEBUG] Employee：鍾XXXXX
2019-02-10 16:37:20,653: [DEBUG] Employee：鍾XXXXX
2019-02-10 16:37:20,654: [DEBUG] 寫入ad帳號
2019-02-10 16:37:20,658: [DEBUG] 寫入ad帳號
2019-02-10 16:37:20,680: [DEBUG] Employee：鍾XXXXX
2019-02-10 16:37:20,736: [DEBUG] 寫入ad帳號
2019-02-10 16:37:20,736: [DEBUG] 寫入ad帳號
2019-02-10 16:37:20,758: [DEBUG] Employee：鍾XXXXX
2019-02-10 16:37:20,758: [DEBUG] Employee：鍾XXXXX
2019-02-10 16:37:20,811: [DEBUG] Employee：鍾XXXXX
2019-02-10 16:37:20,811: [DEBUG] Employee：鍾XXXXX
2019-02-10 16:37:20,830: [DEBUG] 寫入ad帳號
2019-02-10 16:37:20,862: [DEBUG] 寫入ad帳號
2019-02-10 16:37:20,904: [DEBUG] 寫入ad帳號
2019-02-10 16:37:20,904: [DEBUG] 寫入ad帳號
2019-02-10 16:37:20,991: [DEBUG] Employee：鍾XXXXX
2019-02-10 16:37:20,991: [DEBUG] Employee：鍾XXXXX
2019-02-10 16:37:21,004: [DEBUG] Employee：鍾XXXXX
2019-02-10 16:37:21,016: [DEBUG] Employee：鍾XXXXX
2019-02-10 16:37:21,029: [DEBUG] 寫入ad帳號
2019-02-10 16:37:21,032: [DEBUG] 寫入ad帳號
2019-02-10 16:37:21,071: [DEBUG] 寫入ad帳號
2019-02-10 16:37:21,133: [DEBUG] Employee：鍾XXXXX
2019-02-10 16:37:21,151: [DEBUG] Employee：鍾XXXXX
2019-02-10 16:37:21,180: [DEBUG] Employee：鍾XXXXX
2019-02-10 16:38:07,499: [DEBUG] 寫入ad帳號
2019-02-10 16:38:07,546: [DEBUG] Employee：鍾XXXXX
2019-02-10 16:38:08,230: [DEBUG] 1
2019-02-10 16:38:08,230: [DEBUG] F
2019-02-10 16:38:09,652: [DEBUG] 寫入ad帳號
2019-02-10 16:38:09,750: [DEBUG] 寫入ad帳號
2019-02-10 16:38:09,750: [DEBUG] 寫入ad帳號
2019-02-10 16:38:09,759: [DEBUG] 寫入ad帳號
2019-02-10 16:38:09,761: [DEBUG] Employee：鍾XXXXX
2019-02-10 16:38:09,762: [DEBUG] 寫入ad帳號
2019-02-10 16:38:09,762: [DEBUG] 寫入ad帳號
2019-02-10 16:38:09,921: [DEBUG] Employee：鍾XXXXX
2019-02-10 16:38:10,079: [DEBUG] Employee：鍾XXXXX
2019-02-10 16:38:10,079: [DEBUG] Employee：鍾XXXXX
2019-02-10 16:38:10,166: [DEBUG] Employee：鍾XXXXX
2019-02-10 16:38:10,191: [DEBUG] Employee：鍾XXXXX
2019-02-10 16:38:10,279: [DEBUG] 寫入ad帳號
2019-02-10 16:38:10,377: [DEBUG] 寫入ad帳號
2019-02-10 16:38:10,383: [DEBUG] 寫入ad帳號
2019-02-10 16:38:10,385: [DEBUG] 寫入ad帳號
2019-02-10 16:38:10,460: [DEBUG] Employee：鍾XXXXX
2019-02-10 16:38:10,575: [DEBUG] Employee：鍾XXXXX
2019-02-10 16:38:10,614: [DEBUG] Employee：鍾XXXXX
2019-02-10 16:38:10,627: [DEBUG] Employee：鍾XXXXX
2019-02-10 16:40:02,790: [DEBUG] 1
2019-02-10 16:40:02,790: [DEBUG] F
2019-02-10 16:43:49,735: [DEBUG] 1
2019-02-10 16:43:49,735: [DEBUG] F
2019-02-10 16:45:06,857: [DEBUG] 1
2019-02-10 16:45:06,857: [DEBUG] F
2019-02-10 16:48:21,648: [DEBUG] 1
2019-02-10 16:48:21,648: [DEBUG] F
2019-02-10 16:51:13,884: [DEBUG] 寫入ad帳號
2019-02-10 16:51:15,617: [DEBUG] 寫入ad帳號
2019-02-10 16:51:15,802: [DEBUG] Employee：鍾XXXXX
2019-02-10 16:51:15,802: [DEBUG] Employee：鍾XXXXX
2019-02-10 16:51:16,773: [DEBUG] HomeController:F
2019-02-10 16:51:16,773: [DEBUG] HomeController:F
2019-02-10 16:51:16,990: [DEBUG] 1
2019-02-10 16:51:16,990: [DEBUG] 1
2019-02-10 16:51:16,990: [DEBUG] F
2019-02-10 16:51:16,991: [DEBUG] F
2019-02-10 16:51:17,399: [DEBUG] 寫入ad帳號
2019-02-10 16:51:17,450: [DEBUG] Employee：鍾XXXXX
2019-02-10 16:51:17,611: [DEBUG] 寫入ad帳號
2019-02-10 16:51:17,632: [DEBUG] 寫入ad帳號
2019-02-10 16:51:17,645: [DEBUG] 寫入ad帳號
2019-02-10 16:51:17,646: [DEBUG] 寫入ad帳號
2019-02-10 16:51:17,646: [DEBUG] 寫入ad帳號
2019-02-10 16:51:17,848: [DEBUG] Employee：鍾XXXXX
2019-02-10 16:51:17,866: [DEBUG] Employee：鍾XXXXX
2019-02-10 16:51:17,882: [DEBUG] Employee：鍾XXXXX
2019-02-10 16:51:17,903: [DEBUG] 寫入ad帳號
2019-02-10 16:51:17,926: [DEBUG] Employee：鍾XXXXX
2019-02-10 16:51:18,031: [DEBUG] Employee：鍾XXXXX
2019-02-10 16:51:18,061: [DEBUG] Employee：鍾XXXXX
2019-02-10 16:51:18,075: [DEBUG] 寫入ad帳號
2019-02-10 16:51:18,084: [DEBUG] 寫入ad帳號
2019-02-10 16:51:18,144: [DEBUG] 寫入ad帳號
2019-02-10 16:51:18,146: [DEBUG] 寫入ad帳號
2019-02-10 16:51:18,162: [DEBUG] Employee：鍾XXXXX
2019-02-10 16:51:18,262: [DEBUG] Employee：鍾XXXXX
2019-02-10 16:51:18,263: [DEBUG] 寫入ad帳號
2019-02-10 16:51:18,283: [DEBUG] Employee：鍾XXXXX
2019-02-10 16:51:18,325: [DEBUG] Employee：鍾XXXXX
2019-02-10 16:51:18,325: [DEBUG] 寫入ad帳號
2019-02-10 16:51:18,438: [DEBUG] 寫入ad帳號
2019-02-10 16:51:18,438: [DEBUG] 寫入ad帳號
2019-02-10 16:51:18,469: [DEBUG] Employee：鍾XXXXX
2019-02-10 16:51:18,470: [DEBUG] 寫入ad帳號
2019-02-10 16:51:18,470: [DEBUG] Employee：鍾XXXXX
2019-02-10 16:51:18,541: [DEBUG] Employee：鍾XXXXX
2019-02-10 16:51:18,569: [DEBUG] Employee：鍾XXXXX
2019-02-10 16:51:18,572: [DEBUG] 寫入ad帳號
2019-02-10 16:51:18,590: [DEBUG] 寫入ad帳號
2019-02-10 16:51:18,591: [DEBUG] Employee：鍾XXXXX
2019-02-10 16:51:18,642: [DEBUG] 寫入ad帳號
2019-02-10 16:51:18,712: [DEBUG] 寫入ad帳號
2019-02-10 16:51:18,715: [DEBUG] Employee：鍾XXXXX
2019-02-10 16:51:18,715: [DEBUG] Employee：鍾XXXXX
2019-02-10 16:51:18,765: [DEBUG] 寫入ad帳號
2019-02-10 16:51:18,779: [DEBUG] Employee：鍾XXXXX
2019-02-10 16:51:18,811: [DEBUG] Employee：鍾XXXXX
2019-02-10 16:51:18,833: [DEBUG] Employee：鍾XXXXX
2019-02-10 16:51:18,836: [DEBUG] 寫入ad帳號
2019-02-10 16:51:18,847: [DEBUG] 寫入ad帳號
2019-02-10 16:51:18,894: [DEBUG] 寫入ad帳號
2019-02-10 16:51:18,937: [DEBUG] Employee：鍾XXXXX
2019-02-10 16:51:18,988: [DEBUG] 寫入ad帳號
2019-02-10 16:51:19,002: [DEBUG] Employee：鍾XXXXX
2019-02-10 16:51:19,002: [DEBUG] Employee：鍾XXXXX
2019-02-10 16:51:19,036: [DEBUG] Employee：鍾XXXXX
2019-02-10 16:51:19,086: [DEBUG] 寫入ad帳號
2019-02-10 16:51:19,126: [DEBUG] 寫入ad帳號
2019-02-10 16:51:19,162: [DEBUG] 寫入ad帳號
2019-02-10 16:51:19,217: [DEBUG] Employee：鍾XXXXX
2019-02-10 16:51:19,217: [DEBUG] Employee：鍾XXXXX
2019-02-10 16:51:19,236: [DEBUG] Employee：鍾XXXXX
2019-02-10 16:51:19,270: [DEBUG] 寫入ad帳號
2019-02-10 16:51:19,312: [DEBUG] 寫入ad帳號
2019-02-10 16:51:19,321: [DEBUG] 寫入ad帳號
2019-02-10 16:51:19,361: [DEBUG] 寫入ad帳號
2019-02-10 16:51:19,374: [DEBUG] Employee：鍾XXXXX
2019-02-10 16:51:19,455: [DEBUG] Employee：鍾XXXXX
2019-02-10 16:51:19,455: [DEBUG] Employee：鍾XXXXX
2019-02-10 16:51:19,456: [DEBUG] 寫入ad帳號
2019-02-10 16:51:19,486: [DEBUG] Employee：鍾XXXXX
2019-02-10 16:51:19,513: [DEBUG] 寫入ad帳號
2019-02-10 16:51:19,539: [DEBUG] 寫入ad帳號
2019-02-10 16:51:19,594: [DEBUG] Employee：鍾XXXXX
2019-02-10 16:51:19,615: [DEBUG] Employee：鍾XXXXX
2019-02-10 16:51:19,648: [DEBUG] 寫入ad帳號
2019-02-10 16:51:19,671: [DEBUG] Employee：鍾XXXXX
2019-02-10 16:51:19,705: [DEBUG] 寫入ad帳號
2019-02-10 16:51:19,705: [DEBUG] 寫入ad帳號
2019-02-10 16:51:19,722: [DEBUG] Employee：鍾XXXXX
2019-02-10 16:51:19,779: [DEBUG] Employee：鍾XXXXX
2019-02-10 16:51:19,780: [DEBUG] Employee：鍾XXXXX
2019-02-10 16:51:19,809: [DEBUG] 寫入ad帳號
2019-02-10 16:51:19,817: [DEBUG] 寫入ad帳號
2019-02-10 16:51:19,880: [DEBUG] 寫入ad帳號
2019-02-10 16:51:19,937: [DEBUG] Employee：鍾XXXXX
2019-02-10 16:51:19,970: [DEBUG] Employee：鍾XXXXX
2019-02-10 16:51:19,970: [DEBUG] 寫入ad帳號
2019-02-10 16:51:19,992: [DEBUG] Employee：鍾XXXXX
2019-02-10 16:51:20,036: [DEBUG] 寫入ad帳號
2019-02-10 16:51:20,116: [DEBUG] Employee：鍾XXXXX
2019-02-10 16:51:20,120: [DEBUG] Employee：鍾XXXXX
2019-02-10 16:51:27,572: [DEBUG] 1
2019-02-10 16:51:27,572: [DEBUG] F
2019-02-10 16:52:27,061: [DEBUG] 1
2019-02-10 16:52:27,061: [DEBUG] F
2019-02-10 16:53:31,585: [DEBUG] 1
2019-02-10 16:53:31,585: [DEBUG] F
2019-02-10 17:11:57,161: [DEBUG] 1
2019-02-10 17:11:57,161: [DEBUG] F
2019-02-10 17:12:53,431: [DEBUG] 1
2019-02-10 17:12:53,431: [DEBUG] F
2019-02-10 17:13:39,394: [DEBUG] 1
2019-02-10 17:13:39,394: [DEBUG] F
2019-02-10 17:14:05,451: [DEBUG] 1
2019-02-10 17:14:05,451: [DEBUG] F
2019-02-10 17:16:54,528: [DEBUG] 1
2019-02-10 17:16:54,528: [DEBUG] F
2019-02-10 17:17:28,851: [DEBUG] 1
2019-02-10 17:17:28,851: [DEBUG] F
2019-02-10 17:22:01,269: [DEBUG] 1
2019-02-10 17:22:01,269: [DEBUG] F
2019-02-10 17:22:29,214: [DEBUG] 1
2019-02-10 17:22:29,214: [DEBUG] F
2019-02-10 17:34:54,238: [DEBUG] 1
2019-02-10 17:34:54,238: [DEBUG] F
2019-02-10 17:36:52,508: [DEBUG] 1
2019-02-10 17:36:52,508: [DEBUG] F
2019-02-10 17:39:09,351: [DEBUG] 1
2019-02-10 17:39:09,351: [DEBUG] F
2019-02-10 17:39:35,244: [DEBUG] 1
2019-02-10 17:39:35,244: [DEBUG] F
2019-02-10 17:40:07,929: [DEBUG] 1
2019-02-10 17:40:07,929: [DEBUG] F
2019-02-10 17:40:34,872: [DEBUG] 1
2019-02-10 17:40:34,872: [DEBUG] F
2019-02-10 17:40:50,287: [DEBUG] 1
2019-02-10 17:40:50,287: [DEBUG] F
2019-02-10 17:41:17,125: [DEBUG] 1
2019-02-10 17:41:17,125: [DEBUG] F
2019-02-10 17:42:24,143: [DEBUG] 1
2019-02-10 17:42:24,143: [DEBUG] F
2019-02-10 17:42:48,346: [DEBUG] 1
2019-02-10 17:42:48,346: [DEBUG] F
2019-02-10 17:44:13,658: [DEBUG] 1
2019-02-10 17:44:13,658: [DEBUG] F
2019-02-10 17:44:38,050: [DEBUG] 1
2019-02-10 17:44:38,050: [DEBUG] F
2019-02-10 17:45:22,890: [DEBUG] 1
2019-02-10 17:45:22,890: [DEBUG] F
2019-02-10 17:45:47,354: [DEBUG] 1
2019-02-10 17:45:47,354: [DEBUG] F
2019-02-10 17:46:16,077: [DEBUG] 1
2019-02-10 17:46:16,077: [DEBUG] F
2019-02-10 17:46:40,193: [DEBUG] 1
2019-02-10 17:46:40,193: [DEBUG] F
2019-02-10 19:59:33,237: [DEBUG] 寫入ad帳號
2019-02-10 19:59:34,290: [DEBUG] Employee：鍾XXXXX
2019-02-10 19:59:35,008: [DEBUG] HomeController:F
2019-02-10 19:59:35,189: [DEBUG] 1
2019-02-10 19:59:35,189: [DEBUG] F
2019-02-10 19:59:35,816: [DEBUG] 寫入ad帳號
2019-02-10 19:59:35,824: [DEBUG] 寫入ad帳號
2019-02-10 19:59:35,824: [DEBUG] 寫入ad帳號
2019-02-10 19:59:35,826: [DEBUG] 寫入ad帳號
2019-02-10 19:59:35,842: [DEBUG] 寫入ad帳號
2019-02-10 19:59:35,953: [DEBUG] Employee：鍾XXXXX
2019-02-10 19:59:35,954: [DEBUG] Employee：鍾XXXXX
2019-02-10 19:59:36,043: [DEBUG] Employee：鍾XXXXX
2019-02-10 19:59:36,047: [DEBUG] 寫入ad帳號
2019-02-10 19:59:36,077: [DEBUG] Employee：鍾XXXXX
2019-02-10 19:59:36,079: [DEBUG] 寫入ad帳號
2019-02-10 19:59:36,143: [DEBUG] Employee：鍾XXXXX
2019-02-10 19:59:36,143: [DEBUG] Employee：鍾XXXXX
2019-02-10 19:59:36,157: [DEBUG] Employee：鍾XXXXX
2019-02-10 19:59:36,167: [DEBUG] 寫入ad帳號
2019-02-10 19:59:36,231: [DEBUG] 寫入ad帳號
2019-02-10 19:59:36,297: [DEBUG] Employee：鍾XXXXX
2019-02-10 19:59:36,297: [DEBUG] 寫入ad帳號
2019-02-10 19:59:36,306: [DEBUG] 寫入ad帳號
2019-02-10 19:59:36,371: [DEBUG] 寫入ad帳號
2019-02-10 19:59:36,425: [DEBUG] Employee：鍾XXXXX
2019-02-10 19:59:36,442: [DEBUG] Employee：鍾XXXXX
2019-02-10 19:59:36,458: [DEBUG] Employee：鍾XXXXX
2019-02-10 19:59:36,480: [DEBUG] Employee：鍾XXXXX
2019-02-10 19:59:36,481: [DEBUG] 寫入ad帳號
2019-02-10 19:59:36,511: [DEBUG] 寫入ad帳號
2019-02-10 19:59:36,554: [DEBUG] Employee：鍾XXXXX
2019-02-10 19:59:36,564: [DEBUG] Employee：鍾XXXXX
2019-02-10 19:59:36,593: [DEBUG] 寫入ad帳號
2019-02-10 19:59:36,593: [DEBUG] 寫入ad帳號
2019-02-10 19:59:36,626: [DEBUG] 寫入ad帳號
2019-02-10 19:59:36,698: [DEBUG] Employee：鍾XXXXX
2019-02-10 19:59:36,699: [DEBUG] Employee：鍾XXXXX
2019-02-10 19:59:36,710: [DEBUG] Employee：鍾XXXXX
2019-02-10 19:59:36,722: [DEBUG] 寫入ad帳號
2019-02-10 19:59:36,749: [DEBUG] 寫入ad帳號
2019-02-10 19:59:36,782: [DEBUG] 寫入ad帳號
2019-02-10 19:59:36,798: [DEBUG] Employee：鍾XXXXX
2019-02-10 19:59:36,834: [DEBUG] Employee：鍾XXXXX
2019-02-10 19:59:36,850: [DEBUG] Employee：鍾XXXXX
2019-02-10 19:59:36,882: [DEBUG] 寫入ad帳號
2019-02-10 19:59:36,882: [DEBUG] 寫入ad帳號
2019-02-10 19:59:36,918: [DEBUG] 寫入ad帳號
2019-02-10 19:59:36,990: [DEBUG] Employee：鍾XXXXX
2019-02-10 19:59:37,027: [DEBUG] Employee：鍾XXXXX
2019-02-10 19:59:37,028: [DEBUG] Employee：鍾XXXXX
2019-02-10 19:59:37,108: [DEBUG] 寫入ad帳號
2019-02-10 19:59:37,171: [DEBUG] 寫入ad帳號
2019-02-10 19:59:37,185: [DEBUG] Employee：鍾XXXXX
2019-02-10 19:59:37,225: [DEBUG] 寫入ad帳號
2019-02-10 19:59:37,359: [DEBUG] 寫入ad帳號
2019-02-10 19:59:37,463: [DEBUG] Employee：鍾XXXXX
2019-02-10 19:59:37,496: [DEBUG] 寫入ad帳號
2019-02-10 19:59:37,514: [DEBUG] Employee：鍾XXXXX
2019-02-10 19:59:37,599: [DEBUG] Employee：鍾XXXXX
2019-02-10 19:59:37,600: [DEBUG] Employee：鍾XXXXX
2019-02-10 19:59:37,631: [DEBUG] 寫入ad帳號
2019-02-10 19:59:37,666: [DEBUG] 寫入ad帳號
2019-02-10 19:59:37,751: [DEBUG] 寫入ad帳號
2019-02-10 19:59:37,768: [DEBUG] 寫入ad帳號
2019-02-10 19:59:37,769: [DEBUG] Employee：鍾XXXXX
2019-02-10 19:59:37,918: [DEBUG] Employee：鍾XXXXX
2019-02-10 19:59:37,934: [DEBUG] Employee：鍾XXXXX
2019-02-10 19:59:37,949: [DEBUG] Employee：鍾XXXXX
2019-02-10 19:59:37,985: [DEBUG] 寫入ad帳號
2019-02-10 19:59:37,986: [DEBUG] 寫入ad帳號
2019-02-10 19:59:38,041: [DEBUG] 寫入ad帳號
2019-02-10 19:59:38,111: [DEBUG] 寫入ad帳號
2019-02-10 19:59:38,162: [DEBUG] Employee：鍾XXXXX
2019-02-10 19:59:38,165: [DEBUG] Employee：鍾XXXXX
2019-02-10 19:59:38,167: [DEBUG] Employee：鍾XXXXX
2019-02-10 19:59:38,215: [DEBUG] Employee：鍾XXXXX
2019-02-10 19:59:38,238: [DEBUG] 寫入ad帳號
2019-02-10 19:59:38,248: [DEBUG] 寫入ad帳號
2019-02-10 19:59:38,285: [DEBUG] 寫入ad帳號
2019-02-10 19:59:38,292: [DEBUG] 寫入ad帳號
2019-02-10 19:59:38,347: [DEBUG] Employee：鍾XXXXX
2019-02-10 19:59:38,352: [DEBUG] 寫入ad帳號
2019-02-10 19:59:38,408: [DEBUG] Employee：鍾XXXXX
2019-02-10 19:59:38,452: [DEBUG] Employee：鍾XXXXX
2019-02-10 19:59:38,462: [DEBUG] Employee：鍾XXXXX
2019-02-10 19:59:38,513: [DEBUG] 寫入ad帳號
2019-02-10 19:59:38,522: [DEBUG] Employee：鍾XXXXX
2019-02-10 19:59:38,625: [DEBUG] Employee：鍾XXXXX
2019-02-10 19:59:49,711: [DEBUG] 寫入ad帳號
2019-02-10 19:59:49,769: [DEBUG] Employee：鍾XXXXX
2019-02-10 19:59:54,099: [DEBUG] 1
2019-02-10 19:59:54,099: [DEBUG] F
2019-02-10 20:03:49,843: [DEBUG] 寫入ad帳號
2019-02-10 20:03:50,622: [DEBUG] Employee：鍾XXXXX
2019-02-10 20:03:51,169: [DEBUG] HomeController:F
2019-02-10 20:03:51,350: [DEBUG] 1
2019-02-10 20:03:51,351: [DEBUG] F
2019-02-10 20:03:51,921: [DEBUG] 寫入ad帳號
2019-02-10 20:03:51,922: [DEBUG] 寫入ad帳號
2019-02-10 20:03:51,925: [DEBUG] 寫入ad帳號
2019-02-10 20:03:52,081: [DEBUG] 寫入ad帳號
2019-02-10 20:03:52,082: [DEBUG] 寫入ad帳號
2019-02-10 20:03:52,170: [DEBUG] Employee：鍾XXXXX
2019-02-10 20:03:52,183: [DEBUG] Employee：鍾XXXXX
2019-02-10 20:03:52,213: [DEBUG] Employee：鍾XXXXX
2019-02-10 20:03:52,222: [DEBUG] 寫入ad帳號
2019-02-10 20:03:52,236: [DEBUG] Employee：鍾XXXXX
2019-02-10 20:03:52,236: [DEBUG] Employee：鍾XXXXX
2019-02-10 20:03:52,282: [DEBUG] Employee：鍾XXXXX
2019-02-10 20:03:52,312: [DEBUG] 寫入ad帳號
2019-02-10 20:03:52,324: [DEBUG] 寫入ad帳號
2019-02-10 20:03:52,325: [DEBUG] 寫入ad帳號
2019-02-10 20:03:52,387: [DEBUG] 寫入ad帳號
2019-02-10 20:03:52,428: [DEBUG] Employee：鍾XXXXX
2019-02-10 20:03:52,468: [DEBUG] 寫入ad帳號
2019-02-10 20:03:52,528: [DEBUG] Employee：鍾XXXXX
2019-02-10 20:03:52,541: [DEBUG] Employee：鍾XXXXX
2019-02-10 20:03:52,622: [DEBUG] Employee：鍾XXXXX
2019-02-10 20:03:52,628: [DEBUG] Employee：鍾XXXXX
2019-02-10 20:03:52,642: [DEBUG] 寫入ad帳號
2019-02-10 20:03:52,666: [DEBUG] 寫入ad帳號
2019-02-10 20:03:52,713: [DEBUG] 寫入ad帳號
2019-02-10 20:03:52,767: [DEBUG] 寫入ad帳號
2019-02-10 20:03:52,797: [DEBUG] Employee：鍾XXXXX
2019-02-10 20:03:52,848: [DEBUG] 寫入ad帳號
2019-02-10 20:03:52,863: [DEBUG] Employee：鍾XXXXX
2019-02-10 20:03:52,863: [DEBUG] Employee：鍾XXXXX
2019-02-10 20:03:52,863: [DEBUG] Employee：鍾XXXXX
2019-02-10 20:03:52,905: [DEBUG] Employee：鍾XXXXX
2019-02-10 20:03:52,919: [DEBUG] 寫入ad帳號
2019-02-10 20:03:52,919: [DEBUG] 寫入ad帳號
2019-02-10 20:03:52,956: [DEBUG] 寫入ad帳號
2019-02-10 20:03:53,049: [DEBUG] 寫入ad帳號
2019-02-10 20:03:53,126: [DEBUG] Employee：鍾XXXXX
2019-02-10 20:03:53,127: [DEBUG] Employee：鍾XXXXX
2019-02-10 20:03:53,130: [DEBUG] 寫入ad帳號
2019-02-10 20:03:53,139: [DEBUG] Employee：鍾XXXXX
2019-02-10 20:03:53,188: [DEBUG] 寫入ad帳號
2019-02-10 20:03:53,233: [DEBUG] Employee：鍾XXXXX
2019-02-10 20:03:53,233: [DEBUG] 寫入ad帳號
2019-02-10 20:03:53,244: [DEBUG] Employee：鍾XXXXX
2019-02-10 20:03:53,302: [DEBUG] 寫入ad帳號
2019-02-10 20:03:53,305: [DEBUG] Employee：鍾XXXXX
2019-02-10 20:03:53,373: [DEBUG] 寫入ad帳號
2019-02-10 20:03:53,390: [DEBUG] Employee：鍾XXXXX
2019-02-10 20:03:53,418: [DEBUG] Employee：鍾XXXXX
2019-02-10 20:03:53,440: [DEBUG] Employee：鍾XXXXX
2019-02-10 20:03:53,459: [DEBUG] 寫入ad帳號
2019-02-10 20:03:53,478: [DEBUG] 寫入ad帳號
2019-02-10 20:03:53,479: [DEBUG] 寫入ad帳號
2019-02-10 20:03:53,531: [DEBUG] 寫入ad帳號
2019-02-10 20:03:53,584: [DEBUG] Employee：鍾XXXXX
2019-02-10 20:03:53,622: [DEBUG] Employee：鍾XXXXX
2019-02-10 20:03:53,633: [DEBUG] Employee：鍾XXXXX
2019-02-10 20:03:53,635: [DEBUG] Employee：鍾XXXXX
2019-02-10 20:03:53,655: [DEBUG] 寫入ad帳號
2019-02-10 20:03:53,671: [DEBUG] 寫入ad帳號
2019-02-10 20:03:53,764: [DEBUG] 寫入ad帳號
2019-02-10 20:03:53,764: [DEBUG] Employee：鍾XXXXX
2019-02-10 20:03:53,787: [DEBUG] Employee：鍾XXXXX
2019-02-10 20:03:53,788: [DEBUG] 寫入ad帳號
2019-02-10 20:03:53,846: [DEBUG] Employee：鍾XXXXX
2019-02-10 20:03:53,846: [DEBUG] 寫入ad帳號
2019-02-10 20:03:53,941: [DEBUG] 寫入ad帳號
2019-02-10 20:03:53,941: [DEBUG] Employee：鍾XXXXX
2019-02-10 20:03:53,992: [DEBUG] Employee：鍾XXXXX
2019-02-10 20:03:54,059: [DEBUG] 寫入ad帳號
2019-02-10 20:03:54,061: [DEBUG] 寫入ad帳號
2019-02-10 20:03:54,106: [DEBUG] Employee：鍾XXXXX
2019-02-10 20:03:54,106: [DEBUG] 寫入ad帳號
2019-02-10 20:03:54,175: [DEBUG] Employee：鍾XXXXX
2019-02-10 20:03:54,198: [DEBUG] Employee：鍾XXXXX
2019-02-10 20:03:54,199: [DEBUG] 寫入ad帳號
2019-02-10 20:03:54,231: [DEBUG] Employee：鍾XXXXX
2019-02-10 20:03:54,231: [DEBUG] 寫入ad帳號
2019-02-10 20:03:54,269: [DEBUG] 寫入ad帳號
2019-02-10 20:03:54,296: [DEBUG] Employee：鍾XXXXX
2019-02-10 20:03:54,296: [DEBUG] 寫入ad帳號
2019-02-10 20:03:54,312: [DEBUG] Employee：鍾XXXXX
2019-02-10 20:03:54,341: [DEBUG] Employee：鍾XXXXX
2019-02-10 20:03:54,378: [DEBUG] Employee：鍾XXXXX
2019-02-10 20:04:12,823: [DEBUG] 寫入ad帳號
2019-02-10 20:04:12,869: [DEBUG] Employee：鍾XXXXX
2019-02-10 20:04:13,667: [DEBUG] 1
2019-02-10 20:04:13,667: [DEBUG] F
2019-02-10 20:06:25,751: [DEBUG] 1
2019-02-10 20:06:25,751: [DEBUG] F
2019-02-10 20:07:06,972: [DEBUG] 1
2019-02-10 20:07:06,972: [DEBUG] F
2019-02-10 20:09:20,658: [DEBUG] 1
2019-02-10 20:09:20,659: [DEBUG] F
2019-02-10 20:10:45,081: [DEBUG] 寫入ad帳號
2019-02-10 20:10:45,699: [DEBUG] Employee：鍾XXXXX
2019-02-10 20:10:46,318: [DEBUG] HomeController:F
2019-02-10 20:10:46,468: [DEBUG] 1
2019-02-10 20:10:46,468: [DEBUG] F
2019-02-10 20:10:47,113: [DEBUG] 寫入ad帳號
2019-02-10 20:10:47,113: [DEBUG] 寫入ad帳號
2019-02-10 20:10:47,114: [DEBUG] 寫入ad帳號
2019-02-10 20:10:47,128: [DEBUG] 寫入ad帳號
2019-02-10 20:10:47,129: [DEBUG] 寫入ad帳號
2019-02-10 20:10:47,318: [DEBUG] Employee：鍾XXXXX
2019-02-10 20:10:47,350: [DEBUG] Employee：鍾XXXXX
2019-02-10 20:10:47,358: [DEBUG] Employee：鍾XXXXX
2019-02-10 20:10:47,363: [DEBUG] Employee：鍾XXXXX
2019-02-10 20:10:47,381: [DEBUG] 寫入ad帳號
2019-02-10 20:10:47,394: [DEBUG] Employee：鍾XXXXX
2019-02-10 20:10:47,421: [DEBUG] Employee：鍾XXXXX
2019-02-10 20:10:47,459: [DEBUG] 寫入ad帳號
2019-02-10 20:10:47,471: [DEBUG] 寫入ad帳號
2019-02-10 20:10:47,471: [DEBUG] 寫入ad帳號
2019-02-10 20:10:47,587: [DEBUG] 寫入ad帳號
2019-02-10 20:10:47,587: [DEBUG] 寫入ad帳號
2019-02-10 20:10:47,600: [DEBUG] Employee：鍾XXXXX
2019-02-10 20:10:47,605: [DEBUG] Employee：鍾XXXXX
2019-02-10 20:10:47,617: [DEBUG] Employee：鍾XXXXX
2019-02-10 20:10:47,632: [DEBUG] Employee：鍾XXXXX
2019-02-10 20:10:47,633: [DEBUG] 寫入ad帳號
2019-02-10 20:10:47,676: [DEBUG] 寫入ad帳號
2019-02-10 20:10:47,708: [DEBUG] Employee：鍾XXXXX
2019-02-10 20:10:47,790: [DEBUG] Employee：鍾XXXXX
2019-02-10 20:10:47,795: [DEBUG] 寫入ad帳號
2019-02-10 20:10:47,795: [DEBUG] 寫入ad帳號
2019-02-10 20:10:47,825: [DEBUG] Employee：鍾XXXXX
2019-02-10 20:10:47,858: [DEBUG] 寫入ad帳號
2019-02-10 20:10:47,859: [DEBUG] 寫入ad帳號
2019-02-10 20:10:47,877: [DEBUG] Employee：鍾XXXXX
2019-02-10 20:10:47,911: [DEBUG] Employee：鍾XXXXX
2019-02-10 20:10:47,919: [DEBUG] 寫入ad帳號
2019-02-10 20:10:47,968: [DEBUG] Employee：鍾XXXXX
2019-02-10 20:10:47,985: [DEBUG] Employee：鍾XXXXX
2019-02-10 20:10:47,986: [DEBUG] 寫入ad帳號
2019-02-10 20:10:48,004: [DEBUG] Employee：鍾XXXXX
2019-02-10 20:10:48,020: [DEBUG] 寫入ad帳號
2019-02-10 20:10:48,066: [DEBUG] 寫入ad帳號
2019-02-10 20:10:48,079: [DEBUG] Employee：鍾XXXXX
2019-02-10 20:10:48,080: [DEBUG] Employee：鍾XXXXX
2019-02-10 20:10:48,142: [DEBUG] 寫入ad帳號
2019-02-10 20:10:48,167: [DEBUG] 寫入ad帳號
2019-02-10 20:10:48,193: [DEBUG] Employee：鍾XXXXX
2019-02-10 20:10:48,219: [DEBUG] Employee：鍾XXXXX
2019-02-10 20:10:48,220: [DEBUG] 寫入ad帳號
2019-02-10 20:10:48,258: [DEBUG] Employee：鍾XXXXX
2019-02-10 20:10:48,343: [DEBUG] Employee：鍾XXXXX
2019-02-10 20:10:48,379: [DEBUG] 寫入ad帳號
2019-02-10 20:10:48,450: [DEBUG] 寫入ad帳號
2019-02-10 20:10:48,489: [DEBUG] 寫入ad帳號
2019-02-10 20:10:48,504: [DEBUG] Employee：鍾XXXXX
2019-02-10 20:10:48,534: [DEBUG] Employee：鍾XXXXX
2019-02-10 20:10:48,545: [DEBUG] Employee：鍾XXXXX
2019-02-10 20:10:48,565: [DEBUG] 寫入ad帳號
2019-02-10 20:10:48,652: [DEBUG] 寫入ad帳號
2019-02-10 20:10:48,722: [DEBUG] Employee：鍾XXXXX
2019-02-10 20:10:48,754: [DEBUG] Employee：鍾XXXXX
2019-02-10 20:10:48,771: [DEBUG] 寫入ad帳號
2019-02-10 20:10:48,851: [DEBUG] 寫入ad帳號
2019-02-10 20:10:48,881: [DEBUG] 寫入ad帳號
2019-02-10 20:10:48,955: [DEBUG] Employee：鍾XXXXX
2019-02-10 20:10:48,955: [DEBUG] Employee：鍾XXXXX
2019-02-10 20:10:48,987: [DEBUG] 寫入ad帳號
2019-02-10 20:10:48,988: [DEBUG] 寫入ad帳號
2019-02-10 20:10:49,004: [DEBUG] Employee：鍾XXXXX
2019-02-10 20:10:49,047: [DEBUG] 寫入ad帳號
2019-02-10 20:10:49,123: [DEBUG] 寫入ad帳號
2019-02-10 20:10:49,135: [DEBUG] 寫入ad帳號
2019-02-10 20:10:49,135: [DEBUG] Employee：鍾XXXXX
2019-02-10 20:10:49,135: [DEBUG] Employee：鍾XXXXX
2019-02-10 20:10:49,195: [DEBUG] Employee：鍾XXXXX
2019-02-10 20:10:49,196: [DEBUG] 寫入ad帳號
2019-02-10 20:10:49,215: [DEBUG] Employee：鍾XXXXX
2019-02-10 20:10:49,215: [DEBUG] Employee：鍾XXXXX
2019-02-10 20:10:49,244: [DEBUG] 寫入ad帳號
2019-02-10 20:10:49,321: [DEBUG] 寫入ad帳號
2019-02-10 20:10:49,343: [DEBUG] 寫入ad帳號
2019-02-10 20:10:49,343: [DEBUG] 寫入ad帳號
2019-02-10 20:10:49,366: [DEBUG] Employee：鍾XXXXX
2019-02-10 20:10:49,449: [DEBUG] Employee：鍾XXXXX
2019-02-10 20:10:49,449: [DEBUG] Employee：鍾XXXXX
2019-02-10 20:10:49,449: [DEBUG] Employee：鍾XXXXX
2019-02-10 20:10:49,463: [DEBUG] Employee：鍾XXXXX
2019-02-10 20:11:30,447: [DEBUG] 寫入ad帳號
2019-02-10 20:11:30,510: [DEBUG] Employee：鍾XXXXX
2019-02-10 20:11:31,360: [DEBUG] 1
2019-02-10 20:11:31,360: [DEBUG] F
2019-02-10 20:12:51,696: [DEBUG] 1
2019-02-10 20:12:51,696: [DEBUG] F
2019-02-10 20:14:02,247: [DEBUG] 1
2019-02-10 20:14:02,247: [DEBUG] F
2019-02-10 20:16:09,991: [DEBUG] 1
2019-02-10 20:16:09,991: [DEBUG] F
2019-02-10 20:18:09,119: [DEBUG] 1
2019-02-10 20:18:09,119: [DEBUG] F
2019-02-10 20:19:49,645: [DEBUG] 寫入ad帳號
2019-02-10 20:19:49,645: [DEBUG] 寫入ad帳號
2019-02-10 20:19:50,676: [DEBUG] Employee：鍾XXXXX
2019-02-10 20:19:50,676: [DEBUG] Employee：鍾XXXXX
2019-02-10 20:19:51,359: [DEBUG] HomeController:F
2019-02-10 20:19:51,695: [DEBUG] 1
2019-02-10 20:19:51,695: [DEBUG] F
2019-02-10 20:19:52,317: [DEBUG] 1
2019-02-10 20:19:52,318: [DEBUG] F
2019-02-10 20:19:52,645: [DEBUG] 寫入ad帳號
2019-02-10 20:19:52,666: [DEBUG] 寫入ad帳號
2019-02-10 20:19:52,668: [DEBUG] 寫入ad帳號
2019-02-10 20:19:52,669: [DEBUG] 寫入ad帳號
2019-02-10 20:19:52,776: [DEBUG] Employee：鍾XXXXX
2019-02-10 20:19:52,782: [DEBUG] 寫入ad帳號
2019-02-10 20:19:52,868: [DEBUG] Employee：鍾XXXXX
2019-02-10 20:19:52,930: [DEBUG] Employee：鍾XXXXX
2019-02-10 20:19:52,941: [DEBUG] Employee：鍾XXXXX
2019-02-10 20:19:52,942: [DEBUG] 寫入ad帳號
2019-02-10 20:19:52,943: [DEBUG] Employee：鍾XXXXX
2019-02-10 20:19:53,254: [DEBUG] 寫入ad帳號
2019-02-10 20:19:53,256: [DEBUG] Employee：鍾XXXXX
2019-02-10 20:19:53,287: [DEBUG] 寫入ad帳號
2019-02-10 20:19:53,321: [DEBUG] 寫入ad帳號
2019-02-10 20:19:53,343: [DEBUG] Employee：鍾XXXXX
2019-02-10 20:19:53,371: [DEBUG] Employee：鍾XXXXX
2019-02-10 20:19:53,411: [DEBUG] 寫入ad帳號
2019-02-10 20:19:53,443: [DEBUG] Employee：鍾XXXXX
2019-02-10 20:19:53,464: [DEBUG] 寫入ad帳號
2019-02-10 20:19:53,518: [DEBUG] Employee：鍾XXXXX
2019-02-10 20:19:53,519: [DEBUG] 寫入ad帳號
2019-02-10 20:19:53,581: [DEBUG] Employee：鍾XXXXX
2019-02-10 20:19:53,634: [DEBUG] Employee：鍾XXXXX
2019-02-10 20:19:53,664: [DEBUG] 寫入ad帳號
2019-02-10 20:19:53,672: [DEBUG] 寫入ad帳號
2019-02-10 20:19:53,755: [DEBUG] 寫入ad帳號
2019-02-10 20:19:53,755: [DEBUG] 寫入ad帳號
2019-02-10 20:19:53,769: [DEBUG] Employee：鍾XXXXX
2019-02-10 20:19:53,808: [DEBUG] 寫入ad帳號
2019-02-10 20:19:53,822: [DEBUG] Employee：鍾XXXXX
2019-02-10 20:19:53,822: [DEBUG] Employee：鍾XXXXX
2019-02-10 20:19:53,892: [DEBUG] 寫入ad帳號
2019-02-10 20:19:53,892: [DEBUG] 寫入ad帳號
2019-02-10 20:19:53,914: [DEBUG] Employee：鍾XXXXX
2019-02-10 20:19:53,914: [DEBUG] Employee：鍾XXXXX
2019-02-10 20:19:53,914: [DEBUG] 寫入ad帳號
2019-02-10 20:19:53,966: [DEBUG] Employee：鍾XXXXX
2019-02-10 20:19:53,966: [DEBUG] Employee：鍾XXXXX
2019-02-10 20:19:53,996: [DEBUG] 寫入ad帳號
2019-02-10 20:19:54,024: [DEBUG] Employee：鍾XXXXX
2019-02-10 20:19:54,026: [DEBUG] 寫入ad帳號
2019-02-10 20:19:54,062: [DEBUG] 寫入ad帳號
2019-02-10 20:19:54,114: [DEBUG] Employee：鍾XXXXX
2019-02-10 20:19:54,130: [DEBUG] Employee：鍾XXXXX
2019-02-10 20:19:54,142: [DEBUG] Employee：鍾XXXXX
2019-02-10 20:19:54,177: [DEBUG] 寫入ad帳號
2019-02-10 20:19:54,196: [DEBUG] 寫入ad帳號
2019-02-10 20:19:54,276: [DEBUG] 寫入ad帳號
2019-02-10 20:19:54,287: [DEBUG] Employee：鍾XXXXX
2019-02-10 20:19:54,287: [DEBUG] Employee：鍾XXXXX
2019-02-10 20:19:54,384: [DEBUG] 寫入ad帳號
2019-02-10 20:19:54,388: [DEBUG] 寫入ad帳號
2019-02-10 20:19:54,421: [DEBUG] Employee：鍾XXXXX
2019-02-10 20:19:54,422: [DEBUG] 寫入ad帳號
2019-02-10 20:19:54,475: [DEBUG] Employee：鍾XXXXX
2019-02-10 20:19:54,475: [DEBUG] Employee：鍾XXXXX
2019-02-10 20:19:54,537: [DEBUG] Employee：鍾XXXXX
2019-02-10 20:19:54,580: [DEBUG] 寫入ad帳號
2019-02-10 20:19:54,580: [DEBUG] 寫入ad帳號
2019-02-10 20:19:54,662: [DEBUG] 寫入ad帳號
2019-02-10 20:19:54,688: [DEBUG] Employee：鍾XXXXX
2019-02-10 20:19:54,689: [DEBUG] Employee：鍾XXXXX
2019-02-10 20:19:54,774: [DEBUG] 寫入ad帳號
2019-02-10 20:19:54,939: [DEBUG] 寫入ad帳號
2019-02-10 20:19:55,017: [DEBUG] Employee：鍾XXXXX
2019-02-10 20:19:55,018: [DEBUG] 寫入ad帳號
2019-02-10 20:19:55,163: [DEBUG] 寫入ad帳號
2019-02-10 20:19:55,245: [DEBUG] Employee：鍾XXXXX
2019-02-10 20:19:55,332: [DEBUG] Employee：鍾XXXXX
2019-02-10 20:19:55,392: [DEBUG] Employee：鍾XXXXX
2019-02-10 20:19:55,483: [DEBUG] Employee：鍾XXXXX
2019-02-10 20:19:55,485: [DEBUG] 寫入ad帳號
2019-02-10 20:19:55,656: [DEBUG] Employee：鍾XXXXX
2019-02-10 20:19:55,659: [DEBUG] 寫入ad帳號
2019-02-10 20:19:55,801: [DEBUG] 寫入ad帳號
2019-02-10 20:19:55,803: [DEBUG] 寫入ad帳號
2019-02-10 20:19:55,899: [DEBUG] Employee：鍾XXXXX
2019-02-10 20:19:55,938: [DEBUG] Employee：鍾XXXXX
2019-02-10 20:19:55,974: [DEBUG] Employee：鍾XXXXX
2019-02-10 20:22:03,172: [DEBUG] 1
2019-02-10 20:22:03,172: [DEBUG] F
2019-02-10 20:23:52,991: [DEBUG] 寫入ad帳號
2019-02-10 20:23:53,676: [DEBUG] Employee：鍾XXXXX
2019-02-10 20:23:54,289: [DEBUG] HomeController:F
2019-02-10 20:23:54,453: [DEBUG] 1
2019-02-10 20:23:54,453: [DEBUG] F
2019-02-10 20:23:54,961: [DEBUG] 寫入ad帳號
2019-02-10 20:23:54,996: [DEBUG] 寫入ad帳號
2019-02-10 20:23:55,032: [DEBUG] 寫入ad帳號
2019-02-10 20:23:55,050: [DEBUG] 寫入ad帳號
2019-02-10 20:23:55,050: [DEBUG] 寫入ad帳號
2019-02-10 20:23:55,068: [DEBUG] Employee：鍾XXXXX
2019-02-10 20:23:55,200: [DEBUG] Employee：鍾XXXXX
2019-02-10 20:23:55,200: [DEBUG] Employee：鍾XXXXX
2019-02-10 20:23:55,219: [DEBUG] Employee：鍾XXXXX
2019-02-10 20:23:55,225: [DEBUG] 寫入ad帳號
2019-02-10 20:23:55,232: [DEBUG] Employee：鍾XXXXX
2019-02-10 20:23:55,265: [DEBUG] 寫入ad帳號
2019-02-10 20:23:55,350: [DEBUG] Employee：鍾XXXXX
2019-02-10 20:23:55,351: [DEBUG] Employee：鍾XXXXX
2019-02-10 20:23:55,353: [DEBUG] 寫入ad帳號
2019-02-10 20:23:55,401: [DEBUG] 寫入ad帳號
2019-02-10 20:23:55,401: [DEBUG] 寫入ad帳號
2019-02-10 20:23:55,402: [DEBUG] Employee：鍾XXXXX
2019-02-10 20:23:55,480: [DEBUG] 寫入ad帳號
2019-02-10 20:23:55,482: [DEBUG] 寫入ad帳號
2019-02-10 20:23:55,605: [DEBUG] Employee：鍾XXXXX
2019-02-10 20:23:55,619: [DEBUG] Employee：鍾XXXXX
2019-02-10 20:23:55,637: [DEBUG] Employee：鍾XXXXX
2019-02-10 20:23:55,659: [DEBUG] 寫入ad帳號
2019-02-10 20:23:55,705: [DEBUG] 寫入ad帳號
2019-02-10 20:23:55,720: [DEBUG] Employee：鍾XXXXX
2019-02-10 20:23:55,755: [DEBUG] Employee：鍾XXXXX
2019-02-10 20:23:55,778: [DEBUG] Employee：鍾XXXXX
2019-02-10 20:23:55,779: [DEBUG] 寫入ad帳號
2019-02-10 20:23:55,874: [DEBUG] 寫入ad帳號
2019-02-10 20:23:55,899: [DEBUG] 寫入ad帳號
2019-02-10 20:23:55,899: [DEBUG] 寫入ad帳號
2019-02-10 20:23:56,073: [DEBUG] Employee：鍾XXXXX
2019-02-10 20:23:56,079: [DEBUG] 寫入ad帳號
2019-02-10 20:23:56,093: [DEBUG] Employee：鍾XXXXX
2019-02-10 20:23:56,093: [DEBUG] Employee：鍾XXXXX
2019-02-10 20:23:56,094: [DEBUG] Employee：鍾XXXXX
2019-02-10 20:23:56,100: [DEBUG] 寫入ad帳號
2019-02-10 20:23:56,130: [DEBUG] 寫入ad帳號
2019-02-10 20:23:56,153: [DEBUG] Employee：鍾XXXXX
2019-02-10 20:23:56,174: [DEBUG] Employee：鍾XXXXX
2019-02-10 20:23:56,178: [DEBUG] 寫入ad帳號
2019-02-10 20:23:56,287: [DEBUG] 寫入ad帳號
2019-02-10 20:23:56,291: [DEBUG] Employee：鍾XXXXX
2019-02-10 20:23:56,291: [DEBUG] Employee：鍾XXXXX
2019-02-10 20:23:56,338: [DEBUG] 寫入ad帳號
2019-02-10 20:23:56,384: [DEBUG] 寫入ad帳號
2019-02-10 20:23:56,399: [DEBUG] Employee：鍾XXXXX
2019-02-10 20:23:56,426: [DEBUG] Employee：鍾XXXXX
2019-02-10 20:23:56,426: [DEBUG] 寫入ad帳號
2019-02-10 20:23:56,461: [DEBUG] 寫入ad帳號
2019-02-10 20:23:56,508: [DEBUG] Employee：鍾XXXXX
2019-02-10 20:23:56,508: [DEBUG] Employee：鍾XXXXX
2019-02-10 20:23:56,513: [DEBUG] 寫入ad帳號
2019-02-10 20:23:56,539: [DEBUG] Employee：鍾XXXXX
2019-02-10 20:23:56,560: [DEBUG] 寫入ad帳號
2019-02-10 20:23:56,560: [DEBUG] 寫入ad帳號
2019-02-10 20:23:56,583: [DEBUG] Employee：鍾XXXXX
2019-02-10 20:23:56,594: [DEBUG] 寫入ad帳號
2019-02-10 20:23:56,681: [DEBUG] 寫入ad帳號
2019-02-10 20:23:56,701: [DEBUG] Employee：鍾XXXXX
2019-02-10 20:23:56,701: [DEBUG] Employee：鍾XXXXX
2019-02-10 20:23:56,701: [DEBUG] Employee：鍾XXXXX
2019-02-10 20:23:56,730: [DEBUG] 寫入ad帳號
2019-02-10 20:23:56,753: [DEBUG] Employee：鍾XXXXX
2019-02-10 20:23:56,753: [DEBUG] 寫入ad帳號
2019-02-10 20:23:56,802: [DEBUG] 寫入ad帳號
2019-02-10 20:23:56,879: [DEBUG] 寫入ad帳號
2019-02-10 20:23:56,904: [DEBUG] Employee：鍾XXXXX
2019-02-10 20:23:56,904: [DEBUG] Employee：鍾XXXXX
2019-02-10 20:23:56,971: [DEBUG] Employee：鍾XXXXX
2019-02-10 20:23:56,975: [DEBUG] 寫入ad帳號
2019-02-10 20:23:56,975: [DEBUG] 寫入ad帳號
2019-02-10 20:23:56,989: [DEBUG] Employee：鍾XXXXX
2019-02-10 20:23:57,020: [DEBUG] 寫入ad帳號
2019-02-10 20:23:57,060: [DEBUG] Employee：鍾XXXXX
2019-02-10 20:23:57,060: [DEBUG] Employee：鍾XXXXX
2019-02-10 20:23:57,060: [DEBUG] 寫入ad帳號
2019-02-10 20:23:57,133: [DEBUG] Employee：鍾XXXXX
2019-02-10 20:23:57,172: [DEBUG] 寫入ad帳號
2019-02-10 20:23:57,176: [DEBUG] 寫入ad帳號
2019-02-10 20:23:57,196: [DEBUG] Employee：鍾XXXXX
2019-02-10 20:23:57,234: [DEBUG] Employee：鍾XXXXX
2019-02-10 20:23:57,245: [DEBUG] Employee：鍾XXXXX
2019-02-10 20:24:11,856: [DEBUG] 寫入ad帳號
2019-02-10 20:24:11,911: [DEBUG] Employee：鍾XXXXX
2019-02-10 20:24:12,575: [DEBUG] 1
2019-02-10 20:24:12,575: [DEBUG] F
