2019-02-08 21:47:38,155: [DEBUG] 寫入ad帳號
2019-02-08 21:47:40,777: [DEBUG] Employee：鍾XXXXX
2019-02-08 21:47:41,346: [DEBUG] HomeController:F
2019-02-08 21:47:41,506: [DEBUG] 1
2019-02-08 21:47:41,506: [DEBUG] F
2019-02-08 21:47:50,889: [DEBUG] 寫入ad帳號
2019-02-08 21:47:50,889: [DEBUG] 寫入ad帳號
2019-02-08 21:47:50,889: [DEBUG] 寫入ad帳號
2019-02-08 21:47:50,891: [DEBUG] 寫入ad帳號
2019-02-08 21:47:50,903: [DEBUG] 寫入ad帳號
2019-02-08 21:47:50,964: [DEBUG] Employee：鍾XXXXX
2019-02-08 21:47:50,976: [DEBUG] Employee：鍾XXXXX
2019-02-08 21:47:50,986: [DEBUG] Employee：鍾XXXXX
2019-02-08 21:47:51,011: [DEBUG] Employee：鍾XXXXX
2019-02-08 21:47:51,038: [DEBUG] Employee：鍾XXXXX
2019-02-08 21:47:51,103: [DEBUG] 寫入ad帳號
2019-02-08 21:47:51,105: [DEBUG] 寫入ad帳號
2019-02-08 21:47:51,171: [DEBUG] Employee：鍾XXXXX
2019-02-08 21:47:51,182: [DEBUG] Employee：鍾XXXXX
2019-02-08 21:47:51,193: [DEBUG] 寫入ad帳號
2019-02-08 21:47:51,265: [DEBUG] Employee：鍾XXXXX
2019-02-08 21:47:51,884: [DEBUG] 寫入ad帳號
2019-02-08 21:47:51,927: [DEBUG] Employee：鍾XXXXX
2019-02-08 21:48:01,584: [DEBUG] 1
2019-02-08 21:48:01,584: [DEBUG] F
2019-02-08 21:48:43,542: [DEBUG] 1
2019-02-08 21:48:43,542: [DEBUG] F
2019-02-08 21:48:49,603: [DEBUG] 1
2019-02-08 21:48:49,604: [DEBUG] F
2019-02-08 21:48:55,464: [DEBUG] 1
2019-02-08 21:48:55,464: [DEBUG] F
2019-02-08 21:48:59,368: [DEBUG] 1
2019-02-08 21:48:59,368: [DEBUG] F
2019-02-08 21:49:01,699: [DEBUG] 1
2019-02-08 21:49:01,699: [DEBUG] F
2019-02-08 21:49:03,937: [DEBUG] 1
2019-02-08 21:49:03,937: [DEBUG] F
2019-02-08 21:49:07,082: [DEBUG] 1
2019-02-08 21:49:07,082: [DEBUG] F
2019-02-08 21:49:53,122: [DEBUG] 寫入ad帳號
2019-02-08 21:49:53,241: [DEBUG] Employee：鍾XXXXX
2019-02-08 22:03:10,064: [DEBUG] 寫入ad帳號
2019-02-08 22:03:11,060: [DEBUG] Employee：鍾XXXXX
2019-02-08 22:13:59,047: [DEBUG] 寫入ad帳號
2019-02-08 22:13:59,880: [DEBUG] Employee：鍾XXXXX
2019-02-08 22:14:00,481: [DEBUG] HomeController:F
2019-02-08 22:14:00,690: [DEBUG] 1
2019-02-08 22:14:00,691: [DEBUG] F
2019-02-08 22:14:01,459: [DEBUG] 寫入ad帳號
2019-02-08 22:14:01,459: [DEBUG] 寫入ad帳號
2019-02-08 22:14:01,475: [DEBUG] 寫入ad帳號
2019-02-08 22:14:01,477: [DEBUG] 寫入ad帳號
2019-02-08 22:14:01,478: [DEBUG] 寫入ad帳號
2019-02-08 22:14:01,593: [DEBUG] Employee：鍾XXXXX
2019-02-08 22:14:01,607: [DEBUG] Employee：鍾XXXXX
2019-02-08 22:14:01,607: [DEBUG] Employee：鍾XXXXX
2019-02-08 22:14:01,682: [DEBUG] Employee：鍾XXXXX
2019-02-08 22:14:01,682: [DEBUG] 寫入ad帳號
2019-02-08 22:14:01,722: [DEBUG] Employee：鍾XXXXX
2019-02-08 22:14:01,742: [DEBUG] 寫入ad帳號
2019-02-08 22:14:01,754: [DEBUG] Employee：鍾XXXXX
2019-02-08 22:14:01,787: [DEBUG] 寫入ad帳號
2019-02-08 22:14:01,789: [DEBUG] 寫入ad帳號
2019-02-08 22:14:01,789: [DEBUG] 寫入ad帳號
2019-02-08 22:14:01,904: [DEBUG] Employee：鍾XXXXX
2019-02-08 22:14:01,917: [DEBUG] Employee：鍾XXXXX
2019-02-08 22:14:01,939: [DEBUG] Employee：鍾XXXXX
2019-02-08 22:14:01,939: [DEBUG] 寫入ad帳號
2019-02-08 22:14:01,998: [DEBUG] 寫入ad帳號
2019-02-08 22:14:01,998: [DEBUG] 寫入ad帳號
2019-02-08 22:14:02,021: [DEBUG] Employee：鍾XXXXX
2019-02-08 22:14:02,021: [DEBUG] Employee：鍾XXXXX
2019-02-08 22:14:02,050: [DEBUG] 寫入ad帳號
2019-02-08 22:14:02,084: [DEBUG] 寫入ad帳號
2019-02-08 22:14:02,087: [DEBUG] Employee：鍾XXXXX
2019-02-08 22:14:02,098: [DEBUG] Employee：鍾XXXXX
2019-02-08 22:14:02,137: [DEBUG] 寫入ad帳號
2019-02-08 22:14:02,150: [DEBUG] Employee：鍾XXXXX
2019-02-08 22:14:02,150: [DEBUG] Employee：鍾XXXXX
2019-02-08 22:14:02,169: [DEBUG] 寫入ad帳號
2019-02-08 22:14:02,189: [DEBUG] 寫入ad帳號
2019-02-08 22:14:02,189: [DEBUG] 寫入ad帳號
2019-02-08 22:14:02,231: [DEBUG] Employee：鍾XXXXX
2019-02-08 22:14:02,266: [DEBUG] Employee：鍾XXXXX
2019-02-08 22:14:02,266: [DEBUG] 寫入ad帳號
2019-02-08 22:14:02,279: [DEBUG] Employee：鍾XXXXX
2019-02-08 22:14:02,289: [DEBUG] Employee：鍾XXXXX
2019-02-08 22:14:02,353: [DEBUG] 寫入ad帳號
2019-02-08 22:14:02,374: [DEBUG] Employee：鍾XXXXX
2019-02-08 22:14:02,374: [DEBUG] 寫入ad帳號
2019-02-08 22:14:02,389: [DEBUG] 寫入ad帳號
2019-02-08 22:14:02,428: [DEBUG] Employee：鍾XXXXX
2019-02-08 22:14:02,450: [DEBUG] Employee：鍾XXXXX
2019-02-08 22:14:02,458: [DEBUG] 寫入ad帳號
2019-02-08 22:14:02,491: [DEBUG] Employee：鍾XXXXX
2019-02-08 22:14:02,493: [DEBUG] 寫入ad帳號
2019-02-08 22:14:02,499: [DEBUG] 寫入ad帳號
2019-02-08 22:14:02,568: [DEBUG] 寫入ad帳號
2019-02-08 22:14:02,586: [DEBUG] 寫入ad帳號
2019-02-08 22:14:02,586: [DEBUG] Employee：鍾XXXXX
2019-02-08 22:14:02,648: [DEBUG] Employee：鍾XXXXX
2019-02-08 22:14:02,648: [DEBUG] Employee：鍾XXXXX
2019-02-08 22:14:02,681: [DEBUG] Employee：鍾XXXXX
2019-02-08 22:14:02,682: [DEBUG] Employee：鍾XXXXX
2019-02-08 22:14:02,697: [DEBUG] 寫入ad帳號
2019-02-08 22:14:02,706: [DEBUG] 寫入ad帳號
2019-02-08 22:14:02,747: [DEBUG] 寫入ad帳號
2019-02-08 22:14:02,817: [DEBUG] Employee：鍾XXXXX
2019-02-08 22:14:02,817: [DEBUG] Employee：鍾XXXXX
2019-02-08 22:14:02,834: [DEBUG] Employee：鍾XXXXX
2019-02-08 22:14:52,639: [DEBUG] 1
2019-02-08 22:14:52,639: [DEBUG] F
2019-02-08 22:15:08,468: [DEBUG] 1
2019-02-08 22:15:08,468: [DEBUG] F
2019-02-08 22:22:32,277: [DEBUG] 寫入ad帳號
2019-02-08 22:22:32,694: [DEBUG] Employee：鍾XXXXX
2019-02-08 22:22:33,233: [DEBUG] HomeController:F
2019-02-08 22:22:33,370: [DEBUG] 1
2019-02-08 22:22:33,370: [DEBUG] F
2019-02-08 22:22:33,840: [DEBUG] 寫入ad帳號
2019-02-08 22:22:33,840: [DEBUG] 寫入ad帳號
2019-02-08 22:22:33,868: [DEBUG] 寫入ad帳號
2019-02-08 22:22:33,868: [DEBUG] 寫入ad帳號
2019-02-08 22:22:33,868: [DEBUG] 寫入ad帳號
2019-02-08 22:22:33,935: [DEBUG] Employee：鍾XXXXX
2019-02-08 22:22:33,991: [DEBUG] Employee：鍾XXXXX
2019-02-08 22:22:34,001: [DEBUG] Employee：鍾XXXXX
2019-02-08 22:22:34,008: [DEBUG] 寫入ad帳號
2019-02-08 22:22:34,015: [DEBUG] Employee：鍾XXXXX
2019-02-08 22:22:34,015: [DEBUG] Employee：鍾XXXXX
2019-02-08 22:22:34,092: [DEBUG] 寫入ad帳號
2019-02-08 22:22:34,106: [DEBUG] Employee：鍾XXXXX
2019-02-08 22:22:34,115: [DEBUG] 寫入ad帳號
2019-02-08 22:22:34,156: [DEBUG] Employee：鍾XXXXX
2019-02-08 22:22:34,167: [DEBUG] Employee：鍾XXXXX
2019-02-08 22:22:34,180: [DEBUG] 寫入ad帳號
2019-02-08 22:22:34,180: [DEBUG] 寫入ad帳號
2019-02-08 22:22:34,210: [DEBUG] 寫入ad帳號
2019-02-08 22:22:34,253: [DEBUG] Employee：鍾XXXXX
2019-02-08 22:22:34,270: [DEBUG] Employee：鍾XXXXX
2019-02-08 22:22:34,270: [DEBUG] 寫入ad帳號
2019-02-08 22:22:34,285: [DEBUG] Employee：鍾XXXXX
2019-02-08 22:22:34,323: [DEBUG] 寫入ad帳號
2019-02-08 22:22:34,343: [DEBUG] 寫入ad帳號
2019-02-08 22:22:34,343: [DEBUG] Employee：鍾XXXXX
2019-02-08 22:22:34,382: [DEBUG] Employee：鍾XXXXX
2019-02-08 22:22:34,382: [DEBUG] 寫入ad帳號
2019-02-08 22:22:34,407: [DEBUG] Employee：鍾XXXXX
2019-02-08 22:22:34,447: [DEBUG] 寫入ad帳號
2019-02-08 22:22:34,492: [DEBUG] 寫入ad帳號
2019-02-08 22:22:34,512: [DEBUG] Employee：鍾XXXXX
2019-02-08 22:22:34,527: [DEBUG] Employee：鍾XXXXX
2019-02-08 22:22:34,527: [DEBUG] 寫入ad帳號
2019-02-08 22:22:34,540: [DEBUG] Employee：鍾XXXXX
2019-02-08 22:22:34,541: [DEBUG] 寫入ad帳號
2019-02-08 22:22:34,579: [DEBUG] Employee：鍾XXXXX
2019-02-08 22:22:34,590: [DEBUG] Employee：鍾XXXXX
2019-02-08 22:22:34,621: [DEBUG] 寫入ad帳號
2019-02-08 22:22:34,627: [DEBUG] 寫入ad帳號
2019-02-08 22:22:34,629: [DEBUG] 寫入ad帳號
2019-02-08 22:22:34,702: [DEBUG] Employee：鍾XXXXX
2019-02-08 22:22:34,702: [DEBUG] Employee：鍾XXXXX
2019-02-08 22:22:34,709: [DEBUG] 寫入ad帳號
2019-02-08 22:22:34,723: [DEBUG] Employee：鍾XXXXX
2019-02-08 22:22:34,756: [DEBUG] 寫入ad帳號
2019-02-08 22:22:34,756: [DEBUG] 寫入ad帳號
2019-02-08 22:22:34,774: [DEBUG] 寫入ad帳號
2019-02-08 22:22:34,774: [DEBUG] Employee：鍾XXXXX
2019-02-08 22:22:34,818: [DEBUG] Employee：鍾XXXXX
2019-02-08 22:22:34,818: [DEBUG] Employee：鍾XXXXX
2019-02-08 22:22:34,827: [DEBUG] 寫入ad帳號
2019-02-08 22:22:34,827: [DEBUG] 寫入ad帳號
2019-02-08 22:22:34,844: [DEBUG] Employee：鍾XXXXX
2019-02-08 22:22:34,855: [DEBUG] 寫入ad帳號
2019-02-08 22:22:34,910: [DEBUG] Employee：鍾XXXXX
2019-02-08 22:22:34,911: [DEBUG] 寫入ad帳號
2019-02-08 22:22:34,911: [DEBUG] Employee：鍾XXXXX
2019-02-08 22:22:34,951: [DEBUG] Employee：鍾XXXXX
2019-02-08 22:22:34,951: [DEBUG] 寫入ad帳號
2019-02-08 22:22:34,966: [DEBUG] Employee：鍾XXXXX
2019-02-08 22:22:34,994: [DEBUG] Employee：鍾XXXXX
2019-02-08 22:22:40,025: [DEBUG] 1
2019-02-08 22:22:40,025: [DEBUG] F
2019-02-08 22:29:15,428: [DEBUG] 寫入ad帳號
2019-02-08 22:29:16,368: [DEBUG] Employee：鍾XXXXX
2019-02-08 22:29:16,950: [DEBUG] HomeController:F
2019-02-08 22:29:17,115: [DEBUG] 1
2019-02-08 22:29:17,115: [DEBUG] F
2019-02-08 22:29:17,645: [DEBUG] 寫入ad帳號
2019-02-08 22:29:17,645: [DEBUG] 寫入ad帳號
2019-02-08 22:29:17,645: [DEBUG] 寫入ad帳號
2019-02-08 22:29:17,670: [DEBUG] 寫入ad帳號
2019-02-08 22:29:17,671: [DEBUG] 寫入ad帳號
2019-02-08 22:29:17,776: [DEBUG] Employee：鍾XXXXX
2019-02-08 22:29:17,853: [DEBUG] Employee：鍾XXXXX
2019-02-08 22:29:17,853: [DEBUG] Employee：鍾XXXXX
2019-02-08 22:29:17,871: [DEBUG] Employee：鍾XXXXX
2019-02-08 22:29:17,874: [DEBUG] 寫入ad帳號
2019-02-08 22:29:17,887: [DEBUG] Employee：鍾XXXXX
2019-02-08 22:29:17,929: [DEBUG] 寫入ad帳號
2019-02-08 22:29:17,931: [DEBUG] 寫入ad帳號
2019-02-08 22:29:17,955: [DEBUG] 寫入ad帳號
2019-02-08 22:29:17,956: [DEBUG] Employee：鍾XXXXX
2019-02-08 22:29:17,981: [DEBUG] 寫入ad帳號
2019-02-08 22:29:18,008: [DEBUG] Employee：鍾XXXXX
2019-02-08 22:29:18,008: [DEBUG] Employee：鍾XXXXX
2019-02-08 22:29:18,026: [DEBUG] Employee：鍾XXXXX
2019-02-08 22:29:18,041: [DEBUG] 寫入ad帳號
2019-02-08 22:29:18,145: [DEBUG] 寫入ad帳號
2019-02-08 22:29:18,145: [DEBUG] Employee：鍾XXXXX
2019-02-08 22:29:18,159: [DEBUG] 寫入ad帳號
2019-02-08 22:29:18,173: [DEBUG] Employee：鍾XXXXX
2019-02-08 22:29:18,190: [DEBUG] 寫入ad帳號
2019-02-08 22:29:18,216: [DEBUG] Employee：鍾XXXXX
2019-02-08 22:29:18,232: [DEBUG] Employee：鍾XXXXX
2019-02-08 22:29:18,234: [DEBUG] 寫入ad帳號
2019-02-08 22:29:18,253: [DEBUG] Employee：鍾XXXXX
2019-02-08 22:29:18,253: [DEBUG] 寫入ad帳號
2019-02-08 22:29:18,312: [DEBUG] Employee：鍾XXXXX
2019-02-08 22:29:18,319: [DEBUG] 寫入ad帳號
2019-02-08 22:29:18,319: [DEBUG] 寫入ad帳號
2019-02-08 22:29:18,347: [DEBUG] Employee：鍾XXXXX
2019-02-08 22:29:18,376: [DEBUG] Employee：鍾XXXXX
2019-02-08 22:29:18,376: [DEBUG] 寫入ad帳號
2019-02-08 22:29:18,390: [DEBUG] 寫入ad帳號
2019-02-08 22:29:18,405: [DEBUG] Employee：鍾XXXXX
2019-02-08 22:29:18,432: [DEBUG] 寫入ad帳號
2019-02-08 22:29:18,447: [DEBUG] Employee：鍾XXXXX
2019-02-08 22:29:18,448: [DEBUG] Employee：鍾XXXXX
2019-02-08 22:29:18,474: [DEBUG] 寫入ad帳號
2019-02-08 22:29:18,492: [DEBUG] Employee：鍾XXXXX
2019-02-08 22:29:18,513: [DEBUG] 寫入ad帳號
2019-02-08 22:29:18,513: [DEBUG] 寫入ad帳號
2019-02-08 22:29:18,554: [DEBUG] 寫入ad帳號
2019-02-08 22:29:18,609: [DEBUG] Employee：鍾XXXXX
2019-02-08 22:29:18,611: [DEBUG] Employee：鍾XXXXX
2019-02-08 22:29:18,616: [DEBUG] Employee：鍾XXXXX
2019-02-08 22:29:18,636: [DEBUG] 寫入ad帳號
2019-02-08 22:29:18,636: [DEBUG] 寫入ad帳號
2019-02-08 22:29:18,666: [DEBUG] Employee：鍾XXXXX
2019-02-08 22:29:18,670: [DEBUG] 寫入ad帳號
2019-02-08 22:29:18,709: [DEBUG] 寫入ad帳號
2019-02-08 22:29:18,721: [DEBUG] Employee：鍾XXXXX
2019-02-08 22:29:18,733: [DEBUG] Employee：鍾XXXXX
2019-02-08 22:29:18,737: [DEBUG] Employee：鍾XXXXX
2019-02-08 22:29:18,759: [DEBUG] 寫入ad帳號
2019-02-08 22:29:18,759: [DEBUG] 寫入ad帳號
2019-02-08 22:29:18,798: [DEBUG] Employee：鍾XXXXX
2019-02-08 22:29:18,835: [DEBUG] Employee：鍾XXXXX
2019-02-08 22:29:18,849: [DEBUG] Employee：鍾XXXXX
2019-02-08 22:29:35,246: [DEBUG] 寫入ad帳號
2019-02-08 22:29:35,294: [DEBUG] Employee：鍾XXXXX
2019-02-08 22:29:36,095: [DEBUG] 1
2019-02-08 22:29:36,095: [DEBUG] F
2019-02-08 22:29:36,365: [DEBUG] 寫入ad帳號
2019-02-08 22:29:36,371: [DEBUG] 寫入ad帳號
2019-02-08 22:29:36,411: [DEBUG] 寫入ad帳號
2019-02-08 22:29:36,417: [DEBUG] 寫入ad帳號
2019-02-08 22:29:36,460: [DEBUG] 寫入ad帳號
2019-02-08 22:29:36,460: [DEBUG] Employee：鍾XXXXX
2019-02-08 22:29:36,496: [DEBUG] Employee：鍾XXXXX
2019-02-08 22:29:36,547: [DEBUG] 寫入ad帳號
2019-02-08 22:29:36,567: [DEBUG] Employee：鍾XXXXX
2019-02-08 22:29:36,598: [DEBUG] Employee：鍾XXXXX
2019-02-08 22:29:36,598: [DEBUG] Employee：鍾XXXXX
2019-02-08 22:29:36,638: [DEBUG] 寫入ad帳號
2019-02-08 22:29:36,638: [DEBUG] 寫入ad帳號
2019-02-08 22:29:36,660: [DEBUG] 寫入ad帳號
2019-02-08 22:29:36,660: [DEBUG] Employee：鍾XXXXX
2019-02-08 22:29:36,717: [DEBUG] 寫入ad帳號
2019-02-08 22:29:36,780: [DEBUG] Employee：鍾XXXXX
2019-02-08 22:29:36,809: [DEBUG] Employee：鍾XXXXX
2019-02-08 22:29:36,826: [DEBUG] Employee：鍾XXXXX
2019-02-08 22:29:36,835: [DEBUG] Employee：鍾XXXXX
2019-02-08 22:29:36,860: [DEBUG] 寫入ad帳號
2019-02-08 22:29:36,860: [DEBUG] 寫入ad帳號
2019-02-08 22:29:36,896: [DEBUG] 寫入ad帳號
2019-02-08 22:29:36,948: [DEBUG] 寫入ad帳號
2019-02-08 22:29:36,993: [DEBUG] Employee：鍾XXXXX
2019-02-08 22:29:37,009: [DEBUG] Employee：鍾XXXXX
2019-02-08 22:29:37,049: [DEBUG] Employee：鍾XXXXX
2019-02-08 22:29:37,049: [DEBUG] 寫入ad帳號
2019-02-08 22:29:37,050: [DEBUG] 寫入ad帳號
2019-02-08 22:29:37,090: [DEBUG] Employee：鍾XXXXX
2019-02-08 22:29:37,091: [DEBUG] 寫入ad帳號
2019-02-08 22:29:37,117: [DEBUG] 寫入ad帳號
2019-02-08 22:29:37,171: [DEBUG] 寫入ad帳號
2019-02-08 22:29:37,208: [DEBUG] Employee：鍾XXXXX
2019-02-08 22:29:37,209: [DEBUG] Employee：鍾XXXXX
2019-02-08 22:29:37,231: [DEBUG] Employee：鍾XXXXX
2019-02-08 22:29:37,246: [DEBUG] 寫入ad帳號
2019-02-08 22:29:37,246: [DEBUG] 寫入ad帳號
2019-02-08 22:29:37,276: [DEBUG] Employee：鍾XXXXX
2019-02-08 22:29:37,293: [DEBUG] 寫入ad帳號
2019-02-08 22:29:37,333: [DEBUG] Employee：鍾XXXXX
2019-02-08 22:29:37,354: [DEBUG] Employee：鍾XXXXX
2019-02-08 22:29:37,354: [DEBUG] 寫入ad帳號
2019-02-08 22:29:37,412: [DEBUG] Employee：鍾XXXXX
2019-02-08 22:29:37,414: [DEBUG] Employee：鍾XXXXX
2019-02-08 22:29:37,418: [DEBUG] 寫入ad帳號
2019-02-08 22:29:37,424: [DEBUG] 寫入ad帳號
2019-02-08 22:29:37,476: [DEBUG] 寫入ad帳號
2019-02-08 22:29:37,476: [DEBUG] 寫入ad帳號
2019-02-08 22:29:37,493: [DEBUG] Employee：鍾XXXXX
2019-02-08 22:29:37,536: [DEBUG] Employee：鍾XXXXX
2019-02-08 22:29:37,565: [DEBUG] Employee：鍾XXXXX
2019-02-08 22:29:37,565: [DEBUG] 寫入ad帳號
2019-02-08 22:29:37,598: [DEBUG] Employee：鍾XXXXX
2019-02-08 22:29:37,598: [DEBUG] Employee：鍾XXXXX
2019-02-08 22:29:37,598: [DEBUG] 寫入ad帳號
2019-02-08 22:29:37,630: [DEBUG] 寫入ad帳號
2019-02-08 22:29:37,632: [DEBUG] 寫入ad帳號
2019-02-08 22:29:37,728: [DEBUG] Employee：鍾XXXXX
2019-02-08 22:29:37,744: [DEBUG] Employee：鍾XXXXX
2019-02-08 22:29:37,745: [DEBUG] Employee：鍾XXXXX
2019-02-08 22:29:37,804: [DEBUG] Employee：鍾XXXXX
2019-02-08 22:31:24,737: [DEBUG] 寫入ad帳號
2019-02-08 22:31:25,229: [DEBUG] Employee：鍾XXXXX
2019-02-08 22:31:25,642: [DEBUG] HomeController:F
2019-02-08 22:31:25,807: [DEBUG] 1
2019-02-08 22:31:25,808: [DEBUG] F
2019-02-08 22:31:26,184: [DEBUG] 寫入ad帳號
2019-02-08 22:31:26,185: [DEBUG] 寫入ad帳號
2019-02-08 22:31:26,202: [DEBUG] 寫入ad帳號
2019-02-08 22:31:26,202: [DEBUG] 寫入ad帳號
2019-02-08 22:31:26,202: [DEBUG] 寫入ad帳號
2019-02-08 22:31:26,324: [DEBUG] Employee：鍾XXXXX
2019-02-08 22:31:26,387: [DEBUG] Employee：鍾XXXXX
2019-02-08 22:31:26,387: [DEBUG] Employee：鍾XXXXX
2019-02-08 22:31:26,391: [DEBUG] Employee：鍾XXXXX
2019-02-08 22:31:26,398: [DEBUG] Employee：鍾XXXXX
2019-02-08 22:31:26,409: [DEBUG] 寫入ad帳號
2019-02-08 22:31:26,434: [DEBUG] 寫入ad帳號
2019-02-08 22:31:26,434: [DEBUG] 寫入ad帳號
2019-02-08 22:31:26,510: [DEBUG] Employee：鍾XXXXX
2019-02-08 22:31:26,511: [DEBUG] 寫入ad帳號
2019-02-08 22:31:26,525: [DEBUG] Employee：鍾XXXXX
2019-02-08 22:31:26,525: [DEBUG] Employee：鍾XXXXX
2019-02-08 22:31:26,535: [DEBUG] 寫入ad帳號
2019-02-08 22:31:26,547: [DEBUG] 寫入ad帳號
2019-02-08 22:31:26,585: [DEBUG] 寫入ad帳號
2019-02-08 22:31:26,585: [DEBUG] 寫入ad帳號
2019-02-08 22:31:26,700: [DEBUG] Employee：鍾XXXXX
2019-02-08 22:31:26,700: [DEBUG] Employee：鍾XXXXX
2019-02-08 22:31:26,700: [DEBUG] Employee：鍾XXXXX
2019-02-08 22:31:26,737: [DEBUG] Employee：鍾XXXXX
2019-02-08 22:31:26,775: [DEBUG] 寫入ad帳號
2019-02-08 22:31:26,775: [DEBUG] 寫入ad帳號
2019-02-08 22:31:26,775: [DEBUG] 寫入ad帳號
2019-02-08 22:31:26,804: [DEBUG] Employee：鍾XXXXX
2019-02-08 22:31:26,891: [DEBUG] Employee：鍾XXXXX
2019-02-08 22:31:26,894: [DEBUG] 寫入ad帳號
2019-02-08 22:31:26,906: [DEBUG] Employee：鍾XXXXX
2019-02-08 22:31:26,906: [DEBUG] Employee：鍾XXXXX
2019-02-08 22:31:26,989: [DEBUG] 寫入ad帳號
2019-02-08 22:31:27,016: [DEBUG] 寫入ad帳號
2019-02-08 22:31:27,016: [DEBUG] Employee：鍾XXXXX
2019-02-08 22:31:27,016: [DEBUG] 寫入ad帳號
2019-02-08 22:31:27,081: [DEBUG] Employee：鍾XXXXX
2019-02-08 22:31:27,081: [DEBUG] 寫入ad帳號
2019-02-08 22:31:27,094: [DEBUG] Employee：鍾XXXXX
2019-02-08 22:31:27,094: [DEBUG] Employee：鍾XXXXX
2019-02-08 22:31:27,095: [DEBUG] 寫入ad帳號
2019-02-08 22:31:27,127: [DEBUG] 寫入ad帳號
2019-02-08 22:31:27,193: [DEBUG] Employee：鍾XXXXX
2019-02-08 22:31:27,194: [DEBUG] Employee：鍾XXXXX
2019-02-08 22:31:27,196: [DEBUG] 寫入ad帳號
2019-02-08 22:31:27,215: [DEBUG] Employee：鍾XXXXX
2019-02-08 22:31:27,215: [DEBUG] 寫入ad帳號
2019-02-08 22:31:27,217: [DEBUG] 寫入ad帳號
2019-02-08 22:31:27,269: [DEBUG] Employee：鍾XXXXX
2019-02-08 22:31:27,280: [DEBUG] Employee：鍾XXXXX
2019-02-08 22:31:27,280: [DEBUG] Employee：鍾XXXXX
2019-02-08 22:31:27,286: [DEBUG] 寫入ad帳號
2019-02-08 22:31:27,290: [DEBUG] 寫入ad帳號
2019-02-08 22:31:27,312: [DEBUG] 寫入ad帳號
2019-02-08 22:31:27,312: [DEBUG] 寫入ad帳號
2019-02-08 22:31:27,395: [DEBUG] Employee：鍾XXXXX
2019-02-08 22:31:27,395: [DEBUG] Employee：鍾XXXXX
2019-02-08 22:31:27,407: [DEBUG] Employee：鍾XXXXX
2019-02-08 22:31:27,407: [DEBUG] 寫入ad帳號
2019-02-08 22:31:27,420: [DEBUG] Employee：鍾XXXXX
2019-02-08 22:31:27,455: [DEBUG] Employee：鍾XXXXX
2019-02-08 22:32:12,386: [DEBUG] 寫入ad帳號
2019-02-08 22:32:12,428: [DEBUG] Employee：鍾XXXXX
2019-02-08 22:32:13,132: [DEBUG] 1
2019-02-08 22:32:13,132: [DEBUG] F
2019-02-08 22:33:49,455: [DEBUG] 寫入ad帳號
2019-02-08 22:33:49,496: [DEBUG] Employee：鍾XXXXX
2019-02-08 22:34:46,015: [DEBUG] 寫入ad帳號
2019-02-08 22:34:46,515: [DEBUG] Employee：鍾XXXXX
2019-02-08 22:34:46,943: [DEBUG] HomeController:F
2019-02-08 22:34:47,082: [DEBUG] 1
2019-02-08 22:34:47,083: [DEBUG] F
2019-02-08 22:34:47,452: [DEBUG] 寫入ad帳號
2019-02-08 22:34:47,458: [DEBUG] 寫入ad帳號
2019-02-08 22:34:47,458: [DEBUG] 寫入ad帳號
2019-02-08 22:34:47,458: [DEBUG] 寫入ad帳號
2019-02-08 22:34:47,473: [DEBUG] 寫入ad帳號
2019-02-08 22:34:47,598: [DEBUG] Employee：鍾XXXXX
2019-02-08 22:34:47,610: [DEBUG] Employee：鍾XXXXX
2019-02-08 22:34:47,628: [DEBUG] Employee：鍾XXXXX
2019-02-08 22:34:47,628: [DEBUG] Employee：鍾XXXXX
2019-02-08 22:34:47,630: [DEBUG] 寫入ad帳號
2019-02-08 22:34:47,686: [DEBUG] Employee：鍾XXXXX
2019-02-08 22:34:47,697: [DEBUG] Employee：鍾XXXXX
2019-02-08 22:34:47,714: [DEBUG] 寫入ad帳號
2019-02-08 22:34:47,746: [DEBUG] 寫入ad帳號
2019-02-08 22:34:47,746: [DEBUG] 寫入ad帳號
2019-02-08 22:34:47,785: [DEBUG] 寫入ad帳號
2019-02-08 22:34:47,862: [DEBUG] Employee：鍾XXXXX
2019-02-08 22:34:47,862: [DEBUG] Employee：鍾XXXXX
2019-02-08 22:34:47,892: [DEBUG] Employee：鍾XXXXX
2019-02-08 22:34:47,892: [DEBUG] Employee：鍾XXXXX
2019-02-08 22:34:47,903: [DEBUG] 寫入ad帳號
2019-02-08 22:34:47,911: [DEBUG] 寫入ad帳號
2019-02-08 22:34:47,956: [DEBUG] 寫入ad帳號
2019-02-08 22:34:48,014: [DEBUG] Employee：鍾XXXXX
2019-02-08 22:34:48,025: [DEBUG] Employee：鍾XXXXX
2019-02-08 22:34:48,027: [DEBUG] 寫入ad帳號
2019-02-08 22:34:48,036: [DEBUG] Employee：鍾XXXXX
2019-02-08 22:34:48,053: [DEBUG] 寫入ad帳號
2019-02-08 22:34:48,079: [DEBUG] 寫入ad帳號
2019-02-08 22:34:48,122: [DEBUG] Employee：鍾XXXXX
2019-02-08 22:34:48,134: [DEBUG] Employee：鍾XXXXX
2019-02-08 22:34:48,137: [DEBUG] 寫入ad帳號
2019-02-08 22:34:48,162: [DEBUG] Employee：鍾XXXXX
2019-02-08 22:34:48,163: [DEBUG] 寫入ad帳號
2019-02-08 22:34:48,181: [DEBUG] 寫入ad帳號
2019-02-08 22:34:48,204: [DEBUG] Employee：鍾XXXXX
2019-02-08 22:34:48,227: [DEBUG] Employee：鍾XXXXX
2019-02-08 22:34:48,240: [DEBUG] Employee：鍾XXXXX
2019-02-08 22:34:48,240: [DEBUG] 寫入ad帳號
2019-02-08 22:34:48,254: [DEBUG] 寫入ad帳號
2019-02-08 22:34:48,267: [DEBUG] 寫入ad帳號
2019-02-08 22:34:48,300: [DEBUG] Employee：鍾XXXXX
2019-02-08 22:34:48,313: [DEBUG] Employee：鍾XXXXX
2019-02-08 22:34:48,335: [DEBUG] 寫入ad帳號
2019-02-08 22:34:48,335: [DEBUG] 寫入ad帳號
2019-02-08 22:34:48,338: [DEBUG] 寫入ad帳號
2019-02-08 22:34:48,371: [DEBUG] Employee：鍾XXXXX
2019-02-08 22:34:48,373: [DEBUG] 寫入ad帳號
2019-02-08 22:34:48,426: [DEBUG] Employee：鍾XXXXX
2019-02-08 22:34:48,426: [DEBUG] Employee：鍾XXXXX
2019-02-08 22:34:48,426: [DEBUG] Employee：鍾XXXXX
2019-02-08 22:34:48,429: [DEBUG] 寫入ad帳號
2019-02-08 22:34:48,449: [DEBUG] Employee：鍾XXXXX
2019-02-08 22:34:48,449: [DEBUG] 寫入ad帳號
2019-02-08 22:34:48,450: [DEBUG] 寫入ad帳號
2019-02-08 22:34:48,494: [DEBUG] Employee：鍾XXXXX
2019-02-08 22:34:48,526: [DEBUG] 寫入ad帳號
2019-02-08 22:34:48,527: [DEBUG] 寫入ad帳號
2019-02-08 22:34:48,539: [DEBUG] Employee：鍾XXXXX
2019-02-08 22:34:48,539: [DEBUG] Employee：鍾XXXXX
2019-02-08 22:34:48,585: [DEBUG] Employee：鍾XXXXX
2019-02-08 22:34:48,597: [DEBUG] Employee：鍾XXXXX
2019-02-08 22:34:52,785: [DEBUG] 寫入ad帳號
2019-02-08 22:34:52,828: [DEBUG] Employee：鍾XXXXX
2019-02-08 22:34:52,852: [DEBUG] HomeController:F
2019-02-08 22:34:52,853: [DEBUG] 1
2019-02-08 22:34:52,853: [DEBUG] F
2019-02-08 22:34:52,991: [DEBUG] 寫入ad帳號
2019-02-08 22:34:53,034: [DEBUG] 寫入ad帳號
2019-02-08 22:34:53,034: [DEBUG] 寫入ad帳號
2019-02-08 22:34:53,034: [DEBUG] 寫入ad帳號
2019-02-08 22:34:53,151: [DEBUG] Employee：鍾XXXXX
2019-02-08 22:34:53,173: [DEBUG] Employee：鍾XXXXX
2019-02-08 22:34:53,175: [DEBUG] 寫入ad帳號
2019-02-08 22:34:53,175: [DEBUG] 寫入ad帳號
2019-02-08 22:34:53,198: [DEBUG] Employee：鍾XXXXX
2019-02-08 22:34:53,198: [DEBUG] Employee：鍾XXXXX
2019-02-08 22:34:53,214: [DEBUG] 寫入ad帳號
2019-02-08 22:34:53,214: [DEBUG] 寫入ad帳號
2019-02-08 22:34:53,288: [DEBUG] Employee：鍾XXXXX
2019-02-08 22:34:53,288: [DEBUG] Employee：鍾XXXXX
2019-02-08 22:34:53,291: [DEBUG] 寫入ad帳號
2019-02-08 22:34:53,310: [DEBUG] 寫入ad帳號
2019-02-08 22:34:53,310: [DEBUG] Employee：鍾XXXXX
2019-02-08 22:34:53,311: [DEBUG] 寫入ad帳號
2019-02-08 22:34:53,363: [DEBUG] Employee：鍾XXXXX
2019-02-08 22:34:53,364: [DEBUG] 寫入ad帳號
2019-02-08 22:34:53,414: [DEBUG] Employee：鍾XXXXX
2019-02-08 22:34:53,425: [DEBUG] Employee：鍾XXXXX
2019-02-08 22:34:53,425: [DEBUG] 寫入ad帳號
2019-02-08 22:34:53,425: [DEBUG] 寫入ad帳號
2019-02-08 22:34:53,428: [DEBUG] Employee：鍾XXXXX
2019-02-08 22:34:53,451: [DEBUG] Employee：鍾XXXXX
2019-02-08 22:34:53,451: [DEBUG] 寫入ad帳號
2019-02-08 22:34:53,451: [DEBUG] 寫入ad帳號
2019-02-08 22:34:53,511: [DEBUG] 寫入ad帳號
2019-02-08 22:34:53,524: [DEBUG] Employee：鍾XXXXX
2019-02-08 22:34:53,524: [DEBUG] Employee：鍾XXXXX
2019-02-08 22:34:53,524: [DEBUG] 寫入ad帳號
2019-02-08 22:34:53,623: [DEBUG] Employee：鍾XXXXX
2019-02-08 22:34:53,666: [DEBUG] Employee：鍾XXXXX
2019-02-08 22:34:53,667: [DEBUG] 寫入ad帳號
2019-02-08 22:34:53,697: [DEBUG] 寫入ad帳號
2019-02-08 22:34:53,697: [DEBUG] 寫入ad帳號
2019-02-08 22:34:53,729: [DEBUG] 寫入ad帳號
2019-02-08 22:34:53,729: [DEBUG] Employee：鍾XXXXX
2019-02-08 22:34:53,742: [DEBUG] Employee：鍾XXXXX
2019-02-08 22:34:53,758: [DEBUG] Employee：鍾XXXXX
2019-02-08 22:34:53,784: [DEBUG] 寫入ad帳號
2019-02-08 22:34:53,784: [DEBUG] 寫入ad帳號
2019-02-08 22:34:53,784: [DEBUG] 寫入ad帳號
2019-02-08 22:34:53,784: [DEBUG] Employee：鍾XXXXX
2019-02-08 22:34:53,851: [DEBUG] Employee：鍾XXXXX
2019-02-08 22:34:53,851: [DEBUG] 寫入ad帳號
2019-02-08 22:34:53,851: [DEBUG] Employee：鍾XXXXX
2019-02-08 22:34:53,872: [DEBUG] Employee：鍾XXXXX
2019-02-08 22:34:53,872: [DEBUG] 寫入ad帳號
2019-02-08 22:34:53,907: [DEBUG] Employee：鍾XXXXX
2019-02-08 22:34:53,908: [DEBUG] 寫入ad帳號
2019-02-08 22:34:53,908: [DEBUG] 寫入ad帳號
2019-02-08 22:34:53,929: [DEBUG] 寫入ad帳號
2019-02-08 22:34:53,929: [DEBUG] Employee：鍾XXXXX
2019-02-08 22:34:53,993: [DEBUG] Employee：鍾XXXXX
2019-02-08 22:34:53,993: [DEBUG] Employee：鍾XXXXX
2019-02-08 22:34:53,994: [DEBUG] Employee：鍾XXXXX
2019-02-08 22:34:54,006: [DEBUG] Employee：鍾XXXXX
2019-02-08 22:34:54,016: [DEBUG] Employee：鍾XXXXX
2019-02-08 22:34:57,746: [DEBUG] 1
2019-02-08 22:34:57,746: [DEBUG] F
2019-02-08 22:34:58,127: [DEBUG] 1
2019-02-08 22:34:58,128: [DEBUG] F
2019-02-08 22:37:06,326: [DEBUG] 寫入ad帳號
2019-02-08 22:37:06,401: [DEBUG] Employee：鍾XXXXX
2019-02-08 22:37:45,768: [DEBUG] 寫入ad帳號
2019-02-08 22:37:46,384: [DEBUG] 寫入ad帳號
2019-02-08 22:37:46,471: [DEBUG] Employee：鍾XXXXX
2019-02-08 22:37:46,471: [DEBUG] Employee：鍾XXXXX
2019-02-08 22:37:46,981: [DEBUG] HomeController:F
2019-02-08 22:37:47,147: [DEBUG] 1
2019-02-08 22:37:47,147: [DEBUG] F
2019-02-08 22:37:47,585: [DEBUG] 寫入ad帳號
2019-02-08 22:37:47,632: [DEBUG] 寫入ad帳號
2019-02-08 22:37:47,632: [DEBUG] 寫入ad帳號
2019-02-08 22:37:47,632: [DEBUG] 寫入ad帳號
2019-02-08 22:37:47,761: [DEBUG] Employee：鍾XXXXX
2019-02-08 22:37:47,779: [DEBUG] Employee：鍾XXXXX
2019-02-08 22:37:47,781: [DEBUG] 寫入ad帳號
2019-02-08 22:37:47,794: [DEBUG] Employee：鍾XXXXX
2019-02-08 22:37:47,821: [DEBUG] Employee：鍾XXXXX
2019-02-08 22:37:47,824: [DEBUG] 寫入ad帳號
2019-02-08 22:37:47,837: [DEBUG] Employee：鍾XXXXX
2019-02-08 22:37:47,876: [DEBUG] Employee：鍾XXXXX
2019-02-08 22:37:47,877: [DEBUG] HomeController:F
2019-02-08 22:37:47,887: [DEBUG] 寫入ad帳號
2019-02-08 22:37:47,901: [DEBUG] 1
2019-02-08 22:37:47,901: [DEBUG] F
2019-02-08 22:37:47,942: [DEBUG] 寫入ad帳號
2019-02-08 22:37:47,958: [DEBUG] Employee：鍾XXXXX
2019-02-08 22:37:47,965: [DEBUG] 寫入ad帳號
2019-02-08 22:37:47,985: [DEBUG] 寫入ad帳號
2019-02-08 22:37:48,042: [DEBUG] Employee：鍾XXXXX
2019-02-08 22:37:48,043: [DEBUG] 寫入ad帳號
2019-02-08 22:37:48,055: [DEBUG] 寫入ad帳號
2019-02-08 22:37:48,068: [DEBUG] Employee：鍾XXXXX
2019-02-08 22:37:48,068: [DEBUG] Employee：鍾XXXXX
2019-02-08 22:37:48,113: [DEBUG] Employee：鍾XXXXX
2019-02-08 22:37:48,148: [DEBUG] 寫入ad帳號
2019-02-08 22:37:48,148: [DEBUG] 寫入ad帳號
2019-02-08 22:37:48,149: [DEBUG] 寫入ad帳號
2019-02-08 22:37:48,192: [DEBUG] Employee：鍾XXXXX
2019-02-08 22:37:48,303: [DEBUG] Employee：鍾XXXXX
2019-02-08 22:37:48,303: [DEBUG] Employee：鍾XXXXX
2019-02-08 22:37:48,315: [DEBUG] Employee：鍾XXXXX
2019-02-08 22:37:48,337: [DEBUG] 寫入ad帳號
2019-02-08 22:37:48,341: [DEBUG] 寫入ad帳號
2019-02-08 22:37:48,385: [DEBUG] 寫入ad帳號
2019-02-08 22:37:48,400: [DEBUG] 寫入ad帳號
2019-02-08 22:37:48,481: [DEBUG] Employee：鍾XXXXX
2019-02-08 22:37:48,481: [DEBUG] Employee：鍾XXXXX
2019-02-08 22:37:48,481: [DEBUG] Employee：鍾XXXXX
2019-02-08 22:37:48,484: [DEBUG] 寫入ad帳號
2019-02-08 22:37:48,484: [DEBUG] 寫入ad帳號
2019-02-08 22:37:48,609: [DEBUG] 寫入ad帳號
2019-02-08 22:37:48,635: [DEBUG] Employee：鍾XXXXX
2019-02-08 22:37:48,638: [DEBUG] Employee：鍾XXXXX
2019-02-08 22:37:48,638: [DEBUG] 寫入ad帳號
2019-02-08 22:37:48,641: [DEBUG] 寫入ad帳號
2019-02-08 22:37:48,674: [DEBUG] Employee：鍾XXXXX
2019-02-08 22:37:48,675: [DEBUG] 寫入ad帳號
2019-02-08 22:37:48,688: [DEBUG] Employee：鍾XXXXX
2019-02-08 22:37:48,731: [DEBUG] 寫入ad帳號
2019-02-08 22:37:48,731: [DEBUG] Employee：鍾XXXXX
2019-02-08 22:37:48,753: [DEBUG] Employee：鍾XXXXX
2019-02-08 22:37:48,765: [DEBUG] Employee：鍾XXXXX
2019-02-08 22:37:48,765: [DEBUG] 寫入ad帳號
2019-02-08 22:37:48,765: [DEBUG] 寫入ad帳號
2019-02-08 22:37:48,766: [DEBUG] 寫入ad帳號
2019-02-08 22:37:48,784: [DEBUG] Employee：鍾XXXXX
2019-02-08 22:37:48,796: [DEBUG] 寫入ad帳號
2019-02-08 22:37:48,838: [DEBUG] Employee：鍾XXXXX
2019-02-08 22:37:48,841: [DEBUG] 寫入ad帳號
2019-02-08 22:37:48,882: [DEBUG] Employee：鍾XXXXX
2019-02-08 22:37:48,884: [DEBUG] Employee：鍾XXXXX
2019-02-08 22:37:48,885: [DEBUG] 寫入ad帳號
2019-02-08 22:37:48,885: [DEBUG] 寫入ad帳號
2019-02-08 22:37:48,917: [DEBUG] 寫入ad帳號
2019-02-08 22:37:48,941: [DEBUG] Employee：鍾XXXXX
2019-02-08 22:37:48,958: [DEBUG] 寫入ad帳號
2019-02-08 22:37:49,017: [DEBUG] Employee：鍾XXXXX
2019-02-08 22:37:49,017: [DEBUG] Employee：鍾XXXXX
2019-02-08 22:37:49,035: [DEBUG] Employee：鍾XXXXX
2019-02-08 22:37:49,035: [DEBUG] 寫入ad帳號
2019-02-08 22:37:49,035: [DEBUG] 寫入ad帳號
2019-02-08 22:37:49,050: [DEBUG] Employee：鍾XXXXX
2019-02-08 22:37:49,066: [DEBUG] 寫入ad帳號
2019-02-08 22:37:49,124: [DEBUG] 寫入ad帳號
2019-02-08 22:37:49,178: [DEBUG] Employee：鍾XXXXX
2019-02-08 22:37:49,178: [DEBUG] Employee：鍾XXXXX
2019-02-08 22:37:49,213: [DEBUG] 寫入ad帳號
2019-02-08 22:37:49,213: [DEBUG] Employee：鍾XXXXX
2019-02-08 22:37:49,256: [DEBUG] 寫入ad帳號
2019-02-08 22:37:49,270: [DEBUG] Employee：鍾XXXXX
2019-02-08 22:37:49,270: [DEBUG] Employee：鍾XXXXX
2019-02-08 22:37:49,287: [DEBUG] 寫入ad帳號
2019-02-08 22:37:49,287: [DEBUG] 寫入ad帳號
2019-02-08 22:37:49,305: [DEBUG] Employee：鍾XXXXX
2019-02-08 22:37:49,307: [DEBUG] 寫入ad帳號
2019-02-08 22:37:49,307: [DEBUG] 寫入ad帳號
2019-02-08 22:37:49,390: [DEBUG] Employee：鍾XXXXX
2019-02-08 22:37:49,390: [DEBUG] Employee：鍾XXXXX
2019-02-08 22:37:49,402: [DEBUG] 寫入ad帳號
2019-02-08 22:37:49,402: [DEBUG] Employee：鍾XXXXX
2019-02-08 22:37:49,417: [DEBUG] Employee：鍾XXXXX
2019-02-08 22:37:49,417: [DEBUG] Employee：鍾XXXXX
2019-02-08 22:37:49,417: [DEBUG] 寫入ad帳號
2019-02-08 22:37:49,417: [DEBUG] 寫入ad帳號
2019-02-08 22:37:49,494: [DEBUG] 寫入ad帳號
2019-02-08 22:37:49,503: [DEBUG] Employee：鍾XXXXX
2019-02-08 22:37:49,515: [DEBUG] Employee：鍾XXXXX
2019-02-08 22:37:49,515: [DEBUG] Employee：鍾XXXXX
2019-02-08 22:37:49,515: [DEBUG] 寫入ad帳號
2019-02-08 22:37:49,515: [DEBUG] 寫入ad帳號
2019-02-08 22:37:49,549: [DEBUG] 寫入ad帳號
2019-02-08 22:37:49,561: [DEBUG] Employee：鍾XXXXX
2019-02-08 22:37:49,574: [DEBUG] 寫入ad帳號
2019-02-08 22:37:49,575: [DEBUG] Employee：鍾XXXXX
2019-02-08 22:37:49,588: [DEBUG] 寫入ad帳號
2019-02-08 22:37:49,621: [DEBUG] Employee：鍾XXXXX
2019-02-08 22:37:49,621: [DEBUG] 寫入ad帳號
2019-02-08 22:37:49,659: [DEBUG] Employee：鍾XXXXX
2019-02-08 22:37:49,673: [DEBUG] Employee：鍾XXXXX
2019-02-08 22:37:49,673: [DEBUG] Employee：鍾XXXXX
2019-02-08 22:37:49,673: [DEBUG] 寫入ad帳號
2019-02-08 22:37:49,674: [DEBUG] 寫入ad帳號
2019-02-08 22:37:49,703: [DEBUG] 寫入ad帳號
2019-02-08 22:37:49,715: [DEBUG] Employee：鍾XXXXX
2019-02-08 22:37:49,735: [DEBUG] 寫入ad帳號
2019-02-08 22:37:49,748: [DEBUG] Employee：鍾XXXXX
2019-02-08 22:37:49,748: [DEBUG] Employee：鍾XXXXX
2019-02-08 22:37:49,762: [DEBUG] 寫入ad帳號
2019-02-08 22:37:49,773: [DEBUG] Employee：鍾XXXXX
2019-02-08 22:37:49,785: [DEBUG] 寫入ad帳號
2019-02-08 22:37:49,800: [DEBUG] Employee：鍾XXXXX
2019-02-08 22:37:49,826: [DEBUG] Employee：鍾XXXXX
2019-02-08 22:37:49,838: [DEBUG] Employee：鍾XXXXX
2019-02-08 22:38:35,070: [DEBUG] 1
2019-02-08 22:38:35,070: [DEBUG] F
2019-02-08 22:49:17,057: [DEBUG] 寫入ad帳號
2019-02-08 22:49:17,775: [DEBUG] Employee：鍾XXXXX
2019-02-08 22:49:18,308: [DEBUG] HomeController:F
2019-02-08 22:49:18,457: [DEBUG] 1
2019-02-08 22:49:18,457: [DEBUG] F
2019-02-08 22:49:18,914: [DEBUG] 寫入ad帳號
2019-02-08 22:49:18,915: [DEBUG] 寫入ad帳號
2019-02-08 22:49:18,917: [DEBUG] 寫入ad帳號
2019-02-08 22:49:18,917: [DEBUG] 寫入ad帳號
2019-02-08 22:49:18,980: [DEBUG] 寫入ad帳號
2019-02-08 22:49:19,057: [DEBUG] Employee：鍾XXXXX
2019-02-08 22:49:19,093: [DEBUG] Employee：鍾XXXXX
2019-02-08 22:49:19,115: [DEBUG] Employee：鍾XXXXX
2019-02-08 22:49:19,134: [DEBUG] Employee：鍾XXXXX
2019-02-08 22:49:19,135: [DEBUG] Employee：鍾XXXXX
2019-02-08 22:49:19,135: [DEBUG] 寫入ad帳號
2019-02-08 22:49:19,198: [DEBUG] 寫入ad帳號
2019-02-08 22:49:19,224: [DEBUG] Employee：鍾XXXXX
2019-02-08 22:49:19,224: [DEBUG] 寫入ad帳號
2019-02-08 22:49:19,239: [DEBUG] 寫入ad帳號
2019-02-08 22:49:19,293: [DEBUG] 寫入ad帳號
2019-02-08 22:49:19,314: [DEBUG] Employee：鍾XXXXX
2019-02-08 22:49:19,336: [DEBUG] Employee：鍾XXXXX
2019-02-08 22:49:19,366: [DEBUG] Employee：鍾XXXXX
2019-02-08 22:49:19,371: [DEBUG] 寫入ad帳號
2019-02-08 22:49:19,378: [DEBUG] Employee：鍾XXXXX
2019-02-08 22:49:19,379: [DEBUG] 寫入ad帳號
2019-02-08 22:49:19,403: [DEBUG] 寫入ad帳號
2019-02-08 22:49:19,456: [DEBUG] 寫入ad帳號
2019-02-08 22:49:19,468: [DEBUG] Employee：鍾XXXXX
2019-02-08 22:49:19,468: [DEBUG] Employee：鍾XXXXX
2019-02-08 22:49:19,520: [DEBUG] 寫入ad帳號
2019-02-08 22:49:19,520: [DEBUG] 寫入ad帳號
2019-02-08 22:49:19,539: [DEBUG] Employee：鍾XXXXX
2019-02-08 22:49:19,572: [DEBUG] Employee：鍾XXXXX
2019-02-08 22:49:19,588: [DEBUG] Employee：鍾XXXXX
2019-02-08 22:49:19,588: [DEBUG] Employee：鍾XXXXX
2019-02-08 22:49:19,595: [DEBUG] 寫入ad帳號
2019-02-08 22:49:19,625: [DEBUG] 寫入ad帳號
2019-02-08 22:49:19,659: [DEBUG] 寫入ad帳號
2019-02-08 22:49:19,699: [DEBUG] 寫入ad帳號
2019-02-08 22:49:19,711: [DEBUG] Employee：鍾XXXXX
2019-02-08 22:49:19,712: [DEBUG] Employee：鍾XXXXX
2019-02-08 22:49:19,731: [DEBUG] 寫入ad帳號
2019-02-08 22:49:19,746: [DEBUG] Employee：鍾XXXXX
2019-02-08 22:49:19,764: [DEBUG] 寫入ad帳號
2019-02-08 22:49:19,806: [DEBUG] Employee：鍾XXXXX
2019-02-08 22:49:19,806: [DEBUG] Employee：鍾XXXXX
2019-02-08 22:49:19,807: [DEBUG] 寫入ad帳號
2019-02-08 22:49:19,814: [DEBUG] 寫入ad帳號
2019-02-08 22:49:19,828: [DEBUG] Employee：鍾XXXXX
2019-02-08 22:49:19,858: [DEBUG] 寫入ad帳號
2019-02-08 22:49:19,919: [DEBUG] 寫入ad帳號
2019-02-08 22:49:19,934: [DEBUG] Employee：鍾XXXXX
2019-02-08 22:49:19,934: [DEBUG] Employee：鍾XXXXX
2019-02-08 22:49:19,935: [DEBUG] 寫入ad帳號
2019-02-08 22:49:19,957: [DEBUG] 寫入ad帳號
2019-02-08 22:49:19,989: [DEBUG] Employee：鍾XXXXX
2019-02-08 22:49:20,033: [DEBUG] 寫入ad帳號
2019-02-08 22:49:20,045: [DEBUG] Employee：鍾XXXXX
2019-02-08 22:49:20,045: [DEBUG] Employee：鍾XXXXX
2019-02-08 22:49:20,058: [DEBUG] 寫入ad帳號
2019-02-08 22:49:20,090: [DEBUG] Employee：鍾XXXXX
2019-02-08 22:49:20,090: [DEBUG] 寫入ad帳號
2019-02-08 22:49:20,103: [DEBUG] Employee：鍾XXXXX
2019-02-08 22:49:20,178: [DEBUG] Employee：鍾XXXXX
2019-02-08 22:49:20,180: [DEBUG] Employee：鍾XXXXX
2019-02-08 22:49:35,814: [DEBUG] 寫入ad帳號
2019-02-08 22:49:35,858: [DEBUG] Employee：鍾XXXXX
2019-02-08 22:49:36,618: [DEBUG] 1
2019-02-08 22:49:36,618: [DEBUG] F
2019-02-08 22:51:19,615: [DEBUG] 寫入ad帳號
2019-02-08 22:51:19,681: [DEBUG] Employee：鍾XXXXX
2019-02-08 22:51:20,191: [DEBUG] 1
2019-02-08 22:51:20,191: [DEBUG] F
2019-02-08 22:51:20,492: [DEBUG] 寫入ad帳號
2019-02-08 22:51:20,527: [DEBUG] 寫入ad帳號
2019-02-08 22:51:20,559: [DEBUG] 寫入ad帳號
2019-02-08 22:51:20,615: [DEBUG] 寫入ad帳號
2019-02-08 22:51:20,615: [DEBUG] Employee：鍾XXXXX
2019-02-08 22:51:20,617: [DEBUG] 寫入ad帳號
2019-02-08 22:51:20,617: [DEBUG] 寫入ad帳號
2019-02-08 22:51:20,635: [DEBUG] Employee：鍾XXXXX
2019-02-08 22:51:20,636: [DEBUG] 寫入ad帳號
2019-02-08 22:51:20,670: [DEBUG] 寫入ad帳號
2019-02-08 22:51:20,672: [DEBUG] Employee：鍾XXXXX
2019-02-08 22:51:20,699: [DEBUG] 寫入ad帳號
2019-02-08 22:51:20,742: [DEBUG] Employee：鍾XXXXX
2019-02-08 22:51:20,742: [DEBUG] Employee：鍾XXXXX
2019-02-08 22:51:20,761: [DEBUG] Employee：鍾XXXXX
2019-02-08 22:51:20,776: [DEBUG] Employee：鍾XXXXX
2019-02-08 22:51:20,794: [DEBUG] 寫入ad帳號
2019-02-08 22:51:20,794: [DEBUG] 寫入ad帳號
2019-02-08 22:51:20,807: [DEBUG] 寫入ad帳號
2019-02-08 22:51:20,831: [DEBUG] 寫入ad帳號
2019-02-08 22:51:20,832: [DEBUG] Employee：鍾XXXXX
2019-02-08 22:51:20,887: [DEBUG] Employee：鍾XXXXX
2019-02-08 22:51:20,900: [DEBUG] Employee：鍾XXXXX
2019-02-08 22:51:20,916: [DEBUG] Employee：鍾XXXXX
2019-02-08 22:51:20,930: [DEBUG] 寫入ad帳號
2019-02-08 22:51:20,938: [DEBUG] Employee：鍾XXXXX
2019-02-08 22:51:20,939: [DEBUG] 寫入ad帳號
2019-02-08 22:51:20,940: [DEBUG] 寫入ad帳號
2019-02-08 22:51:20,981: [DEBUG] Employee：鍾XXXXX
2019-02-08 22:51:20,981: [DEBUG] 寫入ad帳號
2019-02-08 22:51:20,981: [DEBUG] 寫入ad帳號
2019-02-08 22:51:21,029: [DEBUG] 寫入ad帳號
2019-02-08 22:51:21,065: [DEBUG] Employee：鍾XXXXX
2019-02-08 22:51:21,065: [DEBUG] Employee：鍾XXXXX
2019-02-08 22:51:21,065: [DEBUG] Employee：鍾XXXXX
2019-02-08 22:51:21,077: [DEBUG] Employee：鍾XXXXX
2019-02-08 22:51:21,097: [DEBUG] Employee：鍾XXXXX
2019-02-08 22:51:21,097: [DEBUG] 寫入ad帳號
2019-02-08 22:51:21,097: [DEBUG] 寫入ad帳號
2019-02-08 22:51:21,097: [DEBUG] 寫入ad帳號
2019-02-08 22:51:21,150: [DEBUG] 寫入ad帳號
2019-02-08 22:51:21,150: [DEBUG] 寫入ad帳號
2019-02-08 22:51:21,172: [DEBUG] Employee：鍾XXXXX
2019-02-08 22:51:21,201: [DEBUG] Employee：鍾XXXXX
2019-02-08 22:51:21,245: [DEBUG] Employee：鍾XXXXX
2019-02-08 22:51:21,247: [DEBUG] 寫入ad帳號
2019-02-08 22:51:21,270: [DEBUG] 寫入ad帳號
2019-02-08 22:51:21,270: [DEBUG] 寫入ad帳號
2019-02-08 22:51:21,272: [DEBUG] Employee：鍾XXXXX
2019-02-08 22:51:21,272: [DEBUG] Employee：鍾XXXXX
2019-02-08 22:51:21,272: [DEBUG] Employee：鍾XXXXX
2019-02-08 22:51:21,280: [DEBUG] 寫入ad帳號
2019-02-08 22:51:21,316: [DEBUG] 寫入ad帳號
2019-02-08 22:51:21,327: [DEBUG] 寫入ad帳號
2019-02-08 22:51:21,348: [DEBUG] Employee：鍾XXXXX
2019-02-08 22:51:21,377: [DEBUG] Employee：鍾XXXXX
2019-02-08 22:51:21,392: [DEBUG] 寫入ad帳號
2019-02-08 22:51:21,392: [DEBUG] Employee：鍾XXXXX
2019-02-08 22:51:21,393: [DEBUG] Employee：鍾XXXXX
2019-02-08 22:51:21,420: [DEBUG] Employee：鍾XXXXX
2019-02-08 22:51:21,437: [DEBUG] Employee：鍾XXXXX
2019-02-08 22:51:21,448: [DEBUG] Employee：鍾XXXXX
2019-02-08 22:55:23,910: [DEBUG] 寫入ad帳號
2019-02-08 22:55:23,954: [DEBUG] Employee：鍾XXXXX
2019-02-08 22:57:48,315: [DEBUG] 寫入ad帳號
2019-02-08 22:57:49,093: [DEBUG] Employee：鍾XXXXX
2019-02-08 22:57:49,667: [DEBUG] HomeController:F
2019-02-08 22:57:49,812: [DEBUG] 1
2019-02-08 22:57:49,813: [DEBUG] F
2019-02-08 22:57:50,303: [DEBUG] 寫入ad帳號
2019-02-08 22:57:50,303: [DEBUG] 寫入ad帳號
2019-02-08 22:57:50,319: [DEBUG] 寫入ad帳號
2019-02-08 22:57:50,320: [DEBUG] 寫入ad帳號
2019-02-08 22:57:50,321: [DEBUG] 寫入ad帳號
2019-02-08 22:57:50,386: [DEBUG] Employee：鍾XXXXX
2019-02-08 22:57:50,447: [DEBUG] Employee：鍾XXXXX
2019-02-08 22:57:50,551: [DEBUG] Employee：鍾XXXXX
2019-02-08 22:57:50,554: [DEBUG] Employee：鍾XXXXX
2019-02-08 22:57:50,557: [DEBUG] 寫入ad帳號
2019-02-08 22:57:50,607: [DEBUG] Employee：鍾XXXXX
2019-02-08 22:57:50,739: [DEBUG] 寫入ad帳號
2019-02-08 22:57:50,766: [DEBUG] 寫入ad帳號
2019-02-08 22:57:50,766: [DEBUG] Employee：鍾XXXXX
2019-02-08 22:57:50,769: [DEBUG] 寫入ad帳號
2019-02-08 22:57:50,855: [DEBUG] 寫入ad帳號
2019-02-08 22:57:50,869: [DEBUG] Employee：鍾XXXXX
2019-02-08 22:57:50,870: [DEBUG] Employee：鍾XXXXX
2019-02-08 22:57:50,877: [DEBUG] Employee：鍾XXXXX
2019-02-08 22:57:50,903: [DEBUG] Employee：鍾XXXXX
2019-02-08 22:57:50,937: [DEBUG] 寫入ad帳號
2019-02-08 22:57:50,962: [DEBUG] 寫入ad帳號
2019-02-08 22:57:50,990: [DEBUG] 寫入ad帳號
2019-02-08 22:57:51,064: [DEBUG] Employee：鍾XXXXX
2019-02-08 22:57:51,064: [DEBUG] Employee：鍾XXXXX
2019-02-08 22:57:51,073: [DEBUG] 寫入ad帳號
2019-02-08 22:57:51,088: [DEBUG] Employee：鍾XXXXX
2019-02-08 22:57:51,089: [DEBUG] 寫入ad帳號
2019-02-08 22:57:51,166: [DEBUG] 寫入ad帳號
2019-02-08 22:57:51,171: [DEBUG] Employee：鍾XXXXX
2019-02-08 22:57:51,190: [DEBUG] Employee：鍾XXXXX
2019-02-08 22:57:51,191: [DEBUG] 寫入ad帳號
2019-02-08 22:57:51,235: [DEBUG] Employee：鍾XXXXX
2019-02-08 22:57:51,236: [DEBUG] 寫入ad帳號
2019-02-08 22:57:51,255: [DEBUG] Employee：鍾XXXXX
2019-02-08 22:57:51,256: [DEBUG] 寫入ad帳號
2019-02-08 22:57:51,301: [DEBUG] 寫入ad帳號
2019-02-08 22:57:51,301: [DEBUG] 寫入ad帳號
2019-02-08 22:57:51,323: [DEBUG] Employee：鍾XXXXX
2019-02-08 22:57:51,363: [DEBUG] Employee：鍾XXXXX
2019-02-08 22:57:51,363: [DEBUG] Employee：鍾XXXXX
2019-02-08 22:57:51,367: [DEBUG] 寫入ad帳號
2019-02-08 22:57:51,413: [DEBUG] Employee：鍾XXXXX
2019-02-08 22:57:51,439: [DEBUG] 寫入ad帳號
2019-02-08 22:57:51,439: [DEBUG] 寫入ad帳號
2019-02-08 22:57:51,488: [DEBUG] 寫入ad帳號
2019-02-08 22:57:51,511: [DEBUG] Employee：鍾XXXXX
2019-02-08 22:57:51,557: [DEBUG] Employee：鍾XXXXX
2019-02-08 22:57:51,557: [DEBUG] Employee：鍾XXXXX
2019-02-08 22:57:51,571: [DEBUG] Employee：鍾XXXXX
2019-02-08 22:57:51,601: [DEBUG] 寫入ad帳號
2019-02-08 22:57:51,601: [DEBUG] 寫入ad帳號
2019-02-08 22:57:51,641: [DEBUG] 寫入ad帳號
2019-02-08 22:57:51,662: [DEBUG] 寫入ad帳號
2019-02-08 22:57:51,718: [DEBUG] 寫入ad帳號
2019-02-08 22:57:51,741: [DEBUG] Employee：鍾XXXXX
2019-02-08 22:57:51,741: [DEBUG] Employee：鍾XXXXX
2019-02-08 22:57:51,777: [DEBUG] Employee：鍾XXXXX
2019-02-08 22:57:51,777: [DEBUG] Employee：鍾XXXXX
2019-02-08 22:57:51,777: [DEBUG] 寫入ad帳號
2019-02-08 22:57:51,793: [DEBUG] Employee：鍾XXXXX
2019-02-08 22:57:51,835: [DEBUG] Employee：鍾XXXXX
2019-02-08 22:58:02,310: [DEBUG] 1
2019-02-08 22:58:02,310: [DEBUG] F
2019-02-08 23:04:10,154: [DEBUG] 寫入ad帳號
2019-02-08 23:04:11,511: [DEBUG] Employee：鍾XXXXX
2019-02-08 23:04:12,238: [DEBUG] 寫入ad帳號
2019-02-08 23:04:12,379: [DEBUG] Employee：鍾XXXXX
2019-02-08 23:04:12,404: [DEBUG] HomeController:F
2019-02-08 23:04:12,404: [DEBUG] HomeController:F
2019-02-08 23:04:12,595: [DEBUG] 1
2019-02-08 23:04:12,595: [DEBUG] 1
2019-02-08 23:04:12,595: [DEBUG] F
2019-02-08 23:04:12,595: [DEBUG] F
2019-02-08 23:07:36,183: [DEBUG] 寫入ad帳號
2019-02-08 23:07:36,689: [DEBUG] Employee：鍾XXXXX
2019-02-08 23:07:37,106: [DEBUG] HomeController:F
2019-02-08 23:07:37,242: [DEBUG] 1
2019-02-08 23:07:37,242: [DEBUG] F
2019-02-08 23:07:37,983: [DEBUG] 寫入ad帳號
2019-02-08 23:07:37,983: [DEBUG] 寫入ad帳號
2019-02-08 23:07:37,983: [DEBUG] 寫入ad帳號
2019-02-08 23:07:37,998: [DEBUG] 寫入ad帳號
2019-02-08 23:07:37,998: [DEBUG] 寫入ad帳號
2019-02-08 23:07:38,112: [DEBUG] Employee：鍾XXXXX
2019-02-08 23:07:38,134: [DEBUG] Employee：鍾XXXXX
2019-02-08 23:07:38,144: [DEBUG] Employee：鍾XXXXX
2019-02-08 23:07:38,169: [DEBUG] 寫入ad帳號
2019-02-08 23:07:38,183: [DEBUG] Employee：鍾XXXXX
2019-02-08 23:07:38,256: [DEBUG] Employee：鍾XXXXX
2019-02-08 23:07:38,293: [DEBUG] Employee：鍾XXXXX
2019-02-08 23:07:38,315: [DEBUG] 寫入ad帳號
2019-02-08 23:07:38,317: [DEBUG] 寫入ad帳號
2019-02-08 23:07:38,317: [DEBUG] 寫入ad帳號
2019-02-08 23:07:38,318: [DEBUG] 寫入ad帳號
2019-02-08 23:07:38,393: [DEBUG] 寫入ad帳號
2019-02-08 23:07:38,418: [DEBUG] Employee：鍾XXXXX
2019-02-08 23:07:38,418: [DEBUG] Employee：鍾XXXXX
2019-02-08 23:07:38,418: [DEBUG] Employee：鍾XXXXX
2019-02-08 23:07:38,429: [DEBUG] 寫入ad帳號
2019-02-08 23:07:38,441: [DEBUG] Employee：鍾XXXXX
2019-02-08 23:07:38,444: [DEBUG] 寫入ad帳號
2019-02-08 23:07:38,501: [DEBUG] 寫入ad帳號
2019-02-08 23:07:38,524: [DEBUG] Employee：鍾XXXXX
2019-02-08 23:07:38,524: [DEBUG] Employee：鍾XXXXX
2019-02-08 23:07:38,534: [DEBUG] 寫入ad帳號
2019-02-08 23:07:38,559: [DEBUG] Employee：鍾XXXXX
2019-02-08 23:07:38,585: [DEBUG] Employee：鍾XXXXX
2019-02-08 23:07:38,593: [DEBUG] 寫入ad帳號
2019-02-08 23:07:38,639: [DEBUG] 寫入ad帳號
2019-02-08 23:07:38,639: [DEBUG] 寫入ad帳號
2019-02-08 23:07:38,657: [DEBUG] Employee：鍾XXXXX
2019-02-08 23:07:38,757: [DEBUG] Employee：鍾XXXXX
2019-02-08 23:07:38,812: [DEBUG] 寫入ad帳號
2019-02-08 23:07:38,844: [DEBUG] Employee：鍾XXXXX
2019-02-08 23:07:38,844: [DEBUG] Employee：鍾XXXXX
2019-02-08 23:07:38,844: [DEBUG] 寫入ad帳號
2019-02-08 23:07:38,861: [DEBUG] 寫入ad帳號
2019-02-08 23:07:38,916: [DEBUG] 寫入ad帳號
2019-02-08 23:07:38,916: [DEBUG] Employee：鍾XXXXX
2019-02-08 23:07:38,929: [DEBUG] Employee：鍾XXXXX
2019-02-08 23:07:38,930: [DEBUG] 寫入ad帳號
2019-02-08 23:07:38,943: [DEBUG] Employee：鍾XXXXX
2019-02-08 23:07:38,994: [DEBUG] Employee：鍾XXXXX
2019-02-08 23:07:39,022: [DEBUG] 寫入ad帳號
2019-02-08 23:07:39,035: [DEBUG] 寫入ad帳號
2019-02-08 23:07:39,035: [DEBUG] 寫入ad帳號
2019-02-08 23:07:39,037: [DEBUG] 寫入ad帳號
2019-02-08 23:07:39,037: [DEBUG] Employee：鍾XXXXX
2019-02-08 23:07:39,087: [DEBUG] 寫入ad帳號
2019-02-08 23:07:39,161: [DEBUG] Employee：鍾XXXXX
2019-02-08 23:07:39,161: [DEBUG] Employee：鍾XXXXX
2019-02-08 23:07:39,166: [DEBUG] Employee：鍾XXXXX
2019-02-08 23:07:39,167: [DEBUG] 寫入ad帳號
2019-02-08 23:07:39,170: [DEBUG] Employee：鍾XXXXX
2019-02-08 23:07:39,191: [DEBUG] Employee：鍾XXXXX
2019-02-08 23:07:39,193: [DEBUG] 寫入ad帳號
2019-02-08 23:07:39,220: [DEBUG] 寫入ad帳號
2019-02-08 23:07:39,290: [DEBUG] Employee：鍾XXXXX
2019-02-08 23:07:39,306: [DEBUG] Employee：鍾XXXXX
2019-02-08 23:07:39,307: [DEBUG] Employee：鍾XXXXX
2019-02-08 23:07:54,195: [DEBUG] 寫入ad帳號
2019-02-08 23:07:54,260: [DEBUG] Employee：鍾XXXXX
2019-02-08 23:07:54,281: [DEBUG] HomeController:F
2019-02-08 23:07:54,282: [DEBUG] 1
2019-02-08 23:07:54,282: [DEBUG] F
2019-02-08 23:07:54,440: [DEBUG] 寫入ad帳號
2019-02-08 23:07:54,444: [DEBUG] 寫入ad帳號
2019-02-08 23:07:54,474: [DEBUG] 寫入ad帳號
2019-02-08 23:07:54,475: [DEBUG] 寫入ad帳號
2019-02-08 23:07:54,558: [DEBUG] Employee：鍾XXXXX
2019-02-08 23:07:54,558: [DEBUG] Employee：鍾XXXXX
2019-02-08 23:07:54,560: [DEBUG] 寫入ad帳號
2019-02-08 23:07:54,560: [DEBUG] 寫入ad帳號
2019-02-08 23:07:54,588: [DEBUG] Employee：鍾XXXXX
2019-02-08 23:07:54,588: [DEBUG] Employee：鍾XXXXX
2019-02-08 23:07:54,644: [DEBUG] 寫入ad帳號
2019-02-08 23:07:54,662: [DEBUG] Employee：鍾XXXXX
2019-02-08 23:07:54,662: [DEBUG] Employee：鍾XXXXX
2019-02-08 23:07:54,662: [DEBUG] 寫入ad帳號
2019-02-08 23:07:54,709: [DEBUG] Employee：鍾XXXXX
2019-02-08 23:07:54,710: [DEBUG] 寫入ad帳號
2019-02-08 23:07:54,723: [DEBUG] Employee：鍾XXXXX
2019-02-08 23:07:54,743: [DEBUG] 寫入ad帳號
2019-02-08 23:07:54,743: [DEBUG] 寫入ad帳號
2019-02-08 23:07:54,784: [DEBUG] Employee：鍾XXXXX
2019-02-08 23:07:54,807: [DEBUG] 寫入ad帳號
2019-02-08 23:07:54,809: [DEBUG] 寫入ad帳號
2019-02-08 23:07:54,874: [DEBUG] Employee：鍾XXXXX
2019-02-08 23:07:54,884: [DEBUG] Employee：鍾XXXXX
2019-02-08 23:07:54,887: [DEBUG] 寫入ad帳號
2019-02-08 23:07:54,887: [DEBUG] 寫入ad帳號
2019-02-08 23:07:54,913: [DEBUG] Employee：鍾XXXXX
2019-02-08 23:07:54,913: [DEBUG] Employee：鍾XXXXX
2019-02-08 23:07:54,915: [DEBUG] 寫入ad帳號
2019-02-08 23:07:54,976: [DEBUG] Employee：鍾XXXXX
2019-02-08 23:07:54,978: [DEBUG] Employee：鍾XXXXX
2019-02-08 23:07:54,982: [DEBUG] Employee：鍾XXXXX
2019-02-08 23:07:54,999: [DEBUG] 寫入ad帳號
2019-02-08 23:07:55,030: [DEBUG] 寫入ad帳號
2019-02-08 23:07:55,031: [DEBUG] 寫入ad帳號
2019-02-08 23:07:55,213: [DEBUG] Employee：鍾XXXXX
2019-02-08 23:07:55,213: [DEBUG] Employee：鍾XXXXX
2019-02-08 23:07:55,221: [DEBUG] 寫入ad帳號
2019-02-08 23:07:55,221: [DEBUG] 寫入ad帳號
2019-02-08 23:07:55,266: [DEBUG] Employee：鍾XXXXX
2019-02-08 23:07:55,269: [DEBUG] 寫入ad帳號
2019-02-08 23:07:55,323: [DEBUG] Employee：鍾XXXXX
2019-02-08 23:07:55,323: [DEBUG] Employee：鍾XXXXX
2019-02-08 23:07:55,327: [DEBUG] 寫入ad帳號
2019-02-08 23:07:55,340: [DEBUG] 寫入ad帳號
2019-02-08 23:07:55,340: [DEBUG] Employee：鍾XXXXX
2019-02-08 23:07:55,367: [DEBUG] 寫入ad帳號
2019-02-08 23:07:55,392: [DEBUG] Employee：鍾XXXXX
2019-02-08 23:07:55,405: [DEBUG] 寫入ad帳號
2019-02-08 23:07:55,420: [DEBUG] Employee：鍾XXXXX
2019-02-08 23:07:55,420: [DEBUG] Employee：鍾XXXXX
2019-02-08 23:07:55,424: [DEBUG] 寫入ad帳號
2019-02-08 23:07:55,431: [DEBUG] 寫入ad帳號
2019-02-08 23:07:55,476: [DEBUG] Employee：鍾XXXXX
2019-02-08 23:07:55,478: [DEBUG] 寫入ad帳號
2019-02-08 23:07:55,539: [DEBUG] Employee：鍾XXXXX
2019-02-08 23:07:55,540: [DEBUG] Employee：鍾XXXXX
2019-02-08 23:07:55,541: [DEBUG] Employee：鍾XXXXX
2019-02-08 23:07:55,558: [DEBUG] 寫入ad帳號
2019-02-08 23:07:55,633: [DEBUG] Employee：鍾XXXXX
2019-02-08 23:07:59,141: [DEBUG] 1
2019-02-08 23:07:59,142: [DEBUG] F
2019-02-08 23:19:56,985: [DEBUG] 寫入ad帳號
2019-02-08 23:19:57,114: [DEBUG] Employee：鍾XXXXX
2019-02-08 23:27:06,757: [DEBUG] 寫入ad帳號
2019-02-08 23:27:07,428: [DEBUG] Employee：鍾XXXXX
2019-02-08 23:27:07,938: [DEBUG] HomeController:F
2019-02-08 23:27:08,093: [DEBUG] 1
2019-02-08 23:27:08,093: [DEBUG] F
2019-02-08 23:27:08,578: [DEBUG] 寫入ad帳號
2019-02-08 23:27:08,586: [DEBUG] 寫入ad帳號
2019-02-08 23:27:08,603: [DEBUG] 寫入ad帳號
2019-02-08 23:27:08,624: [DEBUG] 寫入ad帳號
2019-02-08 23:27:08,636: [DEBUG] 寫入ad帳號
2019-02-08 23:27:08,723: [DEBUG] Employee：鍾XXXXX
2019-02-08 23:27:08,738: [DEBUG] Employee：鍾XXXXX
2019-02-08 23:27:08,760: [DEBUG] Employee：鍾XXXXX
2019-02-08 23:27:08,764: [DEBUG] 寫入ad帳號
2019-02-08 23:27:08,780: [DEBUG] Employee：鍾XXXXX
2019-02-08 23:27:08,806: [DEBUG] Employee：鍾XXXXX
2019-02-08 23:27:08,823: [DEBUG] Employee：鍾XXXXX
2019-02-08 23:27:08,837: [DEBUG] 寫入ad帳號
2019-02-08 23:27:08,837: [DEBUG] 寫入ad帳號
2019-02-08 23:27:08,843: [DEBUG] 寫入ad帳號
2019-02-08 23:27:08,881: [DEBUG] 寫入ad帳號
2019-02-08 23:27:08,989: [DEBUG] Employee：鍾XXXXX
2019-02-08 23:27:08,989: [DEBUG] Employee：鍾XXXXX
2019-02-08 23:27:09,012: [DEBUG] Employee：鍾XXXXX
2019-02-08 23:27:09,012: [DEBUG] 寫入ad帳號
2019-02-08 23:27:09,043: [DEBUG] Employee：鍾XXXXX
2019-02-08 23:27:09,057: [DEBUG] 寫入ad帳號
2019-02-08 23:27:09,067: [DEBUG] 寫入ad帳號
2019-02-08 23:27:09,123: [DEBUG] 寫入ad帳號
2019-02-08 23:27:09,151: [DEBUG] Employee：鍾XXXXX
2019-02-08 23:27:09,166: [DEBUG] Employee：鍾XXXXX
2019-02-08 23:27:09,177: [DEBUG] Employee：鍾XXXXX
2019-02-08 23:27:09,178: [DEBUG] 寫入ad帳號
2019-02-08 23:27:09,194: [DEBUG] Employee：鍾XXXXX
2019-02-08 23:27:09,195: [DEBUG] 寫入ad帳號
2019-02-08 23:27:09,228: [DEBUG] 寫入ad帳號
2019-02-08 23:27:09,253: [DEBUG] 寫入ad帳號
2019-02-08 23:27:09,253: [DEBUG] Employee：鍾XXXXX
2019-02-08 23:27:09,267: [DEBUG] Employee：鍾XXXXX
2019-02-08 23:27:09,291: [DEBUG] Employee：鍾XXXXX
2019-02-08 23:27:09,292: [DEBUG] 寫入ad帳號
2019-02-08 23:27:09,303: [DEBUG] Employee：鍾XXXXX
2019-02-08 23:27:09,326: [DEBUG] 寫入ad帳號
2019-02-08 23:27:09,326: [DEBUG] 寫入ad帳號
2019-02-08 23:27:09,370: [DEBUG] 寫入ad帳號
2019-02-08 23:27:09,383: [DEBUG] Employee：鍾XXXXX
2019-02-08 23:27:09,404: [DEBUG] 寫入ad帳號
2019-02-08 23:27:09,416: [DEBUG] Employee：鍾XXXXX
2019-02-08 23:27:09,448: [DEBUG] Employee：鍾XXXXX
2019-02-08 23:27:09,449: [DEBUG] 寫入ad帳號
2019-02-08 23:27:09,480: [DEBUG] Employee：鍾XXXXX
2019-02-08 23:27:09,481: [DEBUG] Employee：鍾XXXXX
2019-02-08 23:27:09,481: [DEBUG] 寫入ad帳號
2019-02-08 23:27:09,513: [DEBUG] 寫入ad帳號
2019-02-08 23:27:09,539: [DEBUG] Employee：鍾XXXXX
2019-02-08 23:27:09,588: [DEBUG] 寫入ad帳號
2019-02-08 23:27:09,601: [DEBUG] Employee：鍾XXXXX
2019-02-08 23:27:09,601: [DEBUG] 寫入ad帳號
2019-02-08 23:27:09,603: [DEBUG] 寫入ad帳號
2019-02-08 23:27:09,633: [DEBUG] Employee：鍾XXXXX
2019-02-08 23:27:09,647: [DEBUG] Employee：鍾XXXXX
2019-02-08 23:27:09,688: [DEBUG] 寫入ad帳號
2019-02-08 23:27:09,691: [DEBUG] Employee：鍾XXXXX
2019-02-08 23:27:09,716: [DEBUG] 寫入ad帳號
2019-02-08 23:27:09,716: [DEBUG] Employee：鍾XXXXX
2019-02-08 23:27:09,780: [DEBUG] Employee：鍾XXXXX
2019-02-08 23:27:09,790: [DEBUG] Employee：鍾XXXXX
2019-02-08 23:30:54,005: [DEBUG] 寫入ad帳號
2019-02-08 23:30:54,059: [DEBUG] Employee：鍾XXXXX
2019-02-08 23:30:54,083: [DEBUG] HomeController:F
2019-02-08 23:30:54,084: [DEBUG] 1
2019-02-08 23:30:54,084: [DEBUG] F
2019-02-08 23:30:54,239: [DEBUG] 寫入ad帳號
2019-02-08 23:30:54,244: [DEBUG] 寫入ad帳號
2019-02-08 23:30:54,357: [DEBUG] 寫入ad帳號
2019-02-08 23:30:54,370: [DEBUG] Employee：鍾XXXXX
2019-02-08 23:30:54,371: [DEBUG] 寫入ad帳號
2019-02-08 23:30:54,402: [DEBUG] Employee：鍾XXXXX
2019-02-08 23:30:54,404: [DEBUG] 寫入ad帳號
2019-02-08 23:30:54,404: [DEBUG] 寫入ad帳號
2019-02-08 23:30:54,440: [DEBUG] Employee：鍾XXXXX
2019-02-08 23:30:54,476: [DEBUG] Employee：鍾XXXXX
2019-02-08 23:30:54,476: [DEBUG] 寫入ad帳號
2019-02-08 23:30:54,477: [DEBUG] Employee：鍾XXXXX
2019-02-08 23:30:54,479: [DEBUG] 寫入ad帳號
2019-02-08 23:30:54,514: [DEBUG] 寫入ad帳號
2019-02-08 23:30:54,514: [DEBUG] Employee：鍾XXXXX
2019-02-08 23:30:54,516: [DEBUG] 寫入ad帳號
2019-02-08 23:30:54,566: [DEBUG] Employee：鍾XXXXX
2019-02-08 23:30:54,567: [DEBUG] 寫入ad帳號
2019-02-08 23:30:54,596: [DEBUG] Employee：鍾XXXXX
2019-02-08 23:30:54,623: [DEBUG] 寫入ad帳號
2019-02-08 23:30:54,668: [DEBUG] 寫入ad帳號
2019-02-08 23:30:54,676: [DEBUG] Employee：鍾XXXXX
2019-02-08 23:30:54,693: [DEBUG] Employee：鍾XXXXX
2019-02-08 23:30:54,713: [DEBUG] Employee：鍾XXXXX
2019-02-08 23:30:54,715: [DEBUG] 寫入ad帳號
2019-02-08 23:30:54,715: [DEBUG] 寫入ad帳號
2019-02-08 23:30:54,738: [DEBUG] Employee：鍾XXXXX
2019-02-08 23:30:54,770: [DEBUG] 寫入ad帳號
2019-02-08 23:30:54,814: [DEBUG] Employee：鍾XXXXX
2019-02-08 23:30:54,816: [DEBUG] 寫入ad帳號
2019-02-08 23:30:54,829: [DEBUG] Employee：鍾XXXXX
2019-02-08 23:30:54,841: [DEBUG] 寫入ad帳號
2019-02-08 23:30:54,863: [DEBUG] 寫入ad帳號
2019-02-08 23:30:54,882: [DEBUG] Employee：鍾XXXXX
2019-02-08 23:30:54,882: [DEBUG] 寫入ad帳號
2019-02-08 23:30:54,899: [DEBUG] 寫入ad帳號
2019-02-08 23:30:54,901: [DEBUG] Employee：鍾XXXXX
2019-02-08 23:30:54,934: [DEBUG] Employee：鍾XXXXX
2019-02-08 23:30:54,975: [DEBUG] 寫入ad帳號
2019-02-08 23:30:54,975: [DEBUG] Employee：鍾XXXXX
2019-02-08 23:30:55,001: [DEBUG] Employee：鍾XXXXX
2019-02-08 23:30:55,014: [DEBUG] Employee：鍾XXXXX
2019-02-08 23:30:55,016: [DEBUG] 寫入ad帳號
2019-02-08 23:30:55,040: [DEBUG] Employee：鍾XXXXX
2019-02-08 23:30:55,040: [DEBUG] 寫入ad帳號
2019-02-08 23:30:55,040: [DEBUG] 寫入ad帳號
2019-02-08 23:30:55,046: [DEBUG] 寫入ad帳號
2019-02-08 23:30:55,074: [DEBUG] Employee：鍾XXXXX
2019-02-08 23:30:55,085: [DEBUG] Employee：鍾XXXXX
2019-02-08 23:30:55,111: [DEBUG] 寫入ad帳號
2019-02-08 23:30:55,111: [DEBUG] 寫入ad帳號
2019-02-08 23:30:55,111: [DEBUG] Employee：鍾XXXXX
2019-02-08 23:30:55,145: [DEBUG] 寫入ad帳號
2019-02-08 23:30:55,145: [DEBUG] Employee：鍾XXXXX
2019-02-08 23:30:55,179: [DEBUG] Employee：鍾XXXXX
2019-02-08 23:30:55,191: [DEBUG] Employee：鍾XXXXX
2019-02-08 23:30:55,191: [DEBUG] Employee：鍾XXXXX
2019-02-08 23:30:55,202: [DEBUG] Employee：鍾XXXXX
2019-02-08 23:30:55,942: [DEBUG] 寫入ad帳號
2019-02-08 23:30:55,985: [DEBUG] Employee：鍾XXXXX
2019-02-08 23:30:59,326: [DEBUG] 1
2019-02-08 23:30:59,326: [DEBUG] F
2019-02-08 23:33:19,425: [DEBUG] 寫入ad帳號
2019-02-08 23:33:19,469: [DEBUG] Employee：鍾XXXXX
2019-02-08 23:35:13,056: [DEBUG] 寫入ad帳號
2019-02-08 23:35:13,800: [DEBUG] Employee：鍾XXXXX
2019-02-08 23:35:14,361: [DEBUG] HomeController:F
2019-02-08 23:35:14,513: [DEBUG] 1
2019-02-08 23:35:14,514: [DEBUG] F
2019-02-08 23:35:14,975: [DEBUG] 寫入ad帳號
2019-02-08 23:35:14,976: [DEBUG] 寫入ad帳號
2019-02-08 23:35:14,978: [DEBUG] 寫入ad帳號
2019-02-08 23:35:14,978: [DEBUG] 寫入ad帳號
2019-02-08 23:35:14,989: [DEBUG] 寫入ad帳號
2019-02-08 23:35:15,074: [DEBUG] Employee：鍾XXXXX
2019-02-08 23:35:15,075: [DEBUG] Employee：鍾XXXXX
2019-02-08 23:35:15,094: [DEBUG] Employee：鍾XXXXX
2019-02-08 23:35:15,130: [DEBUG] Employee：鍾XXXXX
2019-02-08 23:35:15,159: [DEBUG] Employee：鍾XXXXX
2019-02-08 23:35:15,192: [DEBUG] 寫入ad帳號
2019-02-08 23:35:15,224: [DEBUG] 寫入ad帳號
2019-02-08 23:35:15,349: [DEBUG] Employee：鍾XXXXX
2019-02-08 23:35:15,350: [DEBUG] Employee：鍾XXXXX
2019-02-08 23:35:15,355: [DEBUG] 寫入ad帳號
2019-02-08 23:35:15,356: [DEBUG] 寫入ad帳號
2019-02-08 23:35:15,443: [DEBUG] 寫入ad帳號
2019-02-08 23:35:15,443: [DEBUG] 寫入ad帳號
2019-02-08 23:35:15,463: [DEBUG] 寫入ad帳號
2019-02-08 23:35:15,464: [DEBUG] Employee：鍾XXXXX
2019-02-08 23:35:15,485: [DEBUG] Employee：鍾XXXXX
2019-02-08 23:35:15,532: [DEBUG] Employee：鍾XXXXX
2019-02-08 23:35:15,532: [DEBUG] 寫入ad帳號
2019-02-08 23:35:15,545: [DEBUG] Employee：鍾XXXXX
2019-02-08 23:35:15,545: [DEBUG] Employee：鍾XXXXX
2019-02-08 23:35:15,545: [DEBUG] 寫入ad帳號
2019-02-08 23:35:15,622: [DEBUG] Employee：鍾XXXXX
2019-02-08 23:35:15,622: [DEBUG] 寫入ad帳號
2019-02-08 23:35:15,641: [DEBUG] Employee：鍾XXXXX
2019-02-08 23:35:15,641: [DEBUG] 寫入ad帳號
2019-02-08 23:35:15,672: [DEBUG] 寫入ad帳號
2019-02-08 23:35:15,741: [DEBUG] 寫入ad帳號
2019-02-08 23:35:15,741: [DEBUG] Employee：鍾XXXXX
2019-02-08 23:35:15,771: [DEBUG] Employee：鍾XXXXX
2019-02-08 23:35:15,773: [DEBUG] 寫入ad帳號
2019-02-08 23:35:15,795: [DEBUG] Employee：鍾XXXXX
2019-02-08 23:35:15,795: [DEBUG] 寫入ad帳號
2019-02-08 23:35:15,808: [DEBUG] Employee：鍾XXXXX
2019-02-08 23:35:15,888: [DEBUG] Employee：鍾XXXXX
2019-02-08 23:35:15,899: [DEBUG] Employee：鍾XXXXX
2019-02-08 23:35:15,911: [DEBUG] 寫入ad帳號
2019-02-08 23:35:15,911: [DEBUG] 寫入ad帳號
2019-02-08 23:35:15,949: [DEBUG] 寫入ad帳號
2019-02-08 23:35:15,949: [DEBUG] 寫入ad帳號
2019-02-08 23:35:15,949: [DEBUG] 寫入ad帳號
2019-02-08 23:35:16,016: [DEBUG] Employee：鍾XXXXX
2019-02-08 23:35:16,016: [DEBUG] Employee：鍾XXXXX
2019-02-08 23:35:16,028: [DEBUG] Employee：鍾XXXXX
2019-02-08 23:35:16,029: [DEBUG] Employee：鍾XXXXX
2019-02-08 23:35:16,029: [DEBUG] 寫入ad帳號
2019-02-08 23:35:16,073: [DEBUG] 寫入ad帳號
2019-02-08 23:35:16,073: [DEBUG] 寫入ad帳號
2019-02-08 23:35:16,117: [DEBUG] Employee：鍾XXXXX
2019-02-08 23:35:16,117: [DEBUG] Employee：鍾XXXXX
2019-02-08 23:35:16,140: [DEBUG] Employee：鍾XXXXX
2019-02-08 23:35:16,140: [DEBUG] 寫入ad帳號
2019-02-08 23:35:16,159: [DEBUG] Employee：鍾XXXXX
2019-02-08 23:35:16,159: [DEBUG] 寫入ad帳號
2019-02-08 23:35:16,161: [DEBUG] 寫入ad帳號
2019-02-08 23:35:16,262: [DEBUG] Employee：鍾XXXXX
2019-02-08 23:35:16,263: [DEBUG] Employee：鍾XXXXX
2019-02-08 23:35:16,271: [DEBUG] Employee：鍾XXXXX
2019-02-08 23:35:22,036: [DEBUG] 寫入ad帳號
2019-02-08 23:35:22,080: [DEBUG] Employee：鍾XXXXX
2019-02-08 23:35:22,826: [DEBUG] 1
2019-02-08 23:35:22,826: [DEBUG] F
2019-02-08 23:35:23,117: [DEBUG] 寫入ad帳號
2019-02-08 23:35:23,130: [DEBUG] 寫入ad帳號
2019-02-08 23:35:23,153: [DEBUG] 寫入ad帳號
2019-02-08 23:35:23,154: [DEBUG] 寫入ad帳號
2019-02-08 23:35:23,239: [DEBUG] Employee：鍾XXXXX
2019-02-08 23:35:23,239: [DEBUG] Employee：鍾XXXXX
2019-02-08 23:35:23,241: [DEBUG] 寫入ad帳號
2019-02-08 23:35:23,241: [DEBUG] 寫入ad帳號
2019-02-08 23:35:23,265: [DEBUG] Employee：鍾XXXXX
2019-02-08 23:35:23,265: [DEBUG] Employee：鍾XXXXX
2019-02-08 23:35:23,266: [DEBUG] 寫入ad帳號
2019-02-08 23:35:23,296: [DEBUG] 寫入ad帳號
2019-02-08 23:35:23,340: [DEBUG] Employee：鍾XXXXX
2019-02-08 23:35:23,340: [DEBUG] Employee：鍾XXXXX
2019-02-08 23:35:23,340: [DEBUG] Employee：鍾XXXXX
2019-02-08 23:35:23,340: [DEBUG] 寫入ad帳號
2019-02-08 23:35:23,362: [DEBUG] 寫入ad帳號
2019-02-08 23:35:23,362: [DEBUG] 寫入ad帳號
2019-02-08 23:35:23,362: [DEBUG] Employee：鍾XXXXX
2019-02-08 23:35:23,363: [DEBUG] 寫入ad帳號
2019-02-08 23:35:23,479: [DEBUG] Employee：鍾XXXXX
2019-02-08 23:35:23,481: [DEBUG] 寫入ad帳號
2019-02-08 23:35:23,491: [DEBUG] Employee：鍾XXXXX
2019-02-08 23:35:23,491: [DEBUG] Employee：鍾XXXXX
2019-02-08 23:35:23,511: [DEBUG] Employee：鍾XXXXX
2019-02-08 23:35:23,518: [DEBUG] 寫入ad帳號
2019-02-08 23:35:23,552: [DEBUG] 寫入ad帳號
2019-02-08 23:35:23,552: [DEBUG] 寫入ad帳號
2019-02-08 23:35:23,569: [DEBUG] Employee：鍾XXXXX
2019-02-08 23:35:23,580: [DEBUG] Employee：鍾XXXXX
2019-02-08 23:35:23,592: [DEBUG] 寫入ad帳號
2019-02-08 23:35:23,643: [DEBUG] 寫入ad帳號
2019-02-08 23:35:23,668: [DEBUG] Employee：鍾XXXXX
2019-02-08 23:35:23,682: [DEBUG] Employee：鍾XXXXX
2019-02-08 23:35:23,682: [DEBUG] Employee：鍾XXXXX
2019-02-08 23:35:23,685: [DEBUG] 寫入ad帳號
2019-02-08 23:35:23,699: [DEBUG] 寫入ad帳號
2019-02-08 23:35:23,700: [DEBUG] 寫入ad帳號
2019-02-08 23:35:23,733: [DEBUG] Employee：鍾XXXXX
2019-02-08 23:35:23,768: [DEBUG] Employee：鍾XXXXX
2019-02-08 23:35:23,769: [DEBUG] 寫入ad帳號
2019-02-08 23:35:23,787: [DEBUG] Employee：鍾XXXXX
2019-02-08 23:35:23,787: [DEBUG] 寫入ad帳號
2019-02-08 23:35:23,814: [DEBUG] Employee：鍾XXXXX
2019-02-08 23:35:23,826: [DEBUG] 寫入ad帳號
2019-02-08 23:35:23,842: [DEBUG] Employee：鍾XXXXX
2019-02-08 23:35:23,844: [DEBUG] 寫入ad帳號
2019-02-08 23:35:23,855: [DEBUG] 寫入ad帳號
2019-02-08 23:35:23,855: [DEBUG] Employee：鍾XXXXX
2019-02-08 23:35:23,886: [DEBUG] 寫入ad帳號
2019-02-08 23:35:23,901: [DEBUG] Employee：鍾XXXXX
2019-02-08 23:35:23,938: [DEBUG] Employee：鍾XXXXX
2019-02-08 23:35:23,938: [DEBUG] Employee：鍾XXXXX
2019-02-08 23:35:23,938: [DEBUG] 寫入ad帳號
2019-02-08 23:35:23,955: [DEBUG] Employee：鍾XXXXX
2019-02-08 23:35:23,955: [DEBUG] 寫入ad帳號
2019-02-08 23:35:23,955: [DEBUG] 寫入ad帳號
2019-02-08 23:35:24,015: [DEBUG] Employee：鍾XXXXX
2019-02-08 23:35:24,027: [DEBUG] Employee：鍾XXXXX
2019-02-08 23:35:24,027: [DEBUG] Employee：鍾XXXXX
2019-02-08 23:35:24,246: [DEBUG] 寫入ad帳號
2019-02-08 23:35:24,290: [DEBUG] Employee：鍾XXXXX
2019-02-08 23:38:20,240: [DEBUG] 寫入ad帳號
2019-02-08 23:38:20,284: [DEBUG] Employee：鍾XXXXX
2019-02-08 23:40:46,069: [DEBUG] 寫入ad帳號
2019-02-08 23:40:46,807: [DEBUG] Employee：鍾XXXXX
2019-02-08 23:40:47,345: [DEBUG] HomeController:F
2019-02-08 23:40:47,495: [DEBUG] 1
2019-02-08 23:40:47,495: [DEBUG] F
2019-02-08 23:40:47,959: [DEBUG] 寫入ad帳號
2019-02-08 23:40:47,959: [DEBUG] 寫入ad帳號
2019-02-08 23:40:47,959: [DEBUG] 寫入ad帳號
2019-02-08 23:40:47,959: [DEBUG] 寫入ad帳號
2019-02-08 23:40:47,973: [DEBUG] 寫入ad帳號
2019-02-08 23:40:48,033: [DEBUG] Employee：鍾XXXXX
2019-02-08 23:40:48,103: [DEBUG] Employee：鍾XXXXX
2019-02-08 23:40:48,151: [DEBUG] 寫入ad帳號
2019-02-08 23:40:48,164: [DEBUG] Employee：鍾XXXXX
2019-02-08 23:40:48,164: [DEBUG] Employee：鍾XXXXX
2019-02-08 23:40:48,179: [DEBUG] Employee：鍾XXXXX
2019-02-08 23:40:48,190: [DEBUG] Employee：鍾XXXXX
2019-02-08 23:40:48,212: [DEBUG] 寫入ad帳號
2019-02-08 23:40:48,246: [DEBUG] 寫入ad帳號
2019-02-08 23:40:48,276: [DEBUG] 寫入ad帳號
2019-02-08 23:40:48,288: [DEBUG] Employee：鍾XXXXX
2019-02-08 23:40:48,301: [DEBUG] 寫入ad帳號
2019-02-08 23:40:48,301: [DEBUG] Employee：鍾XXXXX
2019-02-08 23:40:48,345: [DEBUG] Employee：鍾XXXXX
2019-02-08 23:40:48,346: [DEBUG] 寫入ad帳號
2019-02-08 23:40:48,361: [DEBUG] Employee：鍾XXXXX
2019-02-08 23:40:48,362: [DEBUG] 寫入ad帳號
2019-02-08 23:40:48,365: [DEBUG] 寫入ad帳號
2019-02-08 23:40:48,414: [DEBUG] Employee：鍾XXXXX
2019-02-08 23:40:48,426: [DEBUG] Employee：鍾XXXXX
2019-02-08 23:40:48,427: [DEBUG] 寫入ad帳號
2019-02-08 23:40:48,446: [DEBUG] Employee：鍾XXXXX
2019-02-08 23:40:48,447: [DEBUG] 寫入ad帳號
2019-02-08 23:40:48,462: [DEBUG] 寫入ad帳號
2019-02-08 23:40:48,507: [DEBUG] Employee：鍾XXXXX
2019-02-08 23:40:48,507: [DEBUG] Employee：鍾XXXXX
2019-02-08 23:40:48,517: [DEBUG] Employee：鍾XXXXX
2019-02-08 23:40:48,538: [DEBUG] 寫入ad帳號
2019-02-08 23:40:48,538: [DEBUG] 寫入ad帳號
2019-02-08 23:40:48,597: [DEBUG] 寫入ad帳號
2019-02-08 23:40:48,650: [DEBUG] Employee：鍾XXXXX
2019-02-08 23:40:48,651: [DEBUG] Employee：鍾XXXXX
2019-02-08 23:40:48,656: [DEBUG] Employee：鍾XXXXX
2019-02-08 23:40:48,659: [DEBUG] 寫入ad帳號
2019-02-08 23:40:48,676: [DEBUG] 寫入ad帳號
2019-02-08 23:40:48,724: [DEBUG] 寫入ad帳號
2019-02-08 23:40:48,736: [DEBUG] Employee：鍾XXXXX
2019-02-08 23:40:48,761: [DEBUG] Employee：鍾XXXXX
2019-02-08 23:40:48,762: [DEBUG] 寫入ad帳號
2019-02-08 23:40:48,775: [DEBUG] Employee：鍾XXXXX
2019-02-08 23:40:48,808: [DEBUG] 寫入ad帳號
2019-02-08 23:40:48,808: [DEBUG] 寫入ad帳號
2019-02-08 23:40:48,833: [DEBUG] Employee：鍾XXXXX
2019-02-08 23:40:48,859: [DEBUG] Employee：鍾XXXXX
2019-02-08 23:40:48,860: [DEBUG] 寫入ad帳號
2019-02-08 23:40:48,887: [DEBUG] Employee：鍾XXXXX
2019-02-08 23:40:48,887: [DEBUG] 寫入ad帳號
2019-02-08 23:40:48,887: [DEBUG] 寫入ad帳號
2019-02-08 23:40:48,953: [DEBUG] 寫入ad帳號
2019-02-08 23:40:48,964: [DEBUG] Employee：鍾XXXXX
2019-02-08 23:40:48,979: [DEBUG] Employee：鍾XXXXX
2019-02-08 23:40:48,979: [DEBUG] Employee：鍾XXXXX
2019-02-08 23:40:48,994: [DEBUG] Employee：鍾XXXXX
2019-02-08 23:40:48,995: [DEBUG] 寫入ad帳號
2019-02-08 23:40:49,001: [DEBUG] 寫入ad帳號
2019-02-08 23:40:49,060: [DEBUG] Employee：鍾XXXXX
2019-02-08 23:40:49,071: [DEBUG] Employee：鍾XXXXX
2019-02-08 23:40:52,809: [DEBUG] 1
2019-02-08 23:40:52,809: [DEBUG] F
2019-02-08 23:40:53,551: [DEBUG] 1
2019-02-08 23:40:53,551: [DEBUG] F
2019-02-08 23:41:31,903: [DEBUG] 寫入ad帳號
2019-02-08 23:41:31,941: [DEBUG] Employee：鍾XXXXX
2019-02-08 23:42:51,426: [DEBUG] 寫入ad帳號
2019-02-08 23:42:51,905: [DEBUG] Employee：鍾XXXXX
2019-02-08 23:42:52,316: [DEBUG] HomeController:F
2019-02-08 23:42:52,441: [DEBUG] 1
2019-02-08 23:42:52,441: [DEBUG] F
2019-02-08 23:42:52,800: [DEBUG] 寫入ad帳號
2019-02-08 23:42:52,801: [DEBUG] 寫入ad帳號
2019-02-08 23:42:52,801: [DEBUG] 寫入ad帳號
2019-02-08 23:42:52,809: [DEBUG] 寫入ad帳號
2019-02-08 23:42:52,820: [DEBUG] 寫入ad帳號
2019-02-08 23:42:52,876: [DEBUG] Employee：鍾XXXXX
2019-02-08 23:42:52,903: [DEBUG] Employee：鍾XXXXX
2019-02-08 23:42:52,948: [DEBUG] Employee：鍾XXXXX
2019-02-08 23:42:52,948: [DEBUG] Employee：鍾XXXXX
2019-02-08 23:42:52,949: [DEBUG] Employee：鍾XXXXX
2019-02-08 23:42:52,949: [DEBUG] 寫入ad帳號
2019-02-08 23:42:53,012: [DEBUG] Employee：鍾XXXXX
2019-02-08 23:42:53,013: [DEBUG] 寫入ad帳號
2019-02-08 23:42:53,013: [DEBUG] 寫入ad帳號
2019-02-08 23:42:53,016: [DEBUG] 寫入ad帳號
2019-02-08 23:42:53,110: [DEBUG] 寫入ad帳號
2019-02-08 23:42:53,110: [DEBUG] 寫入ad帳號
2019-02-08 23:42:53,148: [DEBUG] Employee：鍾XXXXX
2019-02-08 23:42:53,164: [DEBUG] Employee：鍾XXXXX
2019-02-08 23:42:53,164: [DEBUG] Employee：鍾XXXXX
2019-02-08 23:42:53,167: [DEBUG] 寫入ad帳號
2019-02-08 23:42:53,191: [DEBUG] Employee：鍾XXXXX
2019-02-08 23:42:53,223: [DEBUG] 寫入ad帳號
2019-02-08 23:42:53,223: [DEBUG] 寫入ad帳號
2019-02-08 23:42:53,237: [DEBUG] Employee：鍾XXXXX
2019-02-08 23:42:53,237: [DEBUG] Employee：鍾XXXXX
2019-02-08 23:42:53,280: [DEBUG] 寫入ad帳號
2019-02-08 23:42:53,325: [DEBUG] 寫入ad帳號
2019-02-08 23:42:53,339: [DEBUG] Employee：鍾XXXXX
2019-02-08 23:42:53,339: [DEBUG] Employee：鍾XXXXX
2019-02-08 23:42:53,354: [DEBUG] 寫入ad帳號
2019-02-08 23:42:53,373: [DEBUG] Employee：鍾XXXXX
2019-02-08 23:42:53,373: [DEBUG] 寫入ad帳號
2019-02-08 23:42:53,405: [DEBUG] 寫入ad帳號
2019-02-08 23:42:53,434: [DEBUG] Employee：鍾XXXXX
2019-02-08 23:42:53,436: [DEBUG] 寫入ad帳號
2019-02-08 23:42:53,448: [DEBUG] Employee：鍾XXXXX
2019-02-08 23:42:53,448: [DEBUG] Employee：鍾XXXXX
2019-02-08 23:42:53,469: [DEBUG] Employee：鍾XXXXX
2019-02-08 23:42:53,471: [DEBUG] 寫入ad帳號
2019-02-08 23:42:53,489: [DEBUG] Employee：鍾XXXXX
2019-02-08 23:42:53,491: [DEBUG] 寫入ad帳號
2019-02-08 23:42:53,513: [DEBUG] 寫入ad帳號
2019-02-08 23:42:53,514: [DEBUG] 寫入ad帳號
2019-02-08 23:42:53,514: [DEBUG] 寫入ad帳號
2019-02-08 23:42:53,667: [DEBUG] Employee：鍾XXXXX
2019-02-08 23:42:53,667: [DEBUG] Employee：鍾XXXXX
2019-02-08 23:42:53,691: [DEBUG] Employee：鍾XXXXX
2019-02-08 23:42:53,691: [DEBUG] Employee：鍾XXXXX
2019-02-08 23:42:53,701: [DEBUG] Employee：鍾XXXXX
2019-02-08 23:42:53,711: [DEBUG] 寫入ad帳號
2019-02-08 23:42:53,727: [DEBUG] 寫入ad帳號
2019-02-08 23:42:53,727: [DEBUG] 寫入ad帳號
2019-02-08 23:42:53,727: [DEBUG] 寫入ad帳號
2019-02-08 23:42:53,801: [DEBUG] Employee：鍾XXXXX
2019-02-08 23:42:53,801: [DEBUG] Employee：鍾XXXXX
2019-02-08 23:42:53,801: [DEBUG] Employee：鍾XXXXX
2019-02-08 23:42:53,803: [DEBUG] 寫入ad帳號
2019-02-08 23:42:53,830: [DEBUG] Employee：鍾XXXXX
2019-02-08 23:42:53,831: [DEBUG] 寫入ad帳號
2019-02-08 23:42:53,880: [DEBUG] Employee：鍾XXXXX
2019-02-08 23:42:53,880: [DEBUG] Employee：鍾XXXXX
2019-02-08 23:43:03,213: [DEBUG] 1
2019-02-08 23:43:03,213: [DEBUG] F
2019-02-08 23:43:41,208: [DEBUG] 寫入ad帳號
2019-02-08 23:43:41,248: [DEBUG] Employee：鍾XXXXX
2019-02-08 23:44:36,874: [DEBUG] 寫入ad帳號
2019-02-08 23:44:37,374: [DEBUG] Employee：鍾XXXXX
2019-02-08 23:44:37,790: [DEBUG] HomeController:F
2019-02-08 23:44:37,930: [DEBUG] 1
2019-02-08 23:44:37,930: [DEBUG] F
2019-02-08 23:44:38,334: [DEBUG] 寫入ad帳號
2019-02-08 23:44:38,335: [DEBUG] 寫入ad帳號
2019-02-08 23:44:38,336: [DEBUG] 寫入ad帳號
2019-02-08 23:44:38,337: [DEBUG] 寫入ad帳號
2019-02-08 23:44:38,337: [DEBUG] 寫入ad帳號
2019-02-08 23:44:38,428: [DEBUG] Employee：鍾XXXXX
2019-02-08 23:44:38,472: [DEBUG] Employee：鍾XXXXX
2019-02-08 23:44:38,498: [DEBUG] Employee：鍾XXXXX
2019-02-08 23:44:38,498: [DEBUG] Employee：鍾XXXXX
2019-02-08 23:44:38,512: [DEBUG] Employee：鍾XXXXX
2019-02-08 23:44:38,526: [DEBUG] 寫入ad帳號
2019-02-08 23:44:38,565: [DEBUG] Employee：鍾XXXXX
2019-02-08 23:44:38,591: [DEBUG] 寫入ad帳號
2019-02-08 23:44:38,599: [DEBUG] 寫入ad帳號
2019-02-08 23:44:38,600: [DEBUG] 寫入ad帳號
2019-02-08 23:44:38,644: [DEBUG] 寫入ad帳號
2019-02-08 23:44:38,644: [DEBUG] 寫入ad帳號
2019-02-08 23:44:38,697: [DEBUG] Employee：鍾XXXXX
2019-02-08 23:44:38,698: [DEBUG] Employee：鍾XXXXX
2019-02-08 23:44:38,709: [DEBUG] Employee：鍾XXXXX
2019-02-08 23:44:38,709: [DEBUG] Employee：鍾XXXXX
2019-02-08 23:44:38,732: [DEBUG] 寫入ad帳號
2019-02-08 23:44:38,732: [DEBUG] 寫入ad帳號
2019-02-08 23:44:38,736: [DEBUG] 寫入ad帳號
2019-02-08 23:44:38,759: [DEBUG] Employee：鍾XXXXX
2019-02-08 23:44:38,804: [DEBUG] Employee：鍾XXXXX
2019-02-08 23:44:38,804: [DEBUG] Employee：鍾XXXXX
2019-02-08 23:44:38,804: [DEBUG] 寫入ad帳號
2019-02-08 23:44:38,816: [DEBUG] Employee：鍾XXXXX
2019-02-08 23:44:38,844: [DEBUG] 寫入ad帳號
2019-02-08 23:44:38,867: [DEBUG] 寫入ad帳號
2019-02-08 23:44:38,927: [DEBUG] Employee：鍾XXXXX
2019-02-08 23:44:38,927: [DEBUG] 寫入ad帳號
2019-02-08 23:44:38,940: [DEBUG] Employee：鍾XXXXX
2019-02-08 23:44:38,940: [DEBUG] 寫入ad帳號
2019-02-08 23:44:39,018: [DEBUG] 寫入ad帳號
2019-02-08 23:44:39,029: [DEBUG] Employee：鍾XXXXX
2019-02-08 23:44:39,029: [DEBUG] Employee：鍾XXXXX
2019-02-08 23:44:39,043: [DEBUG] Employee：鍾XXXXX
2019-02-08 23:44:39,061: [DEBUG] 寫入ad帳號
2019-02-08 23:44:39,095: [DEBUG] 寫入ad帳號
2019-02-08 23:44:39,095: [DEBUG] 寫入ad帳號
2019-02-08 23:44:39,095: [DEBUG] 寫入ad帳號
2019-02-08 23:44:39,146: [DEBUG] Employee：鍾XXXXX
2019-02-08 23:44:39,179: [DEBUG] 寫入ad帳號
2019-02-08 23:44:39,179: [DEBUG] Employee：鍾XXXXX
2019-02-08 23:44:39,191: [DEBUG] Employee：鍾XXXXX
2019-02-08 23:44:39,191: [DEBUG] Employee：鍾XXXXX
2019-02-08 23:44:39,191: [DEBUG] Employee：鍾XXXXX
2019-02-08 23:44:39,224: [DEBUG] 寫入ad帳號
2019-02-08 23:44:39,224: [DEBUG] 寫入ad帳號
2019-02-08 23:44:39,247: [DEBUG] 寫入ad帳號
2019-02-08 23:44:39,247: [DEBUG] Employee：鍾XXXXX
2019-02-08 23:44:39,259: [DEBUG] 寫入ad帳號
2019-02-08 23:44:39,304: [DEBUG] Employee：鍾XXXXX
2019-02-08 23:44:39,304: [DEBUG] Employee：鍾XXXXX
2019-02-08 23:44:39,304: [DEBUG] 寫入ad帳號
2019-02-08 23:44:39,328: [DEBUG] Employee：鍾XXXXX
2019-02-08 23:44:39,329: [DEBUG] 寫入ad帳號
2019-02-08 23:44:39,357: [DEBUG] Employee：鍾XXXXX
2019-02-08 23:44:39,382: [DEBUG] Employee：鍾XXXXX
2019-02-08 23:44:39,393: [DEBUG] Employee：鍾XXXXX
2019-02-08 23:44:42,742: [DEBUG] 1
2019-02-08 23:44:42,742: [DEBUG] F
2019-02-08 23:45:24,294: [DEBUG] 寫入ad帳號
2019-02-08 23:45:24,780: [DEBUG] Employee：鍾XXXXX
2019-02-08 23:45:25,202: [DEBUG] HomeController:F
2019-02-08 23:45:25,336: [DEBUG] 1
2019-02-08 23:45:25,336: [DEBUG] F
2019-02-08 23:45:25,715: [DEBUG] 寫入ad帳號
2019-02-08 23:45:25,715: [DEBUG] 寫入ad帳號
2019-02-08 23:45:25,715: [DEBUG] 寫入ad帳號
2019-02-08 23:45:25,732: [DEBUG] 寫入ad帳號
2019-02-08 23:45:25,733: [DEBUG] 寫入ad帳號
2019-02-08 23:45:25,900: [DEBUG] Employee：鍾XXXXX
2019-02-08 23:45:25,914: [DEBUG] Employee：鍾XXXXX
2019-02-08 23:45:25,914: [DEBUG] Employee：鍾XXXXX
2019-02-08 23:45:25,928: [DEBUG] Employee：鍾XXXXX
2019-02-08 23:45:25,935: [DEBUG] 寫入ad帳號
2019-02-08 23:45:25,948: [DEBUG] Employee：鍾XXXXX
2019-02-08 23:45:25,982: [DEBUG] Employee：鍾XXXXX
2019-02-08 23:45:26,012: [DEBUG] 寫入ad帳號
2019-02-08 23:45:26,012: [DEBUG] 寫入ad帳號
2019-02-08 23:45:26,012: [DEBUG] 寫入ad帳號
2019-02-08 23:45:26,060: [DEBUG] 寫入ad帳號
2019-02-08 23:45:26,083: [DEBUG] 寫入ad帳號
2019-02-08 23:45:26,173: [DEBUG] Employee：鍾XXXXX
2019-02-08 23:45:26,173: [DEBUG] Employee：鍾XXXXX
2019-02-08 23:45:26,173: [DEBUG] Employee：鍾XXXXX
2019-02-08 23:45:26,187: [DEBUG] Employee：鍾XXXXX
2019-02-08 23:45:26,187: [DEBUG] Employee：鍾XXXXX
2019-02-08 23:45:26,194: [DEBUG] 寫入ad帳號
2019-02-08 23:45:26,201: [DEBUG] 寫入ad帳號
2019-02-08 23:45:26,201: [DEBUG] 寫入ad帳號
2019-02-08 23:45:26,232: [DEBUG] 寫入ad帳號
2019-02-08 23:45:26,293: [DEBUG] Employee：鍾XXXXX
2019-02-08 23:45:26,310: [DEBUG] Employee：鍾XXXXX
2019-02-08 23:45:26,310: [DEBUG] Employee：鍾XXXXX
2019-02-08 23:45:26,315: [DEBUG] 寫入ad帳號
2019-02-08 23:45:26,339: [DEBUG] Employee：鍾XXXXX
2019-02-08 23:45:26,356: [DEBUG] 寫入ad帳號
2019-02-08 23:45:26,361: [DEBUG] 寫入ad帳號
2019-02-08 23:45:26,395: [DEBUG] 寫入ad帳號
2019-02-08 23:45:26,406: [DEBUG] Employee：鍾XXXXX
2019-02-08 23:45:26,423: [DEBUG] Employee：鍾XXXXX
2019-02-08 23:45:26,425: [DEBUG] 寫入ad帳號
2019-02-08 23:45:26,453: [DEBUG] Employee：鍾XXXXX
2019-02-08 23:45:26,453: [DEBUG] 寫入ad帳號
2019-02-08 23:45:26,453: [DEBUG] 寫入ad帳號
2019-02-08 23:45:26,467: [DEBUG] Employee：鍾XXXXX
2019-02-08 23:45:26,508: [DEBUG] Employee：鍾XXXXX
2019-02-08 23:45:26,520: [DEBUG] Employee：鍾XXXXX
2019-02-08 23:45:26,553: [DEBUG] 寫入ad帳號
2019-02-08 23:45:26,556: [DEBUG] 寫入ad帳號
2019-02-08 23:45:26,604: [DEBUG] 寫入ad帳號
2019-02-08 23:45:26,604: [DEBUG] 寫入ad帳號
2019-02-08 23:45:26,640: [DEBUG] Employee：鍾XXXXX
2019-02-08 23:45:26,659: [DEBUG] Employee：鍾XXXXX
2019-02-08 23:45:26,676: [DEBUG] Employee：鍾XXXXX
2019-02-08 23:45:26,676: [DEBUG] Employee：鍾XXXXX
2019-02-08 23:45:26,697: [DEBUG] Employee：鍾XXXXX
2019-02-08 23:45:26,735: [DEBUG] 寫入ad帳號
2019-02-08 23:45:26,741: [DEBUG] 寫入ad帳號
2019-02-08 23:45:26,741: [DEBUG] 寫入ad帳號
2019-02-08 23:45:26,809: [DEBUG] 寫入ad帳號
2019-02-08 23:45:26,809: [DEBUG] 寫入ad帳號
2019-02-08 23:45:26,877: [DEBUG] Employee：鍾XXXXX
2019-02-08 23:45:26,877: [DEBUG] Employee：鍾XXXXX
2019-02-08 23:45:26,877: [DEBUG] Employee：鍾XXXXX
2019-02-08 23:45:26,920: [DEBUG] Employee：鍾XXXXX
2019-02-08 23:45:26,921: [DEBUG] Employee：鍾XXXXX
2019-02-08 23:45:29,776: [DEBUG] 1
2019-02-08 23:45:29,776: [DEBUG] F
2019-02-08 23:47:20,907: [DEBUG] 寫入ad帳號
2019-02-08 23:47:21,400: [DEBUG] Employee：鍾XXXXX
2019-02-08 23:47:21,832: [DEBUG] HomeController:F
2019-02-08 23:47:21,971: [DEBUG] 1
2019-02-08 23:47:21,971: [DEBUG] F
2019-02-08 23:47:22,362: [DEBUG] 寫入ad帳號
2019-02-08 23:47:22,372: [DEBUG] 寫入ad帳號
2019-02-08 23:47:22,386: [DEBUG] 寫入ad帳號
2019-02-08 23:47:22,443: [DEBUG] 寫入ad帳號
2019-02-08 23:47:22,463: [DEBUG] 寫入ad帳號
2019-02-08 23:47:22,526: [DEBUG] Employee：鍾XXXXX
2019-02-08 23:47:22,541: [DEBUG] Employee：鍾XXXXX
2019-02-08 23:47:22,555: [DEBUG] Employee：鍾XXXXX
2019-02-08 23:47:22,566: [DEBUG] Employee：鍾XXXXX
2019-02-08 23:47:22,577: [DEBUG] Employee：鍾XXXXX
2019-02-08 23:47:22,594: [DEBUG] 寫入ad帳號
2019-02-08 23:47:22,636: [DEBUG] 寫入ad帳號
2019-02-08 23:47:22,636: [DEBUG] 寫入ad帳號
2019-02-08 23:47:22,738: [DEBUG] 寫入ad帳號
2019-02-08 23:47:22,752: [DEBUG] 寫入ad帳號
2019-02-08 23:47:22,767: [DEBUG] Employee：鍾XXXXX
2019-02-08 23:47:22,767: [DEBUG] Employee：鍾XXXXX
2019-02-08 23:47:22,767: [DEBUG] Employee：鍾XXXXX
2019-02-08 23:47:22,783: [DEBUG] Employee：鍾XXXXX
2019-02-08 23:47:22,807: [DEBUG] 寫入ad帳號
2019-02-08 23:47:22,808: [DEBUG] 寫入ad帳號
2019-02-08 23:47:22,808: [DEBUG] 寫入ad帳號
2019-02-08 23:47:22,874: [DEBUG] Employee：鍾XXXXX
2019-02-08 23:47:22,890: [DEBUG] Employee：鍾XXXXX
2019-02-08 23:47:22,890: [DEBUG] Employee：鍾XXXXX
2019-02-08 23:47:22,891: [DEBUG] 寫入ad帳號
2019-02-08 23:47:22,913: [DEBUG] Employee：鍾XXXXX
2019-02-08 23:47:22,933: [DEBUG] 寫入ad帳號
2019-02-08 23:47:23,002: [DEBUG] 寫入ad帳號
2019-02-08 23:47:23,013: [DEBUG] Employee：鍾XXXXX
2019-02-08 23:47:23,013: [DEBUG] 寫入ad帳號
2019-02-08 23:47:23,037: [DEBUG] 寫入ad帳號
2019-02-08 23:47:23,051: [DEBUG] Employee：鍾XXXXX
2019-02-08 23:47:23,071: [DEBUG] 寫入ad帳號
2019-02-08 23:47:23,084: [DEBUG] Employee：鍾XXXXX
2019-02-08 23:47:23,084: [DEBUG] Employee：鍾XXXXX
2019-02-08 23:47:23,110: [DEBUG] Employee：鍾XXXXX
2019-02-08 23:47:23,133: [DEBUG] 寫入ad帳號
2019-02-08 23:47:23,144: [DEBUG] 寫入ad帳號
2019-02-08 23:47:23,162: [DEBUG] Employee：鍾XXXXX
2019-02-08 23:47:23,162: [DEBUG] 寫入ad帳號
2019-02-08 23:47:23,184: [DEBUG] 寫入ad帳號
2019-02-08 23:47:23,246: [DEBUG] Employee：鍾XXXXX
2019-02-08 23:47:23,246: [DEBUG] Employee：鍾XXXXX
2019-02-08 23:47:23,246: [DEBUG] Employee：鍾XXXXX
2019-02-08 23:47:23,248: [DEBUG] 寫入ad帳號
2019-02-08 23:47:23,294: [DEBUG] 寫入ad帳號
2019-02-08 23:47:23,317: [DEBUG] Employee：鍾XXXXX
2019-02-08 23:47:23,318: [DEBUG] 寫入ad帳號
2019-02-08 23:47:23,355: [DEBUG] 寫入ad帳號
2019-02-08 23:47:23,447: [DEBUG] Employee：鍾XXXXX
2019-02-08 23:47:23,447: [DEBUG] 寫入ad帳號
2019-02-08 23:47:23,461: [DEBUG] Employee：鍾XXXXX
2019-02-08 23:47:23,461: [DEBUG] Employee：鍾XXXXX
2019-02-08 23:47:23,508: [DEBUG] 寫入ad帳號
2019-02-08 23:47:23,517: [DEBUG] Employee：鍾XXXXX
2019-02-08 23:47:23,546: [DEBUG] Employee：鍾XXXXX
2019-02-08 23:47:23,546: [DEBUG] 寫入ad帳號
2019-02-08 23:47:23,549: [DEBUG] 寫入ad帳號
2019-02-08 23:47:23,643: [DEBUG] Employee：鍾XXXXX
2019-02-08 23:47:23,643: [DEBUG] Employee：鍾XXXXX
2019-02-08 23:47:23,685: [DEBUG] Employee：鍾XXXXX
2019-02-08 23:47:26,722: [DEBUG] 1
2019-02-08 23:47:26,722: [DEBUG] F
2019-02-08 23:48:26,266: [DEBUG] 寫入ad帳號
2019-02-08 23:48:26,758: [DEBUG] Employee：鍾XXXXX
2019-02-08 23:48:27,185: [DEBUG] HomeController:F
2019-02-08 23:48:27,324: [DEBUG] 1
2019-02-08 23:48:27,325: [DEBUG] F
2019-02-08 23:48:27,693: [DEBUG] 寫入ad帳號
2019-02-08 23:48:27,693: [DEBUG] 寫入ad帳號
2019-02-08 23:48:27,712: [DEBUG] 寫入ad帳號
2019-02-08 23:48:27,712: [DEBUG] 寫入ad帳號
2019-02-08 23:48:27,713: [DEBUG] 寫入ad帳號
2019-02-08 23:48:27,845: [DEBUG] Employee：鍾XXXXX
2019-02-08 23:48:27,864: [DEBUG] Employee：鍾XXXXX
2019-02-08 23:48:27,877: [DEBUG] Employee：鍾XXXXX
2019-02-08 23:48:27,877: [DEBUG] Employee：鍾XXXXX
2019-02-08 23:48:27,896: [DEBUG] Employee：鍾XXXXX
2019-02-08 23:48:27,925: [DEBUG] 寫入ad帳號
2019-02-08 23:48:27,943: [DEBUG] 寫入ad帳號
2019-02-08 23:48:27,952: [DEBUG] 寫入ad帳號
2019-02-08 23:48:27,994: [DEBUG] 寫入ad帳號
2019-02-08 23:48:27,994: [DEBUG] 寫入ad帳號
2019-02-08 23:48:28,062: [DEBUG] Employee：鍾XXXXX
2019-02-08 23:48:28,064: [DEBUG] Employee：鍾XXXXX
2019-02-08 23:48:28,076: [DEBUG] Employee：鍾XXXXX
2019-02-08 23:48:28,089: [DEBUG] Employee：鍾XXXXX
2019-02-08 23:48:28,120: [DEBUG] 寫入ad帳號
2019-02-08 23:48:28,120: [DEBUG] 寫入ad帳號
2019-02-08 23:48:28,120: [DEBUG] 寫入ad帳號
2019-02-08 23:48:28,175: [DEBUG] 寫入ad帳號
2019-02-08 23:48:28,253: [DEBUG] Employee：鍾XXXXX
2019-02-08 23:48:28,254: [DEBUG] Employee：鍾XXXXX
2019-02-08 23:48:28,267: [DEBUG] Employee：鍾XXXXX
2019-02-08 23:48:28,267: [DEBUG] Employee：鍾XXXXX
2019-02-08 23:48:28,314: [DEBUG] Employee：鍾XXXXX
2019-02-08 23:48:28,327: [DEBUG] 寫入ad帳號
2019-02-08 23:48:28,348: [DEBUG] 寫入ad帳號
2019-02-08 23:48:28,348: [DEBUG] 寫入ad帳號
2019-02-08 23:48:28,408: [DEBUG] 寫入ad帳號
2019-02-08 23:48:28,459: [DEBUG] Employee：鍾XXXXX
2019-02-08 23:48:28,461: [DEBUG] 寫入ad帳號
2019-02-08 23:48:28,476: [DEBUG] Employee：鍾XXXXX
2019-02-08 23:48:28,476: [DEBUG] Employee：鍾XXXXX
2019-02-08 23:48:28,476: [DEBUG] Employee：鍾XXXXX
2019-02-08 23:48:28,478: [DEBUG] 寫入ad帳號
2019-02-08 23:48:28,512: [DEBUG] 寫入ad帳號
2019-02-08 23:48:28,525: [DEBUG] Employee：鍾XXXXX
2019-02-08 23:48:28,557: [DEBUG] 寫入ad帳號
2019-02-08 23:48:28,604: [DEBUG] Employee：鍾XXXXX
2019-02-08 23:48:28,630: [DEBUG] Employee：鍾XXXXX
2019-02-08 23:48:28,631: [DEBUG] 寫入ad帳號
2019-02-08 23:48:28,645: [DEBUG] Employee：鍾XXXXX
2019-02-08 23:48:28,646: [DEBUG] 寫入ad帳號
2019-02-08 23:48:28,675: [DEBUG] 寫入ad帳號
2019-02-08 23:48:28,686: [DEBUG] Employee：鍾XXXXX
2019-02-08 23:48:28,698: [DEBUG] Employee：鍾XXXXX
2019-02-08 23:48:28,699: [DEBUG] 寫入ad帳號
2019-02-08 23:48:28,733: [DEBUG] 寫入ad帳號
2019-02-08 23:48:28,733: [DEBUG] Employee：鍾XXXXX
2019-02-08 23:48:28,749: [DEBUG] Employee：鍾XXXXX
2019-02-08 23:48:28,752: [DEBUG] 寫入ad帳號
2019-02-08 23:48:28,779: [DEBUG] 寫入ad帳號
2019-02-08 23:48:28,792: [DEBUG] Employee：鍾XXXXX
2019-02-08 23:48:28,817: [DEBUG] Employee：鍾XXXXX
2019-02-08 23:48:28,817: [DEBUG] 寫入ad帳號
2019-02-08 23:48:28,829: [DEBUG] Employee：鍾XXXXX
2019-02-08 23:48:28,861: [DEBUG] 寫入ad帳號
2019-02-08 23:48:28,909: [DEBUG] Employee：鍾XXXXX
2019-02-08 23:48:28,921: [DEBUG] Employee：鍾XXXXX
2019-02-08 23:48:34,291: [DEBUG] 1
2019-02-08 23:48:34,291: [DEBUG] F
2019-02-08 23:51:04,328: [DEBUG] 寫入ad帳號
2019-02-08 23:51:04,370: [DEBUG] Employee：鍾XXXXX
2019-02-08 23:51:57,529: [DEBUG] 寫入ad帳號
2019-02-08 23:51:58,009: [DEBUG] Employee：鍾XXXXX
2019-02-08 23:51:58,440: [DEBUG] HomeController:F
2019-02-08 23:51:58,592: [DEBUG] 1
2019-02-08 23:51:58,592: [DEBUG] F
2019-02-08 23:51:58,955: [DEBUG] 寫入ad帳號
2019-02-08 23:51:58,959: [DEBUG] 寫入ad帳號
2019-02-08 23:51:59,050: [DEBUG] 寫入ad帳號
2019-02-08 23:51:59,050: [DEBUG] Employee：鍾XXXXX
2019-02-08 23:51:59,107: [DEBUG] Employee：鍾XXXXX
2019-02-08 23:51:59,107: [DEBUG] 寫入ad帳號
2019-02-08 23:51:59,107: [DEBUG] 寫入ad帳號
2019-02-08 23:51:59,157: [DEBUG] Employee：鍾XXXXX
2019-02-08 23:51:59,190: [DEBUG] 寫入ad帳號
2019-02-08 23:51:59,199: [DEBUG] Employee：鍾XXXXX
2019-02-08 23:51:59,273: [DEBUG] Employee：鍾XXXXX
2019-02-08 23:51:59,273: [DEBUG] 寫入ad帳號
2019-02-08 23:51:59,309: [DEBUG] Employee：鍾XXXXX
2019-02-08 23:51:59,320: [DEBUG] Employee：鍾XXXXX
2019-02-08 23:51:59,326: [DEBUG] 寫入ad帳號
2019-02-08 23:51:59,361: [DEBUG] 寫入ad帳號
2019-02-08 23:51:59,376: [DEBUG] 寫入ad帳號
2019-02-08 23:51:59,376: [DEBUG] 寫入ad帳號
2019-02-08 23:51:59,423: [DEBUG] Employee：鍾XXXXX
2019-02-08 23:51:59,445: [DEBUG] Employee：鍾XXXXX
2019-02-08 23:51:59,446: [DEBUG] 寫入ad帳號
2019-02-08 23:51:59,469: [DEBUG] Employee：鍾XXXXX
2019-02-08 23:51:59,486: [DEBUG] 寫入ad帳號
2019-02-08 23:51:59,500: [DEBUG] 寫入ad帳號
2019-02-08 23:51:59,524: [DEBUG] Employee：鍾XXXXX
2019-02-08 23:51:59,536: [DEBUG] Employee：鍾XXXXX
2019-02-08 23:51:59,536: [DEBUG] 寫入ad帳號
2019-02-08 23:51:59,581: [DEBUG] Employee：鍾XXXXX
2019-02-08 23:51:59,582: [DEBUG] Employee：鍾XXXXX
2019-02-08 23:51:59,597: [DEBUG] 寫入ad帳號
2019-02-08 23:51:59,599: [DEBUG] 寫入ad帳號
2019-02-08 23:51:59,616: [DEBUG] 寫入ad帳號
2019-02-08 23:51:59,688: [DEBUG] Employee：鍾XXXXX
2019-02-08 23:51:59,694: [DEBUG] Employee：鍾XXXXX
2019-02-08 23:51:59,695: [DEBUG] Employee：鍾XXXXX
2019-02-08 23:51:59,700: [DEBUG] Employee：鍾XXXXX
2019-02-08 23:51:59,717: [DEBUG] 寫入ad帳號
2019-02-08 23:51:59,717: [DEBUG] 寫入ad帳號
2019-02-08 23:51:59,764: [DEBUG] 寫入ad帳號
2019-02-08 23:51:59,764: [DEBUG] 寫入ad帳號
2019-02-08 23:51:59,811: [DEBUG] Employee：鍾XXXXX
2019-02-08 23:51:59,812: [DEBUG] Employee：鍾XXXXX
2019-02-08 23:51:59,826: [DEBUG] 寫入ad帳號
2019-02-08 23:51:59,844: [DEBUG] Employee：鍾XXXXX
2019-02-08 23:51:59,846: [DEBUG] Employee：鍾XXXXX
2019-02-08 23:51:59,864: [DEBUG] 寫入ad帳號
2019-02-08 23:51:59,864: [DEBUG] 寫入ad帳號
2019-02-08 23:51:59,871: [DEBUG] 寫入ad帳號
2019-02-08 23:51:59,940: [DEBUG] Employee：鍾XXXXX
2019-02-08 23:51:59,952: [DEBUG] Employee：鍾XXXXX
2019-02-08 23:51:59,964: [DEBUG] Employee：鍾XXXXX
2019-02-08 23:51:59,965: [DEBUG] 寫入ad帳號
2019-02-08 23:51:59,976: [DEBUG] Employee：鍾XXXXX
2019-02-08 23:52:00,000: [DEBUG] 寫入ad帳號
2019-02-08 23:52:00,041: [DEBUG] 寫入ad帳號
2019-02-08 23:52:00,042: [DEBUG] 寫入ad帳號
2019-02-08 23:52:00,042: [DEBUG] 寫入ad帳號
2019-02-08 23:52:00,099: [DEBUG] Employee：鍾XXXXX
2019-02-08 23:52:00,120: [DEBUG] Employee：鍾XXXXX
2019-02-08 23:52:00,122: [DEBUG] Employee：鍾XXXXX
2019-02-08 23:52:00,133: [DEBUG] Employee：鍾XXXXX
2019-02-08 23:52:00,172: [DEBUG] Employee：鍾XXXXX
2019-02-08 23:52:06,804: [DEBUG] 1
2019-02-08 23:52:06,804: [DEBUG] F
2019-02-08 23:53:31,237: [DEBUG] 寫入ad帳號
2019-02-08 23:53:31,730: [DEBUG] Employee：鍾XXXXX
2019-02-08 23:53:32,154: [DEBUG] HomeController:F
2019-02-08 23:53:32,294: [DEBUG] 1
2019-02-08 23:53:32,294: [DEBUG] F
2019-02-08 23:53:32,664: [DEBUG] 寫入ad帳號
2019-02-08 23:53:32,671: [DEBUG] 寫入ad帳號
2019-02-08 23:53:32,671: [DEBUG] 寫入ad帳號
2019-02-08 23:53:32,693: [DEBUG] 寫入ad帳號
2019-02-08 23:53:32,700: [DEBUG] 寫入ad帳號
2019-02-08 23:53:32,799: [DEBUG] Employee：鍾XXXXX
2019-02-08 23:53:32,839: [DEBUG] Employee：鍾XXXXX
2019-02-08 23:53:32,854: [DEBUG] Employee：鍾XXXXX
2019-02-08 23:53:32,854: [DEBUG] Employee：鍾XXXXX
2019-02-08 23:53:32,857: [DEBUG] 寫入ad帳號
2019-02-08 23:53:32,866: [DEBUG] Employee：鍾XXXXX
2019-02-08 23:53:32,903: [DEBUG] 寫入ad帳號
2019-02-08 23:53:32,915: [DEBUG] Employee：鍾XXXXX
2019-02-08 23:53:32,916: [DEBUG] 寫入ad帳號
2019-02-08 23:53:32,961: [DEBUG] Employee：鍾XXXXX
2019-02-08 23:53:32,971: [DEBUG] 寫入ad帳號
2019-02-08 23:53:32,971: [DEBUG] 寫入ad帳號
2019-02-08 23:53:33,017: [DEBUG] 寫入ad帳號
2019-02-08 23:53:33,017: [DEBUG] 寫入ad帳號
2019-02-08 23:53:33,056: [DEBUG] Employee：鍾XXXXX
2019-02-08 23:53:33,073: [DEBUG] Employee：鍾XXXXX
2019-02-08 23:53:33,073: [DEBUG] Employee：鍾XXXXX
2019-02-08 23:53:33,086: [DEBUG] 寫入ad帳號
2019-02-08 23:53:33,086: [DEBUG] Employee：鍾XXXXX
2019-02-08 23:53:33,103: [DEBUG] 寫入ad帳號
2019-02-08 23:53:33,103: [DEBUG] 寫入ad帳號
2019-02-08 23:53:33,164: [DEBUG] Employee：鍾XXXXX
2019-02-08 23:53:33,179: [DEBUG] Employee：鍾XXXXX
2019-02-08 23:53:33,192: [DEBUG] Employee：鍾XXXXX
2019-02-08 23:53:33,192: [DEBUG] Employee：鍾XXXXX
2019-02-08 23:53:33,196: [DEBUG] 寫入ad帳號
2019-02-08 23:53:33,196: [DEBUG] 寫入ad帳號
2019-02-08 23:53:33,250: [DEBUG] 寫入ad帳號
2019-02-08 23:53:33,278: [DEBUG] 寫入ad帳號
2019-02-08 23:53:33,292: [DEBUG] Employee：鍾XXXXX
2019-02-08 23:53:33,365: [DEBUG] Employee：鍾XXXXX
2019-02-08 23:53:33,365: [DEBUG] 寫入ad帳號
2019-02-08 23:53:33,367: [DEBUG] Employee：鍾XXXXX
2019-02-08 23:53:33,379: [DEBUG] Employee：鍾XXXXX
2019-02-08 23:53:33,380: [DEBUG] 寫入ad帳號
2019-02-08 23:53:33,384: [DEBUG] 寫入ad帳號
2019-02-08 23:53:33,414: [DEBUG] 寫入ad帳號
2019-02-08 23:53:33,426: [DEBUG] Employee：鍾XXXXX
2019-02-08 23:53:33,494: [DEBUG] 寫入ad帳號
2019-02-08 23:53:33,528: [DEBUG] Employee：鍾XXXXX
2019-02-08 23:53:33,528: [DEBUG] Employee：鍾XXXXX
2019-02-08 23:53:33,542: [DEBUG] Employee：鍾XXXXX
2019-02-08 23:53:33,578: [DEBUG] 寫入ad帳號
2019-02-08 23:53:33,578: [DEBUG] 寫入ad帳號
2019-02-08 23:53:33,580: [DEBUG] 寫入ad帳號
2019-02-08 23:53:33,607: [DEBUG] Employee：鍾XXXXX
2019-02-08 23:53:33,608: [DEBUG] 寫入ad帳號
2019-02-08 23:53:33,650: [DEBUG] 寫入ad帳號
2019-02-08 23:53:33,677: [DEBUG] Employee：鍾XXXXX
2019-02-08 23:53:33,678: [DEBUG] Employee：鍾XXXXX
2019-02-08 23:53:33,677: [DEBUG] Employee：鍾XXXXX
2019-02-08 23:53:33,687: [DEBUG] 寫入ad帳號
2019-02-08 23:53:33,702: [DEBUG] Employee：鍾XXXXX
2019-02-08 23:53:33,719: [DEBUG] 寫入ad帳號
2019-02-08 23:53:33,742: [DEBUG] Employee：鍾XXXXX
2019-02-08 23:53:33,791: [DEBUG] Employee：鍾XXXXX
2019-02-08 23:53:33,791: [DEBUG] Employee：鍾XXXXX
2019-02-08 23:53:39,118: [DEBUG] 1
2019-02-08 23:53:39,118: [DEBUG] F
2019-02-08 23:55:05,640: [DEBUG] 寫入ad帳號
2019-02-08 23:55:05,721: [DEBUG] Employee：鍾XXXXX
2019-02-08 23:57:27,862: [DEBUG] 寫入ad帳號
2019-02-08 23:57:28,394: [DEBUG] Employee：鍾XXXXX
2019-02-08 23:57:28,820: [DEBUG] HomeController:F
2019-02-08 23:57:28,954: [DEBUG] 1
2019-02-08 23:57:28,954: [DEBUG] F
2019-02-08 23:57:29,327: [DEBUG] 寫入ad帳號
2019-02-08 23:57:29,327: [DEBUG] 寫入ad帳號
2019-02-08 23:57:29,327: [DEBUG] 寫入ad帳號
2019-02-08 23:57:29,327: [DEBUG] 寫入ad帳號
2019-02-08 23:57:29,328: [DEBUG] 寫入ad帳號
2019-02-08 23:57:29,456: [DEBUG] Employee：鍾XXXXX
2019-02-08 23:57:29,456: [DEBUG] Employee：鍾XXXXX
2019-02-08 23:57:29,476: [DEBUG] Employee：鍾XXXXX
2019-02-08 23:57:29,495: [DEBUG] Employee：鍾XXXXX
2019-02-08 23:57:29,495: [DEBUG] Employee：鍾XXXXX
2019-02-08 23:57:29,498: [DEBUG] 寫入ad帳號
2019-02-08 23:57:29,553: [DEBUG] 寫入ad帳號
2019-02-08 23:57:29,553: [DEBUG] 寫入ad帳號
2019-02-08 23:57:29,553: [DEBUG] 寫入ad帳號
2019-02-08 23:57:29,583: [DEBUG] Employee：鍾XXXXX
2019-02-08 23:57:29,586: [DEBUG] 寫入ad帳號
2019-02-08 23:57:29,661: [DEBUG] Employee：鍾XXXXX
2019-02-08 23:57:29,661: [DEBUG] Employee：鍾XXXXX
2019-02-08 23:57:29,674: [DEBUG] 寫入ad帳號
2019-02-08 23:57:29,726: [DEBUG] 寫入ad帳號
2019-02-08 23:57:29,726: [DEBUG] 寫入ad帳號
2019-02-08 23:57:29,741: [DEBUG] Employee：鍾XXXXX
2019-02-08 23:57:29,741: [DEBUG] Employee：鍾XXXXX
2019-02-08 23:57:29,806: [DEBUG] Employee：鍾XXXXX
2019-02-08 23:57:29,807: [DEBUG] 寫入ad帳號
2019-02-08 23:57:29,834: [DEBUG] Employee：鍾XXXXX
2019-02-08 23:57:29,835: [DEBUG] 寫入ad帳號
2019-02-08 23:57:29,852: [DEBUG] Employee：鍾XXXXX
2019-02-08 23:57:29,877: [DEBUG] 寫入ad帳號
2019-02-08 23:57:29,878: [DEBUG] Employee：鍾XXXXX
2019-02-08 23:57:29,892: [DEBUG] Employee：鍾XXXXX
2019-02-08 23:57:29,939: [DEBUG] 寫入ad帳號
2019-02-08 23:57:29,942: [DEBUG] 寫入ad帳號
2019-02-08 23:57:29,943: [DEBUG] 寫入ad帳號
2019-02-08 23:57:29,971: [DEBUG] Employee：鍾XXXXX
2019-02-08 23:57:29,977: [DEBUG] 寫入ad帳號
2019-02-08 23:57:30,072: [DEBUG] Employee：鍾XXXXX
2019-02-08 23:57:30,072: [DEBUG] Employee：鍾XXXXX
2019-02-08 23:57:30,072: [DEBUG] Employee：鍾XXXXX
2019-02-08 23:57:30,075: [DEBUG] 寫入ad帳號
2019-02-08 23:57:30,081: [DEBUG] 寫入ad帳號
2019-02-08 23:57:30,113: [DEBUG] Employee：鍾XXXXX
2019-02-08 23:57:30,113: [DEBUG] 寫入ad帳號
2019-02-08 23:57:30,185: [DEBUG] Employee：鍾XXXXX
2019-02-08 23:57:30,186: [DEBUG] 寫入ad帳號
2019-02-08 23:57:30,200: [DEBUG] Employee：鍾XXXXX
2019-02-08 23:57:30,200: [DEBUG] Employee：鍾XXXXX
2019-02-08 23:57:30,201: [DEBUG] 寫入ad帳號
2019-02-08 23:57:30,256: [DEBUG] 寫入ad帳號
2019-02-08 23:57:30,258: [DEBUG] 寫入ad帳號
2019-02-08 23:57:30,311: [DEBUG] Employee：鍾XXXXX
2019-02-08 23:57:30,329: [DEBUG] Employee：鍾XXXXX
2019-02-08 23:57:30,362: [DEBUG] Employee：鍾XXXXX
2019-02-08 23:57:30,364: [DEBUG] 寫入ad帳號
2019-02-08 23:57:30,367: [DEBUG] 寫入ad帳號
2019-02-08 23:57:30,423: [DEBUG] Employee：鍾XXXXX
2019-02-08 23:57:30,423: [DEBUG] 寫入ad帳號
2019-02-08 23:57:30,468: [DEBUG] 寫入ad帳號
2019-02-08 23:57:30,480: [DEBUG] Employee：鍾XXXXX
2019-02-08 23:57:30,480: [DEBUG] Employee：鍾XXXXX
2019-02-08 23:57:30,544: [DEBUG] Employee：鍾XXXXX
2019-02-08 23:57:30,555: [DEBUG] Employee：鍾XXXXX
2019-02-08 23:57:33,480: [DEBUG] 1
2019-02-08 23:57:33,480: [DEBUG] F
2019-02-08 23:58:15,239: [DEBUG] 寫入ad帳號
2019-02-08 23:58:15,283: [DEBUG] Employee：鍾XXXXX
2019-02-08 23:59:36,324: [DEBUG] 寫入ad帳號
2019-02-08 23:59:36,823: [DEBUG] Employee：鍾XXXXX
2019-02-08 23:59:37,244: [DEBUG] HomeController:F
2019-02-08 23:59:37,372: [DEBUG] 1
2019-02-08 23:59:37,372: [DEBUG] F
2019-02-08 23:59:37,729: [DEBUG] 寫入ad帳號
2019-02-08 23:59:37,729: [DEBUG] 寫入ad帳號
2019-02-08 23:59:37,748: [DEBUG] 寫入ad帳號
2019-02-08 23:59:37,750: [DEBUG] 寫入ad帳號
2019-02-08 23:59:37,813: [DEBUG] 寫入ad帳號
2019-02-08 23:59:37,876: [DEBUG] Employee：鍾XXXXX
2019-02-08 23:59:37,886: [DEBUG] Employee：鍾XXXXX
2019-02-08 23:59:37,886: [DEBUG] Employee：鍾XXXXX
2019-02-08 23:59:37,900: [DEBUG] Employee：鍾XXXXX
2019-02-08 23:59:37,917: [DEBUG] 寫入ad帳號
2019-02-08 23:59:37,929: [DEBUG] Employee：鍾XXXXX
2019-02-08 23:59:37,960: [DEBUG] Employee：鍾XXXXX
2019-02-08 23:59:38,001: [DEBUG] 寫入ad帳號
2019-02-08 23:59:38,001: [DEBUG] 寫入ad帳號
2019-02-08 23:59:38,003: [DEBUG] 寫入ad帳號
2019-02-08 23:59:38,072: [DEBUG] 寫入ad帳號
2019-02-08 23:59:38,072: [DEBUG] 寫入ad帳號
2019-02-08 23:59:38,084: [DEBUG] Employee：鍾XXXXX
2019-02-08 23:59:38,084: [DEBUG] Employee：鍾XXXXX
2019-02-08 23:59:38,084: [DEBUG] Employee：鍾XXXXX
2019-02-08 23:59:38,113: [DEBUG] 寫入ad帳號
2019-02-08 23:59:38,116: [DEBUG] 寫入ad帳號
2019-02-08 23:59:38,167: [DEBUG] Employee：鍾XXXXX
2019-02-08 23:59:38,187: [DEBUG] 寫入ad帳號
2019-02-08 23:59:38,198: [DEBUG] Employee：鍾XXXXX
2019-02-08 23:59:38,198: [DEBUG] Employee：鍾XXXXX
2019-02-08 23:59:38,198: [DEBUG] Employee：鍾XXXXX
2019-02-08 23:59:38,202: [DEBUG] 寫入ad帳號
2019-02-08 23:59:38,227: [DEBUG] 寫入ad帳號
2019-02-08 23:59:38,227: [DEBUG] 寫入ad帳號
2019-02-08 23:59:38,287: [DEBUG] Employee：鍾XXXXX
2019-02-08 23:59:38,299: [DEBUG] Employee：鍾XXXXX
2019-02-08 23:59:38,299: [DEBUG] Employee：鍾XXXXX
2019-02-08 23:59:38,299: [DEBUG] 寫入ad帳號
2019-02-08 23:59:38,301: [DEBUG] 寫入ad帳號
2019-02-08 23:59:38,318: [DEBUG] Employee：鍾XXXXX
2019-02-08 23:59:38,350: [DEBUG] 寫入ad帳號
2019-02-08 23:59:38,362: [DEBUG] 寫入ad帳號
2019-02-08 23:59:38,405: [DEBUG] Employee：鍾XXXXX
2019-02-08 23:59:38,405: [DEBUG] Employee：鍾XXXXX
2019-02-08 23:59:38,432: [DEBUG] Employee：鍾XXXXX
2019-02-08 23:59:38,435: [DEBUG] 寫入ad帳號
2019-02-08 23:59:38,453: [DEBUG] Employee：鍾XXXXX
2019-02-08 23:59:38,453: [DEBUG] 寫入ad帳號
2019-02-08 23:59:38,453: [DEBUG] 寫入ad帳號
2019-02-08 23:59:38,469: [DEBUG] 寫入ad帳號
2019-02-08 23:59:38,469: [DEBUG] 寫入ad帳號
2019-02-08 23:59:38,602: [DEBUG] Employee：鍾XXXXX
2019-02-08 23:59:38,604: [DEBUG] Employee：鍾XXXXX
2019-02-08 23:59:38,620: [DEBUG] 寫入ad帳號
2019-02-08 23:59:38,690: [DEBUG] 寫入ad帳號
2019-02-08 23:59:38,704: [DEBUG] Employee：鍾XXXXX
2019-02-08 23:59:38,726: [DEBUG] Employee：鍾XXXXX
2019-02-08 23:59:38,729: [DEBUG] 寫入ad帳號
2019-02-08 23:59:38,783: [DEBUG] 寫入ad帳號
2019-02-08 23:59:38,839: [DEBUG] Employee：鍾XXXXX
2019-02-08 23:59:38,871: [DEBUG] Employee：鍾XXXXX
2019-02-08 23:59:38,871: [DEBUG] Employee：鍾XXXXX
2019-02-08 23:59:38,882: [DEBUG] Employee：鍾XXXXX
2019-02-08 23:59:38,882: [DEBUG] 寫入ad帳號
2019-02-08 23:59:38,896: [DEBUG] Employee：鍾XXXXX
2019-02-08 23:59:38,945: [DEBUG] Employee：鍾XXXXX
2019-02-08 23:59:42,522: [DEBUG] 1
2019-02-08 23:59:42,522: [DEBUG] F
2019-02-08 23:59:45,861: [DEBUG] 1
2019-02-08 23:59:45,861: [DEBUG] F
