2019-02-14 08:52:33,937: [DEBUG] 寫入ad帳號
2019-02-14 08:52:36,506: [DEBUG] Employee：鍾XXXXX
2019-02-14 08:52:37,518: [DEBUG] HomeController:F
2019-02-14 08:52:37,751: [DEBUG] 1
2019-02-14 08:52:37,751: [DEBUG] F
2019-02-14 08:52:39,045: [DEBUG] 寫入ad帳號
2019-02-14 08:52:39,048: [DEBUG] 寫入ad帳號
2019-02-14 08:52:39,049: [DEBUG] 寫入ad帳號
2019-02-14 08:52:39,049: [DEBUG] 寫入ad帳號
2019-02-14 08:52:39,066: [DEBUG] 寫入ad帳號
2019-02-14 08:52:39,268: [DEBUG] Employee：鍾XXXXX
2019-02-14 08:52:39,313: [DEBUG] Employee：鍾XXXXX
2019-02-14 08:52:39,313: [DEBUG] Employee：鍾XXXXX
2019-02-14 08:52:39,313: [DEBUG] Employee：鍾XXXXX
2019-02-14 08:52:39,324: [DEBUG] Employee：鍾XXXXX
2019-02-14 08:52:39,379: [DEBUG] 寫入ad帳號
2019-02-14 08:52:39,545: [DEBUG] Employee：鍾XXXXX
2019-02-14 08:52:39,568: [DEBUG] 寫入ad帳號
2019-02-14 08:52:39,578: [DEBUG] 寫入ad帳號
2019-02-14 08:52:39,630: [DEBUG] 寫入ad帳號
2019-02-14 08:52:39,631: [DEBUG] 寫入ad帳號
2019-02-14 08:52:39,631: [DEBUG] 寫入ad帳號
2019-02-14 08:52:39,699: [DEBUG] Employee：鍾XXXXX
2019-02-14 08:52:39,699: [DEBUG] Employee：鍾XXXXX
2019-02-14 08:52:39,741: [DEBUG] Employee：鍾XXXXX
2019-02-14 08:52:39,741: [DEBUG] Employee：鍾XXXXX
2019-02-14 08:52:39,752: [DEBUG] Employee：鍾XXXXX
2019-02-14 08:52:39,777: [DEBUG] 寫入ad帳號
2019-02-14 08:52:39,877: [DEBUG] 寫入ad帳號
2019-02-14 08:52:39,930: [DEBUG] Employee：鍾XXXXX
2019-02-14 08:52:39,941: [DEBUG] Employee：鍾XXXXX
2019-02-14 08:52:39,955: [DEBUG] 寫入ad帳號
2019-02-14 08:52:40,010: [DEBUG] 寫入ad帳號
2019-02-14 08:52:40,066: [DEBUG] Employee：鍾XXXXX
2019-02-14 08:52:40,078: [DEBUG] Employee：鍾XXXXX
2019-02-14 08:52:40,084: [DEBUG] 寫入ad帳號
2019-02-14 08:52:40,116: [DEBUG] 寫入ad帳號
2019-02-14 08:52:40,185: [DEBUG] Employee：鍾XXXXX
2019-02-14 08:52:40,196: [DEBUG] Employee：鍾XXXXX
2019-02-14 08:52:40,219: [DEBUG] 寫入ad帳號
2019-02-14 08:52:40,320: [DEBUG] Employee：鍾XXXXX
2019-02-14 08:52:40,333: [DEBUG] 寫入ad帳號
2019-02-14 08:52:40,399: [DEBUG] Employee：鍾XXXXX
2019-02-14 08:52:40,451: [DEBUG] 寫入ad帳號
2019-02-14 08:52:40,552: [DEBUG] 寫入ad帳號
2019-02-14 08:52:40,574: [DEBUG] Employee：鍾XXXXX
2019-02-14 08:52:40,577: [DEBUG] 寫入ad帳號
2019-02-14 08:52:40,628: [DEBUG] Employee：鍾XXXXX
2019-02-14 08:52:40,640: [DEBUG] Employee：鍾XXXXX
2019-02-14 08:52:40,892: [DEBUG] 寫入ad帳號
2019-02-14 08:52:40,978: [DEBUG] 寫入ad帳號
2019-02-14 08:52:41,094: [DEBUG] Employee：鍾XXXXX
2019-02-14 08:52:41,118: [DEBUG] 寫入ad帳號
2019-02-14 08:52:41,258: [DEBUG] Employee：鍾XXXXX
2019-02-14 08:52:41,283: [DEBUG] 寫入ad帳號
2019-02-14 08:52:41,304: [DEBUG] Employee：鍾XXXXX
2019-02-14 08:52:41,503: [DEBUG] 寫入ad帳號
2019-02-14 08:52:41,626: [DEBUG] 寫入ad帳號
2019-02-14 08:52:41,641: [DEBUG] Employee：鍾XXXXX
2019-02-14 08:52:41,730: [DEBUG] Employee：鍾XXXXX
2019-02-14 08:52:41,743: [DEBUG] 寫入ad帳號
2019-02-14 08:52:41,792: [DEBUG] 寫入ad帳號
2019-02-14 08:52:41,813: [DEBUG] Employee：鍾XXXXX
2019-02-14 08:52:41,908: [DEBUG] 寫入ad帳號
2019-02-14 08:52:41,929: [DEBUG] Employee：鍾XXXXX
2019-02-14 08:52:41,929: [DEBUG] Employee：鍾XXXXX
2019-02-14 08:52:42,029: [DEBUG] 寫入ad帳號
2019-02-14 08:52:42,035: [DEBUG] 寫入ad帳號
2019-02-14 08:52:42,045: [DEBUG] Employee：鍾XXXXX
2019-02-14 08:52:42,121: [DEBUG] 寫入ad帳號
2019-02-14 08:52:42,255: [DEBUG] 寫入ad帳號
2019-02-14 08:52:42,277: [DEBUG] Employee：鍾XXXXX
2019-02-14 08:52:42,302: [DEBUG] Employee：鍾XXXXX
2019-02-14 08:52:42,315: [DEBUG] Employee：鍾XXXXX
2019-02-14 08:52:42,513: [DEBUG] 寫入ad帳號
2019-02-14 08:52:42,513: [DEBUG] Employee：鍾XXXXX
2019-02-14 08:52:42,529: [DEBUG] 寫入ad帳號
2019-02-14 08:52:42,531: [DEBUG] 寫入ad帳號
2019-02-14 08:52:42,580: [DEBUG] 寫入ad帳號
2019-02-14 08:52:42,686: [DEBUG] 寫入ad帳號
2019-02-14 08:52:42,686: [DEBUG] Employee：鍾XXXXX
2019-02-14 08:52:42,714: [DEBUG] Employee：鍾XXXXX
2019-02-14 08:52:42,728: [DEBUG] Employee：鍾XXXXX
2019-02-14 08:52:42,800: [DEBUG] Employee：鍾XXXXX
2019-02-14 08:52:42,930: [DEBUG] 寫入ad帳號
2019-02-14 08:52:42,930: [DEBUG] 寫入ad帳號
2019-02-14 08:52:42,939: [DEBUG] Employee：鍾XXXXX
2019-02-14 08:52:43,890: [DEBUG] Employee：鍾XXXXX
2019-02-14 08:52:43,891: [DEBUG] Employee：鍾XXXXX
2019-02-14 08:53:39,049: [DEBUG] 1
2019-02-14 08:53:39,049: [DEBUG] F
2019-02-14 08:56:32,521: [DEBUG] 1
2019-02-14 08:56:32,521: [DEBUG] F
2019-02-14 08:56:49,760: [DEBUG] 寫入ad帳號
2019-02-14 08:56:49,814: [DEBUG] Employee：鍾XXXXX
2019-02-14 08:56:49,840: [DEBUG] HomeController:F
2019-02-14 08:56:49,841: [DEBUG] 1
2019-02-14 08:56:49,841: [DEBUG] F
2019-02-14 08:56:54,827: [DEBUG] 1
2019-02-14 08:56:54,827: [DEBUG] F
2019-02-14 08:57:48,410: [DEBUG] 1
2019-02-14 08:57:48,410: [DEBUG] F
2019-02-14 08:58:36,065: [DEBUG] 1
2019-02-14 08:58:36,065: [DEBUG] F
2019-02-14 08:58:52,805: [DEBUG] @SDATE：20180101, @EDATE：20180331, @TYPE：2
2019-02-14 08:59:05,201: [DEBUG] 1
2019-02-14 08:59:05,201: [DEBUG] F
2019-02-14 08:59:28,346: [DEBUG] 1
2019-02-14 08:59:28,346: [DEBUG] F
2019-02-14 09:00:06,045: [DEBUG] 1
2019-02-14 09:00:06,045: [DEBUG] F
2019-02-14 09:00:26,232: [DEBUG] @SDATE：20180101, @EDATE：20180331, @RECEIVERID：, @UNIT：000
2019-02-14 09:00:31,270: [DEBUG] 1
2019-02-14 09:00:31,270: [DEBUG] F
2019-02-14 09:00:43,159: [DEBUG] @SDATE：20180101, @EDATE：20180331, @RECEIVERID：, @UNIT：000
2019-02-14 09:00:54,071: [DEBUG] 1
2019-02-14 09:00:54,071: [DEBUG] F
2019-02-14 09:06:15,963: [DEBUG] 1
2019-02-14 09:06:15,963: [DEBUG] F
2019-02-14 09:13:41,201: [DEBUG] 寫入ad帳號
2019-02-14 09:13:41,906: [DEBUG] Employee：鍾XXXXX
2019-02-14 09:13:43,220: [DEBUG] 1
2019-02-14 09:13:43,221: [DEBUG] F
2019-02-14 09:15:17,027: [DEBUG] 寫入ad帳號
2019-02-14 09:15:18,282: [DEBUG] Employee：鍾XXXXX
2019-02-14 09:15:19,130: [DEBUG] HomeController:F
2019-02-14 09:15:19,334: [DEBUG] 1
2019-02-14 09:15:19,334: [DEBUG] F
2019-02-14 09:15:20,081: [DEBUG] 寫入ad帳號
2019-02-14 09:15:20,081: [DEBUG] 寫入ad帳號
2019-02-14 09:15:20,139: [DEBUG] 寫入ad帳號
2019-02-14 09:15:20,139: [DEBUG] 寫入ad帳號
2019-02-14 09:15:20,139: [DEBUG] 寫入ad帳號
2019-02-14 09:15:20,217: [DEBUG] Employee：鍾XXXXX
2019-02-14 09:15:20,330: [DEBUG] Employee：鍾XXXXX
2019-02-14 09:15:20,331: [DEBUG] Employee：鍾XXXXX
2019-02-14 09:15:20,341: [DEBUG] Employee：鍾XXXXX
2019-02-14 09:15:20,646: [DEBUG] Employee：鍾XXXXX
2019-02-14 09:15:20,652: [DEBUG] 寫入ad帳號
2019-02-14 09:15:20,699: [DEBUG] 寫入ad帳號
2019-02-14 09:15:20,715: [DEBUG] Employee：鍾XXXXX
2019-02-14 09:15:20,717: [DEBUG] 寫入ad帳號
2019-02-14 09:15:20,882: [DEBUG] 寫入ad帳號
2019-02-14 09:15:20,884: [DEBUG] 寫入ad帳號
2019-02-14 09:15:20,911: [DEBUG] Employee：鍾XXXXX
2019-02-14 09:15:20,911: [DEBUG] Employee：鍾XXXXX
2019-02-14 09:15:20,911: [DEBUG] 寫入ad帳號
2019-02-14 09:15:20,978: [DEBUG] Employee：鍾XXXXX
2019-02-14 09:15:20,979: [DEBUG] Employee：鍾XXXXX
2019-02-14 09:15:21,011: [DEBUG] Employee：鍾XXXXX
2019-02-14 09:15:21,015: [DEBUG] 寫入ad帳號
2019-02-14 09:15:21,048: [DEBUG] 寫入ad帳號
2019-02-14 09:15:21,109: [DEBUG] 寫入ad帳號
2019-02-14 09:15:21,195: [DEBUG] 寫入ad帳號
2019-02-14 09:15:21,195: [DEBUG] Employee：鍾XXXXX
2019-02-14 09:15:21,195: [DEBUG] Employee：鍾XXXXX
2019-02-14 09:15:21,280: [DEBUG] 寫入ad帳號
2019-02-14 09:15:21,328: [DEBUG] Employee：鍾XXXXX
2019-02-14 09:15:21,339: [DEBUG] Employee：鍾XXXXX
2019-02-14 09:15:21,383: [DEBUG] 寫入ad帳號
2019-02-14 09:15:21,425: [DEBUG] Employee：鍾XXXXX
2019-02-14 09:15:21,503: [DEBUG] 寫入ad帳號
2019-02-14 09:15:21,605: [DEBUG] 寫入ad帳號
2019-02-14 09:15:21,624: [DEBUG] Employee：鍾XXXXX
2019-02-14 09:15:21,656: [DEBUG] 寫入ad帳號
2019-02-14 09:15:21,713: [DEBUG] Employee：鍾XXXXX
2019-02-14 09:15:21,733: [DEBUG] Employee：鍾XXXXX
2019-02-14 09:15:21,749: [DEBUG] Employee：鍾XXXXX
2019-02-14 09:15:21,780: [DEBUG] 寫入ad帳號
2019-02-14 09:15:21,843: [DEBUG] Employee：鍾XXXXX
2019-02-14 09:15:21,880: [DEBUG] 寫入ad帳號
2019-02-14 09:15:21,928: [DEBUG] Employee：鍾XXXXX
2019-02-14 09:15:22,012: [DEBUG] 寫入ad帳號
2019-02-14 09:15:22,060: [DEBUG] 寫入ad帳號
2019-02-14 09:15:22,102: [DEBUG] Employee：鍾XXXXX
2019-02-14 09:15:22,168: [DEBUG] 寫入ad帳號
2019-02-14 09:15:22,201: [DEBUG] 寫入ad帳號
2019-02-14 09:15:22,209: [DEBUG] 寫入ad帳號
2019-02-14 09:15:22,209: [DEBUG] Employee：鍾XXXXX
2019-02-14 09:15:22,267: [DEBUG] 寫入ad帳號
2019-02-14 09:15:22,271: [DEBUG] 寫入ad帳號
2019-02-14 09:15:22,329: [DEBUG] Employee：鍾XXXXX
2019-02-14 09:15:22,342: [DEBUG] Employee：鍾XXXXX
2019-02-14 09:15:22,343: [DEBUG] Employee：鍾XXXXX
2019-02-14 09:15:22,343: [DEBUG] Employee：鍾XXXXX
2019-02-14 09:15:22,374: [DEBUG] 寫入ad帳號
2019-02-14 09:15:22,426: [DEBUG] Employee：鍾XXXXX
2019-02-14 09:15:22,461: [DEBUG] 寫入ad帳號
2019-02-14 09:15:22,479: [DEBUG] Employee：鍾XXXXX
2019-02-14 09:15:22,507: [DEBUG] 寫入ad帳號
2019-02-14 09:15:22,565: [DEBUG] 寫入ad帳號
2019-02-14 09:15:22,600: [DEBUG] Employee：鍾XXXXX
2019-02-14 09:15:22,601: [DEBUG] 寫入ad帳號
2019-02-14 09:15:22,652: [DEBUG] Employee：鍾XXXXX
2019-02-14 09:15:22,653: [DEBUG] 寫入ad帳號
2019-02-14 09:15:22,715: [DEBUG] Employee：鍾XXXXX
2019-02-14 09:15:22,716: [DEBUG] Employee：鍾XXXXX
2019-02-14 09:15:22,726: [DEBUG] 寫入ad帳號
2019-02-14 09:15:22,787: [DEBUG] Employee：鍾XXXXX
2019-02-14 09:15:22,854: [DEBUG] 寫入ad帳號
2019-02-14 09:15:22,858: [DEBUG] 寫入ad帳號
2019-02-14 09:15:22,871: [DEBUG] Employee：鍾XXXXX
2019-02-14 09:15:22,911: [DEBUG] 寫入ad帳號
2019-02-14 09:15:22,924: [DEBUG] Employee：鍾XXXXX
2019-02-14 09:15:22,926: [DEBUG] 寫入ad帳號
2019-02-14 09:15:22,983: [DEBUG] Employee：鍾XXXXX
2019-02-14 09:15:23,004: [DEBUG] Employee：鍾XXXXX
2019-02-14 09:15:23,015: [DEBUG] Employee：鍾XXXXX
2019-02-14 09:15:31,292: [DEBUG] 寫入ad帳號
2019-02-14 09:15:31,344: [DEBUG] Employee：鍾XXXXX
2019-02-14 09:15:32,149: [DEBUG] 1
2019-02-14 09:15:32,149: [DEBUG] F
2019-02-14 09:25:33,358: [DEBUG] 寫入ad帳號
2019-02-14 09:25:33,358: [DEBUG] 寫入ad帳號
2019-02-14 09:25:34,811: [DEBUG] Employee：鍾XXXXX
2019-02-14 09:25:34,811: [DEBUG] Employee：鍾XXXXX
2019-02-14 09:25:35,871: [DEBUG] HomeController:F
2019-02-14 09:25:36,119: [DEBUG] 1
2019-02-14 09:25:36,119: [DEBUG] F
2019-02-14 09:25:36,980: [DEBUG] 寫入ad帳號
2019-02-14 09:25:36,983: [DEBUG] 寫入ad帳號
2019-02-14 09:25:36,985: [DEBUG] 寫入ad帳號
2019-02-14 09:25:36,985: [DEBUG] 寫入ad帳號
2019-02-14 09:25:37,072: [DEBUG] Employee：鍾XXXXX
2019-02-14 09:25:37,196: [DEBUG] Employee：鍾XXXXX
2019-02-14 09:25:37,267: [DEBUG] Employee：鍾XXXXX
2019-02-14 09:25:37,331: [DEBUG] 寫入ad帳號
2019-02-14 09:25:37,447: [DEBUG] Employee：鍾XXXXX
2019-02-14 09:25:37,521: [DEBUG] 寫入ad帳號
2019-02-14 09:25:37,616: [DEBUG] Employee：鍾XXXXX
2019-02-14 09:25:37,685: [DEBUG] Employee：鍾XXXXX
2019-02-14 09:25:37,753: [DEBUG] 寫入ad帳號
2019-02-14 09:25:37,771: [DEBUG] 寫入ad帳號
2019-02-14 09:25:37,793: [DEBUG] 寫入ad帳號
2019-02-14 09:25:37,936: [DEBUG] Employee：鍾XXXXX
2019-02-14 09:25:37,938: [DEBUG] 寫入ad帳號
2019-02-14 09:25:37,947: [DEBUG] Employee：鍾XXXXX
2019-02-14 09:25:37,993: [DEBUG] Employee：鍾XXXXX
2019-02-14 09:25:38,049: [DEBUG] 寫入ad帳號
2019-02-14 09:25:38,167: [DEBUG] 寫入ad帳號
2019-02-14 09:25:38,167: [DEBUG] Employee：鍾XXXXX
2019-02-14 09:25:38,170: [DEBUG] Employee：鍾XXXXX
2019-02-14 09:25:38,201: [DEBUG] 寫入ad帳號
2019-02-14 09:25:38,274: [DEBUG] Employee：鍾XXXXX
2019-02-14 09:25:38,336: [DEBUG] 寫入ad帳號
2019-02-14 09:25:38,472: [DEBUG] Employee：鍾XXXXX
2019-02-14 09:25:38,551: [DEBUG] 寫入ad帳號
2019-02-14 09:25:38,556: [DEBUG] Employee：鍾XXXXX
2019-02-14 09:25:38,558: [DEBUG] 寫入ad帳號
2019-02-14 09:25:38,745: [DEBUG] 寫入ad帳號
2019-02-14 09:25:38,767: [DEBUG] Employee：鍾XXXXX
2019-02-14 09:25:38,803: [DEBUG] Employee：鍾XXXXX
2019-02-14 09:25:38,808: [DEBUG] 寫入ad帳號
2019-02-14 09:25:38,825: [DEBUG] Employee：鍾XXXXX
2019-02-14 09:25:38,860: [DEBUG] 寫入ad帳號
2019-02-14 09:25:38,873: [DEBUG] Employee：鍾XXXXX
2019-02-14 09:25:38,922: [DEBUG] 寫入ad帳號
2019-02-14 09:25:38,926: [DEBUG] 寫入ad帳號
2019-02-14 09:25:39,002: [DEBUG] Employee：鍾XXXXX
2019-02-14 09:25:39,061: [DEBUG] 寫入ad帳號
2019-02-14 09:25:39,092: [DEBUG] Employee：鍾XXXXX
2019-02-14 09:25:39,110: [DEBUG] Employee：鍾XXXXX
2019-02-14 09:25:39,128: [DEBUG] Employee：鍾XXXXX
2019-02-14 09:25:39,216: [DEBUG] 寫入ad帳號
2019-02-14 09:25:39,309: [DEBUG] 寫入ad帳號
2019-02-14 09:25:39,321: [DEBUG] 寫入ad帳號
2019-02-14 09:25:39,466: [DEBUG] Employee：鍾XXXXX
2019-02-14 09:25:39,467: [DEBUG] 寫入ad帳號
2019-02-14 09:25:39,527: [DEBUG] Employee：鍾XXXXX
2019-02-14 09:25:39,548: [DEBUG] Employee：鍾XXXXX
2019-02-14 09:25:39,645: [DEBUG] 寫入ad帳號
2019-02-14 09:25:39,657: [DEBUG] Employee：鍾XXXXX
2019-02-14 09:25:39,812: [DEBUG] 寫入ad帳號
2019-02-14 09:25:39,948: [DEBUG] 寫入ad帳號
2019-02-14 09:25:39,961: [DEBUG] Employee：鍾XXXXX
2019-02-14 09:25:39,999: [DEBUG] Employee：鍾XXXXX
2019-02-14 09:25:40,076: [DEBUG] 寫入ad帳號
2019-02-14 09:25:40,085: [DEBUG] Employee：鍾XXXXX
2019-02-14 09:25:40,114: [DEBUG] 寫入ad帳號
2019-02-14 09:25:40,246: [DEBUG] 寫入ad帳號
2019-02-14 09:25:40,324: [DEBUG] Employee：鍾XXXXX
2019-02-14 09:25:40,326: [DEBUG] Employee：鍾XXXXX
2019-02-14 09:25:40,356: [DEBUG] 寫入ad帳號
2019-02-14 09:25:40,377: [DEBUG] Employee：鍾XXXXX
2019-02-14 09:25:40,412: [DEBUG] 寫入ad帳號
2019-02-14 09:25:40,424: [DEBUG] Employee：鍾XXXXX
2019-02-14 09:25:40,509: [DEBUG] 寫入ad帳號
2019-02-14 09:25:40,593: [DEBUG] 寫入ad帳號
2019-02-14 09:25:40,636: [DEBUG] 寫入ad帳號
2019-02-14 09:25:40,637: [DEBUG] 寫入ad帳號
2019-02-14 09:25:40,637: [DEBUG] Employee：鍾XXXXX
2019-02-14 09:25:40,657: [DEBUG] Employee：鍾XXXXX
2019-02-14 09:25:40,759: [DEBUG] Employee：鍾XXXXX
2019-02-14 09:25:40,891: [DEBUG] Employee：鍾XXXXX
2019-02-14 09:25:40,893: [DEBUG] 寫入ad帳號
2019-02-14 09:25:40,894: [DEBUG] 寫入ad帳號
2019-02-14 09:25:40,966: [DEBUG] Employee：鍾XXXXX
2019-02-14 09:25:40,988: [DEBUG] 寫入ad帳號
2019-02-14 09:25:40,988: [DEBUG] 寫入ad帳號
2019-02-14 09:25:41,073: [DEBUG] Employee：鍾XXXXX
2019-02-14 09:25:41,109: [DEBUG] Employee：鍾XXXXX
2019-02-14 09:25:41,177: [DEBUG] Employee：鍾XXXXX
2019-02-14 09:25:41,188: [DEBUG] Employee：鍾XXXXX
2019-02-14 09:25:41,241: [DEBUG] 1
2019-02-14 09:25:41,241: [DEBUG] F
2019-02-14 10:00:23,355: [DEBUG] 寫入ad帳號
2019-02-14 10:00:25,038: [DEBUG] Employee：鍾XXXXX
2019-02-14 10:00:26,020: [DEBUG] HomeController:F
2019-02-14 10:00:26,229: [DEBUG] 1
2019-02-14 10:00:26,229: [DEBUG] F
2019-02-14 10:00:27,089: [DEBUG] 寫入ad帳號
2019-02-14 10:00:27,092: [DEBUG] 寫入ad帳號
2019-02-14 10:00:27,109: [DEBUG] 寫入ad帳號
2019-02-14 10:00:27,109: [DEBUG] 寫入ad帳號
2019-02-14 10:00:27,110: [DEBUG] 寫入ad帳號
2019-02-14 10:00:27,286: [DEBUG] Employee：鍾XXXXX
2019-02-14 10:00:27,476: [DEBUG] Employee：鍾XXXXX
2019-02-14 10:00:27,513: [DEBUG] Employee：鍾XXXXX
2019-02-14 10:00:27,547: [DEBUG] 寫入ad帳號
2019-02-14 10:00:27,553: [DEBUG] Employee：鍾XXXXX
2019-02-14 10:00:27,575: [DEBUG] Employee：鍾XXXXX
2019-02-14 10:00:27,624: [DEBUG] Employee：鍾XXXXX
2019-02-14 10:00:27,701: [DEBUG] 寫入ad帳號
2019-02-14 10:00:27,702: [DEBUG] 寫入ad帳號
2019-02-14 10:00:27,780: [DEBUG] 寫入ad帳號
2019-02-14 10:00:27,836: [DEBUG] 寫入ad帳號
2019-02-14 10:00:27,868: [DEBUG] Employee：鍾XXXXX
2019-02-14 10:00:27,868: [DEBUG] Employee：鍾XXXXX
2019-02-14 10:00:27,921: [DEBUG] 寫入ad帳號
2019-02-14 10:00:27,949: [DEBUG] 寫入ad帳號
2019-02-14 10:00:27,949: [DEBUG] Employee：鍾XXXXX
2019-02-14 10:00:28,046: [DEBUG] 寫入ad帳號
2019-02-14 10:00:28,046: [DEBUG] Employee：鍾XXXXX
2019-02-14 10:00:28,070: [DEBUG] Employee：鍾XXXXX
2019-02-14 10:00:28,070: [DEBUG] Employee：鍾XXXXX
2019-02-14 10:00:28,117: [DEBUG] Employee：鍾XXXXX
2019-02-14 10:00:28,190: [DEBUG] 寫入ad帳號
2019-02-14 10:00:28,198: [DEBUG] 寫入ad帳號
2019-02-14 10:00:28,245: [DEBUG] 寫入ad帳號
2019-02-14 10:00:28,318: [DEBUG] 寫入ad帳號
2019-02-14 10:00:28,338: [DEBUG] Employee：鍾XXXXX
2019-02-14 10:00:28,338: [DEBUG] Employee：鍾XXXXX
2019-02-14 10:00:28,391: [DEBUG] Employee：鍾XXXXX
2019-02-14 10:00:28,412: [DEBUG] Employee：鍾XXXXX
2019-02-14 10:00:28,501: [DEBUG] 寫入ad帳號
2019-02-14 10:00:28,562: [DEBUG] 寫入ad帳號
2019-02-14 10:00:28,562: [DEBUG] 寫入ad帳號
2019-02-14 10:00:28,573: [DEBUG] 寫入ad帳號
2019-02-14 10:00:28,730: [DEBUG] 寫入ad帳號
2019-02-14 10:00:28,772: [DEBUG] Employee：鍾XXXXX
2019-02-14 10:00:28,772: [DEBUG] Employee：鍾XXXXX
2019-02-14 10:00:28,820: [DEBUG] Employee：鍾XXXXX
2019-02-14 10:00:28,820: [DEBUG] Employee：鍾XXXXX
2019-02-14 10:00:28,833: [DEBUG] Employee：鍾XXXXX
2019-02-14 10:00:28,872: [DEBUG] 寫入ad帳號
2019-02-14 10:00:28,954: [DEBUG] 寫入ad帳號
2019-02-14 10:00:29,141: [DEBUG] Employee：鍾XXXXX
2019-02-14 10:00:29,143: [DEBUG] 寫入ad帳號
2019-02-14 10:00:29,326: [DEBUG] 寫入ad帳號
2019-02-14 10:00:29,374: [DEBUG] Employee：鍾XXXXX
2019-02-14 10:00:29,436: [DEBUG] Employee：鍾XXXXX
2019-02-14 10:00:29,474: [DEBUG] Employee：鍾XXXXX
2019-02-14 10:00:29,544: [DEBUG] 寫入ad帳號
2019-02-14 10:00:29,558: [DEBUG] 寫入ad帳號
2019-02-14 10:00:29,826: [DEBUG] Employee：鍾XXXXX
2019-02-14 10:00:29,828: [DEBUG] Employee：鍾XXXXX
2019-02-14 10:00:29,844: [DEBUG] 寫入ad帳號
2019-02-14 10:00:30,060: [DEBUG] Employee：鍾XXXXX
2019-02-14 10:00:30,086: [DEBUG] 寫入ad帳號
2019-02-14 10:00:30,249: [DEBUG] 寫入ad帳號
2019-02-14 10:00:30,254: [DEBUG] 寫入ad帳號
2019-02-14 10:00:30,281: [DEBUG] 寫入ad帳號
2019-02-14 10:00:30,338: [DEBUG] Employee：鍾XXXXX
2019-02-14 10:00:30,440: [DEBUG] Employee：鍾XXXXX
2019-02-14 10:00:30,480: [DEBUG] 寫入ad帳號
2019-02-14 10:00:30,486: [DEBUG] Employee：鍾XXXXX
2019-02-14 10:00:30,497: [DEBUG] Employee：鍾XXXXX
2019-02-14 10:00:30,560: [DEBUG] 寫入ad帳號
2019-02-14 10:00:30,612: [DEBUG] 寫入ad帳號
2019-02-14 10:00:30,644: [DEBUG] 寫入ad帳號
2019-02-14 10:00:30,732: [DEBUG] Employee：鍾XXXXX
2019-02-14 10:00:30,732: [DEBUG] Employee：鍾XXXXX
2019-02-14 10:00:30,751: [DEBUG] Employee：鍾XXXXX
2019-02-14 10:00:30,845: [DEBUG] Employee：鍾XXXXX
2019-02-14 10:00:30,854: [DEBUG] 寫入ad帳號
2019-02-14 10:00:30,869: [DEBUG] 寫入ad帳號
2019-02-14 10:00:30,872: [DEBUG] 寫入ad帳號
2019-02-14 10:00:30,872: [DEBUG] 寫入ad帳號
2019-02-14 10:00:30,936: [DEBUG] 寫入ad帳號
2019-02-14 10:00:31,025: [DEBUG] Employee：鍾XXXXX
2019-02-14 10:00:31,048: [DEBUG] Employee：鍾XXXXX
2019-02-14 10:00:31,048: [DEBUG] Employee：鍾XXXXX
2019-02-14 10:00:31,061: [DEBUG] Employee：鍾XXXXX
2019-02-14 10:00:31,072: [DEBUG] Employee：鍾XXXXX
2019-02-14 10:00:45,039: [DEBUG] Employee：李XXXXX
2019-02-14 10:00:45,310: [DEBUG] HomeController:F
2019-02-14 10:00:45,311: [DEBUG] 1
2019-02-14 10:00:45,311: [DEBUG] F
2019-02-14 10:00:57,990: [DEBUG] 1
2019-02-14 10:00:57,990: [DEBUG] F
2019-02-14 10:01:08,147: [DEBUG] 1
2019-02-14 10:01:08,147: [DEBUG] F
2019-02-14 10:04:14,838: [DEBUG] 1
2019-02-14 10:04:14,839: [DEBUG] F
2019-02-14 13:30:06,355: [DEBUG] 寫入ad帳號
2019-02-14 13:30:07,962: [DEBUG] Employee：鍾XXXXX
2019-02-14 13:30:08,885: [DEBUG] HomeController:F
2019-02-14 13:30:09,085: [DEBUG] 1
2019-02-14 13:30:09,085: [DEBUG] F
2019-02-14 13:30:10,064: [DEBUG] 寫入ad帳號
2019-02-14 13:30:10,086: [DEBUG] 寫入ad帳號
2019-02-14 13:30:10,092: [DEBUG] 寫入ad帳號
2019-02-14 13:30:10,116: [DEBUG] 寫入ad帳號
2019-02-14 13:30:10,116: [DEBUG] 寫入ad帳號
2019-02-14 13:30:10,296: [DEBUG] Employee：鍾XXXXX
2019-02-14 13:30:10,420: [DEBUG] Employee：鍾XXXXX
2019-02-14 13:30:10,533: [DEBUG] Employee：鍾XXXXX
2019-02-14 13:30:10,534: [DEBUG] Employee：鍾XXXXX
2019-02-14 13:30:10,535: [DEBUG] Employee：鍾XXXXX
2019-02-14 13:30:10,623: [DEBUG] 寫入ad帳號
2019-02-14 13:30:10,666: [DEBUG] 寫入ad帳號
2019-02-14 13:30:10,669: [DEBUG] 寫入ad帳號
2019-02-14 13:30:10,705: [DEBUG] Employee：鍾XXXXX
2019-02-14 13:30:10,750: [DEBUG] Employee：鍾XXXXX
2019-02-14 13:30:10,780: [DEBUG] Employee：鍾XXXXX
2019-02-14 13:30:10,849: [DEBUG] 寫入ad帳號
2019-02-14 13:30:10,903: [DEBUG] 寫入ad帳號
2019-02-14 13:30:10,943: [DEBUG] 寫入ad帳號
2019-02-14 13:30:11,158: [DEBUG] Employee：鍾XXXXX
2019-02-14 13:30:11,174: [DEBUG] Employee：鍾XXXXX
2019-02-14 13:30:11,174: [DEBUG] 寫入ad帳號
2019-02-14 13:30:11,174: [DEBUG] 寫入ad帳號
2019-02-14 13:30:11,222: [DEBUG] Employee：鍾XXXXX
2019-02-14 13:30:11,247: [DEBUG] 寫入ad帳號
2019-02-14 13:30:11,259: [DEBUG] Employee：鍾XXXXX
2019-02-14 13:30:11,288: [DEBUG] 寫入ad帳號
2019-02-14 13:30:11,297: [DEBUG] Employee：鍾XXXXX
2019-02-14 13:30:11,449: [DEBUG] Employee：鍾XXXXX
2019-02-14 13:30:11,450: [DEBUG] 寫入ad帳號
2019-02-14 13:30:11,467: [DEBUG] Employee：鍾XXXXX
2019-02-14 13:30:11,563: [DEBUG] 寫入ad帳號
2019-02-14 13:30:11,563: [DEBUG] 寫入ad帳號
2019-02-14 13:30:11,600: [DEBUG] 寫入ad帳號
2019-02-14 13:30:11,622: [DEBUG] Employee：鍾XXXXX
2019-02-14 13:30:11,671: [DEBUG] Employee：鍾XXXXX
2019-02-14 13:30:11,700: [DEBUG] Employee：鍾XXXXX
2019-02-14 13:30:11,719: [DEBUG] Employee：鍾XXXXX
2019-02-14 13:30:11,771: [DEBUG] 寫入ad帳號
2019-02-14 13:30:11,771: [DEBUG] 寫入ad帳號
2019-02-14 13:30:11,771: [DEBUG] 寫入ad帳號
2019-02-14 13:30:11,816: [DEBUG] 寫入ad帳號
2019-02-14 13:30:11,901: [DEBUG] Employee：鍾XXXXX
2019-02-14 13:30:11,922: [DEBUG] Employee：鍾XXXXX
2019-02-14 13:30:11,923: [DEBUG] Employee：鍾XXXXX
2019-02-14 13:30:11,934: [DEBUG] Employee：鍾XXXXX
2019-02-14 13:30:12,063: [DEBUG] 寫入ad帳號
2019-02-14 13:30:12,105: [DEBUG] 寫入ad帳號
2019-02-14 13:30:12,251: [DEBUG] 寫入ad帳號
2019-02-14 13:30:12,320: [DEBUG] Employee：鍾XXXXX
2019-02-14 13:30:12,434: [DEBUG] 寫入ad帳號
2019-02-14 13:30:12,434: [DEBUG] 寫入ad帳號
2019-02-14 13:30:12,532: [DEBUG] Employee：鍾XXXXX
2019-02-14 13:30:12,551: [DEBUG] Employee：鍾XXXXX
2019-02-14 13:30:12,640: [DEBUG] 寫入ad帳號
2019-02-14 13:30:12,674: [DEBUG] Employee：鍾XXXXX
2019-02-14 13:30:12,683: [DEBUG] Employee：鍾XXXXX
2019-02-14 13:30:12,805: [DEBUG] 寫入ad帳號
2019-02-14 13:30:12,915: [DEBUG] 寫入ad帳號
2019-02-14 13:30:12,923: [DEBUG] 寫入ad帳號
2019-02-14 13:30:12,950: [DEBUG] Employee：鍾XXXXX
2019-02-14 13:30:13,051: [DEBUG] Employee：鍾XXXXX
2019-02-14 13:30:13,221: [DEBUG] 寫入ad帳號
2019-02-14 13:30:13,258: [DEBUG] Employee：鍾XXXXX
2019-02-14 13:30:13,350: [DEBUG] Employee：鍾XXXXX
2019-02-14 13:30:13,688: [DEBUG] Employee：鍾XXXXX
2019-02-14 13:30:14,077: [DEBUG] 寫入ad帳號
2019-02-14 13:30:14,110: [DEBUG] 寫入ad帳號
2019-02-14 13:30:14,220: [DEBUG] 寫入ad帳號
2019-02-14 13:30:14,448: [DEBUG] 寫入ad帳號
2019-02-14 13:30:14,472: [DEBUG] Employee：鍾XXXXX
2019-02-14 13:30:14,555: [DEBUG] Employee：鍾XXXXX
2019-02-14 13:30:14,649: [DEBUG] Employee：鍾XXXXX
2019-02-14 13:30:14,703: [DEBUG] 寫入ad帳號
2019-02-14 13:30:14,721: [DEBUG] Employee：鍾XXXXX
2019-02-14 13:30:14,990: [DEBUG] Employee：鍾XXXXX
2019-02-14 13:30:21,676: [DEBUG] 寫入ad帳號
2019-02-14 13:30:21,736: [DEBUG] Employee：鍾XXXXX
2019-02-14 13:30:21,773: [DEBUG] HomeController:F
2019-02-14 13:30:21,774: [DEBUG] 1
2019-02-14 13:30:21,774: [DEBUG] F
2019-02-14 13:30:23,811: [DEBUG] 寫入ad帳號
2019-02-14 13:30:23,910: [DEBUG] 寫入ad帳號
2019-02-14 13:30:23,920: [DEBUG] 寫入ad帳號
2019-02-14 13:30:23,920: [DEBUG] 寫入ad帳號
2019-02-14 13:30:23,989: [DEBUG] Employee：鍾XXXXX
2019-02-14 13:30:24,079: [DEBUG] Employee：鍾XXXXX
2019-02-14 13:30:24,098: [DEBUG] 寫入ad帳號
2019-02-14 13:30:24,098: [DEBUG] Employee：鍾XXXXX
2019-02-14 13:30:24,098: [DEBUG] 寫入ad帳號
2019-02-14 13:30:24,157: [DEBUG] 寫入ad帳號
2019-02-14 13:30:24,160: [DEBUG] Employee：鍾XXXXX
2019-02-14 13:30:24,178: [DEBUG] 寫入ad帳號
2019-02-14 13:30:24,313: [DEBUG] Employee：鍾XXXXX
2019-02-14 13:30:24,363: [DEBUG] Employee：鍾XXXXX
2019-02-14 13:30:24,375: [DEBUG] Employee：鍾XXXXX
2019-02-14 13:30:24,515: [DEBUG] 寫入ad帳號
2019-02-14 13:30:24,519: [DEBUG] 寫入ad帳號
2019-02-14 13:30:24,519: [DEBUG] 寫入ad帳號
2019-02-14 13:30:24,535: [DEBUG] Employee：鍾XXXXX
2019-02-14 13:30:24,563: [DEBUG] 寫入ad帳號
2019-02-14 13:30:24,651: [DEBUG] Employee：鍾XXXXX
2019-02-14 13:30:24,671: [DEBUG] Employee：鍾XXXXX
2019-02-14 13:30:24,733: [DEBUG] 寫入ad帳號
2019-02-14 13:30:24,734: [DEBUG] 寫入ad帳號
2019-02-14 13:30:24,734: [DEBUG] Employee：鍾XXXXX
2019-02-14 13:30:24,809: [DEBUG] Employee：鍾XXXXX
2019-02-14 13:30:24,809: [DEBUG] 寫入ad帳號
2019-02-14 13:30:24,943: [DEBUG] 寫入ad帳號
2019-02-14 13:30:24,963: [DEBUG] 寫入ad帳號
2019-02-14 13:30:25,005: [DEBUG] Employee：鍾XXXXX
2019-02-14 13:30:25,062: [DEBUG] Employee：鍾XXXXX
2019-02-14 13:30:25,063: [DEBUG] 寫入ad帳號
2019-02-14 13:30:25,095: [DEBUG] Employee：鍾XXXXX
2019-02-14 13:30:25,132: [DEBUG] 寫入ad帳號
2019-02-14 13:30:25,141: [DEBUG] 寫入ad帳號
2019-02-14 13:30:25,314: [DEBUG] Employee：鍾XXXXX
2019-02-14 13:30:25,437: [DEBUG] 寫入ad帳號
2019-02-14 13:30:25,511: [DEBUG] 寫入ad帳號
2019-02-14 13:30:25,529: [DEBUG] Employee：鍾XXXXX
2019-02-14 13:30:25,644: [DEBUG] Employee：鍾XXXXX
2019-02-14 13:30:25,678: [DEBUG] Employee：鍾XXXXX
2019-02-14 13:30:25,691: [DEBUG] Employee：鍾XXXXX
2019-02-14 13:30:25,788: [DEBUG] 寫入ad帳號
2019-02-14 13:30:25,788: [DEBUG] 寫入ad帳號
2019-02-14 13:30:25,797: [DEBUG] Employee：鍾XXXXX
2019-02-14 13:30:25,798: [DEBUG] 寫入ad帳號
2019-02-14 13:30:25,888: [DEBUG] 寫入ad帳號
2019-02-14 13:30:25,913: [DEBUG] Employee：鍾XXXXX
2019-02-14 13:30:26,018: [DEBUG] 寫入ad帳號
2019-02-14 13:30:26,141: [DEBUG] Employee：鍾XXXXX
2019-02-14 13:30:26,160: [DEBUG] Employee：鍾XXXXX
2019-02-14 13:30:26,160: [DEBUG] Employee：鍾XXXXX
2019-02-14 13:30:26,161: [DEBUG] 寫入ad帳號
2019-02-14 13:30:26,231: [DEBUG] 寫入ad帳號
2019-02-14 13:30:26,359: [DEBUG] Employee：鍾XXXXX
2019-02-14 13:30:26,466: [DEBUG] 寫入ad帳號
2019-02-14 13:30:26,577: [DEBUG] Employee：鍾XXXXX
2019-02-14 13:30:26,583: [DEBUG] Employee：鍾XXXXX
2019-02-14 13:30:26,672: [DEBUG] 寫入ad帳號
2019-02-14 13:30:26,680: [DEBUG] 寫入ad帳號
2019-02-14 13:30:26,680: [DEBUG] 寫入ad帳號
2019-02-14 13:30:26,709: [DEBUG] Employee：鍾XXXXX
2019-02-14 13:30:26,796: [DEBUG] 寫入ad帳號
2019-02-14 13:30:26,796: [DEBUG] Employee：鍾XXXXX
2019-02-14 13:30:26,810: [DEBUG] Employee：鍾XXXXX
2019-02-14 13:30:26,814: [DEBUG] Employee：鍾XXXXX
2019-02-14 13:30:26,882: [DEBUG] 寫入ad帳號
2019-02-14 13:30:26,889: [DEBUG] 寫入ad帳號
2019-02-14 13:30:26,890: [DEBUG] 寫入ad帳號
2019-02-14 13:30:26,936: [DEBUG] Employee：鍾XXXXX
2019-02-14 13:30:26,938: [DEBUG] 寫入ad帳號
2019-02-14 13:30:27,019: [DEBUG] 寫入ad帳號
2019-02-14 13:30:27,081: [DEBUG] Employee：鍾XXXXX
2019-02-14 13:30:27,081: [DEBUG] Employee：鍾XXXXX
2019-02-14 13:30:27,173: [DEBUG] Employee：鍾XXXXX
2019-02-14 13:30:27,173: [DEBUG] Employee：鍾XXXXX
2019-02-14 13:30:27,186: [DEBUG] 寫入ad帳號
2019-02-14 13:30:27,186: [DEBUG] 寫入ad帳號
2019-02-14 13:30:27,186: [DEBUG] Employee：鍾XXXXX
2019-02-14 13:30:27,362: [DEBUG] Employee：鍾XXXXX
2019-02-14 13:30:27,370: [DEBUG] Employee：鍾XXXXX
2019-02-14 13:30:27,409: [DEBUG] Employee：鍾XXXXX
2019-02-14 13:30:34,201: [DEBUG] 1
2019-02-14 13:30:34,201: [DEBUG] F
2019-02-14 13:30:44,960: [DEBUG] 1
2019-02-14 13:30:44,960: [DEBUG] F
2019-02-14 15:54:10,578: [DEBUG] 寫入ad帳號
2019-02-14 15:54:12,106: [DEBUG] Employee：鍾XXXXX
2019-02-14 15:54:13,138: [DEBUG] HomeController:F
2019-02-14 15:54:13,324: [DEBUG] 1
2019-02-14 15:54:13,324: [DEBUG] F
2019-02-14 15:54:14,352: [DEBUG] 寫入ad帳號
2019-02-14 15:54:14,352: [DEBUG] 寫入ad帳號
2019-02-14 15:54:14,357: [DEBUG] 寫入ad帳號
2019-02-14 15:54:14,357: [DEBUG] 寫入ad帳號
2019-02-14 15:54:14,373: [DEBUG] 寫入ad帳號
2019-02-14 15:54:14,705: [DEBUG] Employee：鍾XXXXX
2019-02-14 15:54:14,717: [DEBUG] Employee：鍾XXXXX
2019-02-14 15:54:14,719: [DEBUG] Employee：鍾XXXXX
2019-02-14 15:54:14,727: [DEBUG] Employee：鍾XXXXX
2019-02-14 15:54:14,782: [DEBUG] Employee：鍾XXXXX
2019-02-14 15:54:14,798: [DEBUG] 寫入ad帳號
2019-02-14 15:54:14,968: [DEBUG] 寫入ad帳號
2019-02-14 15:54:14,993: [DEBUG] Employee：鍾XXXXX
2019-02-14 15:54:15,071: [DEBUG] 寫入ad帳號
2019-02-14 15:54:15,071: [DEBUG] 寫入ad帳號
2019-02-14 15:54:15,224: [DEBUG] Employee：鍾XXXXX
2019-02-14 15:54:15,228: [DEBUG] 寫入ad帳號
2019-02-14 15:54:15,228: [DEBUG] 寫入ad帳號
2019-02-14 15:54:15,246: [DEBUG] Employee：鍾XXXXX
2019-02-14 15:54:15,282: [DEBUG] Employee：鍾XXXXX
2019-02-14 15:54:15,336: [DEBUG] Employee：鍾XXXXX
2019-02-14 15:54:15,351: [DEBUG] 寫入ad帳號
2019-02-14 15:54:15,356: [DEBUG] Employee：鍾XXXXX
2019-02-14 15:54:15,427: [DEBUG] 寫入ad帳號
2019-02-14 15:54:15,485: [DEBUG] 寫入ad帳號
2019-02-14 15:54:15,515: [DEBUG] 寫入ad帳號
2019-02-14 15:54:15,547: [DEBUG] Employee：鍾XXXXX
2019-02-14 15:54:15,595: [DEBUG] Employee：鍾XXXXX
2019-02-14 15:54:15,602: [DEBUG] 寫入ad帳號
2019-02-14 15:54:15,616: [DEBUG] Employee：鍾XXXXX
2019-02-14 15:54:15,616: [DEBUG] Employee：鍾XXXXX
2019-02-14 15:54:15,661: [DEBUG] Employee：鍾XXXXX
2019-02-14 15:54:15,721: [DEBUG] 寫入ad帳號
2019-02-14 15:54:15,763: [DEBUG] 寫入ad帳號
2019-02-14 15:54:15,763: [DEBUG] 寫入ad帳號
2019-02-14 15:54:15,764: [DEBUG] 寫入ad帳號
2019-02-14 15:54:15,766: [DEBUG] 寫入ad帳號
2019-02-14 15:54:15,958: [DEBUG] Employee：鍾XXXXX
2019-02-14 15:54:15,969: [DEBUG] Employee：鍾XXXXX
2019-02-14 15:54:16,022: [DEBUG] Employee：鍾XXXXX
2019-02-14 15:54:16,053: [DEBUG] Employee：鍾XXXXX
2019-02-14 15:54:16,112: [DEBUG] Employee：鍾XXXXX
2019-02-14 15:54:16,136: [DEBUG] 寫入ad帳號
2019-02-14 15:54:16,188: [DEBUG] 寫入ad帳號
2019-02-14 15:54:16,283: [DEBUG] 寫入ad帳號
2019-02-14 15:54:16,500: [DEBUG] 寫入ad帳號
2019-02-14 15:54:16,528: [DEBUG] Employee：鍾XXXXX
2019-02-14 15:54:16,533: [DEBUG] Employee：鍾XXXXX
2019-02-14 15:54:16,607: [DEBUG] Employee：鍾XXXXX
2019-02-14 15:54:16,647: [DEBUG] 寫入ad帳號
2019-02-14 15:54:16,711: [DEBUG] Employee：鍾XXXXX
2019-02-14 15:54:16,715: [DEBUG] 寫入ad帳號
2019-02-14 15:54:16,794: [DEBUG] 寫入ad帳號
2019-02-14 15:54:16,908: [DEBUG] Employee：鍾XXXXX
2019-02-14 15:54:17,019: [DEBUG] Employee：鍾XXXXX
2019-02-14 15:54:17,063: [DEBUG] 寫入ad帳號
2019-02-14 15:54:17,105: [DEBUG] Employee：鍾XXXXX
2019-02-14 15:54:17,116: [DEBUG] 寫入ad帳號
2019-02-14 15:54:17,344: [DEBUG] Employee：鍾XXXXX
2019-02-14 15:54:17,404: [DEBUG] 寫入ad帳號
2019-02-14 15:54:17,440: [DEBUG] Employee：鍾XXXXX
2019-02-14 15:54:17,495: [DEBUG] 寫入ad帳號
2019-02-14 15:54:17,650: [DEBUG] 寫入ad帳號
2019-02-14 15:54:17,671: [DEBUG] Employee：鍾XXXXX
2019-02-14 15:54:17,696: [DEBUG] Employee：鍾XXXXX
2019-02-14 15:54:17,825: [DEBUG] Employee：鍾XXXXX
2019-02-14 15:54:17,828: [DEBUG] 寫入ad帳號
2019-02-14 15:54:17,923: [DEBUG] 寫入ad帳號
2019-02-14 15:54:17,967: [DEBUG] 寫入ad帳號
2019-02-14 15:54:18,139: [DEBUG] 寫入ad帳號
2019-02-14 15:54:18,156: [DEBUG] Employee：鍾XXXXX
2019-02-14 15:54:18,186: [DEBUG] Employee：鍾XXXXX
2019-02-14 15:54:18,205: [DEBUG] Employee：鍾XXXXX
2019-02-14 15:54:18,279: [DEBUG] 寫入ad帳號
2019-02-14 15:54:18,312: [DEBUG] Employee：鍾XXXXX
2019-02-14 15:54:18,347: [DEBUG] 寫入ad帳號
2019-02-14 15:54:18,372: [DEBUG] 寫入ad帳號
2019-02-14 15:54:18,461: [DEBUG] Employee：鍾XXXXX
2019-02-14 15:54:18,478: [DEBUG] 寫入ad帳號
2019-02-14 15:54:18,544: [DEBUG] Employee：鍾XXXXX
2019-02-14 15:54:18,572: [DEBUG] Employee：鍾XXXXX
2019-02-14 15:54:18,576: [DEBUG] Employee：鍾XXXXX
2019-02-14 15:54:18,654: [DEBUG] 寫入ad帳號
2019-02-14 15:54:18,767: [DEBUG] Employee：鍾XXXXX
2019-02-14 15:54:54,437: [DEBUG] 1
2019-02-14 15:54:54,437: [DEBUG] F
2019-02-14 15:55:09,039: [DEBUG] 寫入ad帳號
2019-02-14 15:55:09,101: [DEBUG] Employee：鍾XXXXX
2019-02-14 15:55:09,363: [DEBUG] 1
2019-02-14 15:55:09,363: [DEBUG] F
2019-02-14 15:55:09,646: [DEBUG] 寫入ad帳號
2019-02-14 15:55:09,689: [DEBUG] 寫入ad帳號
2019-02-14 15:55:09,698: [DEBUG] 寫入ad帳號
2019-02-14 15:55:09,698: [DEBUG] 寫入ad帳號
2019-02-14 15:55:09,698: [DEBUG] 寫入ad帳號
2019-02-14 15:55:09,779: [DEBUG] Employee：鍾XXXXX
2019-02-14 15:55:09,796: [DEBUG] Employee：鍾XXXXX
2019-02-14 15:55:09,852: [DEBUG] Employee：鍾XXXXX
2019-02-14 15:55:09,852: [DEBUG] Employee：鍾XXXXX
2019-02-14 15:55:09,876: [DEBUG] Employee：鍾XXXXX
2019-02-14 15:55:09,879: [DEBUG] 寫入ad帳號
2019-02-14 15:55:09,957: [DEBUG] 寫入ad帳號
2019-02-14 15:55:09,973: [DEBUG] 寫入ad帳號
2019-02-14 15:55:10,069: [DEBUG] 寫入ad帳號
2019-02-14 15:55:10,072: [DEBUG] 寫入ad帳號
2019-02-14 15:55:10,119: [DEBUG] Employee：鍾XXXXX
2019-02-14 15:55:10,174: [DEBUG] Employee：鍾XXXXX
2019-02-14 15:55:10,222: [DEBUG] Employee：鍾XXXXX
2019-02-14 15:55:10,225: [DEBUG] 寫入ad帳號
2019-02-14 15:55:10,251: [DEBUG] Employee：鍾XXXXX
2019-02-14 15:55:10,426: [DEBUG] 寫入ad帳號
2019-02-14 15:55:10,452: [DEBUG] Employee：鍾XXXXX
2019-02-14 15:55:10,541: [DEBUG] 寫入ad帳號
2019-02-14 15:55:10,616: [DEBUG] Employee：鍾XXXXX
2019-02-14 15:55:10,691: [DEBUG] 寫入ad帳號
2019-02-14 15:55:10,699: [DEBUG] Employee：鍾XXXXX
2019-02-14 15:55:10,702: [DEBUG] Employee：鍾XXXXX
2019-02-14 15:55:10,793: [DEBUG] 寫入ad帳號
2019-02-14 15:55:10,833: [DEBUG] 寫入ad帳號
2019-02-14 15:55:10,841: [DEBUG] Employee：鍾XXXXX
2019-02-14 15:55:10,843: [DEBUG] 寫入ad帳號
2019-02-14 15:55:10,894: [DEBUG] 寫入ad帳號
2019-02-14 15:55:11,014: [DEBUG] Employee：鍾XXXXX
2019-02-14 15:55:11,030: [DEBUG] Employee：鍾XXXXX
2019-02-14 15:55:11,030: [DEBUG] Employee：鍾XXXXX
2019-02-14 15:55:11,038: [DEBUG] 寫入ad帳號
2019-02-14 15:55:11,042: [DEBUG] Employee：鍾XXXXX
2019-02-14 15:55:11,074: [DEBUG] 寫入ad帳號
2019-02-14 15:55:11,075: [DEBUG] 寫入ad帳號
2019-02-14 15:55:11,202: [DEBUG] Employee：鍾XXXXX
2019-02-14 15:55:11,203: [DEBUG] 寫入ad帳號
2019-02-14 15:55:11,202: [DEBUG] Employee：鍾XXXXX
2019-02-14 15:55:11,243: [DEBUG] Employee：鍾XXXXX
2019-02-14 15:55:11,334: [DEBUG] 寫入ad帳號
2019-02-14 15:55:11,388: [DEBUG] 寫入ad帳號
2019-02-14 15:55:11,390: [DEBUG] 寫入ad帳號
2019-02-14 15:55:11,440: [DEBUG] Employee：鍾XXXXX
2019-02-14 15:55:11,490: [DEBUG] Employee：鍾XXXXX
2019-02-14 15:55:11,490: [DEBUG] Employee：鍾XXXXX
2019-02-14 15:55:11,490: [DEBUG] Employee：鍾XXXXX
2019-02-14 15:55:11,531: [DEBUG] 寫入ad帳號
2019-02-14 15:55:11,569: [DEBUG] 寫入ad帳號
2019-02-14 15:55:11,619: [DEBUG] 寫入ad帳號
2019-02-14 15:55:11,640: [DEBUG] Employee：鍾XXXXX
2019-02-14 15:55:11,687: [DEBUG] 寫入ad帳號
2019-02-14 15:55:11,687: [DEBUG] Employee：鍾XXXXX
2019-02-14 15:55:11,705: [DEBUG] Employee：鍾XXXXX
2019-02-14 15:55:11,768: [DEBUG] 寫入ad帳號
2019-02-14 15:55:11,839: [DEBUG] Employee：鍾XXXXX
2019-02-14 15:55:11,933: [DEBUG] Employee：鍾XXXXX
2019-02-14 15:55:11,951: [DEBUG] 寫入ad帳號
2019-02-14 15:55:12,005: [DEBUG] 寫入ad帳號
2019-02-14 15:55:12,015: [DEBUG] 寫入ad帳號
2019-02-14 15:55:12,137: [DEBUG] Employee：鍾XXXXX
2019-02-14 15:55:12,201: [DEBUG] 寫入ad帳號
2019-02-14 15:55:12,227: [DEBUG] Employee：鍾XXXXX
2019-02-14 15:55:12,300: [DEBUG] 寫入ad帳號
2019-02-14 15:55:12,371: [DEBUG] Employee：鍾XXXXX
2019-02-14 15:55:12,427: [DEBUG] Employee：鍾XXXXX
2019-02-14 15:55:12,448: [DEBUG] Employee：鍾XXXXX
2019-02-14 15:55:12,482: [DEBUG] 寫入ad帳號
2019-02-14 15:55:12,509: [DEBUG] 寫入ad帳號
2019-02-14 15:55:12,607: [DEBUG] 寫入ad帳號
2019-02-14 15:55:12,644: [DEBUG] Employee：鍾XXXXX
2019-02-14 15:55:12,656: [DEBUG] Employee：鍾XXXXX
2019-02-14 15:55:12,692: [DEBUG] 寫入ad帳號
2019-02-14 15:55:12,791: [DEBUG] 寫入ad帳號
2019-02-14 15:55:12,807: [DEBUG] Employee：鍾XXXXX
2019-02-14 15:55:12,837: [DEBUG] 寫入ad帳號
2019-02-14 15:55:12,862: [DEBUG] Employee：鍾XXXXX
2019-02-14 15:55:12,950: [DEBUG] Employee：鍾XXXXX
2019-02-14 15:55:12,950: [DEBUG] Employee：鍾XXXXX
2019-02-14 15:55:13,003: [DEBUG] 寫入ad帳號
2019-02-14 15:55:13,076: [DEBUG] Employee：鍾XXXXX
2019-02-14 16:43:02,444: [DEBUG] 寫入ad帳號
2019-02-14 16:43:04,079: [DEBUG] Employee：鍾XXXXX
2019-02-14 16:43:05,485: [DEBUG] HomeController:F
2019-02-14 16:43:05,774: [DEBUG] 1
2019-02-14 16:43:05,775: [DEBUG] F
2019-02-14 16:43:06,746: [DEBUG] 寫入ad帳號
2019-02-14 16:43:06,801: [DEBUG] 寫入ad帳號
2019-02-14 16:43:06,832: [DEBUG] 寫入ad帳號
2019-02-14 16:43:06,833: [DEBUG] 寫入ad帳號
2019-02-14 16:43:06,841: [DEBUG] 寫入ad帳號
2019-02-14 16:43:06,895: [DEBUG] Employee：鍾XXXXX
2019-02-14 16:43:07,014: [DEBUG] Employee：鍾XXXXX
2019-02-14 16:43:07,129: [DEBUG] Employee：鍾XXXXX
2019-02-14 16:43:07,176: [DEBUG] Employee：鍾XXXXX
2019-02-14 16:43:07,188: [DEBUG] Employee：鍾XXXXX
2019-02-14 16:43:07,393: [DEBUG] 寫入ad帳號
2019-02-14 16:43:07,456: [DEBUG] 寫入ad帳號
2019-02-14 16:43:07,480: [DEBUG] 寫入ad帳號
2019-02-14 16:43:07,492: [DEBUG] Employee：鍾XXXXX
2019-02-14 16:43:07,718: [DEBUG] Employee：鍾XXXXX
2019-02-14 16:43:07,726: [DEBUG] 寫入ad帳號
2019-02-14 16:43:07,788: [DEBUG] Employee：鍾XXXXX
2019-02-14 16:43:07,789: [DEBUG] 寫入ad帳號
2019-02-14 16:43:07,934: [DEBUG] 寫入ad帳號
2019-02-14 16:43:07,934: [DEBUG] 寫入ad帳號
2019-02-14 16:43:08,003: [DEBUG] Employee：鍾XXXXX
2019-02-14 16:43:08,003: [DEBUG] Employee：鍾XXXXX
2019-02-14 16:43:08,033: [DEBUG] 寫入ad帳號
2019-02-14 16:43:08,033: [DEBUG] Employee：鍾XXXXX
2019-02-14 16:43:08,060: [DEBUG] Employee：鍾XXXXX
2019-02-14 16:43:08,203: [DEBUG] 寫入ad帳號
2019-02-14 16:43:08,208: [DEBUG] Employee：鍾XXXXX
2019-02-14 16:43:08,236: [DEBUG] 寫入ad帳號
2019-02-14 16:43:08,248: [DEBUG] 寫入ad帳號
2019-02-14 16:43:08,375: [DEBUG] Employee：鍾XXXXX
2019-02-14 16:43:08,376: [DEBUG] 寫入ad帳號
2019-02-14 16:43:08,392: [DEBUG] Employee：鍾XXXXX
2019-02-14 16:43:08,392: [DEBUG] Employee：鍾XXXXX
2019-02-14 16:43:08,404: [DEBUG] 寫入ad帳號
2019-02-14 16:43:08,471: [DEBUG] Employee：鍾XXXXX
2019-02-14 16:43:08,566: [DEBUG] 寫入ad帳號
2019-02-14 16:43:08,616: [DEBUG] Employee：鍾XXXXX
2019-02-14 16:43:08,617: [DEBUG] 寫入ad帳號
2019-02-14 16:43:08,644: [DEBUG] 寫入ad帳號
2019-02-14 16:43:08,645: [DEBUG] 寫入ad帳號
2019-02-14 16:43:08,725: [DEBUG] Employee：鍾XXXXX
2019-02-14 16:43:08,754: [DEBUG] Employee：鍾XXXXX
2019-02-14 16:43:08,754: [DEBUG] Employee：鍾XXXXX
2019-02-14 16:43:08,762: [DEBUG] Employee：鍾XXXXX
2019-02-14 16:43:08,809: [DEBUG] 寫入ad帳號
2019-02-14 16:43:08,860: [DEBUG] 寫入ad帳號
2019-02-14 16:43:08,959: [DEBUG] 寫入ad帳號
2019-02-14 16:43:08,970: [DEBUG] Employee：鍾XXXXX
2019-02-14 16:43:09,000: [DEBUG] Employee：鍾XXXXX
2019-02-14 16:43:09,035: [DEBUG] 寫入ad帳號
2019-02-14 16:43:09,124: [DEBUG] 寫入ad帳號
2019-02-14 16:43:09,138: [DEBUG] Employee：鍾XXXXX
2019-02-14 16:43:09,192: [DEBUG] 寫入ad帳號
2019-02-14 16:43:09,298: [DEBUG] Employee：鍾XXXXX
2019-02-14 16:43:09,298: [DEBUG] Employee：鍾XXXXX
2019-02-14 16:43:09,299: [DEBUG] 寫入ad帳號
2019-02-14 16:43:09,373: [DEBUG] Employee：鍾XXXXX
2019-02-14 16:43:09,377: [DEBUG] 寫入ad帳號
2019-02-14 16:43:09,490: [DEBUG] 寫入ad帳號
2019-02-14 16:43:09,490: [DEBUG] 寫入ad帳號
2019-02-14 16:43:09,581: [DEBUG] Employee：鍾XXXXX
2019-02-14 16:43:09,652: [DEBUG] Employee：鍾XXXXX
2019-02-14 16:43:09,653: [DEBUG] 寫入ad帳號
2019-02-14 16:43:09,655: [DEBUG] Employee：鍾XXXXX
2019-02-14 16:43:09,749: [DEBUG] Employee：鍾XXXXX
2019-02-14 16:43:09,811: [DEBUG] 寫入ad帳號
2019-02-14 16:43:09,815: [DEBUG] Employee：鍾XXXXX
2019-02-14 16:43:09,904: [DEBUG] 寫入ad帳號
2019-02-14 16:43:10,006: [DEBUG] 寫入ad帳號
2019-02-14 16:43:10,071: [DEBUG] 寫入ad帳號
2019-02-14 16:43:10,136: [DEBUG] Employee：鍾XXXXX
2019-02-14 16:43:10,155: [DEBUG] Employee：鍾XXXXX
2019-02-14 16:43:10,169: [DEBUG] Employee：鍾XXXXX
2019-02-14 16:43:10,213: [DEBUG] 寫入ad帳號
2019-02-14 16:43:10,223: [DEBUG] Employee：鍾XXXXX
2019-02-14 16:43:10,314: [DEBUG] 寫入ad帳號
2019-02-14 16:43:10,318: [DEBUG] 寫入ad帳號
2019-02-14 16:43:10,381: [DEBUG] 寫入ad帳號
2019-02-14 16:43:10,391: [DEBUG] 寫入ad帳號
2019-02-14 16:43:10,514: [DEBUG] Employee：鍾XXXXX
2019-02-14 16:43:10,529: [DEBUG] Employee：鍾XXXXX
2019-02-14 16:43:10,612: [DEBUG] Employee：鍾XXXXX
2019-02-14 16:43:10,641: [DEBUG] Employee：鍾XXXXX
2019-02-14 16:43:10,852: [DEBUG] Employee：鍾XXXXX
2019-02-14 16:43:17,581: [DEBUG] 寫入ad帳號
2019-02-14 16:43:18,812: [DEBUG] Employee：鍾XXXXX
2019-02-14 16:43:21,050: [DEBUG] 1
2019-02-14 16:43:21,050: [DEBUG] F
2019-02-14 16:46:13,572: [DEBUG] 1
2019-02-14 16:46:13,572: [DEBUG] F
