2019-01-29 17:19:10,154: [DEBUG] 寫入ad帳號
2019-01-29 17:19:11,608: [DEBUG] Employee：鍾XXXXX
2019-01-29 17:19:13,389: [DEBUG] HomeController:F
2019-01-29 17:19:13,570: [DEBUG] 1
2019-01-29 17:19:13,570: [DEBUG] F
2019-01-29 17:19:14,341: [DEBUG] 寫入ad帳號
2019-01-29 17:19:14,358: [DEBUG] Employee：鍾XXXXX
2019-01-29 17:19:14,385: [DEBUG] 寫入ad帳號
2019-01-29 17:19:14,400: [DEBUG] Employee：鍾XXXXX
2019-01-29 17:19:14,517: [DEBUG] 寫入ad帳號
2019-01-29 17:19:14,518: [DEBUG] 寫入ad帳號
2019-01-29 17:19:14,518: [DEBUG] 寫入ad帳號
2019-01-29 17:19:14,518: [DEBUG] 寫入ad帳號
2019-01-29 17:19:14,519: [DEBUG] 寫入ad帳號
2019-01-29 17:19:14,541: [DEBUG] Employee：鍾XXXXX
2019-01-29 17:19:14,545: [DEBUG] Employee：鍾XXXXX
2019-01-29 17:19:14,546: [DEBUG] 寫入ad帳號
2019-01-29 17:19:14,553: [DEBUG] Employee：鍾XXXXX
2019-01-29 17:19:14,555: [DEBUG] Employee：鍾XXXXX
2019-01-29 17:19:14,556: [DEBUG] Employee：鍾XXXXX
2019-01-29 17:19:14,561: [DEBUG] Employee：鍾XXXXX
2019-01-29 17:19:14,783: [DEBUG] 寫入ad帳號
2019-01-29 17:19:14,783: [DEBUG] 寫入ad帳號
2019-01-29 17:19:14,783: [DEBUG] 寫入ad帳號
2019-01-29 17:19:14,808: [DEBUG] 寫入ad帳號
2019-01-29 17:19:14,808: [DEBUG] 寫入ad帳號
2019-01-29 17:19:14,820: [DEBUG] Employee：鍾XXXXX
2019-01-29 17:19:14,821: [DEBUG] 寫入ad帳號
2019-01-29 17:19:14,821: [DEBUG] Employee：鍾XXXXX
2019-01-29 17:19:14,823: [DEBUG] Employee：鍾XXXXX
2019-01-29 17:19:14,828: [DEBUG] Employee：鍾XXXXX
2019-01-29 17:19:14,837: [DEBUG] 寫入ad帳號
2019-01-29 17:19:14,842: [DEBUG] Employee：鍾XXXXX
2019-01-29 17:19:14,845: [DEBUG] Employee：鍾XXXXX
2019-01-29 17:19:14,870: [DEBUG] Employee：鍾XXXXX
2019-01-29 17:19:14,880: [DEBUG] 寫入ad帳號
2019-01-29 17:19:14,886: [DEBUG] 寫入ad帳號
2019-01-29 17:19:14,905: [DEBUG] 寫入ad帳號
2019-01-29 17:19:14,907: [DEBUG] 寫入ad帳號
2019-01-29 17:19:14,916: [DEBUG] 寫入ad帳號
2019-01-29 17:19:14,921: [DEBUG] Employee：鍾XXXXX
2019-01-29 17:19:14,934: [DEBUG] Employee：鍾XXXXX
2019-01-29 17:19:14,934: [DEBUG] 寫入ad帳號
2019-01-29 17:19:14,946: [DEBUG] Employee：鍾XXXXX
2019-01-29 17:19:14,951: [DEBUG] Employee：鍾XXXXX
2019-01-29 17:19:14,961: [DEBUG] Employee：鍾XXXXX
2019-01-29 17:19:14,976: [DEBUG] Employee：鍾XXXXX
2019-01-29 17:19:15,112: [DEBUG] 寫入ad帳號
2019-01-29 17:19:15,116: [DEBUG] 寫入ad帳號
2019-01-29 17:19:15,146: [DEBUG] 寫入ad帳號
2019-01-29 17:19:15,150: [DEBUG] Employee：鍾XXXXX
2019-01-29 17:19:15,154: [DEBUG] 寫入ad帳號
2019-01-29 17:19:15,156: [DEBUG] Employee：鍾XXXXX
2019-01-29 17:19:15,169: [DEBUG] 寫入ad帳號
2019-01-29 17:19:15,182: [DEBUG] 寫入ad帳號
2019-01-29 17:19:15,191: [DEBUG] Employee：鍾XXXXX
2019-01-29 17:19:15,197: [DEBUG] 寫入ad帳號
2019-01-29 17:19:15,198: [DEBUG] Employee：鍾XXXXX
2019-01-29 17:19:15,199: [DEBUG] 寫入ad帳號
2019-01-29 17:19:15,212: [DEBUG] Employee：鍾XXXXX
2019-01-29 17:19:15,229: [DEBUG] Employee：鍾XXXXX
2019-01-29 17:19:15,235: [DEBUG] 寫入ad帳號
2019-01-29 17:19:15,245: [DEBUG] Employee：鍾XXXXX
2019-01-29 17:19:15,246: [DEBUG] Employee：鍾XXXXX
2019-01-29 17:19:15,282: [DEBUG] Employee：鍾XXXXX
2019-01-29 17:19:23,088: [DEBUG] 1
2019-01-29 17:19:23,090: [DEBUG] F
2019-01-29 17:20:01,016: [DEBUG] @SYMD：1070101, @EYMD：1070131, @MARKET：001, @ROLE：1,2
