2019-02-01 14:16:25,547: [DEBUG] 寫入ad帳號
2019-02-01 14:16:29,237: [DEBUG] Employee：鍾XXXXX
2019-02-01 14:16:29,932: [DEBUG] HomeController:F
2019-02-01 14:16:30,172: [DEBUG] 1
2019-02-01 14:16:30,172: [DEBUG] F
2019-02-01 14:16:30,821: [DEBUG] 寫入ad帳號
2019-02-01 14:16:30,822: [DEBUG] 寫入ad帳號
2019-02-01 14:16:30,822: [DEBUG] 寫入ad帳號
2019-02-01 14:16:30,824: [DEBUG] 寫入ad帳號
2019-02-01 14:16:30,825: [DEBUG] 寫入ad帳號
2019-02-01 14:16:30,981: [DEBUG] Employee：鍾XXXXX
2019-02-01 14:16:30,995: [DEBUG] Employee：鍾XXXXX
2019-02-01 14:16:31,011: [DEBUG] Employee：鍾XXXXX
2019-02-01 14:16:31,047: [DEBUG] Employee：鍾XXXXX
2019-02-01 14:16:31,050: [DEBUG] 寫入ad帳號
2019-02-01 14:16:31,064: [DEBUG] Employee：鍾XXXXX
2019-02-01 14:16:31,194: [DEBUG] 寫入ad帳號
2019-02-01 14:16:31,197: [DEBUG] 寫入ad帳號
2019-02-01 14:16:31,198: [DEBUG] 寫入ad帳號
2019-02-01 14:16:31,236: [DEBUG] 寫入ad帳號
2019-02-01 14:16:31,299: [DEBUG] Employee：鍾XXXXX
2019-02-01 14:16:31,299: [DEBUG] Employee：鍾XXXXX
2019-02-01 14:16:31,304: [DEBUG] 寫入ad帳號
2019-02-01 14:16:31,338: [DEBUG] Employee：鍾XXXXX
2019-02-01 14:16:31,351: [DEBUG] 寫入ad帳號
2019-02-01 14:16:31,351: [DEBUG] Employee：鍾XXXXX
2019-02-01 14:16:31,437: [DEBUG] 寫入ad帳號
2019-02-01 14:16:31,438: [DEBUG] 寫入ad帳號
2019-02-01 14:16:31,464: [DEBUG] Employee：鍾XXXXX
2019-02-01 14:16:31,482: [DEBUG] Employee：鍾XXXXX
2019-02-01 14:16:31,496: [DEBUG] Employee：鍾XXXXX
2019-02-01 14:16:31,500: [DEBUG] 寫入ad帳號
2019-02-01 14:16:31,582: [DEBUG] 寫入ad帳號
2019-02-01 14:16:31,582: [DEBUG] Employee：鍾XXXXX
2019-02-01 14:16:31,584: [DEBUG] 寫入ad帳號
2019-02-01 14:16:31,613: [DEBUG] Employee：鍾XXXXX
2019-02-01 14:16:31,625: [DEBUG] 寫入ad帳號
2019-02-01 14:16:31,645: [DEBUG] Employee：鍾XXXXX
2019-02-01 14:16:31,679: [DEBUG] Employee：鍾XXXXX
2019-02-01 14:16:31,692: [DEBUG] Employee：鍾XXXXX
2019-02-01 14:16:31,821: [DEBUG] 寫入ad帳號
2019-02-01 14:16:31,851: [DEBUG] 寫入ad帳號
2019-02-01 14:16:31,889: [DEBUG] Employee：鍾XXXXX
2019-02-01 14:16:31,889: [DEBUG] 寫入ad帳號
2019-02-01 14:16:32,007: [DEBUG] 寫入ad帳號
2019-02-01 14:16:32,050: [DEBUG] Employee：鍾XXXXX
2019-02-01 14:16:32,069: [DEBUG] 寫入ad帳號
2019-02-01 14:16:32,139: [DEBUG] Employee：鍾XXXXX
2019-02-01 14:16:32,165: [DEBUG] Employee：鍾XXXXX
2019-02-01 14:16:32,165: [DEBUG] 寫入ad帳號
2019-02-01 14:16:32,165: [DEBUG] 寫入ad帳號
2019-02-01 14:16:32,191: [DEBUG] Employee：鍾XXXXX
2019-02-01 14:16:32,219: [DEBUG] 寫入ad帳號
2019-02-01 14:16:32,230: [DEBUG] Employee：鍾XXXXX
2019-02-01 14:16:32,278: [DEBUG] 寫入ad帳號
2019-02-01 14:16:32,293: [DEBUG] Employee：鍾XXXXX
2019-02-01 14:16:32,293: [DEBUG] Employee：鍾XXXXX
2019-02-01 14:16:32,307: [DEBUG] 寫入ad帳號
2019-02-01 14:16:32,307: [DEBUG] 寫入ad帳號
2019-02-01 14:16:32,351: [DEBUG] Employee：鍾XXXXX
2019-02-01 14:16:32,352: [DEBUG] 寫入ad帳號
2019-02-01 14:16:32,375: [DEBUG] Employee：鍾XXXXX
2019-02-01 14:16:32,430: [DEBUG] Employee：鍾XXXXX
2019-02-01 14:16:32,430: [DEBUG] Employee：鍾XXXXX
2019-02-01 14:16:32,539: [DEBUG] Employee：鍾XXXXX
2019-02-01 14:16:38,323: [DEBUG] 1
2019-02-01 14:16:38,323: [DEBUG] F
2019-02-01 14:16:55,033: [DEBUG] test
2019-02-01 14:16:55,269: [DEBUG] @SDATE：20180101, @EDATE：20180331, @TYPE：1
2019-02-01 14:44:46,279: [DEBUG] 寫入ad帳號
2019-02-01 14:44:47,109: [DEBUG] Employee：鍾XXXXX
2019-02-01 14:44:47,747: [DEBUG] HomeController:F
2019-02-01 14:44:47,922: [DEBUG] 1
2019-02-01 14:44:47,922: [DEBUG] F
2019-02-01 14:44:48,500: [DEBUG] 寫入ad帳號
2019-02-01 14:44:48,545: [DEBUG] Employee：鍾XXXXX
2019-02-01 14:45:43,203: [DEBUG] 1
2019-02-01 14:45:43,203: [DEBUG] F
2019-02-01 14:47:00,092: [DEBUG] 1
2019-02-01 14:47:00,093: [DEBUG] F
2019-02-01 14:47:59,466: [DEBUG] 1
2019-02-01 14:47:59,466: [DEBUG] F
2019-02-01 14:49:50,928: [DEBUG] 1
2019-02-01 14:49:50,928: [DEBUG] F
2019-02-01 14:50:31,369: [DEBUG] 1
2019-02-01 14:50:31,369: [DEBUG] F
2019-02-01 14:50:51,860: [DEBUG] 1
2019-02-01 14:50:51,860: [DEBUG] F
2019-02-01 14:51:23,385: [DEBUG] 1
2019-02-01 14:51:23,386: [DEBUG] F
2019-02-01 14:54:16,372: [DEBUG] 寫入ad帳號
2019-02-01 14:54:17,359: [DEBUG] Employee：鍾XXXXX
2019-02-01 14:54:18,064: [DEBUG] HomeController:F
2019-02-01 14:54:18,248: [DEBUG] 1
2019-02-01 14:54:18,248: [DEBUG] F
2019-02-01 14:54:18,954: [DEBUG] 寫入ad帳號
2019-02-01 14:54:18,975: [DEBUG] 寫入ad帳號
2019-02-01 14:54:18,977: [DEBUG] 寫入ad帳號
2019-02-01 14:54:18,977: [DEBUG] 寫入ad帳號
2019-02-01 14:54:19,145: [DEBUG] 寫入ad帳號
2019-02-01 14:54:19,202: [DEBUG] Employee：鍾XXXXX
2019-02-01 14:54:19,236: [DEBUG] Employee：鍾XXXXX
2019-02-01 14:54:19,236: [DEBUG] Employee：鍾XXXXX
2019-02-01 14:54:19,240: [DEBUG] 寫入ad帳號
2019-02-01 14:54:19,277: [DEBUG] 寫入ad帳號
2019-02-01 14:54:19,312: [DEBUG] 寫入ad帳號
2019-02-01 14:54:19,585: [DEBUG] Employee：鍾XXXXX
2019-02-01 14:54:19,596: [DEBUG] Employee：鍾XXXXX
2019-02-01 14:54:19,597: [DEBUG] 寫入ad帳號
2019-02-01 14:54:19,701: [DEBUG] Employee：鍾XXXXX
2019-02-01 14:54:19,782: [DEBUG] 寫入ad帳號
2019-02-01 14:54:19,782: [DEBUG] Employee：鍾XXXXX
2019-02-01 14:54:19,782: [DEBUG] 寫入ad帳號
2019-02-01 14:54:19,806: [DEBUG] Employee：鍾XXXXX
2019-02-01 14:54:19,807: [DEBUG] 寫入ad帳號
2019-02-01 14:54:19,846: [DEBUG] 寫入ad帳號
2019-02-01 14:54:20,015: [DEBUG] Employee：鍾XXXXX
2019-02-01 14:54:20,015: [DEBUG] Employee：鍾XXXXX
2019-02-01 14:54:20,015: [DEBUG] Employee：鍾XXXXX
2019-02-01 14:54:20,016: [DEBUG] 寫入ad帳號
2019-02-01 14:54:20,027: [DEBUG] Employee：鍾XXXXX
2019-02-01 14:54:20,045: [DEBUG] Employee：鍾XXXXX
2019-02-01 14:54:20,046: [DEBUG] 寫入ad帳號
2019-02-01 14:54:20,106: [DEBUG] 寫入ad帳號
2019-02-01 14:54:20,124: [DEBUG] 寫入ad帳號
2019-02-01 14:54:20,221: [DEBUG] Employee：鍾XXXXX
2019-02-01 14:54:20,239: [DEBUG] Employee：鍾XXXXX
2019-02-01 14:54:20,239: [DEBUG] 寫入ad帳號
2019-02-01 14:54:20,255: [DEBUG] Employee：鍾XXXXX
2019-02-01 14:54:20,311: [DEBUG] Employee：鍾XXXXX
2019-02-01 14:54:20,312: [DEBUG] 寫入ad帳號
2019-02-01 14:54:20,341: [DEBUG] 寫入ad帳號
2019-02-01 14:54:20,447: [DEBUG] Employee：鍾XXXXX
2019-02-01 14:54:20,448: [DEBUG] 寫入ad帳號
2019-02-01 14:54:20,454: [DEBUG] Employee：鍾XXXXX
2019-02-01 14:54:20,455: [DEBUG] 寫入ad帳號
2019-02-01 14:54:20,487: [DEBUG] Employee：鍾XXXXX
2019-02-01 14:54:20,501: [DEBUG] 寫入ad帳號
2019-02-01 14:54:20,578: [DEBUG] Employee：鍾XXXXX
2019-02-01 14:54:20,579: [DEBUG] 寫入ad帳號
2019-02-01 14:54:20,591: [DEBUG] Employee：鍾XXXXX
2019-02-01 14:54:20,614: [DEBUG] 寫入ad帳號
2019-02-01 14:54:20,705: [DEBUG] Employee：鍾XXXXX
2019-02-01 14:54:20,729: [DEBUG] Employee：鍾XXXXX
2019-02-01 14:54:20,729: [DEBUG] 寫入ad帳號
2019-02-01 14:54:20,787: [DEBUG] Employee：鍾XXXXX
2019-02-01 14:54:20,787: [DEBUG] 寫入ad帳號
2019-02-01 14:54:20,796: [DEBUG] 寫入ad帳號
2019-02-01 14:54:20,897: [DEBUG] Employee：鍾XXXXX
2019-02-01 14:54:20,920: [DEBUG] Employee：鍾XXXXX
2019-02-01 14:54:20,920: [DEBUG] 寫入ad帳號
2019-02-01 14:54:20,948: [DEBUG] 寫入ad帳號
2019-02-01 14:54:20,948: [DEBUG] Employee：鍾XXXXX
2019-02-01 14:54:20,999: [DEBUG] Employee：鍾XXXXX
2019-02-01 14:54:21,010: [DEBUG] Employee：鍾XXXXX
2019-02-01 14:54:24,379: [DEBUG] 1
2019-02-01 14:54:24,379: [DEBUG] F
2019-02-01 14:57:14,811: [DEBUG] 寫入ad帳號
2019-02-01 14:57:15,500: [DEBUG] Employee：鍾XXXXX
2019-02-01 14:57:16,055: [DEBUG] HomeController:F
2019-02-01 14:57:16,218: [DEBUG] 1
2019-02-01 14:57:16,218: [DEBUG] F
2019-02-01 14:57:16,647: [DEBUG] 寫入ad帳號
2019-02-01 14:57:16,691: [DEBUG] 寫入ad帳號
2019-02-01 14:57:16,715: [DEBUG] 寫入ad帳號
2019-02-01 14:57:16,720: [DEBUG] 寫入ad帳號
2019-02-01 14:57:16,749: [DEBUG] Employee：鍾XXXXX
2019-02-01 14:57:16,795: [DEBUG] Employee：鍾XXXXX
2019-02-01 14:57:16,821: [DEBUG] 寫入ad帳號
2019-02-01 14:57:16,822: [DEBUG] 寫入ad帳號
2019-02-01 14:57:16,836: [DEBUG] Employee：鍾XXXXX
2019-02-01 14:57:16,836: [DEBUG] Employee：鍾XXXXX
2019-02-01 14:57:16,902: [DEBUG] 寫入ad帳號
2019-02-01 14:57:16,959: [DEBUG] Employee：鍾XXXXX
2019-02-01 14:57:16,974: [DEBUG] 寫入ad帳號
2019-02-01 14:57:17,008: [DEBUG] 寫入ad帳號
2019-02-01 14:57:17,008: [DEBUG] Employee：鍾XXXXX
2019-02-01 14:57:17,033: [DEBUG] 寫入ad帳號
2019-02-01 14:57:17,082: [DEBUG] Employee：鍾XXXXX
2019-02-01 14:57:17,082: [DEBUG] 寫入ad帳號
2019-02-01 14:57:17,097: [DEBUG] Employee：鍾XXXXX
2019-02-01 14:57:17,124: [DEBUG] 寫入ad帳號
2019-02-01 14:57:17,124: [DEBUG] 寫入ad帳號
2019-02-01 14:57:17,138: [DEBUG] Employee：鍾XXXXX
2019-02-01 14:57:17,154: [DEBUG] Employee：鍾XXXXX
2019-02-01 14:57:17,204: [DEBUG] 寫入ad帳號
2019-02-01 14:57:17,204: [DEBUG] 寫入ad帳號
2019-02-01 14:57:17,232: [DEBUG] Employee：鍾XXXXX
2019-02-01 14:57:17,264: [DEBUG] 寫入ad帳號
2019-02-01 14:57:17,280: [DEBUG] Employee：鍾XXXXX
2019-02-01 14:57:17,315: [DEBUG] Employee：鍾XXXXX
2019-02-01 14:57:17,353: [DEBUG] 寫入ad帳號
2019-02-01 14:57:17,362: [DEBUG] Employee：鍾XXXXX
2019-02-01 14:57:17,362: [DEBUG] 寫入ad帳號
2019-02-01 14:57:17,382: [DEBUG] 寫入ad帳號
2019-02-01 14:57:17,382: [DEBUG] Employee：鍾XXXXX
2019-02-01 14:57:17,404: [DEBUG] Employee：鍾XXXXX
2019-02-01 14:57:17,455: [DEBUG] 寫入ad帳號
2019-02-01 14:57:17,512: [DEBUG] Employee：鍾XXXXX
2019-02-01 14:57:17,512: [DEBUG] 寫入ad帳號
2019-02-01 14:57:17,559: [DEBUG] Employee：鍾XXXXX
2019-02-01 14:57:17,559: [DEBUG] Employee：鍾XXXXX
2019-02-01 14:57:17,561: [DEBUG] 寫入ad帳號
2019-02-01 14:57:17,591: [DEBUG] Employee：鍾XXXXX
2019-02-01 14:57:17,591: [DEBUG] 寫入ad帳號
2019-02-01 14:57:17,659: [DEBUG] Employee：鍾XXXXX
2019-02-01 14:57:17,679: [DEBUG] 寫入ad帳號
2019-02-01 14:57:17,679: [DEBUG] 寫入ad帳號
2019-02-01 14:57:17,784: [DEBUG] Employee：鍾XXXXX
2019-02-01 14:57:17,784: [DEBUG] Employee：鍾XXXXX
2019-02-01 14:57:17,797: [DEBUG] 寫入ad帳號
2019-02-01 14:57:17,797: [DEBUG] 寫入ad帳號
2019-02-01 14:57:17,851: [DEBUG] Employee：鍾XXXXX
2019-02-01 14:57:17,851: [DEBUG] Employee：鍾XXXXX
2019-02-01 14:57:17,865: [DEBUG] 寫入ad帳號
2019-02-01 14:57:17,865: [DEBUG] 寫入ad帳號
2019-02-01 14:57:17,984: [DEBUG] Employee：鍾XXXXX
2019-02-01 14:57:18,000: [DEBUG] 寫入ad帳號
2019-02-01 14:57:18,042: [DEBUG] Employee：鍾XXXXX
2019-02-01 14:57:18,042: [DEBUG] Employee：鍾XXXXX
2019-02-01 14:57:18,084: [DEBUG] Employee：鍾XXXXX
2019-02-01 14:57:18,100: [DEBUG] Employee：鍾XXXXX
2019-02-01 14:57:52,169: [DEBUG] 1
2019-02-01 14:57:52,169: [DEBUG] F
2019-02-01 14:59:45,865: [DEBUG] 寫入ad帳號
2019-02-01 14:59:46,567: [DEBUG] Employee：鍾XXXXX
2019-02-01 14:59:47,147: [DEBUG] HomeController:F
2019-02-01 14:59:47,331: [DEBUG] 1
2019-02-01 14:59:47,331: [DEBUG] F
2019-02-01 14:59:47,841: [DEBUG] 寫入ad帳號
2019-02-01 14:59:47,876: [DEBUG] 寫入ad帳號
2019-02-01 14:59:47,876: [DEBUG] 寫入ad帳號
2019-02-01 14:59:47,877: [DEBUG] 寫入ad帳號
2019-02-01 14:59:47,877: [DEBUG] 寫入ad帳號
2019-02-01 14:59:47,987: [DEBUG] Employee：鍾XXXXX
2019-02-01 14:59:47,987: [DEBUG] Employee：鍾XXXXX
2019-02-01 14:59:48,018: [DEBUG] 寫入ad帳號
2019-02-01 14:59:48,027: [DEBUG] Employee：鍾XXXXX
2019-02-01 14:59:48,029: [DEBUG] Employee：鍾XXXXX
2019-02-01 14:59:48,085: [DEBUG] 寫入ad帳號
2019-02-01 14:59:48,085: [DEBUG] 寫入ad帳號
2019-02-01 14:59:48,139: [DEBUG] 寫入ad帳號
2019-02-01 14:59:48,204: [DEBUG] Employee：鍾XXXXX
2019-02-01 14:59:48,217: [DEBUG] Employee：鍾XXXXX
2019-02-01 14:59:48,220: [DEBUG] 寫入ad帳號
2019-02-01 14:59:48,231: [DEBUG] Employee：鍾XXXXX
2019-02-01 14:59:48,256: [DEBUG] 寫入ad帳號
2019-02-01 14:59:48,288: [DEBUG] Employee：鍾XXXXX
2019-02-01 14:59:48,290: [DEBUG] 寫入ad帳號
2019-02-01 14:59:48,290: [DEBUG] 寫入ad帳號
2019-02-01 14:59:48,362: [DEBUG] Employee：鍾XXXXX
2019-02-01 14:59:48,362: [DEBUG] Employee：鍾XXXXX
2019-02-01 14:59:48,369: [DEBUG] 寫入ad帳號
2019-02-01 14:59:48,375: [DEBUG] Employee：鍾XXXXX
2019-02-01 14:59:48,375: [DEBUG] Employee：鍾XXXXX
2019-02-01 14:59:48,390: [DEBUG] 寫入ad帳號
2019-02-01 14:59:48,396: [DEBUG] Employee：鍾XXXXX
2019-02-01 14:59:48,434: [DEBUG] 寫入ad帳號
2019-02-01 14:59:48,435: [DEBUG] 寫入ad帳號
2019-02-01 14:59:48,465: [DEBUG] Employee：鍾XXXXX
2019-02-01 14:59:48,482: [DEBUG] Employee：鍾XXXXX
2019-02-01 14:59:48,482: [DEBUG] 寫入ad帳號
2019-02-01 14:59:48,525: [DEBUG] Employee：鍾XXXXX
2019-02-01 14:59:48,527: [DEBUG] 寫入ad帳號
2019-02-01 14:59:48,580: [DEBUG] Employee：鍾XXXXX
2019-02-01 14:59:48,581: [DEBUG] 寫入ad帳號
2019-02-01 14:59:48,590: [DEBUG] Employee：鍾XXXXX
2019-02-01 14:59:48,591: [DEBUG] 寫入ad帳號
2019-02-01 14:59:48,661: [DEBUG] Employee：鍾XXXXX
2019-02-01 14:59:48,688: [DEBUG] 寫入ad帳號
2019-02-01 14:59:48,709: [DEBUG] Employee：鍾XXXXX
2019-02-01 14:59:48,710: [DEBUG] 寫入ad帳號
2019-02-01 14:59:48,738: [DEBUG] Employee：鍾XXXXX
2019-02-01 14:59:48,757: [DEBUG] 寫入ad帳號
2019-02-01 14:59:48,772: [DEBUG] Employee：鍾XXXXX
2019-02-01 14:59:48,788: [DEBUG] 寫入ad帳號
2019-02-01 14:59:48,853: [DEBUG] Employee：鍾XXXXX
2019-02-01 14:59:48,866: [DEBUG] Employee：鍾XXXXX
2019-02-01 14:59:48,866: [DEBUG] 寫入ad帳號
2019-02-01 14:59:48,867: [DEBUG] 寫入ad帳號
2019-02-01 14:59:48,888: [DEBUG] Employee：鍾XXXXX
2019-02-01 14:59:48,907: [DEBUG] 寫入ad帳號
2019-02-01 14:59:48,985: [DEBUG] Employee：鍾XXXXX
2019-02-01 14:59:48,985: [DEBUG] 寫入ad帳號
2019-02-01 14:59:49,063: [DEBUG] Employee：鍾XXXXX
2019-02-01 14:59:49,063: [DEBUG] Employee：鍾XXXXX
2019-02-01 14:59:49,064: [DEBUG] 寫入ad帳號
2019-02-01 14:59:49,085: [DEBUG] Employee：鍾XXXXX
2019-02-01 14:59:49,126: [DEBUG] Employee：鍾XXXXX
2019-02-01 15:00:03,357: [DEBUG] 1
2019-02-01 15:00:03,357: [DEBUG] F
2019-02-01 15:04:10,910: [DEBUG] 寫入ad帳號
2019-02-01 15:04:11,734: [DEBUG] Employee：鍾XXXXX
2019-02-01 15:04:12,442: [DEBUG] HomeController:F
2019-02-01 15:04:12,625: [DEBUG] 1
2019-02-01 15:04:12,626: [DEBUG] F
2019-02-01 15:04:13,123: [DEBUG] 寫入ad帳號
2019-02-01 15:04:13,202: [DEBUG] 寫入ad帳號
2019-02-01 15:04:13,202: [DEBUG] 寫入ad帳號
2019-02-01 15:04:13,202: [DEBUG] 寫入ad帳號
2019-02-01 15:04:13,202: [DEBUG] 寫入ad帳號
2019-02-01 15:04:13,303: [DEBUG] Employee：鍾XXXXX
2019-02-01 15:04:13,362: [DEBUG] Employee：鍾XXXXX
2019-02-01 15:04:13,362: [DEBUG] Employee：鍾XXXXX
2019-02-01 15:04:13,380: [DEBUG] 寫入ad帳號
2019-02-01 15:04:13,387: [DEBUG] Employee：鍾XXXXX
2019-02-01 15:04:13,434: [DEBUG] Employee：鍾XXXXX
2019-02-01 15:04:13,457: [DEBUG] 寫入ad帳號
2019-02-01 15:04:13,474: [DEBUG] 寫入ad帳號
2019-02-01 15:04:13,496: [DEBUG] Employee：鍾XXXXX
2019-02-01 15:04:13,496: [DEBUG] 寫入ad帳號
2019-02-01 15:04:13,516: [DEBUG] 寫入ad帳號
2019-02-01 15:04:13,566: [DEBUG] Employee：鍾XXXXX
2019-02-01 15:04:13,566: [DEBUG] Employee：鍾XXXXX
2019-02-01 15:04:13,566: [DEBUG] 寫入ad帳號
2019-02-01 15:04:13,662: [DEBUG] Employee：鍾XXXXX
2019-02-01 15:04:13,662: [DEBUG] Employee：鍾XXXXX
2019-02-01 15:04:13,663: [DEBUG] 寫入ad帳號
2019-02-01 15:04:13,676: [DEBUG] Employee：鍾XXXXX
2019-02-01 15:04:13,692: [DEBUG] 寫入ad帳號
2019-02-01 15:04:13,694: [DEBUG] 寫入ad帳號
2019-02-01 15:04:13,766: [DEBUG] Employee：鍾XXXXX
2019-02-01 15:04:13,781: [DEBUG] Employee：鍾XXXXX
2019-02-01 15:04:13,781: [DEBUG] 寫入ad帳號
2019-02-01 15:04:13,822: [DEBUG] Employee：鍾XXXXX
2019-02-01 15:04:13,822: [DEBUG] 寫入ad帳號
2019-02-01 15:04:13,885: [DEBUG] 寫入ad帳號
2019-02-01 15:04:13,904: [DEBUG] Employee：鍾XXXXX
2019-02-01 15:04:13,916: [DEBUG] 寫入ad帳號
2019-02-01 15:04:13,932: [DEBUG] Employee：鍾XXXXX
2019-02-01 15:04:13,990: [DEBUG] 寫入ad帳號
2019-02-01 15:04:13,991: [DEBUG] Employee：鍾XXXXX
2019-02-01 15:04:13,994: [DEBUG] 寫入ad帳號
2019-02-01 15:04:14,004: [DEBUG] Employee：鍾XXXXX
2019-02-01 15:04:14,097: [DEBUG] Employee：鍾XXXXX
2019-02-01 15:04:14,097: [DEBUG] 寫入ad帳號
2019-02-01 15:04:14,098: [DEBUG] Employee：鍾XXXXX
2019-02-01 15:04:14,101: [DEBUG] 寫入ad帳號
2019-02-01 15:04:14,225: [DEBUG] Employee：鍾XXXXX
2019-02-01 15:04:14,225: [DEBUG] 寫入ad帳號
2019-02-01 15:04:14,235: [DEBUG] Employee：鍾XXXXX
2019-02-01 15:04:14,265: [DEBUG] 寫入ad帳號
2019-02-01 15:04:14,342: [DEBUG] Employee：鍾XXXXX
2019-02-01 15:04:14,343: [DEBUG] Employee：鍾XXXXX
2019-02-01 15:04:14,343: [DEBUG] 寫入ad帳號
2019-02-01 15:04:14,389: [DEBUG] 寫入ad帳號
2019-02-01 15:04:14,399: [DEBUG] 寫入ad帳號
2019-02-01 15:04:14,541: [DEBUG] Employee：鍾XXXXX
2019-02-01 15:04:14,541: [DEBUG] 寫入ad帳號
2019-02-01 15:04:14,582: [DEBUG] Employee：鍾XXXXX
2019-02-01 15:04:14,582: [DEBUG] 寫入ad帳號
2019-02-01 15:04:14,689: [DEBUG] 寫入ad帳號
2019-02-01 15:04:14,757: [DEBUG] Employee：鍾XXXXX
2019-02-01 15:04:14,898: [DEBUG] Employee：鍾XXXXX
2019-02-01 15:04:14,916: [DEBUG] Employee：鍾XXXXX
2019-02-01 15:04:14,934: [DEBUG] Employee：鍾XXXXX
2019-02-01 15:04:17,758: [DEBUG] 1
2019-02-01 15:04:17,758: [DEBUG] F
2019-02-01 15:11:30,713: [DEBUG] 寫入ad帳號
2019-02-01 15:11:31,551: [DEBUG] Employee：鍾XXXXX
2019-02-01 15:11:32,320: [DEBUG] HomeController:F
2019-02-01 15:11:32,582: [DEBUG] 1
2019-02-01 15:11:32,582: [DEBUG] F
2019-02-01 15:11:33,054: [DEBUG] 寫入ad帳號
2019-02-01 15:11:33,060: [DEBUG] 寫入ad帳號
2019-02-01 15:11:33,101: [DEBUG] 寫入ad帳號
2019-02-01 15:11:33,102: [DEBUG] 寫入ad帳號
2019-02-01 15:11:33,130: [DEBUG] 寫入ad帳號
2019-02-01 15:11:33,155: [DEBUG] Employee：鍾XXXXX
2019-02-01 15:11:33,176: [DEBUG] Employee：鍾XXXXX
2019-02-01 15:11:33,193: [DEBUG] Employee：鍾XXXXX
2019-02-01 15:11:33,258: [DEBUG] 寫入ad帳號
2019-02-01 15:11:33,264: [DEBUG] 寫入ad帳號
2019-02-01 15:11:33,288: [DEBUG] Employee：鍾XXXXX
2019-02-01 15:11:33,345: [DEBUG] 寫入ad帳號
2019-02-01 15:11:33,345: [DEBUG] 寫入ad帳號
2019-02-01 15:11:33,360: [DEBUG] Employee：鍾XXXXX
2019-02-01 15:11:33,360: [DEBUG] Employee：鍾XXXXX
2019-02-01 15:11:33,360: [DEBUG] Employee：鍾XXXXX
2019-02-01 15:11:33,452: [DEBUG] 寫入ad帳號
2019-02-01 15:11:33,468: [DEBUG] 寫入ad帳號
2019-02-01 15:11:33,482: [DEBUG] Employee：鍾XXXXX
2019-02-01 15:11:33,515: [DEBUG] Employee：鍾XXXXX
2019-02-01 15:11:33,523: [DEBUG] 寫入ad帳號
2019-02-01 15:11:33,557: [DEBUG] Employee：鍾XXXXX
2019-02-01 15:11:33,558: [DEBUG] 寫入ad帳號
2019-02-01 15:11:33,588: [DEBUG] Employee：鍾XXXXX
2019-02-01 15:11:33,602: [DEBUG] 寫入ad帳號
2019-02-01 15:11:33,613: [DEBUG] Employee：鍾XXXXX
2019-02-01 15:11:33,658: [DEBUG] 寫入ad帳號
2019-02-01 15:11:33,658: [DEBUG] 寫入ad帳號
2019-02-01 15:11:33,684: [DEBUG] Employee：鍾XXXXX
2019-02-01 15:11:33,788: [DEBUG] Employee：鍾XXXXX
2019-02-01 15:11:33,788: [DEBUG] 寫入ad帳號
2019-02-01 15:11:33,810: [DEBUG] Employee：鍾XXXXX
2019-02-01 15:11:33,846: [DEBUG] 寫入ad帳號
2019-02-01 15:11:33,846: [DEBUG] 寫入ad帳號
2019-02-01 15:11:33,863: [DEBUG] Employee：鍾XXXXX
2019-02-01 15:11:33,979: [DEBUG] Employee：鍾XXXXX
2019-02-01 15:11:33,979: [DEBUG] 寫入ad帳號
2019-02-01 15:11:33,996: [DEBUG] Employee：鍾XXXXX
2019-02-01 15:11:34,009: [DEBUG] Employee：鍾XXXXX
2019-02-01 15:11:34,077: [DEBUG] 寫入ad帳號
2019-02-01 15:11:34,135: [DEBUG] 寫入ad帳號
2019-02-01 15:11:34,148: [DEBUG] Employee：鍾XXXXX
2019-02-01 15:11:34,163: [DEBUG] 寫入ad帳號
2019-02-01 15:11:34,185: [DEBUG] Employee：鍾XXXXX
2019-02-01 15:11:34,225: [DEBUG] 寫入ad帳號
2019-02-01 15:11:34,247: [DEBUG] Employee：鍾XXXXX
2019-02-01 15:11:34,286: [DEBUG] 寫入ad帳號
2019-02-01 15:11:34,338: [DEBUG] Employee：鍾XXXXX
2019-02-01 15:11:34,354: [DEBUG] 寫入ad帳號
2019-02-01 15:11:34,382: [DEBUG] Employee：鍾XXXXX
2019-02-01 15:11:34,382: [DEBUG] 寫入ad帳號
2019-02-01 15:11:34,382: [DEBUG] 寫入ad帳號
2019-02-01 15:11:34,382: [DEBUG] Employee：鍾XXXXX
2019-02-01 15:11:34,619: [DEBUG] 寫入ad帳號
2019-02-01 15:11:34,636: [DEBUG] Employee：鍾XXXXX
2019-02-01 15:11:34,636: [DEBUG] Employee：鍾XXXXX
2019-02-01 15:11:34,636: [DEBUG] 寫入ad帳號
2019-02-01 15:11:34,695: [DEBUG] Employee：鍾XXXXX
2019-02-01 15:11:34,723: [DEBUG] Employee：鍾XXXXX
2019-02-01 15:11:34,736: [DEBUG] Employee：鍾XXXXX
2019-02-01 15:11:40,298: [DEBUG] 1
2019-02-01 15:11:40,298: [DEBUG] F
2019-02-01 15:13:58,118: [DEBUG] 寫入ad帳號
2019-02-01 15:13:59,070: [DEBUG] Employee：鍾XXXXX
2019-02-01 15:13:59,805: [DEBUG] HomeController:F
2019-02-01 15:13:59,962: [DEBUG] 1
2019-02-01 15:13:59,962: [DEBUG] F
2019-02-01 15:14:00,356: [DEBUG] 寫入ad帳號
2019-02-01 15:14:00,361: [DEBUG] 寫入ad帳號
2019-02-01 15:14:00,376: [DEBUG] 寫入ad帳號
2019-02-01 15:14:00,386: [DEBUG] 寫入ad帳號
2019-02-01 15:14:00,430: [DEBUG] 寫入ad帳號
2019-02-01 15:14:00,463: [DEBUG] Employee：鍾XXXXX
2019-02-01 15:14:00,463: [DEBUG] Employee：鍾XXXXX
2019-02-01 15:14:00,514: [DEBUG] Employee：鍾XXXXX
2019-02-01 15:14:00,518: [DEBUG] 寫入ad帳號
2019-02-01 15:14:00,543: [DEBUG] Employee：鍾XXXXX
2019-02-01 15:14:00,543: [DEBUG] Employee：鍾XXXXX
2019-02-01 15:14:00,571: [DEBUG] 寫入ad帳號
2019-02-01 15:14:00,587: [DEBUG] 寫入ad帳號
2019-02-01 15:14:00,644: [DEBUG] 寫入ad帳號
2019-02-01 15:14:00,644: [DEBUG] 寫入ad帳號
2019-02-01 15:14:00,659: [DEBUG] Employee：鍾XXXXX
2019-02-01 15:14:00,700: [DEBUG] Employee：鍾XXXXX
2019-02-01 15:14:00,700: [DEBUG] 寫入ad帳號
2019-02-01 15:14:00,721: [DEBUG] Employee：鍾XXXXX
2019-02-01 15:14:00,721: [DEBUG] Employee：鍾XXXXX
2019-02-01 15:14:00,757: [DEBUG] 寫入ad帳號
2019-02-01 15:14:00,757: [DEBUG] 寫入ad帳號
2019-02-01 15:14:00,806: [DEBUG] Employee：鍾XXXXX
2019-02-01 15:14:00,806: [DEBUG] Employee：鍾XXXXX
2019-02-01 15:14:00,822: [DEBUG] 寫入ad帳號
2019-02-01 15:14:00,840: [DEBUG] Employee：鍾XXXXX
2019-02-01 15:14:00,840: [DEBUG] 寫入ad帳號
2019-02-01 15:14:00,840: [DEBUG] 寫入ad帳號
2019-02-01 15:14:00,854: [DEBUG] Employee：鍾XXXXX
2019-02-01 15:14:00,901: [DEBUG] 寫入ad帳號
2019-02-01 15:14:00,964: [DEBUG] Employee：鍾XXXXX
2019-02-01 15:14:00,965: [DEBUG] 寫入ad帳號
2019-02-01 15:14:00,982: [DEBUG] Employee：鍾XXXXX
2019-02-01 15:14:00,982: [DEBUG] Employee：鍾XXXXX
2019-02-01 15:14:01,022: [DEBUG] 寫入ad帳號
2019-02-01 15:14:01,022: [DEBUG] 寫入ad帳號
2019-02-01 15:14:01,038: [DEBUG] Employee：鍾XXXXX
2019-02-01 15:14:01,038: [DEBUG] Employee：鍾XXXXX
2019-02-01 15:14:01,070: [DEBUG] 寫入ad帳號
2019-02-01 15:14:01,144: [DEBUG] Employee：鍾XXXXX
2019-02-01 15:14:01,144: [DEBUG] Employee：鍾XXXXX
2019-02-01 15:14:01,145: [DEBUG] 寫入ad帳號
2019-02-01 15:14:01,155: [DEBUG] Employee：鍾XXXXX
2019-02-01 15:14:01,155: [DEBUG] 寫入ad帳號
2019-02-01 15:14:01,187: [DEBUG] 寫入ad帳號
2019-02-01 15:14:01,243: [DEBUG] Employee：鍾XXXXX
2019-02-01 15:14:01,244: [DEBUG] 寫入ad帳號
2019-02-01 15:14:01,256: [DEBUG] Employee：鍾XXXXX
2019-02-01 15:14:01,289: [DEBUG] 寫入ad帳號
2019-02-01 15:14:01,303: [DEBUG] Employee：鍾XXXXX
2019-02-01 15:14:01,328: [DEBUG] Employee：鍾XXXXX
2019-02-01 15:14:01,345: [DEBUG] 寫入ad帳號
2019-02-01 15:14:01,346: [DEBUG] Employee：鍾XXXXX
2019-02-01 15:14:01,348: [DEBUG] 寫入ad帳號
2019-02-01 15:14:01,374: [DEBUG] 寫入ad帳號
2019-02-01 15:14:01,452: [DEBUG] Employee：鍾XXXXX
2019-02-01 15:14:01,452: [DEBUG] Employee：鍾XXXXX
2019-02-01 15:14:01,453: [DEBUG] 寫入ad帳號
2019-02-01 15:14:01,471: [DEBUG] Employee：鍾XXXXX
2019-02-01 15:14:01,500: [DEBUG] Employee：鍾XXXXX
2019-02-01 15:14:27,318: [DEBUG] 1
2019-02-01 15:14:27,318: [DEBUG] F
2019-02-01 15:20:14,941: [DEBUG] 寫入ad帳號
2019-02-01 15:20:15,652: [DEBUG] Employee：鍾XXXXX
2019-02-01 15:20:16,388: [DEBUG] HomeController:F
2019-02-01 15:20:16,584: [DEBUG] 1
2019-02-01 15:20:16,585: [DEBUG] F
2019-02-01 15:20:17,035: [DEBUG] 寫入ad帳號
2019-02-01 15:20:17,035: [DEBUG] 寫入ad帳號
2019-02-01 15:20:17,056: [DEBUG] 寫入ad帳號
2019-02-01 15:20:17,068: [DEBUG] 寫入ad帳號
2019-02-01 15:20:17,069: [DEBUG] 寫入ad帳號
2019-02-01 15:20:17,173: [DEBUG] Employee：鍾XXXXX
2019-02-01 15:20:17,211: [DEBUG] Employee：鍾XXXXX
2019-02-01 15:20:17,232: [DEBUG] Employee：鍾XXXXX
2019-02-01 15:20:17,258: [DEBUG] 寫入ad帳號
2019-02-01 15:20:17,317: [DEBUG] Employee：鍾XXXXX
2019-02-01 15:20:17,318: [DEBUG] Employee：鍾XXXXX
2019-02-01 15:20:17,328: [DEBUG] Employee：鍾XXXXX
2019-02-01 15:20:17,432: [DEBUG] 寫入ad帳號
2019-02-01 15:20:17,432: [DEBUG] 寫入ad帳號
2019-02-01 15:20:17,439: [DEBUG] 寫入ad帳號
2019-02-01 15:20:17,440: [DEBUG] 寫入ad帳號
2019-02-01 15:20:17,586: [DEBUG] 寫入ad帳號
2019-02-01 15:20:17,606: [DEBUG] Employee：鍾XXXXX
2019-02-01 15:20:17,606: [DEBUG] Employee：鍾XXXXX
2019-02-01 15:20:17,606: [DEBUG] 寫入ad帳號
2019-02-01 15:20:17,676: [DEBUG] Employee：鍾XXXXX
2019-02-01 15:20:17,676: [DEBUG] Employee：鍾XXXXX
2019-02-01 15:20:17,677: [DEBUG] 寫入ad帳號
2019-02-01 15:20:17,689: [DEBUG] 寫入ad帳號
2019-02-01 15:20:17,711: [DEBUG] 寫入ad帳號
2019-02-01 15:20:17,802: [DEBUG] Employee：鍾XXXXX
2019-02-01 15:20:17,826: [DEBUG] Employee：鍾XXXXX
2019-02-01 15:20:17,827: [DEBUG] 寫入ad帳號
2019-02-01 15:20:17,859: [DEBUG] Employee：鍾XXXXX
2019-02-01 15:20:17,859: [DEBUG] 寫入ad帳號
2019-02-01 15:20:17,886: [DEBUG] Employee：鍾XXXXX
2019-02-01 15:20:17,887: [DEBUG] 寫入ad帳號
2019-02-01 15:20:17,921: [DEBUG] 寫入ad帳號
2019-02-01 15:20:17,988: [DEBUG] Employee：鍾XXXXX
2019-02-01 15:20:17,989: [DEBUG] 寫入ad帳號
2019-02-01 15:20:17,991: [DEBUG] Employee：鍾XXXXX
2019-02-01 15:20:18,010: [DEBUG] Employee：鍾XXXXX
2019-02-01 15:20:18,059: [DEBUG] Employee：鍾XXXXX
2019-02-01 15:20:18,059: [DEBUG] 寫入ad帳號
2019-02-01 15:20:18,059: [DEBUG] Employee：鍾XXXXX
2019-02-01 15:20:18,062: [DEBUG] 寫入ad帳號
2019-02-01 15:20:18,062: [DEBUG] 寫入ad帳號
2019-02-01 15:20:18,086: [DEBUG] Employee：鍾XXXXX
2019-02-01 15:20:18,129: [DEBUG] 寫入ad帳號
2019-02-01 15:20:18,149: [DEBUG] Employee：鍾XXXXX
2019-02-01 15:20:18,189: [DEBUG] 寫入ad帳號
2019-02-01 15:20:18,203: [DEBUG] Employee：鍾XXXXX
2019-02-01 15:20:18,203: [DEBUG] Employee：鍾XXXXX
2019-02-01 15:20:18,216: [DEBUG] 寫入ad帳號
2019-02-01 15:20:18,248: [DEBUG] Employee：鍾XXXXX
2019-02-01 15:20:18,249: [DEBUG] 寫入ad帳號
2019-02-01 15:20:18,249: [DEBUG] 寫入ad帳號
2019-02-01 15:20:18,294: [DEBUG] Employee：鍾XXXXX
2019-02-01 15:20:18,295: [DEBUG] 寫入ad帳號
2019-02-01 15:20:18,344: [DEBUG] Employee：鍾XXXXX
2019-02-01 15:20:18,344: [DEBUG] Employee：鍾XXXXX
2019-02-01 15:20:18,358: [DEBUG] Employee：鍾XXXXX
2019-02-01 15:20:18,369: [DEBUG] Employee：鍾XXXXX
2019-02-01 15:20:18,369: [DEBUG] 寫入ad帳號
2019-02-01 15:20:18,414: [DEBUG] Employee：鍾XXXXX
2019-02-01 15:20:22,845: [DEBUG] 1
2019-02-01 15:20:22,845: [DEBUG] F
2019-02-01 15:29:44,720: [DEBUG] 寫入ad帳號
2019-02-01 15:29:45,705: [DEBUG] Employee：鍾XXXXX
2019-02-01 15:29:46,344: [DEBUG] HomeController:F
2019-02-01 15:29:46,526: [DEBUG] 1
2019-02-01 15:29:46,527: [DEBUG] F
2019-02-01 15:29:47,016: [DEBUG] 寫入ad帳號
2019-02-01 15:29:47,077: [DEBUG] 寫入ad帳號
2019-02-01 15:29:47,078: [DEBUG] 寫入ad帳號
2019-02-01 15:29:47,078: [DEBUG] 寫入ad帳號
2019-02-01 15:29:47,078: [DEBUG] 寫入ad帳號
2019-02-01 15:29:47,166: [DEBUG] Employee：鍾XXXXX
2019-02-01 15:29:47,206: [DEBUG] Employee：鍾XXXXX
2019-02-01 15:29:47,228: [DEBUG] Employee：鍾XXXXX
2019-02-01 15:29:47,248: [DEBUG] Employee：鍾XXXXX
2019-02-01 15:29:47,253: [DEBUG] 寫入ad帳號
2019-02-01 15:29:47,281: [DEBUG] Employee：鍾XXXXX
2019-02-01 15:29:47,282: [DEBUG] 寫入ad帳號
2019-02-01 15:29:47,323: [DEBUG] 寫入ad帳號
2019-02-01 15:29:47,323: [DEBUG] 寫入ad帳號
2019-02-01 15:29:47,323: [DEBUG] 寫入ad帳號
2019-02-01 15:29:47,432: [DEBUG] Employee：鍾XXXXX
2019-02-01 15:29:47,433: [DEBUG] 寫入ad帳號
2019-02-01 15:29:47,479: [DEBUG] Employee：鍾XXXXX
2019-02-01 15:29:47,503: [DEBUG] Employee：鍾XXXXX
2019-02-01 15:29:47,513: [DEBUG] 寫入ad帳號
2019-02-01 15:29:47,557: [DEBUG] Employee：鍾XXXXX
2019-02-01 15:29:47,633: [DEBUG] 寫入ad帳號
2019-02-01 15:29:47,633: [DEBUG] 寫入ad帳號
2019-02-01 15:29:47,722: [DEBUG] Employee：鍾XXXXX
2019-02-01 15:29:47,723: [DEBUG] 寫入ad帳號
2019-02-01 15:29:47,839: [DEBUG] Employee：鍾XXXXX
2019-02-01 15:29:47,883: [DEBUG] 寫入ad帳號
2019-02-01 15:29:47,905: [DEBUG] Employee：鍾XXXXX
2019-02-01 15:29:47,905: [DEBUG] Employee：鍾XXXXX
2019-02-01 15:29:47,907: [DEBUG] Employee：鍾XXXXX
2019-02-01 15:29:47,908: [DEBUG] 寫入ad帳號
2019-02-01 15:29:47,920: [DEBUG] Employee：鍾XXXXX
2019-02-01 15:29:48,128: [DEBUG] 寫入ad帳號
2019-02-01 15:29:48,128: [DEBUG] 寫入ad帳號
2019-02-01 15:29:48,128: [DEBUG] 寫入ad帳號
2019-02-01 15:29:48,159: [DEBUG] Employee：鍾XXXXX
2019-02-01 15:29:48,343: [DEBUG] Employee：鍾XXXXX
2019-02-01 15:29:48,377: [DEBUG] 寫入ad帳號
2019-02-01 15:29:48,379: [DEBUG] Employee：鍾XXXXX
2019-02-01 15:29:48,436: [DEBUG] Employee：鍾XXXXX
2019-02-01 15:29:48,536: [DEBUG] 寫入ad帳號
2019-02-01 15:29:48,584: [DEBUG] 寫入ad帳號
2019-02-01 15:29:48,584: [DEBUG] Employee：鍾XXXXX
2019-02-01 15:29:48,653: [DEBUG] 寫入ad帳號
2019-02-01 15:29:48,699: [DEBUG] Employee：鍾XXXXX
2019-02-01 15:29:48,700: [DEBUG] 寫入ad帳號
2019-02-01 15:29:48,700: [DEBUG] Employee：鍾XXXXX
2019-02-01 15:29:48,700: [DEBUG] 寫入ad帳號
2019-02-01 15:29:48,728: [DEBUG] Employee：鍾XXXXX
2019-02-01 15:29:48,739: [DEBUG] Employee：鍾XXXXX
2019-02-01 15:29:48,911: [DEBUG] 寫入ad帳號
2019-02-01 15:29:48,968: [DEBUG] 寫入ad帳號
2019-02-01 15:29:48,973: [DEBUG] Employee：鍾XXXXX
2019-02-01 15:29:49,025: [DEBUG] Employee：鍾XXXXX
2019-02-01 15:29:49,092: [DEBUG] 寫入ad帳號
2019-02-01 15:29:49,122: [DEBUG] 寫入ad帳號
2019-02-01 15:29:49,169: [DEBUG] Employee：鍾XXXXX
2019-02-01 15:29:49,169: [DEBUG] Employee：鍾XXXXX
2019-02-01 15:29:49,262: [DEBUG] Employee：鍾XXXXX
2019-02-01 15:29:49,263: [DEBUG] Employee：鍾XXXXX
2019-02-01 15:29:52,532: [DEBUG] 1
2019-02-01 15:29:52,532: [DEBUG] F
2019-02-01 15:30:40,052: [DEBUG] 1
2019-02-01 15:30:40,052: [DEBUG] F
2019-02-01 15:33:16,532: [DEBUG] 寫入ad帳號
2019-02-01 15:33:17,289: [DEBUG] Employee：鍾XXXXX
2019-02-01 15:33:17,893: [DEBUG] HomeController:F
2019-02-01 15:33:18,058: [DEBUG] 1
2019-02-01 15:33:18,058: [DEBUG] F
2019-02-01 15:33:18,467: [DEBUG] 寫入ad帳號
2019-02-01 15:33:18,496: [DEBUG] 寫入ad帳號
2019-02-01 15:33:18,496: [DEBUG] 寫入ad帳號
2019-02-01 15:33:18,496: [DEBUG] 寫入ad帳號
2019-02-01 15:33:18,497: [DEBUG] 寫入ad帳號
2019-02-01 15:33:18,602: [DEBUG] Employee：鍾XXXXX
2019-02-01 15:33:18,602: [DEBUG] Employee：鍾XXXXX
2019-02-01 15:33:18,602: [DEBUG] Employee：鍾XXXXX
2019-02-01 15:33:18,631: [DEBUG] 寫入ad帳號
2019-02-01 15:33:18,642: [DEBUG] Employee：鍾XXXXX
2019-02-01 15:33:18,642: [DEBUG] Employee：鍾XXXXX
2019-02-01 15:33:18,651: [DEBUG] 寫入ad帳號
2019-02-01 15:33:18,696: [DEBUG] 寫入ad帳號
2019-02-01 15:33:18,751: [DEBUG] Employee：鍾XXXXX
2019-02-01 15:33:18,751: [DEBUG] Employee：鍾XXXXX
2019-02-01 15:33:18,751: [DEBUG] 寫入ad帳號
2019-02-01 15:33:18,773: [DEBUG] Employee：鍾XXXXX
2019-02-01 15:33:18,775: [DEBUG] 寫入ad帳號
2019-02-01 15:33:18,775: [DEBUG] 寫入ad帳號
2019-02-01 15:33:18,862: [DEBUG] Employee：鍾XXXXX
2019-02-01 15:33:18,863: [DEBUG] 寫入ad帳號
2019-02-01 15:33:18,885: [DEBUG] Employee：鍾XXXXX
2019-02-01 15:33:18,885: [DEBUG] Employee：鍾XXXXX
2019-02-01 15:33:18,886: [DEBUG] 寫入ad帳號
2019-02-01 15:33:18,910: [DEBUG] 寫入ad帳號
2019-02-01 15:33:18,948: [DEBUG] Employee：鍾XXXXX
2019-02-01 15:33:18,948: [DEBUG] 寫入ad帳號
2019-02-01 15:33:18,972: [DEBUG] Employee：鍾XXXXX
2019-02-01 15:33:18,984: [DEBUG] Employee：鍾XXXXX
2019-02-01 15:33:18,985: [DEBUG] 寫入ad帳號
2019-02-01 15:33:19,021: [DEBUG] 寫入ad帳號
2019-02-01 15:33:19,036: [DEBUG] Employee：鍾XXXXX
2019-02-01 15:33:19,038: [DEBUG] 寫入ad帳號
2019-02-01 15:33:19,110: [DEBUG] Employee：鍾XXXXX
2019-02-01 15:33:19,114: [DEBUG] 寫入ad帳號
2019-02-01 15:33:19,121: [DEBUG] Employee：鍾XXXXX
2019-02-01 15:33:19,121: [DEBUG] Employee：鍾XXXXX
2019-02-01 15:33:19,121: [DEBUG] 寫入ad帳號
2019-02-01 15:33:19,177: [DEBUG] 寫入ad帳號
2019-02-01 15:33:19,227: [DEBUG] Employee：鍾XXXXX
2019-02-01 15:33:19,227: [DEBUG] Employee：鍾XXXXX
2019-02-01 15:33:19,227: [DEBUG] 寫入ad帳號
2019-02-01 15:33:19,242: [DEBUG] Employee：鍾XXXXX
2019-02-01 15:33:19,270: [DEBUG] 寫入ad帳號
2019-02-01 15:33:19,284: [DEBUG] Employee：鍾XXXXX
2019-02-01 15:33:19,285: [DEBUG] 寫入ad帳號
2019-02-01 15:33:19,327: [DEBUG] Employee：鍾XXXXX
2019-02-01 15:33:19,328: [DEBUG] 寫入ad帳號
2019-02-01 15:33:19,341: [DEBUG] Employee：鍾XXXXX
2019-02-01 15:33:19,394: [DEBUG] Employee：鍾XXXXX
2019-02-01 15:33:19,395: [DEBUG] 寫入ad帳號
2019-02-01 15:33:19,395: [DEBUG] 寫入ad帳號
2019-02-01 15:33:19,472: [DEBUG] Employee：鍾XXXXX
2019-02-01 15:33:19,472: [DEBUG] 寫入ad帳號
2019-02-01 15:33:19,493: [DEBUG] Employee：鍾XXXXX
2019-02-01 15:33:19,494: [DEBUG] 寫入ad帳號
2019-02-01 15:33:19,543: [DEBUG] Employee：鍾XXXXX
2019-02-01 15:33:19,543: [DEBUG] Employee：鍾XXXXX
2019-02-01 15:33:19,543: [DEBUG] 寫入ad帳號
2019-02-01 15:33:19,616: [DEBUG] Employee：鍾XXXXX
2019-02-01 15:33:26,448: [DEBUG] 1
2019-02-01 15:33:26,448: [DEBUG] F
2019-02-01 15:42:16,121: [DEBUG] 寫入ad帳號
2019-02-01 15:42:17,035: [DEBUG] Employee：鍾XXXXX
2019-02-01 15:42:17,758: [DEBUG] HomeController:F
2019-02-01 15:42:17,933: [DEBUG] 1
2019-02-01 15:42:17,933: [DEBUG] F
2019-02-01 15:42:18,346: [DEBUG] 寫入ad帳號
2019-02-01 15:42:18,349: [DEBUG] 寫入ad帳號
2019-02-01 15:42:18,369: [DEBUG] 寫入ad帳號
2019-02-01 15:42:18,369: [DEBUG] 寫入ad帳號
2019-02-01 15:42:18,372: [DEBUG] 寫入ad帳號
2019-02-01 15:42:18,462: [DEBUG] Employee：鍾XXXXX
2019-02-01 15:42:18,516: [DEBUG] 寫入ad帳號
2019-02-01 15:42:18,521: [DEBUG] Employee：鍾XXXXX
2019-02-01 15:42:18,521: [DEBUG] Employee：鍾XXXXX
2019-02-01 15:42:18,522: [DEBUG] Employee：鍾XXXXX
2019-02-01 15:42:18,548: [DEBUG] 寫入ad帳號
2019-02-01 15:42:18,549: [DEBUG] 寫入ad帳號
2019-02-01 15:42:18,549: [DEBUG] Employee：鍾XXXXX
2019-02-01 15:42:18,549: [DEBUG] 寫入ad帳號
2019-02-01 15:42:18,656: [DEBUG] Employee：鍾XXXXX
2019-02-01 15:42:18,668: [DEBUG] Employee：鍾XXXXX
2019-02-01 15:42:18,688: [DEBUG] Employee：鍾XXXXX
2019-02-01 15:42:18,714: [DEBUG] 寫入ad帳號
2019-02-01 15:42:18,717: [DEBUG] 寫入ad帳號
2019-02-01 15:42:18,765: [DEBUG] Employee：鍾XXXXX
2019-02-01 15:42:18,765: [DEBUG] 寫入ad帳號
2019-02-01 15:42:18,766: [DEBUG] 寫入ad帳號
2019-02-01 15:42:18,888: [DEBUG] Employee：鍾XXXXX
2019-02-01 15:42:18,888: [DEBUG] Employee：鍾XXXXX
2019-02-01 15:42:18,899: [DEBUG] Employee：鍾XXXXX
2019-02-01 15:42:18,902: [DEBUG] Employee：鍾XXXXX
2019-02-01 15:42:18,911: [DEBUG] 寫入ad帳號
2019-02-01 15:42:18,921: [DEBUG] 寫入ad帳號
2019-02-01 15:42:18,939: [DEBUG] 寫入ad帳號
2019-02-01 15:42:18,999: [DEBUG] 寫入ad帳號
2019-02-01 15:42:19,030: [DEBUG] Employee：鍾XXXXX
2019-02-01 15:42:19,057: [DEBUG] 寫入ad帳號
2019-02-01 15:42:19,057: [DEBUG] Employee：鍾XXXXX
2019-02-01 15:42:19,059: [DEBUG] Employee：鍾XXXXX
2019-02-01 15:42:19,072: [DEBUG] Employee：鍾XXXXX
2019-02-01 15:42:19,090: [DEBUG] 寫入ad帳號
2019-02-01 15:42:19,151: [DEBUG] Employee：鍾XXXXX
2019-02-01 15:42:19,151: [DEBUG] 寫入ad帳號
2019-02-01 15:42:19,183: [DEBUG] 寫入ad帳號
2019-02-01 15:42:19,244: [DEBUG] Employee：鍾XXXXX
2019-02-01 15:42:19,259: [DEBUG] Employee：鍾XXXXX
2019-02-01 15:42:19,259: [DEBUG] 寫入ad帳號
2019-02-01 15:42:19,259: [DEBUG] 寫入ad帳號
2019-02-01 15:42:19,307: [DEBUG] Employee：鍾XXXXX
2019-02-01 15:42:19,307: [DEBUG] 寫入ad帳號
2019-02-01 15:42:19,427: [DEBUG] Employee：鍾XXXXX
2019-02-01 15:42:19,427: [DEBUG] Employee：鍾XXXXX
2019-02-01 15:42:19,427: [DEBUG] 寫入ad帳號
2019-02-01 15:42:19,427: [DEBUG] 寫入ad帳號
2019-02-01 15:42:19,493: [DEBUG] Employee：鍾XXXXX
2019-02-01 15:42:19,530: [DEBUG] 寫入ad帳號
2019-02-01 15:42:19,631: [DEBUG] 寫入ad帳號
2019-02-01 15:42:19,680: [DEBUG] Employee：鍾XXXXX
2019-02-01 15:42:19,711: [DEBUG] 寫入ad帳號
2019-02-01 15:42:19,830: [DEBUG] Employee：鍾XXXXX
2019-02-01 15:42:19,830: [DEBUG] 寫入ad帳號
2019-02-01 15:42:19,840: [DEBUG] Employee：鍾XXXXX
2019-02-01 15:42:19,843: [DEBUG] Employee：鍾XXXXX
2019-02-01 15:42:19,912: [DEBUG] Employee：鍾XXXXX
2019-02-01 15:42:19,924: [DEBUG] Employee：鍾XXXXX
2019-02-01 15:42:26,611: [DEBUG] 1
2019-02-01 15:42:26,611: [DEBUG] F
2019-02-01 16:07:17,028: [DEBUG] 寫入ad帳號
2019-02-01 16:07:18,845: [DEBUG] Employee：鍾XXXXX
2019-02-01 16:07:19,617: [DEBUG] HomeController:F
2019-02-01 16:07:19,907: [DEBUG] 1
2019-02-01 16:07:19,907: [DEBUG] F
2019-02-01 16:07:20,629: [DEBUG] 寫入ad帳號
2019-02-01 16:07:20,694: [DEBUG] 寫入ad帳號
2019-02-01 16:07:20,750: [DEBUG] 寫入ad帳號
2019-02-01 16:07:20,750: [DEBUG] 寫入ad帳號
2019-02-01 16:07:20,794: [DEBUG] Employee：鍾XXXXX
2019-02-01 16:07:20,829: [DEBUG] 寫入ad帳號
2019-02-01 16:07:20,853: [DEBUG] Employee：鍾XXXXX
2019-02-01 16:07:20,884: [DEBUG] Employee：鍾XXXXX
2019-02-01 16:07:20,887: [DEBUG] 寫入ad帳號
2019-02-01 16:07:20,901: [DEBUG] Employee：鍾XXXXX
2019-02-01 16:07:20,972: [DEBUG] 寫入ad帳號
2019-02-01 16:07:21,045: [DEBUG] 寫入ad帳號
2019-02-01 16:07:21,045: [DEBUG] 寫入ad帳號
2019-02-01 16:07:21,062: [DEBUG] Employee：鍾XXXXX
2019-02-01 16:07:21,109: [DEBUG] 寫入ad帳號
2019-02-01 16:07:21,134: [DEBUG] Employee：鍾XXXXX
2019-02-01 16:07:21,137: [DEBUG] Employee：鍾XXXXX
2019-02-01 16:07:21,186: [DEBUG] 寫入ad帳號
2019-02-01 16:07:21,229: [DEBUG] 寫入ad帳號
2019-02-01 16:07:21,261: [DEBUG] Employee：鍾XXXXX
2019-02-01 16:07:21,277: [DEBUG] Employee：鍾XXXXX
2019-02-01 16:07:21,277: [DEBUG] 寫入ad帳號
2019-02-01 16:07:21,376: [DEBUG] Employee：鍾XXXXX
2019-02-01 16:07:21,397: [DEBUG] 寫入ad帳號
2019-02-01 16:07:21,397: [DEBUG] 寫入ad帳號
2019-02-01 16:07:21,431: [DEBUG] Employee：鍾XXXXX
2019-02-01 16:07:21,447: [DEBUG] Employee：鍾XXXXX
2019-02-01 16:07:21,447: [DEBUG] 寫入ad帳號
2019-02-01 16:07:21,515: [DEBUG] Employee：鍾XXXXX
2019-02-01 16:07:21,529: [DEBUG] Employee：鍾XXXXX
2019-02-01 16:07:21,529: [DEBUG] 寫入ad帳號
2019-02-01 16:07:21,556: [DEBUG] Employee：鍾XXXXX
2019-02-01 16:07:21,578: [DEBUG] 寫入ad帳號
2019-02-01 16:07:21,609: [DEBUG] Employee：鍾XXXXX
2019-02-01 16:07:21,616: [DEBUG] 寫入ad帳號
2019-02-01 16:07:21,704: [DEBUG] 寫入ad帳號
2019-02-01 16:07:21,725: [DEBUG] Employee：鍾XXXXX
2019-02-01 16:07:21,746: [DEBUG] 寫入ad帳號
2019-02-01 16:07:21,773: [DEBUG] Employee：鍾XXXXX
2019-02-01 16:07:21,773: [DEBUG] Employee：鍾XXXXX
2019-02-01 16:07:21,774: [DEBUG] 寫入ad帳號
2019-02-01 16:07:21,793: [DEBUG] Employee：鍾XXXXX
2019-02-01 16:07:21,815: [DEBUG] 寫入ad帳號
2019-02-01 16:07:21,815: [DEBUG] 寫入ad帳號
2019-02-01 16:07:21,918: [DEBUG] Employee：鍾XXXXX
2019-02-01 16:07:21,919: [DEBUG] 寫入ad帳號
2019-02-01 16:07:22,010: [DEBUG] Employee：鍾XXXXX
2019-02-01 16:07:22,011: [DEBUG] 寫入ad帳號
2019-02-01 16:07:22,020: [DEBUG] Employee：鍾XXXXX
2019-02-01 16:07:22,020: [DEBUG] Employee：鍾XXXXX
2019-02-01 16:07:22,020: [DEBUG] Employee：鍾XXXXX
2019-02-01 16:07:22,076: [DEBUG] 寫入ad帳號
2019-02-01 16:07:22,076: [DEBUG] 寫入ad帳號
2019-02-01 16:07:22,077: [DEBUG] 寫入ad帳號
2019-02-01 16:07:22,190: [DEBUG] Employee：鍾XXXXX
2019-02-01 16:07:22,229: [DEBUG] Employee：鍾XXXXX
2019-02-01 16:07:22,240: [DEBUG] 寫入ad帳號
2019-02-01 16:07:22,243: [DEBUG] Employee：鍾XXXXX
2019-02-01 16:07:22,267: [DEBUG] Employee：鍾XXXXX
2019-02-01 16:07:22,314: [DEBUG] Employee：鍾XXXXX
2019-02-01 16:27:54,846: [DEBUG] 寫入ad帳號
2019-02-01 16:27:55,803: [DEBUG] Employee：鍾XXXXX
2019-02-01 16:27:56,487: [DEBUG] HomeController:F
2019-02-01 16:27:56,661: [DEBUG] 1
2019-02-01 16:27:56,661: [DEBUG] F
2019-02-01 16:27:57,082: [DEBUG] 寫入ad帳號
2019-02-01 16:27:57,087: [DEBUG] 寫入ad帳號
2019-02-01 16:27:57,208: [DEBUG] Employee：鍾XXXXX
2019-02-01 16:27:57,223: [DEBUG] 寫入ad帳號
2019-02-01 16:27:57,227: [DEBUG] 寫入ad帳號
2019-02-01 16:27:57,232: [DEBUG] 寫入ad帳號
2019-02-01 16:27:57,252: [DEBUG] Employee：鍾XXXXX
2019-02-01 16:27:57,268: [DEBUG] 寫入ad帳號
2019-02-01 16:27:57,313: [DEBUG] 寫入ad帳號
2019-02-01 16:27:57,334: [DEBUG] Employee：鍾XXXXX
2019-02-01 16:27:57,411: [DEBUG] Employee：鍾XXXXX
2019-02-01 16:27:57,431: [DEBUG] Employee：鍾XXXXX
2019-02-01 16:27:57,433: [DEBUG] 寫入ad帳號
2019-02-01 16:27:57,474: [DEBUG] Employee：鍾XXXXX
2019-02-01 16:27:57,475: [DEBUG] 寫入ad帳號
2019-02-01 16:27:57,475: [DEBUG] 寫入ad帳號
2019-02-01 16:27:57,489: [DEBUG] Employee：鍾XXXXX
2019-02-01 16:27:57,539: [DEBUG] Employee：鍾XXXXX
2019-02-01 16:27:57,574: [DEBUG] 寫入ad帳號
2019-02-01 16:27:57,638: [DEBUG] 寫入ad帳號
2019-02-01 16:27:57,652: [DEBUG] 寫入ad帳號
2019-02-01 16:27:57,668: [DEBUG] Employee：鍾XXXXX
2019-02-01 16:27:57,682: [DEBUG] Employee：鍾XXXXX
2019-02-01 16:27:57,693: [DEBUG] Employee：鍾XXXXX
2019-02-01 16:27:57,743: [DEBUG] 寫入ad帳號
2019-02-01 16:27:57,772: [DEBUG] Employee：鍾XXXXX
2019-02-01 16:27:57,772: [DEBUG] 寫入ad帳號
2019-02-01 16:27:57,824: [DEBUG] 寫入ad帳號
2019-02-01 16:27:57,839: [DEBUG] Employee：鍾XXXXX
2019-02-01 16:27:57,887: [DEBUG] 寫入ad帳號
2019-02-01 16:27:57,887: [DEBUG] Employee：鍾XXXXX
2019-02-01 16:27:57,910: [DEBUG] Employee：鍾XXXXX
2019-02-01 16:27:57,910: [DEBUG] 寫入ad帳號
2019-02-01 16:27:57,925: [DEBUG] 寫入ad帳號
2019-02-01 16:27:57,926: [DEBUG] 寫入ad帳號
2019-02-01 16:27:58,053: [DEBUG] Employee：鍾XXXXX
2019-02-01 16:27:58,053: [DEBUG] Employee：鍾XXXXX
2019-02-01 16:27:58,067: [DEBUG] Employee：鍾XXXXX
2019-02-01 16:27:58,067: [DEBUG] Employee：鍾XXXXX
2019-02-01 16:27:58,068: [DEBUG] 寫入ad帳號
2019-02-01 16:27:58,077: [DEBUG] 寫入ad帳號
2019-02-01 16:27:58,100: [DEBUG] Employee：鍾XXXXX
2019-02-01 16:27:58,100: [DEBUG] 寫入ad帳號
2019-02-01 16:27:58,100: [DEBUG] 寫入ad帳號
2019-02-01 16:27:58,204: [DEBUG] Employee：鍾XXXXX
2019-02-01 16:27:58,204: [DEBUG] Employee：鍾XXXXX
2019-02-01 16:27:58,216: [DEBUG] 寫入ad帳號
2019-02-01 16:27:58,223: [DEBUG] Employee：鍾XXXXX
2019-02-01 16:27:58,258: [DEBUG] Employee：鍾XXXXX
2019-02-01 16:27:58,259: [DEBUG] 寫入ad帳號
2019-02-01 16:27:58,284: [DEBUG] 寫入ad帳號
2019-02-01 16:27:58,338: [DEBUG] 寫入ad帳號
2019-02-01 16:27:58,423: [DEBUG] Employee：鍾XXXXX
2019-02-01 16:27:58,436: [DEBUG] 寫入ad帳號
2019-02-01 16:27:58,442: [DEBUG] Employee：鍾XXXXX
2019-02-01 16:27:58,473: [DEBUG] 寫入ad帳號
2019-02-01 16:27:58,488: [DEBUG] Employee：鍾XXXXX
2019-02-01 16:27:58,488: [DEBUG] Employee：鍾XXXXX
2019-02-01 16:27:58,522: [DEBUG] Employee：鍾XXXXX
2019-02-01 16:27:58,536: [DEBUG] Employee：鍾XXXXX
2019-02-01 16:28:48,569: [DEBUG] 寫入ad帳號
2019-02-01 16:28:49,738: [DEBUG] Employee：鍾XXXXX
2019-02-01 16:28:50,434: [DEBUG] HomeController:F
2019-02-01 16:28:50,615: [DEBUG] 1
2019-02-01 16:28:50,616: [DEBUG] F
2019-02-01 16:28:51,269: [DEBUG] 寫入ad帳號
2019-02-01 16:28:51,272: [DEBUG] 寫入ad帳號
2019-02-01 16:28:51,290: [DEBUG] 寫入ad帳號
2019-02-01 16:28:51,291: [DEBUG] 寫入ad帳號
2019-02-01 16:28:51,291: [DEBUG] 寫入ad帳號
2019-02-01 16:28:51,469: [DEBUG] Employee：鍾XXXXX
2019-02-01 16:28:51,489: [DEBUG] Employee：鍾XXXXX
2019-02-01 16:28:51,508: [DEBUG] 寫入ad帳號
2019-02-01 16:28:51,530: [DEBUG] Employee：鍾XXXXX
2019-02-01 16:28:51,532: [DEBUG] 寫入ad帳號
2019-02-01 16:28:51,571: [DEBUG] 寫入ad帳號
2019-02-01 16:28:51,571: [DEBUG] Employee：鍾XXXXX
2019-02-01 16:28:51,574: [DEBUG] 寫入ad帳號
2019-02-01 16:28:51,715: [DEBUG] Employee：鍾XXXXX
2019-02-01 16:28:51,718: [DEBUG] Employee：鍾XXXXX
2019-02-01 16:28:51,720: [DEBUG] Employee：鍾XXXXX
2019-02-01 16:28:51,723: [DEBUG] Employee：鍾XXXXX
2019-02-01 16:28:51,747: [DEBUG] 寫入ad帳號
2019-02-01 16:28:51,768: [DEBUG] 寫入ad帳號
2019-02-01 16:28:51,803: [DEBUG] 寫入ad帳號
2019-02-01 16:28:51,835: [DEBUG] 寫入ad帳號
2019-02-01 16:28:51,928: [DEBUG] Employee：鍾XXXXX
2019-02-01 16:28:51,928: [DEBUG] 寫入ad帳號
2019-02-01 16:28:51,955: [DEBUG] Employee：鍾XXXXX
2019-02-01 16:28:51,955: [DEBUG] Employee：鍾XXXXX
2019-02-01 16:28:51,956: [DEBUG] 寫入ad帳號
2019-02-01 16:28:51,973: [DEBUG] Employee：鍾XXXXX
2019-02-01 16:28:51,982: [DEBUG] Employee：鍾XXXXX
2019-02-01 16:28:51,983: [DEBUG] 寫入ad帳號
2019-02-01 16:28:52,055: [DEBUG] 寫入ad帳號
2019-02-01 16:28:52,055: [DEBUG] 寫入ad帳號
2019-02-01 16:28:52,107: [DEBUG] Employee：鍾XXXXX
2019-02-01 16:28:52,144: [DEBUG] Employee：鍾XXXXX
2019-02-01 16:28:52,144: [DEBUG] 寫入ad帳號
2019-02-01 16:28:52,166: [DEBUG] Employee：鍾XXXXX
2019-02-01 16:28:52,201: [DEBUG] Employee：鍾XXXXX
2019-02-01 16:28:52,201: [DEBUG] 寫入ad帳號
2019-02-01 16:28:52,213: [DEBUG] 寫入ad帳號
2019-02-01 16:28:52,247: [DEBUG] Employee：鍾XXXXX
2019-02-01 16:28:52,309: [DEBUG] 寫入ad帳號
2019-02-01 16:28:52,309: [DEBUG] Employee：鍾XXXXX
2019-02-01 16:28:52,312: [DEBUG] 寫入ad帳號
2019-02-01 16:28:52,338: [DEBUG] Employee：鍾XXXXX
2019-02-01 16:28:52,353: [DEBUG] Employee：鍾XXXXX
2019-02-01 16:28:52,353: [DEBUG] 寫入ad帳號
2019-02-01 16:28:52,426: [DEBUG] 寫入ad帳號
2019-02-01 16:28:52,509: [DEBUG] Employee：鍾XXXXX
2019-02-01 16:28:52,524: [DEBUG] Employee：鍾XXXXX
2019-02-01 16:28:52,524: [DEBUG] Employee：鍾XXXXX
2019-02-01 16:28:52,525: [DEBUG] 寫入ad帳號
2019-02-01 16:28:52,525: [DEBUG] 寫入ad帳號
2019-02-01 16:28:52,604: [DEBUG] Employee：鍾XXXXX
2019-02-01 16:28:52,605: [DEBUG] 寫入ad帳號
2019-02-01 16:28:52,675: [DEBUG] 寫入ad帳號
2019-02-01 16:28:52,740: [DEBUG] Employee：鍾XXXXX
2019-02-01 16:28:52,740: [DEBUG] Employee：鍾XXXXX
2019-02-01 16:28:52,741: [DEBUG] 寫入ad帳號
2019-02-01 16:28:52,771: [DEBUG] Employee：鍾XXXXX
2019-02-01 16:28:52,771: [DEBUG] Employee：鍾XXXXX
2019-02-01 16:28:52,832: [DEBUG] Employee：鍾XXXXX
2019-02-01 16:30:03,490: [DEBUG] 1
2019-02-01 16:30:03,490: [DEBUG] F
2019-02-01 16:30:48,976: [DEBUG] 1
2019-02-01 16:30:48,976: [DEBUG] F
2019-02-01 16:31:59,429: [DEBUG] 1
2019-02-01 16:31:59,429: [DEBUG] F
2019-02-01 17:33:27,440: [DEBUG] 寫入ad帳號
2019-02-01 17:33:28,691: [DEBUG] Employee：鍾XXXXX
2019-02-01 17:33:29,476: [DEBUG] HomeController:F
2019-02-01 17:33:29,652: [DEBUG] 1
2019-02-01 17:33:29,652: [DEBUG] F
2019-02-01 17:33:30,495: [DEBUG] 寫入ad帳號
2019-02-01 17:33:30,581: [DEBUG] 寫入ad帳號
2019-02-01 17:33:30,593: [DEBUG] 寫入ad帳號
2019-02-01 17:33:30,614: [DEBUG] 寫入ad帳號
2019-02-01 17:33:30,614: [DEBUG] 寫入ad帳號
2019-02-01 17:33:30,792: [DEBUG] Employee：鍾XXXXX
2019-02-01 17:33:30,807: [DEBUG] Employee：鍾XXXXX
2019-02-01 17:33:30,832: [DEBUG] 寫入ad帳號
2019-02-01 17:33:30,851: [DEBUG] Employee：鍾XXXXX
2019-02-01 17:33:30,915: [DEBUG] Employee：鍾XXXXX
2019-02-01 17:33:30,965: [DEBUG] 寫入ad帳號
2019-02-01 17:33:31,020: [DEBUG] 寫入ad帳號
2019-02-01 17:33:31,020: [DEBUG] 寫入ad帳號
2019-02-01 17:33:31,043: [DEBUG] Employee：鍾XXXXX
2019-02-01 17:33:31,065: [DEBUG] 寫入ad帳號
2019-02-01 17:33:31,175: [DEBUG] Employee：鍾XXXXX
2019-02-01 17:33:31,175: [DEBUG] Employee：鍾XXXXX
2019-02-01 17:33:31,175: [DEBUG] Employee：鍾XXXXX
2019-02-01 17:33:31,175: [DEBUG] 寫入ad帳號
2019-02-01 17:33:31,207: [DEBUG] Employee：鍾XXXXX
2019-02-01 17:33:31,207: [DEBUG] 寫入ad帳號
2019-02-01 17:33:31,209: [DEBUG] 寫入ad帳號
2019-02-01 17:33:31,237: [DEBUG] 寫入ad帳號
2019-02-01 17:33:31,370: [DEBUG] Employee：鍾XXXXX
2019-02-01 17:33:31,370: [DEBUG] Employee：鍾XXXXX
2019-02-01 17:33:31,397: [DEBUG] 寫入ad帳號
2019-02-01 17:33:31,397: [DEBUG] 寫入ad帳號
2019-02-01 17:33:31,428: [DEBUG] Employee：鍾XXXXX
2019-02-01 17:33:31,428: [DEBUG] Employee：鍾XXXXX
2019-02-01 17:33:31,428: [DEBUG] Employee：鍾XXXXX
2019-02-01 17:33:31,439: [DEBUG] 寫入ad帳號
2019-02-01 17:33:31,445: [DEBUG] 寫入ad帳號
2019-02-01 17:33:31,513: [DEBUG] 寫入ad帳號
2019-02-01 17:33:31,615: [DEBUG] Employee：鍾XXXXX
2019-02-01 17:33:31,689: [DEBUG] Employee：鍾XXXXX
2019-02-01 17:33:31,690: [DEBUG] 寫入ad帳號
2019-02-01 17:33:31,719: [DEBUG] Employee：鍾XXXXX
2019-02-01 17:33:31,719: [DEBUG] 寫入ad帳號
2019-02-01 17:33:31,722: [DEBUG] Employee：鍾XXXXX
2019-02-01 17:33:31,787: [DEBUG] 寫入ad帳號
2019-02-01 17:33:31,806: [DEBUG] Employee：鍾XXXXX
2019-02-01 17:33:31,807: [DEBUG] 寫入ad帳號
2019-02-01 17:33:31,935: [DEBUG] Employee：鍾XXXXX
2019-02-01 17:33:31,935: [DEBUG] Employee：鍾XXXXX
2019-02-01 17:33:31,936: [DEBUG] 寫入ad帳號
2019-02-01 17:33:31,955: [DEBUG] Employee：鍾XXXXX
2019-02-01 17:33:31,979: [DEBUG] Employee：鍾XXXXX
2019-02-01 17:33:31,979: [DEBUG] 寫入ad帳號
2019-02-01 17:33:32,028: [DEBUG] 寫入ad帳號
2019-02-01 17:33:32,028: [DEBUG] 寫入ad帳號
2019-02-01 17:33:32,145: [DEBUG] Employee：鍾XXXXX
2019-02-01 17:33:32,161: [DEBUG] 寫入ad帳號
2019-02-01 17:33:32,189: [DEBUG] Employee：鍾XXXXX
2019-02-01 17:33:32,190: [DEBUG] 寫入ad帳號
2019-02-01 17:33:32,211: [DEBUG] Employee：鍾XXXXX
2019-02-01 17:33:32,211: [DEBUG] Employee：鍾XXXXX
2019-02-01 17:33:32,277: [DEBUG] 寫入ad帳號
2019-02-01 17:33:32,323: [DEBUG] Employee：鍾XXXXX
2019-02-01 17:33:32,367: [DEBUG] Employee：鍾XXXXX
2019-02-01 17:33:32,407: [DEBUG] Employee：鍾XXXXX
2019-02-01 17:38:01,561: [DEBUG] 1
2019-02-01 17:38:01,561: [DEBUG] F
2019-02-01 17:38:40,302: [DEBUG] 1
2019-02-01 17:38:40,302: [DEBUG] F
2019-02-01 17:39:14,816: [DEBUG] 1
2019-02-01 17:39:14,816: [DEBUG] F
2019-02-01 17:47:34,475: [DEBUG] 寫入ad帳號
2019-02-01 17:47:35,510: [DEBUG] Employee：鍾XXXXX
2019-02-01 17:47:36,073: [DEBUG] HomeController:F
2019-02-01 17:47:36,218: [DEBUG] 1
2019-02-01 17:47:36,218: [DEBUG] F
2019-02-01 17:47:37,373: [DEBUG] 寫入ad帳號
2019-02-01 17:47:37,411: [DEBUG] 寫入ad帳號
2019-02-01 17:47:37,635: [DEBUG] 寫入ad帳號
2019-02-01 17:47:37,636: [DEBUG] 寫入ad帳號
2019-02-01 17:47:37,637: [DEBUG] 寫入ad帳號
2019-02-01 17:47:37,778: [DEBUG] Employee：鍾XXXXX
2019-02-01 17:47:37,808: [DEBUG] Employee：鍾XXXXX
2019-02-01 17:47:37,818: [DEBUG] Employee：鍾XXXXX
2019-02-01 17:47:37,822: [DEBUG] 寫入ad帳號
2019-02-01 17:47:37,956: [DEBUG] Employee：鍾XXXXX
2019-02-01 17:47:37,970: [DEBUG] 寫入ad帳號
2019-02-01 17:47:37,996: [DEBUG] Employee：鍾XXXXX
2019-02-01 17:47:38,011: [DEBUG] Employee：鍾XXXXX
2019-02-01 17:47:38,064: [DEBUG] Employee：鍾XXXXX
2019-02-01 17:47:38,071: [DEBUG] 寫入ad帳號
2019-02-01 17:47:38,078: [DEBUG] 寫入ad帳號
2019-02-01 17:47:38,081: [DEBUG] 寫入ad帳號
2019-02-01 17:47:38,124: [DEBUG] 寫入ad帳號
2019-02-01 17:47:38,277: [DEBUG] Employee：鍾XXXXX
2019-02-01 17:47:38,277: [DEBUG] Employee：鍾XXXXX
2019-02-01 17:47:38,288: [DEBUG] 寫入ad帳號
2019-02-01 17:47:38,323: [DEBUG] Employee：鍾XXXXX
2019-02-01 17:47:38,324: [DEBUG] Employee：鍾XXXXX
2019-02-01 17:47:38,339: [DEBUG] 寫入ad帳號
2019-02-01 17:47:38,384: [DEBUG] 寫入ad帳號
2019-02-01 17:47:38,417: [DEBUG] Employee：鍾XXXXX
2019-02-01 17:47:38,437: [DEBUG] 寫入ad帳號
2019-02-01 17:47:38,454: [DEBUG] Employee：鍾XXXXX
2019-02-01 17:47:38,464: [DEBUG] Employee：鍾XXXXX
2019-02-01 17:47:38,468: [DEBUG] 寫入ad帳號
2019-02-01 17:47:38,538: [DEBUG] 寫入ad帳號
2019-02-01 17:47:38,575: [DEBUG] Employee：鍾XXXXX
2019-02-01 17:47:38,577: [DEBUG] Employee：鍾XXXXX
2019-02-01 17:47:38,597: [DEBUG] 寫入ad帳號
2019-02-01 17:47:38,616: [DEBUG] 寫入ad帳號
2019-02-01 17:47:38,635: [DEBUG] Employee：鍾XXXXX
2019-02-01 17:47:38,676: [DEBUG] 寫入ad帳號
2019-02-01 17:47:38,712: [DEBUG] Employee：鍾XXXXX
2019-02-01 17:47:38,731: [DEBUG] 寫入ad帳號
2019-02-01 17:47:38,732: [DEBUG] 寫入ad帳號
2019-02-01 17:47:38,744: [DEBUG] Employee：鍾XXXXX
2019-02-01 17:47:38,800: [DEBUG] 寫入ad帳號
2019-02-01 17:47:38,823: [DEBUG] Employee：鍾XXXXX
2019-02-01 17:47:38,860: [DEBUG] 寫入ad帳號
2019-02-01 17:47:38,911: [DEBUG] Employee：鍾XXXXX
2019-02-01 17:47:38,911: [DEBUG] Employee：鍾XXXXX
2019-02-01 17:47:38,938: [DEBUG] 寫入ad帳號
2019-02-01 17:47:38,964: [DEBUG] Employee：鍾XXXXX
2019-02-01 17:47:38,970: [DEBUG] 寫入ad帳號
2019-02-01 17:47:38,988: [DEBUG] Employee：鍾XXXXX
2019-02-01 17:47:38,989: [DEBUG] 寫入ad帳號
2019-02-01 17:47:39,068: [DEBUG] Employee：鍾XXXXX
2019-02-01 17:47:39,099: [DEBUG] 寫入ad帳號
2019-02-01 17:47:39,114: [DEBUG] 寫入ad帳號
2019-02-01 17:47:39,143: [DEBUG] Employee：鍾XXXXX
2019-02-01 17:47:39,145: [DEBUG] Employee：鍾XXXXX
2019-02-01 17:47:39,210: [DEBUG] Employee：鍾XXXXX
2019-02-01 17:47:39,230: [DEBUG] 寫入ad帳號
2019-02-01 17:47:39,230: [DEBUG] 寫入ad帳號
2019-02-01 17:47:39,363: [DEBUG] Employee：鍾XXXXX
2019-02-01 17:47:39,406: [DEBUG] Employee：鍾XXXXX
2019-02-01 17:47:39,407: [DEBUG] Employee：鍾XXXXX
2019-02-01 17:47:58,513: [DEBUG] 1
2019-02-01 17:47:58,513: [DEBUG] F
2019-02-01 23:33:15,657: [DEBUG] 寫入ad帳號
2019-02-01 23:33:18,637: [DEBUG] Employee：鍾XXXXX
2019-02-01 23:33:19,338: [DEBUG] HomeController:F
2019-02-01 23:33:19,558: [DEBUG] 1
2019-02-01 23:33:19,559: [DEBUG] F
2019-02-01 23:33:20,390: [DEBUG] 寫入ad帳號
2019-02-01 23:33:20,407: [DEBUG] 寫入ad帳號
2019-02-01 23:33:20,413: [DEBUG] 寫入ad帳號
2019-02-01 23:33:20,414: [DEBUG] 寫入ad帳號
2019-02-01 23:33:20,430: [DEBUG] 寫入ad帳號
2019-02-01 23:33:20,452: [DEBUG] Employee：鍾XXXXX
2019-02-01 23:33:20,618: [DEBUG] Employee：鍾XXXXX
2019-02-01 23:33:20,634: [DEBUG] Employee：鍾XXXXX
2019-02-01 23:33:20,647: [DEBUG] Employee：鍾XXXXX
2019-02-01 23:33:20,648: [DEBUG] 寫入ad帳號
2019-02-01 23:33:20,651: [DEBUG] Employee：鍾XXXXX
2019-02-01 23:33:20,721: [DEBUG] 寫入ad帳號
2019-02-01 23:33:20,739: [DEBUG] Employee：鍾XXXXX
2019-02-01 23:33:20,786: [DEBUG] Employee：鍾XXXXX
2019-02-01 23:33:20,786: [DEBUG] 寫入ad帳號
2019-02-01 23:33:20,860: [DEBUG] 寫入ad帳號
2019-02-01 23:33:20,875: [DEBUG] 寫入ad帳號
2019-02-01 23:33:20,912: [DEBUG] 寫入ad帳號
2019-02-01 23:33:20,928: [DEBUG] Employee：鍾XXXXX
2019-02-01 23:33:20,967: [DEBUG] Employee：鍾XXXXX
2019-02-01 23:33:20,967: [DEBUG] Employee：鍾XXXXX
2019-02-01 23:33:20,968: [DEBUG] 寫入ad帳號
2019-02-01 23:33:20,981: [DEBUG] Employee：鍾XXXXX
2019-02-01 23:33:21,024: [DEBUG] 寫入ad帳號
2019-02-01 23:33:21,058: [DEBUG] Employee：鍾XXXXX
2019-02-01 23:33:21,066: [DEBUG] 寫入ad帳號
2019-02-01 23:33:21,082: [DEBUG] Employee：鍾XXXXX
2019-02-01 23:33:21,108: [DEBUG] Employee：鍾XXXXX
2019-02-01 23:33:21,136: [DEBUG] 寫入ad帳號
2019-02-01 23:33:21,165: [DEBUG] 寫入ad帳號
2019-02-01 23:33:21,229: [DEBUG] Employee：鍾XXXXX
2019-02-01 23:33:21,231: [DEBUG] Employee：鍾XXXXX
2019-02-01 23:33:21,247: [DEBUG] 寫入ad帳號
2019-02-01 23:33:21,282: [DEBUG] 寫入ad帳號
2019-02-01 23:33:21,350: [DEBUG] Employee：鍾XXXXX
2019-02-01 23:33:21,361: [DEBUG] Employee：鍾XXXXX
2019-02-01 23:33:21,385: [DEBUG] 寫入ad帳號
2019-02-01 23:33:21,430: [DEBUG] 寫入ad帳號
2019-02-01 23:33:21,445: [DEBUG] Employee：鍾XXXXX
2019-02-01 23:33:21,462: [DEBUG] 寫入ad帳號
2019-02-01 23:33:21,474: [DEBUG] Employee：鍾XXXXX
2019-02-01 23:33:21,502: [DEBUG] Employee：鍾XXXXX
2019-02-01 23:33:21,519: [DEBUG] 寫入ad帳號
2019-02-01 23:33:21,556: [DEBUG] 寫入ad帳號
2019-02-01 23:33:21,569: [DEBUG] Employee：鍾XXXXX
2019-02-01 23:33:21,603: [DEBUG] 寫入ad帳號
2019-02-01 23:33:21,620: [DEBUG] Employee：鍾XXXXX
2019-02-01 23:33:21,654: [DEBUG] 寫入ad帳號
2019-02-01 23:33:21,685: [DEBUG] 寫入ad帳號
2019-02-01 23:33:21,701: [DEBUG] Employee：鍾XXXXX
2019-02-01 23:33:21,735: [DEBUG] Employee：鍾XXXXX
2019-02-01 23:33:21,749: [DEBUG] Employee：鍾XXXXX
2019-02-01 23:33:21,779: [DEBUG] 寫入ad帳號
2019-02-01 23:33:21,923: [DEBUG] 寫入ad帳號
2019-02-01 23:33:22,031: [DEBUG] 寫入ad帳號
2019-02-01 23:33:22,061: [DEBUG] Employee：鍾XXXXX
2019-02-01 23:33:22,094: [DEBUG] Employee：鍾XXXXX
2019-02-01 23:33:22,140: [DEBUG] 寫入ad帳號
2019-02-01 23:33:22,185: [DEBUG] Employee：鍾XXXXX
2019-02-01 23:33:22,199: [DEBUG] 寫入ad帳號
2019-02-01 23:33:22,338: [DEBUG] Employee：鍾XXXXX
2019-02-01 23:33:22,350: [DEBUG] Employee：鍾XXXXX
2019-02-01 23:33:47,099: [DEBUG] 1
2019-02-01 23:33:47,100: [DEBUG] F
2019-02-01 23:38:44,966: [DEBUG] 1
2019-02-01 23:38:44,966: [DEBUG] F
2019-02-01 23:45:25,110: [DEBUG] 寫入ad帳號
2019-02-01 23:45:25,229: [DEBUG] Employee：鍾XXXXX
2019-02-01 23:45:25,312: [DEBUG] 1
2019-02-01 23:45:25,312: [DEBUG] F
2019-02-01 23:45:25,708: [DEBUG] 寫入ad帳號
2019-02-01 23:45:25,734: [DEBUG] 寫入ad帳號
2019-02-01 23:45:25,782: [DEBUG] Employee：鍾XXXXX
2019-02-01 23:45:25,792: [DEBUG] 寫入ad帳號
2019-02-01 23:45:25,807: [DEBUG] 寫入ad帳號
2019-02-01 23:45:25,837: [DEBUG] 寫入ad帳號
2019-02-01 23:45:25,896: [DEBUG] Employee：鍾XXXXX
2019-02-01 23:45:25,896: [DEBUG] 寫入ad帳號
2019-02-01 23:45:25,942: [DEBUG] Employee：鍾XXXXX
2019-02-01 23:45:25,942: [DEBUG] Employee：鍾XXXXX
2019-02-01 23:45:26,016: [DEBUG] Employee：鍾XXXXX
2019-02-01 23:45:26,034: [DEBUG] Employee：鍾XXXXX
2019-02-01 23:45:26,041: [DEBUG] 寫入ad帳號
2019-02-01 23:45:26,122: [DEBUG] 寫入ad帳號
2019-02-01 23:45:26,248: [DEBUG] Employee：鍾XXXXX
2019-02-01 23:45:26,252: [DEBUG] 寫入ad帳號
2019-02-01 23:45:26,287: [DEBUG] Employee：鍾XXXXX
2019-02-01 23:45:26,287: [DEBUG] 寫入ad帳號
2019-02-01 23:45:26,420: [DEBUG] Employee：鍾XXXXX
2019-02-01 23:45:26,470: [DEBUG] Employee：鍾XXXXX
2019-02-01 23:45:26,470: [DEBUG] 寫入ad帳號
2019-02-01 23:45:26,483: [DEBUG] 寫入ad帳號
2019-02-01 23:45:26,520: [DEBUG] 寫入ad帳號
2019-02-01 23:45:26,582: [DEBUG] 寫入ad帳號
2019-02-01 23:45:26,598: [DEBUG] Employee：鍾XXXXX
2019-02-01 23:45:26,613: [DEBUG] 寫入ad帳號
2019-02-01 23:45:26,693: [DEBUG] Employee：鍾XXXXX
2019-02-01 23:45:26,695: [DEBUG] 寫入ad帳號
2019-02-01 23:45:26,733: [DEBUG] 寫入ad帳號
2019-02-01 23:45:26,734: [DEBUG] Employee：鍾XXXXX
2019-02-01 23:45:26,775: [DEBUG] Employee：鍾XXXXX
2019-02-01 23:45:27,015: [DEBUG] Employee：鍾XXXXX
2019-02-01 23:45:27,095: [DEBUG] 寫入ad帳號
2019-02-01 23:45:27,111: [DEBUG] 寫入ad帳號
2019-02-01 23:45:27,111: [DEBUG] Employee：鍾XXXXX
2019-02-01 23:45:27,111: [DEBUG] Employee：鍾XXXXX
2019-02-01 23:45:27,115: [DEBUG] 寫入ad帳號
2019-02-01 23:45:27,170: [DEBUG] Employee：鍾XXXXX
2019-02-01 23:45:27,274: [DEBUG] Employee：鍾XXXXX
2019-02-01 23:45:27,276: [DEBUG] 寫入ad帳號
2019-02-01 23:45:27,284: [DEBUG] Employee：鍾XXXXX
2019-02-01 23:45:27,362: [DEBUG] 寫入ad帳號
2019-02-01 23:45:27,380: [DEBUG] Employee：鍾XXXXX
2019-02-01 23:45:27,468: [DEBUG] 寫入ad帳號
2019-02-01 23:45:27,557: [DEBUG] Employee：鍾XXXXX
2019-02-01 23:45:27,580: [DEBUG] 寫入ad帳號
2019-02-01 23:45:27,613: [DEBUG] Employee：鍾XXXXX
2019-02-01 23:45:27,640: [DEBUG] 寫入ad帳號
2019-02-01 23:45:27,709: [DEBUG] Employee：鍾XXXXX
2019-02-01 23:45:27,738: [DEBUG] 寫入ad帳號
2019-02-01 23:45:27,787: [DEBUG] Employee：鍾XXXXX
2019-02-01 23:45:27,844: [DEBUG] 寫入ad帳號
2019-02-01 23:45:27,886: [DEBUG] Employee：鍾XXXXX
2019-02-01 23:45:27,914: [DEBUG] 寫入ad帳號
2019-02-01 23:45:27,948: [DEBUG] 寫入ad帳號
2019-02-01 23:45:28,019: [DEBUG] Employee：鍾XXXXX
2019-02-01 23:45:28,089: [DEBUG] Employee：鍾XXXXX
2019-02-01 23:45:28,160: [DEBUG] 寫入ad帳號
2019-02-01 23:45:28,162: [DEBUG] Employee：鍾XXXXX
2019-02-01 23:45:28,192: [DEBUG] 寫入ad帳號
2019-02-01 23:45:28,388: [DEBUG] Employee：鍾XXXXX
2019-02-01 23:45:28,389: [DEBUG] Employee：鍾XXXXX
