2019-02-02 00:35:50,941: [DEBUG] 寫入ad帳號
2019-02-02 00:35:52,499: [DEBUG] Employee：鍾XXXXX
2019-02-02 00:35:53,134: [DEBUG] HomeController:F
2019-02-02 00:35:53,283: [DEBUG] 1
2019-02-02 00:35:53,284: [DEBUG] F
2019-02-02 00:35:54,486: [DEBUG] 寫入ad帳號
2019-02-02 00:35:54,489: [DEBUG] 寫入ad帳號
2019-02-02 00:35:54,536: [DEBUG] 寫入ad帳號
2019-02-02 00:35:54,536: [DEBUG] 寫入ad帳號
2019-02-02 00:35:54,540: [DEBUG] 寫入ad帳號
2019-02-02 00:35:54,706: [DEBUG] Employee：鍾XXXXX
2019-02-02 00:35:54,726: [DEBUG] 寫入ad帳號
2019-02-02 00:35:54,747: [DEBUG] Employee：鍾XXXXX
2019-02-02 00:35:54,763: [DEBUG] Employee：鍾XXXXX
2019-02-02 00:35:54,862: [DEBUG] Employee：鍾XXXXX
2019-02-02 00:35:54,872: [DEBUG] Employee：鍾XXXXX
2019-02-02 00:35:54,888: [DEBUG] Employee：鍾XXXXX
2019-02-02 00:35:54,901: [DEBUG] 寫入ad帳號
2019-02-02 00:35:54,912: [DEBUG] 寫入ad帳號
2019-02-02 00:35:54,946: [DEBUG] 寫入ad帳號
2019-02-02 00:35:55,073: [DEBUG] 寫入ad帳號
2019-02-02 00:35:55,114: [DEBUG] Employee：鍾XXXXX
2019-02-02 00:35:55,114: [DEBUG] Employee：鍾XXXXX
2019-02-02 00:35:55,116: [DEBUG] Employee：鍾XXXXX
2019-02-02 00:35:55,118: [DEBUG] 寫入ad帳號
2019-02-02 00:35:55,118: [DEBUG] 寫入ad帳號
2019-02-02 00:35:55,170: [DEBUG] 寫入ad帳號
2019-02-02 00:35:55,304: [DEBUG] Employee：鍾XXXXX
2019-02-02 00:35:55,307: [DEBUG] 寫入ad帳號
2019-02-02 00:35:55,323: [DEBUG] Employee：鍾XXXXX
2019-02-02 00:35:55,327: [DEBUG] 寫入ad帳號
2019-02-02 00:35:55,342: [DEBUG] Employee：鍾XXXXX
2019-02-02 00:35:55,354: [DEBUG] Employee：鍾XXXXX
2019-02-02 00:35:55,371: [DEBUG] 寫入ad帳號
2019-02-02 00:35:55,417: [DEBUG] 寫入ad帳號
2019-02-02 00:35:55,495: [DEBUG] Employee：鍾XXXXX
2019-02-02 00:35:55,499: [DEBUG] 寫入ad帳號
2019-02-02 00:35:55,542: [DEBUG] Employee：鍾XXXXX
2019-02-02 00:35:55,569: [DEBUG] 寫入ad帳號
2019-02-02 00:35:55,583: [DEBUG] 寫入ad帳號
2019-02-02 00:35:55,585: [DEBUG] Employee：鍾XXXXX
2019-02-02 00:35:55,597: [DEBUG] Employee：鍾XXXXX
2019-02-02 00:35:55,598: [DEBUG] 寫入ad帳號
2019-02-02 00:35:55,617: [DEBUG] Employee：鍾XXXXX
2019-02-02 00:35:55,638: [DEBUG] 寫入ad帳號
2019-02-02 00:35:55,666: [DEBUG] 寫入ad帳號
2019-02-02 00:35:55,693: [DEBUG] Employee：鍾XXXXX
2019-02-02 00:35:55,781: [DEBUG] 寫入ad帳號
2019-02-02 00:35:55,801: [DEBUG] Employee：鍾XXXXX
2019-02-02 00:35:55,802: [DEBUG] Employee：鍾XXXXX
2019-02-02 00:35:55,806: [DEBUG] 寫入ad帳號
2019-02-02 00:35:55,838: [DEBUG] Employee：鍾XXXXX
2019-02-02 00:35:55,852: [DEBUG] 寫入ad帳號
2019-02-02 00:35:55,871: [DEBUG] Employee：鍾XXXXX
2019-02-02 00:35:55,875: [DEBUG] 寫入ad帳號
2019-02-02 00:35:55,913: [DEBUG] Employee：鍾XXXXX
2019-02-02 00:35:55,929: [DEBUG] 寫入ad帳號
2019-02-02 00:35:55,967: [DEBUG] 寫入ad帳號
2019-02-02 00:35:56,025: [DEBUG] Employee：鍾XXXXX
2019-02-02 00:35:56,030: [DEBUG] 寫入ad帳號
2019-02-02 00:35:56,088: [DEBUG] Employee：鍾XXXXX
2019-02-02 00:35:56,088: [DEBUG] Employee：鍾XXXXX
2019-02-02 00:35:56,115: [DEBUG] 寫入ad帳號
2019-02-02 00:35:56,148: [DEBUG] Employee：鍾XXXXX
2019-02-02 00:35:56,154: [DEBUG] Employee：鍾XXXXX
2019-02-02 00:35:56,154: [DEBUG] Employee：鍾XXXXX
2019-02-02 00:35:56,276: [DEBUG] Employee：鍾XXXXX
2019-02-02 00:37:57,226: [DEBUG] 寫入ad帳號
2019-02-02 00:37:58,187: [DEBUG] Employee：鍾XXXXX
2019-02-02 00:37:58,761: [DEBUG] HomeController:F
2019-02-02 00:37:58,920: [DEBUG] 1
2019-02-02 00:37:58,920: [DEBUG] F
2019-02-02 00:37:59,558: [DEBUG] 寫入ad帳號
2019-02-02 00:37:59,587: [DEBUG] 寫入ad帳號
2019-02-02 00:37:59,608: [DEBUG] 寫入ad帳號
2019-02-02 00:37:59,608: [DEBUG] 寫入ad帳號
2019-02-02 00:37:59,609: [DEBUG] 寫入ad帳號
2019-02-02 00:37:59,805: [DEBUG] Employee：鍾XXXXX
2019-02-02 00:37:59,823: [DEBUG] Employee：鍾XXXXX
2019-02-02 00:37:59,868: [DEBUG] Employee：鍾XXXXX
2019-02-02 00:37:59,907: [DEBUG] 寫入ad帳號
2019-02-02 00:37:59,917: [DEBUG] Employee：鍾XXXXX
2019-02-02 00:37:59,944: [DEBUG] Employee：鍾XXXXX
2019-02-02 00:37:59,953: [DEBUG] 寫入ad帳號
2019-02-02 00:38:00,008: [DEBUG] 寫入ad帳號
2019-02-02 00:38:00,069: [DEBUG] 寫入ad帳號
2019-02-02 00:38:00,069: [DEBUG] 寫入ad帳號
2019-02-02 00:38:00,097: [DEBUG] Employee：鍾XXXXX
2019-02-02 00:38:00,123: [DEBUG] Employee：鍾XXXXX
2019-02-02 00:38:00,123: [DEBUG] 寫入ad帳號
2019-02-02 00:38:00,167: [DEBUG] Employee：鍾XXXXX
2019-02-02 00:38:00,168: [DEBUG] 寫入ad帳號
2019-02-02 00:38:00,212: [DEBUG] Employee：鍾XXXXX
2019-02-02 00:38:00,216: [DEBUG] 寫入ad帳號
2019-02-02 00:38:00,287: [DEBUG] Employee：鍾XXXXX
2019-02-02 00:38:00,320: [DEBUG] Employee：鍾XXXXX
2019-02-02 00:38:00,408: [DEBUG] 寫入ad帳號
2019-02-02 00:38:00,451: [DEBUG] Employee：鍾XXXXX
2019-02-02 00:38:00,451: [DEBUG] Employee：鍾XXXXX
2019-02-02 00:38:00,478: [DEBUG] 寫入ad帳號
2019-02-02 00:38:00,569: [DEBUG] 寫入ad帳號
2019-02-02 00:38:00,633: [DEBUG] Employee：鍾XXXXX
2019-02-02 00:38:00,646: [DEBUG] 寫入ad帳號
2019-02-02 00:38:00,696: [DEBUG] Employee：鍾XXXXX
2019-02-02 00:38:00,697: [DEBUG] 寫入ad帳號
2019-02-02 00:38:00,768: [DEBUG] Employee：鍾XXXXX
2019-02-02 00:38:00,824: [DEBUG] 寫入ad帳號
2019-02-02 00:38:00,874: [DEBUG] Employee：鍾XXXXX
2019-02-02 00:38:00,874: [DEBUG] 寫入ad帳號
2019-02-02 00:38:00,884: [DEBUG] 寫入ad帳號
2019-02-02 00:38:00,932: [DEBUG] 寫入ad帳號
2019-02-02 00:38:00,992: [DEBUG] Employee：鍾XXXXX
2019-02-02 00:38:01,047: [DEBUG] 寫入ad帳號
2019-02-02 00:38:01,062: [DEBUG] Employee：鍾XXXXX
2019-02-02 00:38:01,108: [DEBUG] Employee：鍾XXXXX
2019-02-02 00:38:01,128: [DEBUG] Employee：鍾XXXXX
2019-02-02 00:38:01,207: [DEBUG] 寫入ad帳號
2019-02-02 00:38:01,254: [DEBUG] 寫入ad帳號
2019-02-02 00:38:01,267: [DEBUG] 寫入ad帳號
2019-02-02 00:38:01,305: [DEBUG] Employee：鍾XXXXX
2019-02-02 00:38:01,319: [DEBUG] Employee：鍾XXXXX
2019-02-02 00:38:01,354: [DEBUG] Employee：鍾XXXXX
2019-02-02 00:38:01,367: [DEBUG] Employee：鍾XXXXX
2019-02-02 00:38:01,398: [DEBUG] Employee：鍾XXXXX
2019-02-02 00:38:01,400: [DEBUG] 寫入ad帳號
2019-02-02 00:38:01,422: [DEBUG] 寫入ad帳號
2019-02-02 00:38:01,474: [DEBUG] 寫入ad帳號
2019-02-02 00:38:01,474: [DEBUG] 寫入ad帳號
2019-02-02 00:38:01,502: [DEBUG] 寫入ad帳號
2019-02-02 00:38:01,593: [DEBUG] Employee：鍾XXXXX
2019-02-02 00:38:01,602: [DEBUG] Employee：鍾XXXXX
2019-02-02 00:38:01,616: [DEBUG] Employee：鍾XXXXX
2019-02-02 00:38:01,616: [DEBUG] Employee：鍾XXXXX
2019-02-02 00:38:01,651: [DEBUG] Employee：鍾XXXXX
2019-02-02 00:38:07,948: [DEBUG] 1
2019-02-02 00:38:07,948: [DEBUG] F
2019-02-02 00:41:38,643: [DEBUG] 寫入ad帳號
2019-02-02 00:41:39,562: [DEBUG] Employee：鍾XXXXX
2019-02-02 00:41:40,163: [DEBUG] HomeController:F
2019-02-02 00:41:40,314: [DEBUG] 1
2019-02-02 00:41:40,314: [DEBUG] F
2019-02-02 00:41:40,972: [DEBUG] 寫入ad帳號
2019-02-02 00:41:41,010: [DEBUG] 寫入ad帳號
2019-02-02 00:41:41,011: [DEBUG] 寫入ad帳號
2019-02-02 00:41:41,011: [DEBUG] 寫入ad帳號
2019-02-02 00:41:41,011: [DEBUG] 寫入ad帳號
2019-02-02 00:41:41,298: [DEBUG] Employee：鍾XXXXX
2019-02-02 00:41:41,314: [DEBUG] Employee：鍾XXXXX
2019-02-02 00:41:41,377: [DEBUG] 寫入ad帳號
2019-02-02 00:41:41,390: [DEBUG] Employee：鍾XXXXX
2019-02-02 00:41:41,391: [DEBUG] Employee：鍾XXXXX
2019-02-02 00:41:41,402: [DEBUG] 寫入ad帳號
2019-02-02 00:41:41,404: [DEBUG] Employee：鍾XXXXX
2019-02-02 00:41:41,443: [DEBUG] 寫入ad帳號
2019-02-02 00:41:41,443: [DEBUG] 寫入ad帳號
2019-02-02 00:41:41,586: [DEBUG] Employee：鍾XXXXX
2019-02-02 00:41:41,590: [DEBUG] 寫入ad帳號
2019-02-02 00:41:41,603: [DEBUG] Employee：鍾XXXXX
2019-02-02 00:41:41,603: [DEBUG] Employee：鍾XXXXX
2019-02-02 00:41:41,607: [DEBUG] 寫入ad帳號
2019-02-02 00:41:41,726: [DEBUG] Employee：鍾XXXXX
2019-02-02 00:41:41,730: [DEBUG] 寫入ad帳號
2019-02-02 00:41:41,749: [DEBUG] Employee：鍾XXXXX
2019-02-02 00:41:41,758: [DEBUG] 寫入ad帳號
2019-02-02 00:41:41,778: [DEBUG] Employee：鍾XXXXX
2019-02-02 00:41:41,783: [DEBUG] 寫入ad帳號
2019-02-02 00:41:41,888: [DEBUG] Employee：鍾XXXXX
2019-02-02 00:41:41,905: [DEBUG] Employee：鍾XXXXX
2019-02-02 00:41:41,905: [DEBUG] 寫入ad帳號
2019-02-02 00:41:41,953: [DEBUG] 寫入ad帳號
2019-02-02 00:41:41,967: [DEBUG] Employee：鍾XXXXX
2019-02-02 00:41:42,056: [DEBUG] 寫入ad帳號
2019-02-02 00:41:42,109: [DEBUG] Employee：鍾XXXXX
2019-02-02 00:41:42,113: [DEBUG] 寫入ad帳號
2019-02-02 00:41:42,133: [DEBUG] Employee：鍾XXXXX
2019-02-02 00:41:42,152: [DEBUG] 寫入ad帳號
2019-02-02 00:41:42,168: [DEBUG] 寫入ad帳號
2019-02-02 00:41:42,257: [DEBUG] Employee：鍾XXXXX
2019-02-02 00:41:42,293: [DEBUG] 寫入ad帳號
2019-02-02 00:41:42,343: [DEBUG] Employee：鍾XXXXX
2019-02-02 00:41:42,344: [DEBUG] Employee：鍾XXXXX
2019-02-02 00:41:42,349: [DEBUG] 寫入ad帳號
2019-02-02 00:41:42,391: [DEBUG] Employee：鍾XXXXX
2019-02-02 00:41:42,420: [DEBUG] 寫入ad帳號
2019-02-02 00:41:42,498: [DEBUG] Employee：鍾XXXXX
2019-02-02 00:41:42,505: [DEBUG] 寫入ad帳號
2019-02-02 00:41:42,577: [DEBUG] Employee：鍾XXXXX
2019-02-02 00:41:42,593: [DEBUG] 寫入ad帳號
2019-02-02 00:41:42,626: [DEBUG] Employee：鍾XXXXX
2019-02-02 00:41:42,626: [DEBUG] 寫入ad帳號
2019-02-02 00:41:42,667: [DEBUG] 寫入ad帳號
2019-02-02 00:41:42,716: [DEBUG] Employee：鍾XXXXX
2019-02-02 00:41:42,869: [DEBUG] 寫入ad帳號
2019-02-02 00:41:42,873: [DEBUG] 寫入ad帳號
2019-02-02 00:41:42,874: [DEBUG] Employee：鍾XXXXX
2019-02-02 00:41:42,925: [DEBUG] Employee：鍾XXXXX
2019-02-02 00:41:42,939: [DEBUG] Employee：鍾XXXXX
2019-02-02 00:41:43,008: [DEBUG] 寫入ad帳號
2019-02-02 00:41:43,017: [DEBUG] 寫入ad帳號
2019-02-02 00:41:43,171: [DEBUG] Employee：鍾XXXXX
2019-02-02 00:41:43,248: [DEBUG] Employee：鍾XXXXX
2019-02-02 00:41:43,255: [DEBUG] Employee：鍾XXXXX
2019-02-02 00:41:43,302: [DEBUG] Employee：鍾XXXXX
2019-02-02 00:46:05,826: [DEBUG] 1
2019-02-02 00:46:05,826: [DEBUG] F
2019-02-02 01:01:21,460: [DEBUG] 寫入ad帳號
2019-02-02 01:01:22,490: [DEBUG] Employee：鍾XXXXX
2019-02-02 01:01:23,302: [DEBUG] HomeController:F
2019-02-02 01:01:23,485: [DEBUG] 1
2019-02-02 01:01:23,486: [DEBUG] F
2019-02-02 01:01:24,254: [DEBUG] 寫入ad帳號
2019-02-02 01:01:24,475: [DEBUG] 寫入ad帳號
2019-02-02 01:01:24,622: [DEBUG] 寫入ad帳號
2019-02-02 01:01:24,626: [DEBUG] 寫入ad帳號
2019-02-02 01:01:24,626: [DEBUG] 寫入ad帳號
2019-02-02 01:01:24,694: [DEBUG] Employee：鍾XXXXX
2019-02-02 01:01:24,804: [DEBUG] Employee：鍾XXXXX
2019-02-02 01:01:24,806: [DEBUG] 寫入ad帳號
2019-02-02 01:01:24,819: [DEBUG] Employee：鍾XXXXX
2019-02-02 01:01:24,927: [DEBUG] 寫入ad帳號
2019-02-02 01:01:25,009: [DEBUG] Employee：鍾XXXXX
2019-02-02 01:01:25,027: [DEBUG] Employee：鍾XXXXX
2019-02-02 01:01:25,035: [DEBUG] 寫入ad帳號
2019-02-02 01:01:25,060: [DEBUG] Employee：鍾XXXXX
2019-02-02 01:01:25,067: [DEBUG] Employee：鍾XXXXX
2019-02-02 01:01:25,071: [DEBUG] 寫入ad帳號
2019-02-02 01:01:25,082: [DEBUG] 寫入ad帳號
2019-02-02 01:01:25,200: [DEBUG] Employee：鍾XXXXX
2019-02-02 01:01:25,204: [DEBUG] 寫入ad帳號
2019-02-02 01:01:25,315: [DEBUG] 寫入ad帳號
2019-02-02 01:01:25,326: [DEBUG] Employee：鍾XXXXX
2019-02-02 01:01:25,338: [DEBUG] 寫入ad帳號
2019-02-02 01:01:25,352: [DEBUG] Employee：鍾XXXXX
2019-02-02 01:01:25,396: [DEBUG] 寫入ad帳號
2019-02-02 01:01:25,426: [DEBUG] Employee：鍾XXXXX
2019-02-02 01:01:25,439: [DEBUG] Employee：鍾XXXXX
2019-02-02 01:01:25,464: [DEBUG] Employee：鍾XXXXX
2019-02-02 01:01:25,556: [DEBUG] 寫入ad帳號
2019-02-02 01:01:25,561: [DEBUG] 寫入ad帳號
2019-02-02 01:01:25,597: [DEBUG] 寫入ad帳號
2019-02-02 01:01:25,611: [DEBUG] Employee：鍾XXXXX
2019-02-02 01:01:25,662: [DEBUG] 寫入ad帳號
2019-02-02 01:01:25,677: [DEBUG] Employee：鍾XXXXX
2019-02-02 01:01:25,692: [DEBUG] Employee：鍾XXXXX
2019-02-02 01:01:25,703: [DEBUG] Employee：鍾XXXXX
2019-02-02 01:01:25,722: [DEBUG] 寫入ad帳號
2019-02-02 01:01:25,829: [DEBUG] 寫入ad帳號
2019-02-02 01:01:25,901: [DEBUG] 寫入ad帳號
2019-02-02 01:01:25,914: [DEBUG] Employee：鍾XXXXX
2019-02-02 01:01:25,924: [DEBUG] 寫入ad帳號
2019-02-02 01:01:26,010: [DEBUG] Employee：鍾XXXXX
2019-02-02 01:01:26,035: [DEBUG] 寫入ad帳號
2019-02-02 01:01:26,045: [DEBUG] Employee：鍾XXXXX
2019-02-02 01:01:26,047: [DEBUG] Employee：鍾XXXXX
2019-02-02 01:01:26,055: [DEBUG] Employee：鍾XXXXX
2019-02-02 01:01:26,093: [DEBUG] 寫入ad帳號
2019-02-02 01:01:26,093: [DEBUG] 寫入ad帳號
2019-02-02 01:01:26,176: [DEBUG] 寫入ad帳號
2019-02-02 01:01:26,321: [DEBUG] 寫入ad帳號
2019-02-02 01:01:26,365: [DEBUG] Employee：鍾XXXXX
2019-02-02 01:01:26,447: [DEBUG] 寫入ad帳號
2019-02-02 01:01:26,492: [DEBUG] Employee：鍾XXXXX
2019-02-02 01:01:26,507: [DEBUG] Employee：鍾XXXXX
2019-02-02 01:01:26,515: [DEBUG] Employee：鍾XXXXX
2019-02-02 01:01:26,559: [DEBUG] 寫入ad帳號
2019-02-02 01:01:26,577: [DEBUG] 寫入ad帳號
2019-02-02 01:01:26,589: [DEBUG] Employee：鍾XXXXX
2019-02-02 01:01:26,589: [DEBUG] Employee：鍾XXXXX
2019-02-02 01:01:26,673: [DEBUG] 寫入ad帳號
2019-02-02 01:01:26,678: [DEBUG] Employee：鍾XXXXX
2019-02-02 01:01:26,706: [DEBUG] Employee：鍾XXXXX
2019-02-02 01:01:26,813: [DEBUG] Employee：鍾XXXXX
2019-02-02 01:01:35,465: [DEBUG] 1
2019-02-02 01:01:35,465: [DEBUG] F
2019-02-02 01:02:48,677: [DEBUG] 寫入ad帳號
2019-02-02 01:02:49,651: [DEBUG] Employee：鍾XXXXX
2019-02-02 01:02:50,255: [DEBUG] HomeController:F
2019-02-02 01:02:50,459: [DEBUG] 1
2019-02-02 01:02:50,459: [DEBUG] F
2019-02-02 01:02:51,184: [DEBUG] 寫入ad帳號
2019-02-02 01:02:51,184: [DEBUG] 寫入ad帳號
2019-02-02 01:02:51,236: [DEBUG] 寫入ad帳號
2019-02-02 01:02:51,237: [DEBUG] 寫入ad帳號
2019-02-02 01:02:51,237: [DEBUG] 寫入ad帳號
2019-02-02 01:02:51,475: [DEBUG] Employee：鍾XXXXX
2019-02-02 01:02:51,555: [DEBUG] 寫入ad帳號
2019-02-02 01:02:51,606: [DEBUG] Employee：鍾XXXXX
2019-02-02 01:02:51,606: [DEBUG] Employee：鍾XXXXX
2019-02-02 01:02:51,730: [DEBUG] 寫入ad帳號
2019-02-02 01:02:51,730: [DEBUG] 寫入ad帳號
2019-02-02 01:02:51,783: [DEBUG] Employee：鍾XXXXX
2019-02-02 01:02:51,785: [DEBUG] Employee：鍾XXXXX
2019-02-02 01:02:51,868: [DEBUG] Employee：鍾XXXXX
2019-02-02 01:02:51,910: [DEBUG] Employee：鍾XXXXX
2019-02-02 01:02:51,918: [DEBUG] 寫入ad帳號
2019-02-02 01:02:51,924: [DEBUG] 寫入ad帳號
2019-02-02 01:02:51,927: [DEBUG] 寫入ad帳號
2019-02-02 01:02:51,976: [DEBUG] Employee：鍾XXXXX
2019-02-02 01:02:52,012: [DEBUG] 寫入ad帳號
2019-02-02 01:02:52,142: [DEBUG] Employee：鍾XXXXX
2019-02-02 01:02:52,146: [DEBUG] 寫入ad帳號
2019-02-02 01:02:52,177: [DEBUG] Employee：鍾XXXXX
2019-02-02 01:02:52,181: [DEBUG] 寫入ad帳號
2019-02-02 01:02:52,195: [DEBUG] Employee：鍾XXXXX
2019-02-02 01:02:52,199: [DEBUG] 寫入ad帳號
2019-02-02 01:02:52,292: [DEBUG] Employee：鍾XXXXX
2019-02-02 01:02:52,297: [DEBUG] 寫入ad帳號
2019-02-02 01:02:52,346: [DEBUG] Employee：鍾XXXXX
2019-02-02 01:02:52,346: [DEBUG] Employee：鍾XXXXX
2019-02-02 01:02:52,350: [DEBUG] 寫入ad帳號
2019-02-02 01:02:52,378: [DEBUG] Employee：鍾XXXXX
2019-02-02 01:02:52,398: [DEBUG] 寫入ad帳號
2019-02-02 01:02:52,442: [DEBUG] Employee：鍾XXXXX
2019-02-02 01:02:52,447: [DEBUG] 寫入ad帳號
2019-02-02 01:02:52,496: [DEBUG] Employee：鍾XXXXX
2019-02-02 01:02:52,501: [DEBUG] 寫入ad帳號
2019-02-02 01:02:52,513: [DEBUG] 寫入ad帳號
2019-02-02 01:02:52,563: [DEBUG] Employee：鍾XXXXX
2019-02-02 01:02:52,611: [DEBUG] 寫入ad帳號
2019-02-02 01:02:52,651: [DEBUG] Employee：鍾XXXXX
2019-02-02 01:02:52,651: [DEBUG] Employee：鍾XXXXX
2019-02-02 01:02:52,657: [DEBUG] 寫入ad帳號
2019-02-02 01:02:52,673: [DEBUG] Employee：鍾XXXXX
2019-02-02 01:02:52,714: [DEBUG] 寫入ad帳號
2019-02-02 01:02:52,741: [DEBUG] 寫入ad帳號
2019-02-02 01:02:52,789: [DEBUG] Employee：鍾XXXXX
2019-02-02 01:02:52,794: [DEBUG] 寫入ad帳號
2019-02-02 01:02:52,848: [DEBUG] Employee：鍾XXXXX
2019-02-02 01:02:52,879: [DEBUG] 寫入ad帳號
2019-02-02 01:02:52,919: [DEBUG] Employee：鍾XXXXX
2019-02-02 01:02:52,920: [DEBUG] Employee：鍾XXXXX
2019-02-02 01:02:52,925: [DEBUG] 寫入ad帳號
2019-02-02 01:02:52,961: [DEBUG] Employee：鍾XXXXX
2019-02-02 01:02:52,975: [DEBUG] 寫入ad帳號
2019-02-02 01:02:52,991: [DEBUG] 寫入ad帳號
2019-02-02 01:02:53,031: [DEBUG] Employee：鍾XXXXX
2019-02-02 01:02:53,096: [DEBUG] Employee：鍾XXXXX
2019-02-02 01:02:53,097: [DEBUG] 寫入ad帳號
2019-02-02 01:02:53,152: [DEBUG] Employee：鍾XXXXX
2019-02-02 01:02:53,194: [DEBUG] Employee：鍾XXXXX
2019-02-02 01:02:53,250: [DEBUG] Employee：鍾XXXXX
2019-02-02 01:04:38,455: [DEBUG] 1
2019-02-02 01:04:38,455: [DEBUG] F
2019-02-02 01:08:22,599: [DEBUG] 寫入ad帳號
2019-02-02 01:08:23,429: [DEBUG] Employee：鍾XXXXX
2019-02-02 01:08:23,838: [DEBUG] HomeController:F
2019-02-02 01:08:24,014: [DEBUG] 1
2019-02-02 01:08:24,014: [DEBUG] F
2019-02-02 01:09:06,701: [DEBUG] 寫入ad帳號
2019-02-02 01:09:08,029: [DEBUG] Employee：鍾XXXXX
2019-02-02 01:09:08,651: [DEBUG] HomeController:F
2019-02-02 01:09:08,835: [DEBUG] 1
2019-02-02 01:09:08,835: [DEBUG] F
2019-02-02 01:09:09,738: [DEBUG] 寫入ad帳號
2019-02-02 01:09:09,745: [DEBUG] 寫入ad帳號
2019-02-02 01:09:09,834: [DEBUG] 寫入ad帳號
2019-02-02 01:09:09,837: [DEBUG] 寫入ad帳號
2019-02-02 01:09:09,837: [DEBUG] 寫入ad帳號
2019-02-02 01:09:10,184: [DEBUG] Employee：鍾XXXXX
2019-02-02 01:09:10,225: [DEBUG] Employee：鍾XXXXX
2019-02-02 01:09:10,259: [DEBUG] Employee：鍾XXXXX
2019-02-02 01:09:10,298: [DEBUG] 寫入ad帳號
2019-02-02 01:09:10,302: [DEBUG] Employee：鍾XXXXX
2019-02-02 01:09:10,333: [DEBUG] 寫入ad帳號
2019-02-02 01:09:10,508: [DEBUG] 寫入ad帳號
2019-02-02 01:09:10,508: [DEBUG] Employee：鍾XXXXX
2019-02-02 01:09:10,580: [DEBUG] Employee：鍾XXXXX
2019-02-02 01:09:10,606: [DEBUG] Employee：鍾XXXXX
2019-02-02 01:09:10,663: [DEBUG] 寫入ad帳號
2019-02-02 01:09:10,700: [DEBUG] 寫入ad帳號
2019-02-02 01:09:10,734: [DEBUG] 寫入ad帳號
2019-02-02 01:09:10,791: [DEBUG] Employee：鍾XXXXX
2019-02-02 01:09:10,849: [DEBUG] 寫入ad帳號
2019-02-02 01:09:10,883: [DEBUG] Employee：鍾XXXXX
2019-02-02 01:09:10,901: [DEBUG] 寫入ad帳號
2019-02-02 01:09:10,910: [DEBUG] Employee：鍾XXXXX
2019-02-02 01:09:10,910: [DEBUG] Employee：鍾XXXXX
2019-02-02 01:09:10,933: [DEBUG] 寫入ad帳號
2019-02-02 01:09:10,977: [DEBUG] 寫入ad帳號
2019-02-02 01:09:11,116: [DEBUG] Employee：鍾XXXXX
2019-02-02 01:09:11,117: [DEBUG] Employee：鍾XXXXX
2019-02-02 01:09:11,128: [DEBUG] Employee：鍾XXXXX
2019-02-02 01:09:11,143: [DEBUG] 寫入ad帳號
2019-02-02 01:09:11,161: [DEBUG] 寫入ad帳號
2019-02-02 01:09:11,173: [DEBUG] Employee：鍾XXXXX
2019-02-02 01:09:11,256: [DEBUG] 寫入ad帳號
2019-02-02 01:09:11,278: [DEBUG] 寫入ad帳號
2019-02-02 01:09:11,309: [DEBUG] Employee：鍾XXXXX
2019-02-02 01:09:11,310: [DEBUG] Employee：鍾XXXXX
2019-02-02 01:09:11,323: [DEBUG] 寫入ad帳號
2019-02-02 01:09:11,323: [DEBUG] 寫入ad帳號
2019-02-02 01:09:11,499: [DEBUG] Employee：鍾XXXXX
2019-02-02 01:09:11,499: [DEBUG] Employee：鍾XXXXX
2019-02-02 01:09:11,519: [DEBUG] 寫入ad帳號
2019-02-02 01:09:11,567: [DEBUG] Employee：鍾XXXXX
2019-02-02 01:09:11,567: [DEBUG] Employee：鍾XXXXX
2019-02-02 01:09:11,578: [DEBUG] 寫入ad帳號
2019-02-02 01:09:11,617: [DEBUG] 寫入ad帳號
2019-02-02 01:09:11,697: [DEBUG] Employee：鍾XXXXX
2019-02-02 01:09:11,711: [DEBUG] Employee：鍾XXXXX
2019-02-02 01:09:11,712: [DEBUG] 寫入ad帳號
2019-02-02 01:09:11,774: [DEBUG] 寫入ad帳號
2019-02-02 01:09:11,774: [DEBUG] 寫入ad帳號
2019-02-02 01:09:11,900: [DEBUG] Employee：鍾XXXXX
2019-02-02 01:09:11,978: [DEBUG] Employee：鍾XXXXX
2019-02-02 01:09:11,978: [DEBUG] 寫入ad帳號
2019-02-02 01:09:12,006: [DEBUG] 寫入ad帳號
2019-02-02 01:09:12,032: [DEBUG] Employee：鍾XXXXX
2019-02-02 01:09:12,044: [DEBUG] Employee：鍾XXXXX
2019-02-02 01:09:12,044: [DEBUG] 寫入ad帳號
2019-02-02 01:09:12,189: [DEBUG] 寫入ad帳號
2019-02-02 01:09:12,213: [DEBUG] Employee：鍾XXXXX
2019-02-02 01:09:12,229: [DEBUG] Employee：鍾XXXXX
2019-02-02 01:09:12,367: [DEBUG] Employee：鍾XXXXX
2019-02-02 01:09:12,394: [DEBUG] Employee：鍾XXXXX
2019-02-02 01:09:21,827: [DEBUG] 1
2019-02-02 01:09:21,827: [DEBUG] F
2019-02-02 14:36:17,795: [DEBUG] 寫入ad帳號
2019-02-02 14:36:18,826: [DEBUG] Employee：鍾XXXXX
2019-02-02 14:36:19,838: [DEBUG] HomeController:F
2019-02-02 14:36:20,014: [DEBUG] 1
2019-02-02 14:36:20,015: [DEBUG] F
2019-02-02 14:36:20,893: [DEBUG] 寫入ad帳號
2019-02-02 14:36:20,896: [DEBUG] 寫入ad帳號
2019-02-02 14:36:20,919: [DEBUG] 寫入ad帳號
2019-02-02 14:36:20,919: [DEBUG] 寫入ad帳號
2019-02-02 14:36:20,919: [DEBUG] 寫入ad帳號
2019-02-02 14:36:21,010: [DEBUG] Employee：鍾XXXXX
2019-02-02 14:36:21,032: [DEBUG] Employee：鍾XXXXX
2019-02-02 14:36:21,033: [DEBUG] Employee：鍾XXXXX
2019-02-02 14:36:21,048: [DEBUG] Employee：鍾XXXXX
2019-02-02 14:36:21,058: [DEBUG] Employee：鍾XXXXX
2019-02-02 14:36:21,084: [DEBUG] 寫入ad帳號
2019-02-02 14:36:21,186: [DEBUG] 寫入ad帳號
2019-02-02 14:36:21,235: [DEBUG] 寫入ad帳號
2019-02-02 14:36:21,260: [DEBUG] Employee：鍾XXXXX
2019-02-02 14:36:21,260: [DEBUG] 寫入ad帳號
2019-02-02 14:36:21,343: [DEBUG] Employee：鍾XXXXX
2019-02-02 14:36:21,364: [DEBUG] Employee：鍾XXXXX
2019-02-02 14:36:21,377: [DEBUG] Employee：鍾XXXXX
2019-02-02 14:36:21,468: [DEBUG] 寫入ad帳號
2019-02-02 14:36:21,492: [DEBUG] 寫入ad帳號
2019-02-02 14:36:21,655: [DEBUG] 寫入ad帳號
2019-02-02 14:36:21,655: [DEBUG] 寫入ad帳號
2019-02-02 14:36:21,667: [DEBUG] Employee：鍾XXXXX
2019-02-02 14:36:21,732: [DEBUG] Employee：鍾XXXXX
2019-02-02 14:36:21,732: [DEBUG] 寫入ad帳號
2019-02-02 14:36:21,763: [DEBUG] Employee：鍾XXXXX
2019-02-02 14:36:21,763: [DEBUG] Employee：鍾XXXXX
2019-02-02 14:36:21,765: [DEBUG] 寫入ad帳號
2019-02-02 14:36:21,829: [DEBUG] Employee：鍾XXXXX
2019-02-02 14:36:21,908: [DEBUG] 寫入ad帳號
2019-02-02 14:36:21,916: [DEBUG] Employee：鍾XXXXX
2019-02-02 14:36:21,923: [DEBUG] 寫入ad帳號
2019-02-02 14:36:21,979: [DEBUG] 寫入ad帳號
2019-02-02 14:36:22,058: [DEBUG] 寫入ad帳號
2019-02-02 14:36:22,117: [DEBUG] Employee：鍾XXXXX
2019-02-02 14:36:22,122: [DEBUG] 寫入ad帳號
2019-02-02 14:36:22,124: [DEBUG] 寫入ad帳號
2019-02-02 14:36:22,127: [DEBUG] Employee：鍾XXXXX
2019-02-02 14:36:22,184: [DEBUG] 寫入ad帳號
2019-02-02 14:36:22,200: [DEBUG] Employee：鍾XXXXX
2019-02-02 14:36:22,230: [DEBUG] Employee：鍾XXXXX
2019-02-02 14:36:22,280: [DEBUG] Employee：鍾XXXXX
2019-02-02 14:36:22,291: [DEBUG] Employee：鍾XXXXX
2019-02-02 14:36:22,330: [DEBUG] Employee：鍾XXXXX
2019-02-02 14:36:22,342: [DEBUG] 寫入ad帳號
2019-02-02 14:36:22,383: [DEBUG] 寫入ad帳號
2019-02-02 14:36:22,383: [DEBUG] 寫入ad帳號
2019-02-02 14:36:22,420: [DEBUG] 寫入ad帳號
2019-02-02 14:36:22,517: [DEBUG] 寫入ad帳號
2019-02-02 14:36:22,571: [DEBUG] Employee：鍾XXXXX
2019-02-02 14:36:22,583: [DEBUG] Employee：鍾XXXXX
2019-02-02 14:36:22,583: [DEBUG] Employee：鍾XXXXX
2019-02-02 14:36:22,599: [DEBUG] 寫入ad帳號
2019-02-02 14:36:22,600: [DEBUG] Employee：鍾XXXXX
2019-02-02 14:36:22,641: [DEBUG] Employee：鍾XXXXX
2019-02-02 14:36:22,641: [DEBUG] 寫入ad帳號
2019-02-02 14:36:22,643: [DEBUG] 寫入ad帳號
2019-02-02 14:36:22,726: [DEBUG] 寫入ad帳號
2019-02-02 14:36:22,726: [DEBUG] Employee：鍾XXXXX
2019-02-02 14:36:22,749: [DEBUG] Employee：鍾XXXXX
2019-02-02 14:36:22,769: [DEBUG] Employee：鍾XXXXX
2019-02-02 14:36:22,827: [DEBUG] Employee：鍾XXXXX
2019-02-02 14:36:47,657: [DEBUG] 1
2019-02-02 14:36:47,657: [DEBUG] F
2019-02-02 14:37:09,239: [DEBUG] test
2019-02-02 14:37:09,283: [DEBUG] @SDATE：20180101, @EDATE：20180131, @TYPE：1
