2019-02-11 08:09:20,454: [DEBUG] 寫入ad帳號
2019-02-11 08:09:32,763: [DEBUG] Employee：鍾XXXXX
2019-02-11 08:09:33,782: [DEBUG] HomeController:F
2019-02-11 08:09:33,967: [DEBUG] 1
2019-02-11 08:09:33,967: [DEBUG] F
2019-02-11 08:09:35,334: [DEBUG] 寫入ad帳號
2019-02-11 08:09:35,496: [DEBUG] Employee：鍾XXXXX
2019-02-11 08:09:35,549: [DEBUG] HomeController:F
2019-02-11 08:09:35,550: [DEBUG] 1
2019-02-11 08:09:35,550: [DEBUG] F
2019-02-11 08:09:35,892: [DEBUG] 寫入ad帳號
2019-02-11 08:09:36,032: [DEBUG] 寫入ad帳號
2019-02-11 08:09:36,038: [DEBUG] 寫入ad帳號
2019-02-11 08:09:36,038: [DEBUG] 寫入ad帳號
2019-02-11 08:09:36,039: [DEBUG] 寫入ad帳號
2019-02-11 08:09:36,067: [DEBUG] Employee：鍾XXXXX
2019-02-11 08:09:36,182: [DEBUG] 寫入ad帳號
2019-02-11 08:09:36,194: [DEBUG] Employee：鍾XXXXX
2019-02-11 08:09:36,299: [DEBUG] Employee：鍾XXXXX
2019-02-11 08:09:36,300: [DEBUG] 寫入ad帳號
2019-02-11 08:09:36,304: [DEBUG] 寫入ad帳號
2019-02-11 08:09:36,630: [DEBUG] Employee：鍾XXXXX
2019-02-11 08:09:36,630: [DEBUG] 寫入ad帳號
2019-02-11 08:09:36,709: [DEBUG] Employee：鍾XXXXX
2019-02-11 08:09:36,755: [DEBUG] 寫入ad帳號
2019-02-11 08:09:36,773: [DEBUG] Employee：鍾XXXXX
2019-02-11 08:09:36,787: [DEBUG] 寫入ad帳號
2019-02-11 08:09:36,788: [DEBUG] Employee：鍾XXXXX
2019-02-11 08:09:36,821: [DEBUG] 寫入ad帳號
2019-02-11 08:09:36,939: [DEBUG] Employee：鍾XXXXX
2019-02-11 08:09:36,939: [DEBUG] Employee：鍾XXXXX
2019-02-11 08:09:36,955: [DEBUG] Employee：鍾XXXXX
2019-02-11 08:09:36,955: [DEBUG] Employee：鍾XXXXX
2019-02-11 08:09:36,956: [DEBUG] 寫入ad帳號
2019-02-11 08:09:36,974: [DEBUG] Employee：鍾XXXXX
2019-02-11 08:09:37,017: [DEBUG] Employee：鍾XXXXX
2019-02-11 08:09:37,022: [DEBUG] 寫入ad帳號
2019-02-11 08:09:37,068: [DEBUG] 寫入ad帳號
2019-02-11 08:09:37,068: [DEBUG] 寫入ad帳號
2019-02-11 08:09:37,203: [DEBUG] 寫入ad帳號
2019-02-11 08:09:37,218: [DEBUG] Employee：鍾XXXXX
2019-02-11 08:09:37,218: [DEBUG] Employee：鍾XXXXX
2019-02-11 08:09:37,219: [DEBUG] 寫入ad帳號
2019-02-11 08:09:37,230: [DEBUG] Employee：鍾XXXXX
2019-02-11 08:09:37,297: [DEBUG] 寫入ad帳號
2019-02-11 08:09:37,368: [DEBUG] Employee：鍾XXXXX
2019-02-11 08:09:37,369: [DEBUG] 寫入ad帳號
2019-02-11 08:09:37,368: [DEBUG] Employee：鍾XXXXX
2019-02-11 08:09:37,370: [DEBUG] 寫入ad帳號
2019-02-11 08:09:37,399: [DEBUG] Employee：鍾XXXXX
2019-02-11 08:09:37,430: [DEBUG] 寫入ad帳號
2019-02-11 08:09:37,492: [DEBUG] 寫入ad帳號
2019-02-11 08:09:37,510: [DEBUG] Employee：鍾XXXXX
2019-02-11 08:09:37,517: [DEBUG] 寫入ad帳號
2019-02-11 08:09:37,593: [DEBUG] Employee：鍾XXXXX
2019-02-11 08:09:37,611: [DEBUG] 寫入ad帳號
2019-02-11 08:09:37,612: [DEBUG] Employee：鍾XXXXX
2019-02-11 08:09:37,725: [DEBUG] Employee：鍾XXXXX
2019-02-11 08:09:37,736: [DEBUG] Employee：鍾XXXXX
2019-02-11 08:09:37,786: [DEBUG] 寫入ad帳號
2019-02-11 08:09:37,786: [DEBUG] 寫入ad帳號
2019-02-11 08:09:37,786: [DEBUG] 寫入ad帳號
2019-02-11 08:09:37,842: [DEBUG] Employee：鍾XXXXX
2019-02-11 08:09:37,842: [DEBUG] 寫入ad帳號
2019-02-11 08:09:37,944: [DEBUG] Employee：鍾XXXXX
2019-02-11 08:09:37,947: [DEBUG] Employee：鍾XXXXX
2019-02-11 08:09:37,975: [DEBUG] 寫入ad帳號
2019-02-11 08:09:37,989: [DEBUG] Employee：鍾XXXXX
2019-02-11 08:09:38,001: [DEBUG] 寫入ad帳號
2019-02-11 08:09:38,081: [DEBUG] 寫入ad帳號
2019-02-11 08:09:38,112: [DEBUG] Employee：鍾XXXXX
2019-02-11 08:09:38,125: [DEBUG] 寫入ad帳號
2019-02-11 08:09:38,126: [DEBUG] 寫入ad帳號
2019-02-11 08:09:38,146: [DEBUG] Employee：鍾XXXXX
2019-02-11 08:09:38,157: [DEBUG] Employee：鍾XXXXX
2019-02-11 08:09:38,225: [DEBUG] 寫入ad帳號
2019-02-11 08:09:38,226: [DEBUG] 寫入ad帳號
2019-02-11 08:09:38,349: [DEBUG] Employee：鍾XXXXX
2019-02-11 08:09:38,349: [DEBUG] Employee：鍾XXXXX
2019-02-11 08:09:38,350: [DEBUG] Employee：鍾XXXXX
2019-02-11 08:09:38,350: [DEBUG] 寫入ad帳號
2019-02-11 08:09:38,391: [DEBUG] Employee：鍾XXXXX
2019-02-11 08:09:38,392: [DEBUG] 寫入ad帳號
2019-02-11 08:09:38,392: [DEBUG] 寫入ad帳號
2019-02-11 08:09:38,398: [DEBUG] Employee：鍾XXXXX
2019-02-11 08:09:38,449: [DEBUG] 寫入ad帳號
2019-02-11 08:09:38,538: [DEBUG] Employee：鍾XXXXX
2019-02-11 08:09:38,584: [DEBUG] 寫入ad帳號
2019-02-11 08:09:38,584: [DEBUG] 寫入ad帳號
2019-02-11 08:09:38,593: [DEBUG] Employee：鍾XXXXX
2019-02-11 08:09:38,593: [DEBUG] 寫入ad帳號
2019-02-11 08:09:38,693: [DEBUG] Employee：鍾XXXXX
2019-02-11 08:09:38,867: [DEBUG] 寫入ad帳號
2019-02-11 08:09:38,917: [DEBUG] Employee：鍾XXXXX
2019-02-11 08:09:38,944: [DEBUG] Employee：鍾XXXXX
2019-02-11 08:09:38,972: [DEBUG] Employee：鍾XXXXX
2019-02-11 08:09:38,972: [DEBUG] Employee：鍾XXXXX
2019-02-11 08:09:38,973: [DEBUG] 寫入ad帳號
2019-02-11 08:09:38,973: [DEBUG] 寫入ad帳號
2019-02-11 08:09:38,973: [DEBUG] 寫入ad帳號
2019-02-11 08:09:39,048: [DEBUG] Employee：鍾XXXXX
2019-02-11 08:09:39,066: [DEBUG] 寫入ad帳號
2019-02-11 08:09:39,116: [DEBUG] 寫入ad帳號
2019-02-11 08:09:39,165: [DEBUG] Employee：鍾XXXXX
2019-02-11 08:09:39,165: [DEBUG] Employee：鍾XXXXX
2019-02-11 08:09:39,177: [DEBUG] Employee：鍾XXXXX
2019-02-11 08:09:39,177: [DEBUG] Employee：鍾XXXXX
2019-02-11 08:09:39,221: [DEBUG] 寫入ad帳號
2019-02-11 08:09:39,271: [DEBUG] Employee：鍾XXXXX
2019-02-11 08:09:39,272: [DEBUG] 寫入ad帳號
2019-02-11 08:09:39,319: [DEBUG] Employee：鍾XXXXX
2019-02-11 08:09:39,324: [DEBUG] 寫入ad帳號
2019-02-11 08:09:39,394: [DEBUG] Employee：鍾XXXXX
2019-02-11 08:09:39,425: [DEBUG] 寫入ad帳號
2019-02-11 08:09:39,429: [DEBUG] 寫入ad帳號
2019-02-11 08:09:39,488: [DEBUG] Employee：鍾XXXXX
2019-02-11 08:09:39,567: [DEBUG] 寫入ad帳號
2019-02-11 08:09:39,705: [DEBUG] Employee：鍾XXXXX
2019-02-11 08:09:39,705: [DEBUG] Employee：鍾XXXXX
2019-02-11 08:09:39,706: [DEBUG] 寫入ad帳號
2019-02-11 08:09:39,706: [DEBUG] 寫入ad帳號
2019-02-11 08:09:39,818: [DEBUG] Employee：鍾XXXXX
2019-02-11 08:09:39,818: [DEBUG] Employee：鍾XXXXX
2019-02-11 08:09:39,820: [DEBUG] 寫入ad帳號
2019-02-11 08:09:39,823: [DEBUG] 寫入ad帳號
2019-02-11 08:09:39,829: [DEBUG] Employee：鍾XXXXX
2019-02-11 08:09:39,895: [DEBUG] 寫入ad帳號
2019-02-11 08:09:39,974: [DEBUG] Employee：鍾XXXXX
2019-02-11 08:09:39,974: [DEBUG] Employee：鍾XXXXX
2019-02-11 08:09:39,974: [DEBUG] 寫入ad帳號
2019-02-11 08:09:39,992: [DEBUG] Employee：鍾XXXXX
2019-02-11 08:09:40,018: [DEBUG] 寫入ad帳號
2019-02-11 08:09:40,018: [DEBUG] 寫入ad帳號
2019-02-11 08:09:40,069: [DEBUG] Employee：鍾XXXXX
2019-02-11 08:09:40,117: [DEBUG] 寫入ad帳號
2019-02-11 08:09:40,187: [DEBUG] Employee：鍾XXXXX
2019-02-11 08:09:40,190: [DEBUG] 寫入ad帳號
2019-02-11 08:09:40,226: [DEBUG] Employee：鍾XXXXX
2019-02-11 08:09:40,254: [DEBUG] Employee：鍾XXXXX
2019-02-11 08:09:40,255: [DEBUG] 寫入ad帳號
2019-02-11 08:09:40,273: [DEBUG] 寫入ad帳號
2019-02-11 08:09:40,363: [DEBUG] 寫入ad帳號
2019-02-11 08:09:40,367: [DEBUG] 寫入ad帳號
2019-02-11 08:09:40,406: [DEBUG] 寫入ad帳號
2019-02-11 08:09:40,472: [DEBUG] 寫入ad帳號
2019-02-11 08:09:40,473: [DEBUG] 寫入ad帳號
2019-02-11 08:09:40,488: [DEBUG] Employee：鍾XXXXX
2019-02-11 08:09:40,498: [DEBUG] 寫入ad帳號
2019-02-11 08:09:40,609: [DEBUG] Employee：鍾XXXXX
2019-02-11 08:09:40,613: [DEBUG] 寫入ad帳號
2019-02-11 08:09:40,661: [DEBUG] Employee：鍾XXXXX
2019-02-11 08:09:40,745: [DEBUG] Employee：鍾XXXXX
2019-02-11 08:09:40,745: [DEBUG] 寫入ad帳號
2019-02-11 08:09:40,803: [DEBUG] Employee：鍾XXXXX
2019-02-11 08:09:40,803: [DEBUG] Employee：鍾XXXXX
2019-02-11 08:09:40,803: [DEBUG] Employee：鍾XXXXX
2019-02-11 08:09:40,816: [DEBUG] Employee：鍾XXXXX
2019-02-11 08:09:41,030: [DEBUG] Employee：鍾XXXXX
2019-02-11 08:09:41,055: [DEBUG] 寫入ad帳號
2019-02-11 08:09:41,066: [DEBUG] 寫入ad帳號
2019-02-11 08:09:41,126: [DEBUG] 寫入ad帳號
2019-02-11 08:09:41,181: [DEBUG] Employee：鍾XXXXX
2019-02-11 08:09:41,438: [DEBUG] 寫入ad帳號
2019-02-11 08:09:41,593: [DEBUG] 寫入ad帳號
2019-02-11 08:09:41,597: [DEBUG] Employee：鍾XXXXX
2019-02-11 08:09:41,597: [DEBUG] Employee：鍾XXXXX
2019-02-11 08:09:41,598: [DEBUG] 寫入ad帳號
2019-02-11 08:09:41,599: [DEBUG] 寫入ad帳號
2019-02-11 08:09:41,625: [DEBUG] Employee：鍾XXXXX
2019-02-11 08:09:41,742: [DEBUG] 寫入ad帳號
2019-02-11 08:09:41,785: [DEBUG] Employee：鍾XXXXX
2019-02-11 08:09:41,850: [DEBUG] Employee：鍾XXXXX
2019-02-11 08:09:41,866: [DEBUG] Employee：鍾XXXXX
2019-02-11 08:09:41,888: [DEBUG] Employee：鍾XXXXX
2019-02-11 08:09:41,907: [DEBUG] Employee：鍾XXXXX
2019-02-11 08:09:41,958: [DEBUG] Employee：鍾XXXXX
2019-02-11 08:09:51,398: [DEBUG] 1
2019-02-11 08:09:51,398: [DEBUG] F
2019-02-11 08:12:23,647: [DEBUG] 1
2019-02-11 08:12:23,647: [DEBUG] F
2019-02-11 08:13:05,559: [DEBUG] 1
2019-02-11 08:13:05,559: [DEBUG] F
2019-02-11 08:14:34,351: [DEBUG] 1
2019-02-11 08:14:34,351: [DEBUG] F
2019-02-11 08:16:11,342: [DEBUG] 寫入ad帳號
2019-02-11 08:16:12,417: [DEBUG] Employee：鍾XXXXX
2019-02-11 08:16:13,053: [DEBUG] HomeController:F
2019-02-11 08:16:13,238: [DEBUG] 1
2019-02-11 08:16:13,238: [DEBUG] F
2019-02-11 08:16:13,897: [DEBUG] 寫入ad帳號
2019-02-11 08:16:13,900: [DEBUG] 寫入ad帳號
2019-02-11 08:16:13,907: [DEBUG] 寫入ad帳號
2019-02-11 08:16:13,908: [DEBUG] 寫入ad帳號
2019-02-11 08:16:13,945: [DEBUG] 寫入ad帳號
2019-02-11 08:16:14,059: [DEBUG] Employee：鍾XXXXX
2019-02-11 08:16:14,135: [DEBUG] Employee：鍾XXXXX
2019-02-11 08:16:14,171: [DEBUG] Employee：鍾XXXXX
2019-02-11 08:16:14,182: [DEBUG] Employee：鍾XXXXX
2019-02-11 08:16:14,183: [DEBUG] 寫入ad帳號
2019-02-11 08:16:14,190: [DEBUG] Employee：鍾XXXXX
2019-02-11 08:16:14,256: [DEBUG] 寫入ad帳號
2019-02-11 08:16:14,260: [DEBUG] Employee：鍾XXXXX
2019-02-11 08:16:14,275: [DEBUG] 寫入ad帳號
2019-02-11 08:16:14,337: [DEBUG] Employee：鍾XXXXX
2019-02-11 08:16:14,340: [DEBUG] 寫入ad帳號
2019-02-11 08:16:14,340: [DEBUG] 寫入ad帳號
2019-02-11 08:16:14,367: [DEBUG] Employee：鍾XXXXX
2019-02-11 08:16:14,382: [DEBUG] 寫入ad帳號
2019-02-11 08:16:14,424: [DEBUG] Employee：鍾XXXXX
2019-02-11 08:16:14,442: [DEBUG] Employee：鍾XXXXX
2019-02-11 08:16:14,449: [DEBUG] 寫入ad帳號
2019-02-11 08:16:14,551: [DEBUG] Employee：鍾XXXXX
2019-02-11 08:16:14,552: [DEBUG] 寫入ad帳號
2019-02-11 08:16:14,580: [DEBUG] Employee：鍾XXXXX
2019-02-11 08:16:14,632: [DEBUG] 寫入ad帳號
2019-02-11 08:16:14,666: [DEBUG] Employee：鍾XXXXX
2019-02-11 08:16:14,667: [DEBUG] 寫入ad帳號
2019-02-11 08:16:14,749: [DEBUG] Employee：鍾XXXXX
2019-02-11 08:16:14,758: [DEBUG] 寫入ad帳號
2019-02-11 08:16:14,763: [DEBUG] Employee：鍾XXXXX
2019-02-11 08:16:14,833: [DEBUG] 寫入ad帳號
2019-02-11 08:16:14,928: [DEBUG] 寫入ad帳號
2019-02-11 08:16:14,935: [DEBUG] 寫入ad帳號
2019-02-11 08:16:15,069: [DEBUG] Employee：鍾XXXXX
2019-02-11 08:16:15,069: [DEBUG] 寫入ad帳號
2019-02-11 08:16:15,093: [DEBUG] Employee：鍾XXXXX
2019-02-11 08:16:15,159: [DEBUG] Employee：鍾XXXXX
2019-02-11 08:16:15,159: [DEBUG] Employee：鍾XXXXX
2019-02-11 08:16:15,203: [DEBUG] 寫入ad帳號
2019-02-11 08:16:15,237: [DEBUG] Employee：鍾XXXXX
2019-02-11 08:16:15,279: [DEBUG] 寫入ad帳號
2019-02-11 08:16:15,300: [DEBUG] Employee：鍾XXXXX
2019-02-11 08:16:15,353: [DEBUG] 寫入ad帳號
2019-02-11 08:16:15,362: [DEBUG] 寫入ad帳號
2019-02-11 08:16:15,435: [DEBUG] Employee：鍾XXXXX
2019-02-11 08:16:15,554: [DEBUG] 寫入ad帳號
2019-02-11 08:16:15,556: [DEBUG] Employee：鍾XXXXX
2019-02-11 08:16:15,564: [DEBUG] Employee：鍾XXXXX
2019-02-11 08:16:15,640: [DEBUG] 寫入ad帳號
2019-02-11 08:16:15,682: [DEBUG] Employee：鍾XXXXX
2019-02-11 08:16:15,683: [DEBUG] 寫入ad帳號
2019-02-11 08:16:15,739: [DEBUG] 寫入ad帳號
2019-02-11 08:16:15,772: [DEBUG] Employee：鍾XXXXX
2019-02-11 08:16:15,789: [DEBUG] Employee：鍾XXXXX
2019-02-11 08:16:15,817: [DEBUG] 寫入ad帳號
2019-02-11 08:16:15,859: [DEBUG] Employee：鍾XXXXX
2019-02-11 08:16:15,860: [DEBUG] 寫入ad帳號
2019-02-11 08:16:15,864: [DEBUG] 寫入ad帳號
2019-02-11 08:16:15,976: [DEBUG] Employee：鍾XXXXX
2019-02-11 08:16:16,046: [DEBUG] 寫入ad帳號
2019-02-11 08:16:16,071: [DEBUG] Employee：鍾XXXXX
2019-02-11 08:16:16,072: [DEBUG] 寫入ad帳號
2019-02-11 08:16:16,071: [DEBUG] Employee：鍾XXXXX
2019-02-11 08:16:16,159: [DEBUG] Employee：鍾XXXXX
2019-02-11 08:16:16,195: [DEBUG] 寫入ad帳號
2019-02-11 08:16:16,195: [DEBUG] 寫入ad帳號
2019-02-11 08:16:16,211: [DEBUG] Employee：鍾XXXXX
2019-02-11 08:16:16,212: [DEBUG] 寫入ad帳號
2019-02-11 08:16:16,260: [DEBUG] 寫入ad帳號
2019-02-11 08:16:16,298: [DEBUG] Employee：鍾XXXXX
2019-02-11 08:16:16,311: [DEBUG] Employee：鍾XXXXX
2019-02-11 08:16:16,351: [DEBUG] Employee：鍾XXXXX
2019-02-11 08:16:16,352: [DEBUG] 寫入ad帳號
2019-02-11 08:16:16,375: [DEBUG] Employee：鍾XXXXX
2019-02-11 08:16:16,411: [DEBUG] 寫入ad帳號
2019-02-11 08:16:16,433: [DEBUG] Employee：鍾XXXXX
2019-02-11 08:16:16,434: [DEBUG] 寫入ad帳號
2019-02-11 08:16:16,461: [DEBUG] 寫入ad帳號
2019-02-11 08:16:16,474: [DEBUG] Employee：鍾XXXXX
2019-02-11 08:16:16,492: [DEBUG] Employee：鍾XXXXX
2019-02-11 08:16:16,494: [DEBUG] 寫入ad帳號
2019-02-11 08:16:16,567: [DEBUG] Employee：鍾XXXXX
2019-02-11 08:16:16,567: [DEBUG] Employee：鍾XXXXX
2019-02-11 08:16:21,444: [DEBUG] 寫入ad帳號
2019-02-11 08:16:21,510: [DEBUG] Employee：鍾XXXXX
2019-02-11 08:16:22,749: [DEBUG] 1
2019-02-11 08:16:22,749: [DEBUG] F
2019-02-11 08:20:16,932: [DEBUG] 1
2019-02-11 08:20:16,932: [DEBUG] F
2019-02-11 08:21:27,346: [DEBUG] 1
2019-02-11 08:21:27,347: [DEBUG] F
2019-02-11 08:21:38,893: [DEBUG] 1
2019-02-11 08:21:38,893: [DEBUG] F
2019-02-11 08:21:45,016: [DEBUG] 1
2019-02-11 08:21:45,016: [DEBUG] F
2019-02-11 08:24:19,785: [DEBUG] 寫入ad帳號
2019-02-11 08:24:19,785: [DEBUG] 寫入ad帳號
2019-02-11 08:24:20,822: [DEBUG] Employee：鍾XXXXX
2019-02-11 08:24:20,822: [DEBUG] Employee：鍾XXXXX
2019-02-11 08:24:21,500: [DEBUG] HomeController:F
2019-02-11 08:24:21,685: [DEBUG] 1
2019-02-11 08:24:21,685: [DEBUG] F
2019-02-11 08:24:22,330: [DEBUG] 寫入ad帳號
2019-02-11 08:24:22,332: [DEBUG] 寫入ad帳號
2019-02-11 08:24:22,363: [DEBUG] 寫入ad帳號
2019-02-11 08:24:22,363: [DEBUG] 寫入ad帳號
2019-02-11 08:24:22,461: [DEBUG] Employee：鍾XXXXX
2019-02-11 08:24:22,507: [DEBUG] Employee：鍾XXXXX
2019-02-11 08:24:22,510: [DEBUG] HomeController:F
2019-02-11 08:24:22,512: [DEBUG] 1
2019-02-11 08:24:22,512: [DEBUG] F
2019-02-11 08:24:22,614: [DEBUG] Employee：鍾XXXXX
2019-02-11 08:24:22,681: [DEBUG] Employee：鍾XXXXX
2019-02-11 08:24:22,695: [DEBUG] 寫入ad帳號
2019-02-11 08:24:22,730: [DEBUG] 寫入ad帳號
2019-02-11 08:24:22,742: [DEBUG] Employee：鍾XXXXX
2019-02-11 08:24:22,794: [DEBUG] 寫入ad帳號
2019-02-11 08:24:22,794: [DEBUG] 寫入ad帳號
2019-02-11 08:24:22,911: [DEBUG] Employee：鍾XXXXX
2019-02-11 08:24:22,911: [DEBUG] Employee：鍾XXXXX
2019-02-11 08:24:22,913: [DEBUG] 寫入ad帳號
2019-02-11 08:24:22,928: [DEBUG] Employee：鍾XXXXX
2019-02-11 08:24:22,930: [DEBUG] 寫入ad帳號
2019-02-11 08:24:22,969: [DEBUG] Employee：鍾XXXXX
2019-02-11 08:24:22,981: [DEBUG] Employee：鍾XXXXX
2019-02-11 08:24:22,995: [DEBUG] 寫入ad帳號
2019-02-11 08:24:23,030: [DEBUG] 寫入ad帳號
2019-02-11 08:24:23,139: [DEBUG] Employee：鍾XXXXX
2019-02-11 08:24:23,139: [DEBUG] Employee：鍾XXXXX
2019-02-11 08:24:23,161: [DEBUG] 寫入ad帳號
2019-02-11 08:24:23,178: [DEBUG] 寫入ad帳號
2019-02-11 08:24:23,269: [DEBUG] Employee：鍾XXXXX
2019-02-11 08:24:23,288: [DEBUG] Employee：鍾XXXXX
2019-02-11 08:24:23,296: [DEBUG] 寫入ad帳號
2019-02-11 08:24:23,335: [DEBUG] 寫入ad帳號
2019-02-11 08:24:23,335: [DEBUG] 寫入ad帳號
2019-02-11 08:24:23,426: [DEBUG] Employee：鍾XXXXX
2019-02-11 08:24:23,443: [DEBUG] 寫入ad帳號
2019-02-11 08:24:23,446: [DEBUG] Employee：鍾XXXXX
2019-02-11 08:24:23,446: [DEBUG] Employee：鍾XXXXX
2019-02-11 08:24:23,496: [DEBUG] 寫入ad帳號
2019-02-11 08:24:23,529: [DEBUG] 寫入ad帳號
2019-02-11 08:24:23,585: [DEBUG] Employee：鍾XXXXX
2019-02-11 08:24:23,585: [DEBUG] Employee：鍾XXXXX
2019-02-11 08:24:23,616: [DEBUG] Employee：鍾XXXXX
2019-02-11 08:24:23,690: [DEBUG] 寫入ad帳號
2019-02-11 08:24:23,690: [DEBUG] 寫入ad帳號
2019-02-11 08:24:23,744: [DEBUG] 寫入ad帳號
2019-02-11 08:24:23,806: [DEBUG] Employee：鍾XXXXX
2019-02-11 08:24:23,837: [DEBUG] Employee：鍾XXXXX
2019-02-11 08:24:23,837: [DEBUG] 寫入ad帳號
2019-02-11 08:24:23,887: [DEBUG] Employee：鍾XXXXX
2019-02-11 08:24:24,044: [DEBUG] Employee：鍾XXXXX
2019-02-11 08:24:24,044: [DEBUG] 寫入ad帳號
2019-02-11 08:24:24,077: [DEBUG] 寫入ad帳號
2019-02-11 08:24:24,147: [DEBUG] Employee：鍾XXXXX
2019-02-11 08:24:24,147: [DEBUG] 寫入ad帳號
2019-02-11 08:24:24,162: [DEBUG] Employee：鍾XXXXX
2019-02-11 08:24:24,206: [DEBUG] 寫入ad帳號
2019-02-11 08:24:24,259: [DEBUG] Employee：鍾XXXXX
2019-02-11 08:24:24,291: [DEBUG] 寫入ad帳號
2019-02-11 08:24:24,313: [DEBUG] Employee：鍾XXXXX
2019-02-11 08:24:24,373: [DEBUG] Employee：鍾XXXXX
2019-02-11 08:24:24,385: [DEBUG] 寫入ad帳號
2019-02-11 08:24:24,389: [DEBUG] 寫入ad帳號
2019-02-11 08:24:24,409: [DEBUG] 寫入ad帳號
2019-02-11 08:24:24,563: [DEBUG] 寫入ad帳號
2019-02-11 08:24:24,586: [DEBUG] Employee：鍾XXXXX
2019-02-11 08:24:24,586: [DEBUG] Employee：鍾XXXXX
2019-02-11 08:24:24,586: [DEBUG] Employee：鍾XXXXX
2019-02-11 08:24:24,687: [DEBUG] Employee：鍾XXXXX
2019-02-11 08:24:24,703: [DEBUG] 寫入ad帳號
2019-02-11 08:24:24,757: [DEBUG] 寫入ad帳號
2019-02-11 08:24:24,822: [DEBUG] 寫入ad帳號
2019-02-11 08:24:24,844: [DEBUG] Employee：鍾XXXXX
2019-02-11 08:24:24,844: [DEBUG] Employee：鍾XXXXX
2019-02-11 08:24:24,935: [DEBUG] 寫入ad帳號
2019-02-11 08:24:24,969: [DEBUG] 寫入ad帳號
2019-02-11 08:24:25,008: [DEBUG] 寫入ad帳號
2019-02-11 08:24:25,106: [DEBUG] Employee：鍾XXXXX
2019-02-11 08:24:25,115: [DEBUG] 寫入ad帳號
2019-02-11 08:24:25,127: [DEBUG] Employee：鍾XXXXX
2019-02-11 08:24:25,231: [DEBUG] Employee：鍾XXXXX
2019-02-11 08:24:25,308: [DEBUG] 寫入ad帳號
2019-02-11 08:24:25,321: [DEBUG] Employee：鍾XXXXX
2019-02-11 08:24:25,322: [DEBUG] Employee：鍾XXXXX
2019-02-11 08:24:25,390: [DEBUG] 寫入ad帳號
2019-02-11 08:24:25,509: [DEBUG] Employee：鍾XXXXX
2019-02-11 08:24:25,511: [DEBUG] Employee：鍾XXXXX
2019-02-11 08:25:02,483: [DEBUG] 1
2019-02-11 08:25:02,483: [DEBUG] F
2019-02-11 08:25:14,891: [DEBUG] 寫入ad帳號
2019-02-11 08:25:14,946: [DEBUG] Employee：鍾XXXXX
2019-02-11 08:25:15,087: [DEBUG] 1
2019-02-11 08:25:15,087: [DEBUG] F
2019-02-11 08:25:15,840: [DEBUG] 寫入ad帳號
2019-02-11 08:25:15,903: [DEBUG] 寫入ad帳號
2019-02-11 08:25:15,903: [DEBUG] 寫入ad帳號
2019-02-11 08:25:16,024: [DEBUG] 寫入ad帳號
2019-02-11 08:25:16,078: [DEBUG] 寫入ad帳號
2019-02-11 08:25:16,091: [DEBUG] Employee：鍾XXXXX
2019-02-11 08:25:16,093: [DEBUG] 寫入ad帳號
2019-02-11 08:25:16,179: [DEBUG] Employee：鍾XXXXX
2019-02-11 08:25:16,245: [DEBUG] Employee：鍾XXXXX
2019-02-11 08:25:16,260: [DEBUG] Employee：鍾XXXXX
2019-02-11 08:25:16,268: [DEBUG] Employee：鍾XXXXX
2019-02-11 08:25:16,268: [DEBUG] 寫入ad帳號
2019-02-11 08:25:16,368: [DEBUG] 寫入ad帳號
2019-02-11 08:25:16,368: [DEBUG] Employee：鍾XXXXX
2019-02-11 08:25:16,369: [DEBUG] 寫入ad帳號
2019-02-11 08:25:16,401: [DEBUG] 寫入ad帳號
2019-02-11 08:25:16,421: [DEBUG] 寫入ad帳號
2019-02-11 08:25:16,458: [DEBUG] 寫入ad帳號
2019-02-11 08:25:16,530: [DEBUG] Employee：鍾XXXXX
2019-02-11 08:25:16,542: [DEBUG] Employee：鍾XXXXX
2019-02-11 08:25:16,559: [DEBUG] Employee：鍾XXXXX
2019-02-11 08:25:16,575: [DEBUG] 寫入ad帳號
2019-02-11 08:25:16,586: [DEBUG] 寫入ad帳號
2019-02-11 08:25:16,591: [DEBUG] 寫入ad帳號
2019-02-11 08:25:16,841: [DEBUG] Employee：鍾XXXXX
2019-02-11 08:25:16,952: [DEBUG] Employee：鍾XXXXX
2019-02-11 08:25:16,966: [DEBUG] 寫入ad帳號
2019-02-11 08:25:16,967: [DEBUG] Employee：鍾XXXXX
2019-02-11 08:25:16,996: [DEBUG] Employee：鍾XXXXX
2019-02-11 08:25:17,015: [DEBUG] Employee：鍾XXXXX
2019-02-11 08:25:17,015: [DEBUG] 寫入ad帳號
2019-02-11 08:25:17,026: [DEBUG] 寫入ad帳號
2019-02-11 08:25:17,029: [DEBUG] 寫入ad帳號
2019-02-11 08:25:17,109: [DEBUG] 寫入ad帳號
2019-02-11 08:25:17,177: [DEBUG] Employee：鍾XXXXX
2019-02-11 08:25:17,211: [DEBUG] 寫入ad帳號
2019-02-11 08:25:17,252: [DEBUG] Employee：鍾XXXXX
2019-02-11 08:25:17,303: [DEBUG] 寫入ad帳號
2019-02-11 08:25:17,303: [DEBUG] Employee：鍾XXXXX
2019-02-11 08:25:17,309: [DEBUG] Employee：鍾XXXXX
2019-02-11 08:25:17,344: [DEBUG] Employee：鍾XXXXX
2019-02-11 08:25:17,346: [DEBUG] Employee：鍾XXXXX
2019-02-11 08:25:17,346: [DEBUG] 寫入ad帳號
2019-02-11 08:25:17,347: [DEBUG] 寫入ad帳號
2019-02-11 08:25:17,396: [DEBUG] 寫入ad帳號
2019-02-11 08:25:17,396: [DEBUG] 寫入ad帳號
2019-02-11 08:25:17,419: [DEBUG] Employee：鍾XXXXX
2019-02-11 08:25:17,449: [DEBUG] 寫入ad帳號
2019-02-11 08:25:17,527: [DEBUG] Employee：鍾XXXXX
2019-02-11 08:25:17,546: [DEBUG] Employee：鍾XXXXX
2019-02-11 08:25:17,561: [DEBUG] 寫入ad帳號
2019-02-11 08:25:17,715: [DEBUG] Employee：鍾XXXXX
2019-02-11 08:25:17,747: [DEBUG] 寫入ad帳號
2019-02-11 08:25:17,777: [DEBUG] Employee：鍾XXXXX
2019-02-11 08:25:17,779: [DEBUG] Employee：鍾XXXXX
2019-02-11 08:25:17,835: [DEBUG] 寫入ad帳號
2019-02-11 08:25:17,843: [DEBUG] 寫入ad帳號
2019-02-11 08:25:17,929: [DEBUG] 寫入ad帳號
2019-02-11 08:25:17,946: [DEBUG] Employee：鍾XXXXX
2019-02-11 08:25:18,038: [DEBUG] 寫入ad帳號
2019-02-11 08:25:18,069: [DEBUG] Employee：鍾XXXXX
2019-02-11 08:25:18,080: [DEBUG] Employee：鍾XXXXX
2019-02-11 08:25:18,106: [DEBUG] Employee：鍾XXXXX
2019-02-11 08:25:18,181: [DEBUG] 寫入ad帳號
2019-02-11 08:25:18,290: [DEBUG] 寫入ad帳號
2019-02-11 08:25:18,388: [DEBUG] Employee：鍾XXXXX
2019-02-11 08:25:18,388: [DEBUG] Employee：鍾XXXXX
2019-02-11 08:25:18,414: [DEBUG] Employee：鍾XXXXX
2019-02-11 08:25:18,447: [DEBUG] 寫入ad帳號
2019-02-11 08:25:18,451: [DEBUG] 寫入ad帳號
2019-02-11 08:25:18,520: [DEBUG] 寫入ad帳號
2019-02-11 08:25:18,525: [DEBUG] Employee：鍾XXXXX
2019-02-11 08:25:18,600: [DEBUG] 寫入ad帳號
2019-02-11 08:25:18,653: [DEBUG] Employee：鍾XXXXX
2019-02-11 08:25:18,689: [DEBUG] Employee：鍾XXXXX
2019-02-11 08:25:18,772: [DEBUG] 寫入ad帳號
2019-02-11 08:25:18,772: [DEBUG] 寫入ad帳號
2019-02-11 08:25:18,775: [DEBUG] 寫入ad帳號
2019-02-11 08:25:18,797: [DEBUG] Employee：鍾XXXXX
2019-02-11 08:25:18,797: [DEBUG] Employee：鍾XXXXX
2019-02-11 08:25:18,797: [DEBUG] Employee：鍾XXXXX
2019-02-11 08:25:18,870: [DEBUG] Employee：鍾XXXXX
2019-02-11 08:25:18,884: [DEBUG] Employee：鍾XXXXX
2019-02-11 08:25:18,898: [DEBUG] Employee：鍾XXXXX
2019-02-11 08:26:22,519: [DEBUG] 1
2019-02-11 08:26:22,519: [DEBUG] F
2019-02-11 08:26:42,424: [DEBUG] 1
2019-02-11 08:26:42,424: [DEBUG] F
2019-02-11 08:27:11,513: [DEBUG] 1
2019-02-11 08:27:11,513: [DEBUG] F
2019-02-11 08:28:42,341: [DEBUG] 寫入ad帳號
2019-02-11 08:28:42,341: [DEBUG] 寫入ad帳號
2019-02-11 08:28:43,216: [DEBUG] Employee：鍾XXXXX
2019-02-11 08:28:43,216: [DEBUG] Employee：鍾XXXXX
2019-02-11 08:28:44,054: [DEBUG] HomeController:F
2019-02-11 08:28:44,299: [DEBUG] 1
2019-02-11 08:28:44,300: [DEBUG] F
2019-02-11 08:28:44,840: [DEBUG] 1
2019-02-11 08:28:44,840: [DEBUG] F
2019-02-11 08:28:45,247: [DEBUG] 寫入ad帳號
2019-02-11 08:28:45,323: [DEBUG] 寫入ad帳號
2019-02-11 08:28:45,395: [DEBUG] 寫入ad帳號
2019-02-11 08:28:45,395: [DEBUG] 寫入ad帳號
2019-02-11 08:28:45,413: [DEBUG] Employee：鍾XXXXX
2019-02-11 08:28:45,462: [DEBUG] Employee：鍾XXXXX
2019-02-11 08:28:45,489: [DEBUG] Employee：鍾XXXXX
2019-02-11 08:28:45,493: [DEBUG] 寫入ad帳號
2019-02-11 08:28:45,538: [DEBUG] 寫入ad帳號
2019-02-11 08:28:45,538: [DEBUG] Employee：鍾XXXXX
2019-02-11 08:28:45,556: [DEBUG] Employee：鍾XXXXX
2019-02-11 08:28:45,775: [DEBUG] Employee：鍾XXXXX
2019-02-11 08:28:45,786: [DEBUG] 寫入ad帳號
2019-02-11 08:28:45,787: [DEBUG] 寫入ad帳號
2019-02-11 08:28:45,794: [DEBUG] 寫入ad帳號
2019-02-11 08:28:45,872: [DEBUG] 寫入ad帳號
2019-02-11 08:28:45,955: [DEBUG] 寫入ad帳號
2019-02-11 08:28:45,981: [DEBUG] Employee：鍾XXXXX
2019-02-11 08:28:45,981: [DEBUG] Employee：鍾XXXXX
2019-02-11 08:28:45,981: [DEBUG] Employee：鍾XXXXX
2019-02-11 08:28:46,075: [DEBUG] Employee：鍾XXXXX
2019-02-11 08:28:46,186: [DEBUG] 寫入ad帳號
2019-02-11 08:28:46,236: [DEBUG] Employee：鍾XXXXX
2019-02-11 08:28:46,238: [DEBUG] 寫入ad帳號
2019-02-11 08:28:46,340: [DEBUG] 寫入ad帳號
2019-02-11 08:28:46,340: [DEBUG] Employee：鍾XXXXX
2019-02-11 08:28:46,353: [DEBUG] 寫入ad帳號
2019-02-11 08:28:46,372: [DEBUG] Employee：鍾XXXXX
2019-02-11 08:28:46,372: [DEBUG] 寫入ad帳號
2019-02-11 08:28:46,480: [DEBUG] Employee：鍾XXXXX
2019-02-11 08:28:46,557: [DEBUG] Employee：鍾XXXXX
2019-02-11 08:28:46,558: [DEBUG] 寫入ad帳號
2019-02-11 08:28:46,570: [DEBUG] Employee：鍾XXXXX
2019-02-11 08:28:46,595: [DEBUG] 寫入ad帳號
2019-02-11 08:28:46,839: [DEBUG] 寫入ad帳號
2019-02-11 08:28:46,887: [DEBUG] Employee：鍾XXXXX
2019-02-11 08:28:46,893: [DEBUG] 寫入ad帳號
2019-02-11 08:28:46,962: [DEBUG] Employee：鍾XXXXX
2019-02-11 08:28:47,041: [DEBUG] 寫入ad帳號
2019-02-11 08:28:47,110: [DEBUG] 寫入ad帳號
2019-02-11 08:28:47,153: [DEBUG] Employee：鍾XXXXX
2019-02-11 08:28:47,182: [DEBUG] Employee：鍾XXXXX
2019-02-11 08:28:47,200: [DEBUG] Employee：鍾XXXXX
2019-02-11 08:28:47,220: [DEBUG] Employee：鍾XXXXX
2019-02-11 08:28:47,230: [DEBUG] 寫入ad帳號
2019-02-11 08:28:47,235: [DEBUG] 寫入ad帳號
2019-02-11 08:28:47,321: [DEBUG] Employee：鍾XXXXX
2019-02-11 08:28:47,322: [DEBUG] 寫入ad帳號
2019-02-11 08:28:47,326: [DEBUG] 寫入ad帳號
2019-02-11 08:28:47,340: [DEBUG] Employee：鍾XXXXX
2019-02-11 08:28:47,372: [DEBUG] 寫入ad帳號
2019-02-11 08:28:47,424: [DEBUG] 寫入ad帳號
2019-02-11 08:28:47,439: [DEBUG] Employee：鍾XXXXX
2019-02-11 08:28:47,441: [DEBUG] Employee：鍾XXXXX
2019-02-11 08:28:47,470: [DEBUG] Employee：鍾XXXXX
2019-02-11 08:28:47,482: [DEBUG] Employee：鍾XXXXX
2019-02-11 08:28:47,512: [DEBUG] 寫入ad帳號
2019-02-11 08:28:47,545: [DEBUG] 寫入ad帳號
2019-02-11 08:28:47,547: [DEBUG] 寫入ad帳號
2019-02-11 08:28:47,643: [DEBUG] 寫入ad帳號
2019-02-11 08:28:47,662: [DEBUG] Employee：鍾XXXXX
2019-02-11 08:28:47,663: [DEBUG] Employee：鍾XXXXX
2019-02-11 08:28:47,663: [DEBUG] Employee：鍾XXXXX
2019-02-11 08:28:47,695: [DEBUG] 寫入ad帳號
2019-02-11 08:28:47,695: [DEBUG] 寫入ad帳號
2019-02-11 08:28:47,719: [DEBUG] Employee：鍾XXXXX
2019-02-11 08:28:47,774: [DEBUG] Employee：鍾XXXXX
2019-02-11 08:28:47,774: [DEBUG] Employee：鍾XXXXX
2019-02-11 08:28:47,782: [DEBUG] 寫入ad帳號
2019-02-11 08:28:47,806: [DEBUG] 寫入ad帳號
2019-02-11 08:28:47,900: [DEBUG] 寫入ad帳號
2019-02-11 08:28:47,914: [DEBUG] Employee：鍾XXXXX
2019-02-11 08:28:47,914: [DEBUG] Employee：鍾XXXXX
2019-02-11 08:28:47,915: [DEBUG] 寫入ad帳號
2019-02-11 08:28:47,967: [DEBUG] 寫入ad帳號
2019-02-11 08:28:48,026: [DEBUG] 寫入ad帳號
2019-02-11 08:28:48,040: [DEBUG] Employee：鍾XXXXX
2019-02-11 08:28:48,040: [DEBUG] Employee：鍾XXXXX
2019-02-11 08:28:48,078: [DEBUG] Employee：鍾XXXXX
2019-02-11 08:28:48,078: [DEBUG] Employee：鍾XXXXX
2019-02-11 08:28:48,088: [DEBUG] 寫入ad帳號
2019-02-11 08:28:48,105: [DEBUG] 寫入ad帳號
2019-02-11 08:28:48,172: [DEBUG] Employee：鍾XXXXX
2019-02-11 08:28:48,183: [DEBUG] Employee：鍾XXXXX
2019-02-11 08:30:30,976: [DEBUG] 1
2019-02-11 08:30:30,976: [DEBUG] F
2019-02-11 08:31:24,746: [DEBUG] 1
2019-02-11 08:31:24,747: [DEBUG] F
2019-02-11 08:32:08,257: [DEBUG] 1
2019-02-11 08:32:08,257: [DEBUG] F
2019-02-11 08:37:59,663: [DEBUG] 1
2019-02-11 08:37:59,663: [DEBUG] F
2019-02-11 08:39:12,152: [DEBUG] 1
2019-02-11 08:39:12,152: [DEBUG] F
2019-02-11 08:39:38,093: [DEBUG] 1
2019-02-11 08:39:38,093: [DEBUG] F
2019-02-11 09:03:30,958: [DEBUG] 1
2019-02-11 09:03:30,958: [DEBUG] F
2019-02-11 09:04:43,224: [DEBUG] 1
2019-02-11 09:04:43,224: [DEBUG] F
2019-02-11 09:06:11,687: [DEBUG] 1
2019-02-11 09:06:11,687: [DEBUG] F
2019-02-11 09:07:22,699: [DEBUG] 1
2019-02-11 09:07:22,699: [DEBUG] F
2019-02-11 09:07:59,591: [DEBUG] 1
2019-02-11 09:07:59,592: [DEBUG] F
2019-02-11 09:11:01,444: [DEBUG] 1
2019-02-11 09:11:01,444: [DEBUG] F
2019-02-11 09:11:23,412: [DEBUG] 1
2019-02-11 09:11:23,412: [DEBUG] F
2019-02-11 09:11:47,632: [DEBUG] 1
2019-02-11 09:11:47,632: [DEBUG] F
2019-02-11 09:12:09,825: [DEBUG] 1
2019-02-11 09:12:09,825: [DEBUG] F
2019-02-11 09:13:12,228: [DEBUG] 1
2019-02-11 09:13:12,228: [DEBUG] F
2019-02-11 09:13:50,782: [DEBUG] 1
2019-02-11 09:13:50,782: [DEBUG] F
2019-02-11 09:15:38,849: [DEBUG] 寫入ad帳號
2019-02-11 09:15:39,291: [DEBUG] Employee：鍾XXXXX
2019-02-11 09:15:40,454: [DEBUG] 1
2019-02-11 09:15:40,455: [DEBUG] F
2019-02-11 09:16:24,689: [DEBUG] 寫入ad帳號
2019-02-11 09:16:25,672: [DEBUG] Employee：鍾XXXXX
2019-02-11 09:16:26,517: [DEBUG] HomeController:F
2019-02-11 09:16:26,707: [DEBUG] 1
2019-02-11 09:16:26,707: [DEBUG] F
2019-02-11 09:16:27,435: [DEBUG] 寫入ad帳號
2019-02-11 09:16:27,448: [DEBUG] 寫入ad帳號
2019-02-11 09:16:27,495: [DEBUG] 寫入ad帳號
2019-02-11 09:16:27,552: [DEBUG] 寫入ad帳號
2019-02-11 09:16:27,573: [DEBUG] 寫入ad帳號
2019-02-11 09:16:27,716: [DEBUG] Employee：鍾XXXXX
2019-02-11 09:16:27,853: [DEBUG] Employee：鍾XXXXX
2019-02-11 09:16:27,853: [DEBUG] Employee：鍾XXXXX
2019-02-11 09:16:27,868: [DEBUG] Employee：鍾XXXXX
2019-02-11 09:16:27,869: [DEBUG] Employee：鍾XXXXX
2019-02-11 09:16:27,901: [DEBUG] 寫入ad帳號
2019-02-11 09:16:27,938: [DEBUG] 寫入ad帳號
2019-02-11 09:16:28,005: [DEBUG] 寫入ad帳號
2019-02-11 09:16:28,119: [DEBUG] 寫入ad帳號
2019-02-11 09:16:28,204: [DEBUG] 寫入ad帳號
2019-02-11 09:16:28,247: [DEBUG] Employee：鍾XXXXX
2019-02-11 09:16:28,312: [DEBUG] Employee：鍾XXXXX
2019-02-11 09:16:28,316: [DEBUG] Employee：鍾XXXXX
2019-02-11 09:16:28,316: [DEBUG] 寫入ad帳號
2019-02-11 09:16:28,339: [DEBUG] Employee：鍾XXXXX
2019-02-11 09:16:28,354: [DEBUG] Employee：鍾XXXXX
2019-02-11 09:16:28,393: [DEBUG] 寫入ad帳號
2019-02-11 09:16:28,403: [DEBUG] 寫入ad帳號
2019-02-11 09:16:28,457: [DEBUG] Employee：鍾XXXXX
2019-02-11 09:16:28,457: [DEBUG] 寫入ad帳號
2019-02-11 09:16:28,542: [DEBUG] Employee：鍾XXXXX
2019-02-11 09:16:28,555: [DEBUG] Employee：鍾XXXXX
2019-02-11 09:16:28,570: [DEBUG] Employee：鍾XXXXX
2019-02-11 09:16:28,576: [DEBUG] 寫入ad帳號
2019-02-11 09:16:28,588: [DEBUG] 寫入ad帳號
2019-02-11 09:16:28,621: [DEBUG] 寫入ad帳號
2019-02-11 09:16:28,709: [DEBUG] Employee：鍾XXXXX
2019-02-11 09:16:28,709: [DEBUG] 寫入ad帳號
2019-02-11 09:16:28,728: [DEBUG] Employee：鍾XXXXX
2019-02-11 09:16:28,756: [DEBUG] Employee：鍾XXXXX
2019-02-11 09:16:28,757: [DEBUG] 寫入ad帳號
2019-02-11 09:16:28,785: [DEBUG] Employee：鍾XXXXX
2019-02-11 09:16:28,804: [DEBUG] 寫入ad帳號
2019-02-11 09:16:28,893: [DEBUG] 寫入ad帳號
2019-02-11 09:16:28,894: [DEBUG] 寫入ad帳號
2019-02-11 09:16:28,935: [DEBUG] Employee：鍾XXXXX
2019-02-11 09:16:29,014: [DEBUG] Employee：鍾XXXXX
2019-02-11 09:16:29,025: [DEBUG] Employee：鍾XXXXX
2019-02-11 09:16:29,059: [DEBUG] 寫入ad帳號
2019-02-11 09:16:29,059: [DEBUG] 寫入ad帳號
2019-02-11 09:16:29,124: [DEBUG] Employee：鍾XXXXX
2019-02-11 09:16:29,173: [DEBUG] 寫入ad帳號
2019-02-11 09:16:29,255: [DEBUG] Employee：鍾XXXXX
2019-02-11 09:16:29,273: [DEBUG] Employee：鍾XXXXX
2019-02-11 09:16:29,285: [DEBUG] Employee：鍾XXXXX
2019-02-11 09:16:29,355: [DEBUG] 寫入ad帳號
2019-02-11 09:16:29,409: [DEBUG] 寫入ad帳號
2019-02-11 09:16:29,481: [DEBUG] 寫入ad帳號
2019-02-11 09:16:29,500: [DEBUG] Employee：鍾XXXXX
2019-02-11 09:16:29,514: [DEBUG] Employee：鍾XXXXX
2019-02-11 09:16:29,514: [DEBUG] 寫入ad帳號
2019-02-11 09:16:29,584: [DEBUG] Employee：鍾XXXXX
2019-02-11 09:16:29,610: [DEBUG] 寫入ad帳號
2019-02-11 09:16:29,610: [DEBUG] 寫入ad帳號
2019-02-11 09:16:29,672: [DEBUG] Employee：鍾XXXXX
2019-02-11 09:16:29,735: [DEBUG] Employee：鍾XXXXX
2019-02-11 09:16:29,736: [DEBUG] 寫入ad帳號
2019-02-11 09:16:29,749: [DEBUG] Employee：鍾XXXXX
2019-02-11 09:16:29,859: [DEBUG] 寫入ad帳號
2019-02-11 09:16:29,859: [DEBUG] 寫入ad帳號
2019-02-11 09:16:29,942: [DEBUG] 寫入ad帳號
2019-02-11 09:16:29,974: [DEBUG] Employee：鍾XXXXX
2019-02-11 09:16:30,011: [DEBUG] Employee：鍾XXXXX
2019-02-11 09:16:30,011: [DEBUG] Employee：鍾XXXXX
2019-02-11 09:16:30,095: [DEBUG] 寫入ad帳號
2019-02-11 09:16:30,097: [DEBUG] 寫入ad帳號
2019-02-11 09:16:30,144: [DEBUG] Employee：鍾XXXXX
2019-02-11 09:16:30,188: [DEBUG] Employee：鍾XXXXX
2019-02-11 09:16:30,203: [DEBUG] 寫入ad帳號
2019-02-11 09:16:30,224: [DEBUG] Employee：鍾XXXXX
2019-02-11 09:16:30,310: [DEBUG] 寫入ad帳號
2019-02-11 09:16:30,360: [DEBUG] 寫入ad帳號
2019-02-11 09:16:30,369: [DEBUG] Employee：鍾XXXXX
2019-02-11 09:16:30,466: [DEBUG] 寫入ad帳號
2019-02-11 09:16:30,513: [DEBUG] 寫入ad帳號
2019-02-11 09:16:30,513: [DEBUG] Employee：鍾XXXXX
2019-02-11 09:16:30,533: [DEBUG] Employee：鍾XXXXX
2019-02-11 09:16:30,572: [DEBUG] Employee：鍾XXXXX
2019-02-11 09:16:30,608: [DEBUG] Employee：鍾XXXXX
2019-02-11 09:20:38,744: [DEBUG] 寫入ad帳號
2019-02-11 09:20:38,819: [DEBUG] Employee：鍾XXXXX
2019-02-11 09:20:39,649: [DEBUG] 1
2019-02-11 09:20:39,649: [DEBUG] F
2019-02-11 09:21:37,228: [DEBUG] 1
2019-02-11 09:21:37,228: [DEBUG] F
2019-02-11 09:22:22,897: [DEBUG] 1
2019-02-11 09:22:22,897: [DEBUG] F
2019-02-11 09:23:23,795: [DEBUG] 1
2019-02-11 09:23:23,795: [DEBUG] F
2019-02-11 09:29:38,225: [DEBUG] 1
2019-02-11 09:29:38,225: [DEBUG] F
2019-02-11 09:41:22,994: [DEBUG] 1
2019-02-11 09:41:22,994: [DEBUG] F
2019-02-11 11:08:51,371: [DEBUG] 寫入ad帳號
2019-02-11 11:08:51,723: [DEBUG] Employee：鍾XXXXX
2019-02-11 11:08:52,150: [DEBUG] HomeController:F
2019-02-11 11:08:52,338: [DEBUG] 1
2019-02-11 11:08:52,338: [DEBUG] F
2019-02-11 11:11:49,678: [DEBUG] 寫入ad帳號
2019-02-11 11:11:50,770: [DEBUG] Employee：鍾XXXXX
2019-02-11 11:11:51,354: [DEBUG] HomeController:F
2019-02-11 11:11:51,561: [DEBUG] 1
2019-02-11 11:11:51,561: [DEBUG] F
2019-02-11 11:11:52,231: [DEBUG] 寫入ad帳號
2019-02-11 11:11:52,248: [DEBUG] 寫入ad帳號
2019-02-11 11:11:52,294: [DEBUG] 寫入ad帳號
2019-02-11 11:11:52,296: [DEBUG] 寫入ad帳號
2019-02-11 11:11:52,322: [DEBUG] Employee：鍾XXXXX
2019-02-11 11:11:52,352: [DEBUG] 寫入ad帳號
2019-02-11 11:11:52,450: [DEBUG] Employee：鍾XXXXX
2019-02-11 11:11:52,454: [DEBUG] Employee：鍾XXXXX
2019-02-11 11:11:52,463: [DEBUG] 寫入ad帳號
2019-02-11 11:11:52,558: [DEBUG] Employee：鍾XXXXX
2019-02-11 11:11:52,578: [DEBUG] Employee：鍾XXXXX
2019-02-11 11:11:52,582: [DEBUG] Employee：鍾XXXXX
2019-02-11 11:11:52,622: [DEBUG] 寫入ad帳號
2019-02-11 11:11:52,622: [DEBUG] 寫入ad帳號
2019-02-11 11:11:52,684: [DEBUG] 寫入ad帳號
2019-02-11 11:11:52,784: [DEBUG] 寫入ad帳號
2019-02-11 11:11:52,876: [DEBUG] Employee：鍾XXXXX
2019-02-11 11:11:52,898: [DEBUG] Employee：鍾XXXXX
2019-02-11 11:11:52,899: [DEBUG] 寫入ad帳號
2019-02-11 11:11:52,901: [DEBUG] 寫入ad帳號
2019-02-11 11:11:52,932: [DEBUG] Employee：鍾XXXXX
2019-02-11 11:11:52,988: [DEBUG] Employee：鍾XXXXX
2019-02-11 11:11:52,992: [DEBUG] 寫入ad帳號
2019-02-11 11:11:53,119: [DEBUG] Employee：鍾XXXXX
2019-02-11 11:11:53,123: [DEBUG] Employee：鍾XXXXX
2019-02-11 11:11:53,220: [DEBUG] 寫入ad帳號
2019-02-11 11:11:53,229: [DEBUG] Employee：鍾XXXXX
2019-02-11 11:11:53,256: [DEBUG] 寫入ad帳號
2019-02-11 11:11:53,383: [DEBUG] 寫入ad帳號
2019-02-11 11:11:53,390: [DEBUG] Employee：鍾XXXXX
2019-02-11 11:11:53,390: [DEBUG] Employee：鍾XXXXX
2019-02-11 11:11:53,430: [DEBUG] 寫入ad帳號
2019-02-11 11:11:53,503: [DEBUG] 寫入ad帳號
2019-02-11 11:11:53,527: [DEBUG] Employee：鍾XXXXX
2019-02-11 11:11:53,549: [DEBUG] Employee：鍾XXXXX
2019-02-11 11:11:53,613: [DEBUG] Employee：鍾XXXXX
2019-02-11 11:11:53,656: [DEBUG] 寫入ad帳號
2019-02-11 11:11:53,667: [DEBUG] 寫入ad帳號
2019-02-11 11:11:53,669: [DEBUG] 寫入ad帳號
2019-02-11 11:11:53,731: [DEBUG] 寫入ad帳號
2019-02-11 11:11:53,808: [DEBUG] Employee：鍾XXXXX
2019-02-11 11:11:53,831: [DEBUG] Employee：鍾XXXXX
2019-02-11 11:11:53,831: [DEBUG] Employee：鍾XXXXX
2019-02-11 11:11:53,856: [DEBUG] Employee：鍾XXXXX
2019-02-11 11:11:53,951: [DEBUG] 寫入ad帳號
2019-02-11 11:11:53,998: [DEBUG] 寫入ad帳號
2019-02-11 11:11:54,071: [DEBUG] 寫入ad帳號
2019-02-11 11:11:54,075: [DEBUG] Employee：鍾XXXXX
2019-02-11 11:11:54,093: [DEBUG] 寫入ad帳號
2019-02-11 11:11:54,115: [DEBUG] Employee：鍾XXXXX
2019-02-11 11:11:54,149: [DEBUG] Employee：鍾XXXXX
2019-02-11 11:11:54,215: [DEBUG] Employee：鍾XXXXX
2019-02-11 11:11:54,216: [DEBUG] 寫入ad帳號
2019-02-11 11:11:54,221: [DEBUG] 寫入ad帳號
2019-02-11 11:11:54,322: [DEBUG] 寫入ad帳號
2019-02-11 11:11:54,337: [DEBUG] Employee：鍾XXXXX
2019-02-11 11:11:54,337: [DEBUG] Employee：鍾XXXXX
2019-02-11 11:11:54,368: [DEBUG] Employee：鍾XXXXX
2019-02-11 11:11:54,426: [DEBUG] 寫入ad帳號
2019-02-11 11:11:54,431: [DEBUG] 寫入ad帳號
2019-02-11 11:11:54,451: [DEBUG] 寫入ad帳號
2019-02-11 11:11:54,521: [DEBUG] Employee：鍾XXXXX
2019-02-11 11:11:54,521: [DEBUG] Employee：鍾XXXXX
2019-02-11 11:11:54,532: [DEBUG] Employee：鍾XXXXX
2019-02-11 11:11:54,540: [DEBUG] 寫入ad帳號
2019-02-11 11:11:54,562: [DEBUG] 寫入ad帳號
2019-02-11 11:11:54,632: [DEBUG] 寫入ad帳號
2019-02-11 11:11:54,666: [DEBUG] Employee：鍾XXXXX
2019-02-11 11:11:54,666: [DEBUG] Employee：鍾XXXXX
2019-02-11 11:11:54,677: [DEBUG] Employee：鍾XXXXX
2019-02-11 11:11:54,677: [DEBUG] 寫入ad帳號
2019-02-11 11:11:54,730: [DEBUG] 寫入ad帳號
2019-02-11 11:11:54,782: [DEBUG] Employee：鍾XXXXX
2019-02-11 11:11:54,782: [DEBUG] Employee：鍾XXXXX
2019-02-11 11:11:54,799: [DEBUG] 寫入ad帳號
2019-02-11 11:11:54,844: [DEBUG] Employee：鍾XXXXX
2019-02-11 11:11:54,892: [DEBUG] 寫入ad帳號
2019-02-11 11:11:54,953: [DEBUG] Employee：鍾XXXXX
2019-02-11 11:11:54,965: [DEBUG] 寫入ad帳號
2019-02-11 11:11:55,104: [DEBUG] Employee：鍾XXXXX
2019-02-11 11:11:55,132: [DEBUG] 寫入ad帳號
2019-02-11 11:11:55,196: [DEBUG] 寫入ad帳號
2019-02-11 11:11:55,238: [DEBUG] 寫入ad帳號
2019-02-11 11:11:55,238: [DEBUG] Employee：鍾XXXXX
2019-02-11 11:11:55,335: [DEBUG] Employee：鍾XXXXX
2019-02-11 11:11:55,354: [DEBUG] Employee：鍾XXXXX
2019-02-11 11:12:59,932: [DEBUG] 1
2019-02-11 11:12:59,932: [DEBUG] F
2019-02-11 11:13:28,342: [DEBUG] 1
2019-02-11 11:13:28,342: [DEBUG] F
2019-02-11 11:14:50,389: [DEBUG] 1
2019-02-11 11:14:50,389: [DEBUG] F
2019-02-11 11:20:10,246: [DEBUG] 寫入ad帳號
2019-02-11 11:20:10,246: [DEBUG] 寫入ad帳號
2019-02-11 11:20:11,333: [DEBUG] Employee：鍾XXXXX
2019-02-11 11:20:11,333: [DEBUG] Employee：鍾XXXXX
2019-02-11 11:20:12,093: [DEBUG] HomeController:F
2019-02-11 11:20:12,295: [DEBUG] 1
2019-02-11 11:20:12,295: [DEBUG] F
2019-02-11 11:20:13,289: [DEBUG] 寫入ad帳號
2019-02-11 11:20:13,375: [DEBUG] 寫入ad帳號
2019-02-11 11:20:13,576: [DEBUG] 寫入ad帳號
2019-02-11 11:20:13,577: [DEBUG] 寫入ad帳號
2019-02-11 11:20:13,756: [DEBUG] Employee：鍾XXXXX
2019-02-11 11:20:13,864: [DEBUG] Employee：鍾XXXXX
2019-02-11 11:20:13,879: [DEBUG] Employee：鍾XXXXX
2019-02-11 11:20:13,894: [DEBUG] Employee：鍾XXXXX
2019-02-11 11:20:13,958: [DEBUG] 寫入ad帳號
2019-02-11 11:20:13,958: [DEBUG] 寫入ad帳號
2019-02-11 11:20:14,109: [DEBUG] Employee：鍾XXXXX
2019-02-11 11:20:14,116: [DEBUG] 寫入ad帳號
2019-02-11 11:20:14,116: [DEBUG] 寫入ad帳號
2019-02-11 11:20:14,122: [DEBUG] Employee：鍾XXXXX
2019-02-11 11:20:14,228: [DEBUG] 寫入ad帳號
2019-02-11 11:20:14,243: [DEBUG] 寫入ad帳號
2019-02-11 11:20:14,300: [DEBUG] Employee：鍾XXXXX
2019-02-11 11:20:14,334: [DEBUG] Employee：鍾XXXXX
2019-02-11 11:20:14,343: [DEBUG] 寫入ad帳號
2019-02-11 11:20:14,363: [DEBUG] Employee：鍾XXXXX
2019-02-11 11:20:14,365: [DEBUG] Employee：鍾XXXXX
2019-02-11 11:20:14,365: [DEBUG] 寫入ad帳號
2019-02-11 11:20:14,414: [DEBUG] 寫入ad帳號
2019-02-11 11:20:14,516: [DEBUG] Employee：鍾XXXXX
2019-02-11 11:20:14,552: [DEBUG] Employee：鍾XXXXX
2019-02-11 11:20:14,552: [DEBUG] 寫入ad帳號
2019-02-11 11:20:14,571: [DEBUG] Employee：鍾XXXXX
2019-02-11 11:20:14,575: [DEBUG] 寫入ad帳號
2019-02-11 11:20:14,646: [DEBUG] 寫入ad帳號
2019-02-11 11:20:14,655: [DEBUG] Employee：鍾XXXXX
2019-02-11 11:20:14,697: [DEBUG] 寫入ad帳號
2019-02-11 11:20:14,716: [DEBUG] Employee：鍾XXXXX
2019-02-11 11:20:14,775: [DEBUG] Employee：鍾XXXXX
2019-02-11 11:20:14,786: [DEBUG] 寫入ad帳號
2019-02-11 11:20:14,789: [DEBUG] Employee：鍾XXXXX
2019-02-11 11:20:14,905: [DEBUG] 寫入ad帳號
2019-02-11 11:20:14,925: [DEBUG] Employee：鍾XXXXX
2019-02-11 11:20:14,941: [DEBUG] 寫入ad帳號
2019-02-11 11:20:15,001: [DEBUG] Employee：鍾XXXXX
2019-02-11 11:20:15,012: [DEBUG] Employee：鍾XXXXX
2019-02-11 11:20:15,030: [DEBUG] 寫入ad帳號
2019-02-11 11:20:15,081: [DEBUG] 寫入ad帳號
2019-02-11 11:20:15,097: [DEBUG] Employee：鍾XXXXX
2019-02-11 11:20:15,126: [DEBUG] 寫入ad帳號
2019-02-11 11:20:15,144: [DEBUG] Employee：鍾XXXXX
2019-02-11 11:20:15,199: [DEBUG] Employee：鍾XXXXX
2019-02-11 11:20:15,219: [DEBUG] 寫入ad帳號
2019-02-11 11:20:15,274: [DEBUG] 寫入ad帳號
2019-02-11 11:20:15,328: [DEBUG] 寫入ad帳號
2019-02-11 11:20:15,343: [DEBUG] Employee：鍾XXXXX
2019-02-11 11:20:15,404: [DEBUG] 寫入ad帳號
2019-02-11 11:20:15,408: [DEBUG] Employee：鍾XXXXX
2019-02-11 11:20:15,408: [DEBUG] Employee：鍾XXXXX
2019-02-11 11:20:15,458: [DEBUG] Employee：鍾XXXXX
2019-02-11 11:20:15,503: [DEBUG] 寫入ad帳號
2019-02-11 11:20:15,566: [DEBUG] 寫入ad帳號
2019-02-11 11:20:15,654: [DEBUG] Employee：鍾XXXXX
2019-02-11 11:20:15,666: [DEBUG] Employee：鍾XXXXX
2019-02-11 11:20:15,675: [DEBUG] 寫入ad帳號
2019-02-11 11:20:15,705: [DEBUG] 寫入ad帳號
2019-02-11 11:20:15,760: [DEBUG] Employee：鍾XXXXX
2019-02-11 11:20:15,771: [DEBUG] Employee：鍾XXXXX
2019-02-11 11:20:15,782: [DEBUG] 寫入ad帳號
2019-02-11 11:20:15,908: [DEBUG] Employee：鍾XXXXX
2019-02-11 11:20:15,908: [DEBUG] 寫入ad帳號
2019-02-11 11:20:15,957: [DEBUG] 寫入ad帳號
2019-02-11 11:20:16,001: [DEBUG] Employee：鍾XXXXX
2019-02-11 11:20:16,014: [DEBUG] Employee：鍾XXXXX
2019-02-11 11:20:16,029: [DEBUG] 寫入ad帳號
2019-02-11 11:20:16,093: [DEBUG] 寫入ad帳號
2019-02-11 11:20:16,134: [DEBUG] Employee：鍾XXXXX
2019-02-11 11:20:16,172: [DEBUG] 寫入ad帳號
2019-02-11 11:20:16,225: [DEBUG] Employee：鍾XXXXX
2019-02-11 11:20:16,238: [DEBUG] Employee：鍾XXXXX
2019-02-11 11:20:16,248: [DEBUG] 寫入ad帳號
2019-02-11 11:20:16,307: [DEBUG] 寫入ad帳號
2019-02-11 11:20:16,405: [DEBUG] Employee：鍾XXXXX
2019-02-11 11:20:16,416: [DEBUG] Employee：鍾XXXXX
2019-02-11 11:20:16,419: [DEBUG] 寫入ad帳號
2019-02-11 11:20:16,526: [DEBUG] 寫入ad帳號
2019-02-11 11:20:16,529: [DEBUG] 寫入ad帳號
2019-02-11 11:20:16,624: [DEBUG] Employee：鍾XXXXX
2019-02-11 11:20:16,687: [DEBUG] 寫入ad帳號
2019-02-11 11:20:16,699: [DEBUG] Employee：鍾XXXXX
2019-02-11 11:20:16,731: [DEBUG] Employee：鍾XXXXX
2019-02-11 11:20:16,879: [DEBUG] Employee：鍾XXXXX
2019-02-11 11:20:20,617: [DEBUG] 1
2019-02-11 11:20:20,617: [DEBUG] F
2019-02-11 11:20:21,567: [DEBUG] 1
2019-02-11 11:20:21,567: [DEBUG] F
2019-02-11 11:20:23,373: [DEBUG] 寫入ad帳號
2019-02-11 11:20:23,419: [DEBUG] 寫入ad帳號
2019-02-11 11:20:23,492: [DEBUG] 寫入ad帳號
2019-02-11 11:20:23,492: [DEBUG] 寫入ad帳號
2019-02-11 11:20:23,958: [DEBUG] Employee：鍾XXXXX
2019-02-11 11:20:24,002: [DEBUG] Employee：鍾XXXXX
2019-02-11 11:20:24,002: [DEBUG] Employee：鍾XXXXX
2019-02-11 11:20:24,014: [DEBUG] 寫入ad帳號
2019-02-11 11:20:24,017: [DEBUG] Employee：鍾XXXXX
2019-02-11 11:20:24,018: [DEBUG] 寫入ad帳號
2019-02-11 11:20:24,125: [DEBUG] 寫入ad帳號
2019-02-11 11:20:24,135: [DEBUG] 寫入ad帳號
2019-02-11 11:20:24,548: [DEBUG] Employee：鍾XXXXX
2019-02-11 11:20:24,576: [DEBUG] Employee：鍾XXXXX
2019-02-11 11:20:24,634: [DEBUG] Employee：鍾XXXXX
2019-02-11 11:20:24,657: [DEBUG] Employee：鍾XXXXX
2019-02-11 11:20:24,675: [DEBUG] 寫入ad帳號
2019-02-11 11:20:24,744: [DEBUG] 寫入ad帳號
2019-02-11 11:20:24,800: [DEBUG] 寫入ad帳號
2019-02-11 11:20:24,927: [DEBUG] 寫入ad帳號
2019-02-11 11:20:24,991: [DEBUG] Employee：鍾XXXXX
2019-02-11 11:20:25,056: [DEBUG] Employee：鍾XXXXX
2019-02-11 11:20:25,057: [DEBUG] 寫入ad帳號
2019-02-11 11:20:25,058: [DEBUG] Employee：鍾XXXXX
2019-02-11 11:20:25,078: [DEBUG] Employee：鍾XXXXX
2019-02-11 11:20:25,097: [DEBUG] 寫入ad帳號
2019-02-11 11:20:25,151: [DEBUG] 寫入ad帳號
2019-02-11 11:20:25,152: [DEBUG] 寫入ad帳號
2019-02-11 11:20:25,169: [DEBUG] Employee：鍾XXXXX
2019-02-11 11:20:25,216: [DEBUG] 寫入ad帳號
2019-02-11 11:20:25,290: [DEBUG] 寫入ad帳號
2019-02-11 11:20:25,304: [DEBUG] Employee：鍾XXXXX
2019-02-11 11:20:25,360: [DEBUG] Employee：鍾XXXXX
2019-02-11 11:20:25,404: [DEBUG] 寫入ad帳號
2019-02-11 11:20:25,407: [DEBUG] Employee：鍾XXXXX
2019-02-11 11:20:25,408: [DEBUG] Employee：鍾XXXXX
2019-02-11 11:20:25,471: [DEBUG] 寫入ad帳號
2019-02-11 11:20:25,573: [DEBUG] Employee：鍾XXXXX
2019-02-11 11:20:25,574: [DEBUG] 寫入ad帳號
2019-02-11 11:20:25,598: [DEBUG] Employee：鍾XXXXX
2019-02-11 11:20:25,601: [DEBUG] 寫入ad帳號
2019-02-11 11:20:25,656: [DEBUG] Employee：鍾XXXXX
2019-02-11 11:20:25,656: [DEBUG] Employee：鍾XXXXX
2019-02-11 11:20:25,684: [DEBUG] 寫入ad帳號
2019-02-11 11:20:25,745: [DEBUG] Employee：鍾XXXXX
2019-02-11 11:20:25,826: [DEBUG] 寫入ad帳號
2019-02-11 11:20:25,826: [DEBUG] 寫入ad帳號
2019-02-11 11:20:25,891: [DEBUG] Employee：鍾XXXXX
2019-02-11 11:20:25,891: [DEBUG] 寫入ad帳號
2019-02-11 11:20:25,969: [DEBUG] Employee：鍾XXXXX
2019-02-11 11:20:26,003: [DEBUG] Employee：鍾XXXXX
2019-02-11 11:20:26,003: [DEBUG] 寫入ad帳號
2019-02-11 11:20:26,032: [DEBUG] Employee：鍾XXXXX
2019-02-11 11:20:27,235: [DEBUG] 寫入ad帳號
2019-02-11 11:20:27,238: [DEBUG] 寫入ad帳號
2019-02-11 11:20:27,238: [DEBUG] 寫入ad帳號
2019-02-11 11:20:27,282: [DEBUG] Employee：鍾XXXXX
2019-02-11 11:20:27,385: [DEBUG] Employee：鍾XXXXX
2019-02-11 11:20:27,393: [DEBUG] 寫入ad帳號
2019-02-11 11:20:27,409: [DEBUG] Employee：鍾XXXXX
2019-02-11 11:20:27,409: [DEBUG] Employee：鍾XXXXX
2019-02-11 11:20:27,480: [DEBUG] 寫入ad帳號
2019-02-11 11:20:27,555: [DEBUG] Employee：鍾XXXXX
2019-02-11 11:20:27,555: [DEBUG] 寫入ad帳號
2019-02-11 11:20:27,566: [DEBUG] 寫入ad帳號
2019-02-11 11:20:27,640: [DEBUG] Employee：鍾XXXXX
2019-02-11 11:20:27,718: [DEBUG] 寫入ad帳號
2019-02-11 11:20:27,742: [DEBUG] Employee：鍾XXXXX
2019-02-11 11:20:27,786: [DEBUG] Employee：鍾XXXXX
2019-02-11 11:20:27,888: [DEBUG] 寫入ad帳號
2019-02-11 11:20:27,991: [DEBUG] 寫入ad帳號
2019-02-11 11:20:28,006: [DEBUG] Employee：鍾XXXXX
2019-02-11 11:20:28,067: [DEBUG] 寫入ad帳號
2019-02-11 11:20:28,079: [DEBUG] Employee：鍾XXXXX
2019-02-11 11:20:28,136: [DEBUG] 寫入ad帳號
2019-02-11 11:20:28,204: [DEBUG] 寫入ad帳號
2019-02-11 11:20:28,224: [DEBUG] Employee：鍾XXXXX
2019-02-11 11:20:28,324: [DEBUG] Employee：鍾XXXXX
2019-02-11 11:20:28,374: [DEBUG] Employee：鍾XXXXX
2019-02-11 11:20:28,377: [DEBUG] 寫入ad帳號
2019-02-11 11:20:28,436: [DEBUG] 寫入ad帳號
2019-02-11 11:20:28,452: [DEBUG] Employee：鍾XXXXX
2019-02-11 11:20:28,518: [DEBUG] Employee：鍾XXXXX
2019-02-11 11:20:28,674: [DEBUG] Employee：鍾XXXXX
2019-02-11 13:16:35,119: [DEBUG] 寫入ad帳號
2019-02-11 13:16:35,119: [DEBUG] 寫入ad帳號
2019-02-11 13:16:35,592: [DEBUG] Employee：鍾XXXXX
2019-02-11 13:16:35,592: [DEBUG] Employee：鍾XXXXX
2019-02-11 13:16:36,676: [DEBUG] 1
2019-02-11 13:16:36,677: [DEBUG] F
2019-02-11 13:16:37,236: [DEBUG] 1
2019-02-11 13:16:37,236: [DEBUG] F
2019-02-11 13:18:01,618: [DEBUG] 寫入ad帳號
2019-02-11 13:18:02,434: [DEBUG] Employee：鍾XXXXX
2019-02-11 13:18:03,158: [DEBUG] HomeController:F
2019-02-11 13:18:03,341: [DEBUG] 1
2019-02-11 13:18:03,341: [DEBUG] F
2019-02-11 13:18:03,982: [DEBUG] 寫入ad帳號
2019-02-11 13:18:04,037: [DEBUG] 寫入ad帳號
2019-02-11 13:18:04,037: [DEBUG] 寫入ad帳號
2019-02-11 13:18:04,131: [DEBUG] 寫入ad帳號
2019-02-11 13:18:04,133: [DEBUG] 寫入ad帳號
2019-02-11 13:18:04,188: [DEBUG] Employee：鍾XXXXX
2019-02-11 13:18:04,301: [DEBUG] Employee：鍾XXXXX
2019-02-11 13:18:04,321: [DEBUG] Employee：鍾XXXXX
2019-02-11 13:18:04,321: [DEBUG] Employee：鍾XXXXX
2019-02-11 13:18:04,343: [DEBUG] Employee：鍾XXXXX
2019-02-11 13:18:04,353: [DEBUG] 寫入ad帳號
2019-02-11 13:18:04,404: [DEBUG] 寫入ad帳號
2019-02-11 13:18:04,408: [DEBUG] 寫入ad帳號
2019-02-11 13:18:04,443: [DEBUG] 寫入ad帳號
2019-02-11 13:18:04,481: [DEBUG] Employee：鍾XXXXX
2019-02-11 13:18:04,498: [DEBUG] Employee：鍾XXXXX
2019-02-11 13:18:04,498: [DEBUG] Employee：鍾XXXXX
2019-02-11 13:18:04,515: [DEBUG] 寫入ad帳號
2019-02-11 13:18:04,525: [DEBUG] Employee：鍾XXXXX
2019-02-11 13:18:04,610: [DEBUG] 寫入ad帳號
2019-02-11 13:18:04,650: [DEBUG] 寫入ad帳號
2019-02-11 13:18:04,671: [DEBUG] Employee：鍾XXXXX
2019-02-11 13:18:04,671: [DEBUG] 寫入ad帳號
2019-02-11 13:18:04,716: [DEBUG] Employee：鍾XXXXX
2019-02-11 13:18:04,731: [DEBUG] Employee：鍾XXXXX
2019-02-11 13:18:04,732: [DEBUG] 寫入ad帳號
2019-02-11 13:18:04,745: [DEBUG] Employee：鍾XXXXX
2019-02-11 13:18:04,785: [DEBUG] Employee：鍾XXXXX
2019-02-11 13:18:04,808: [DEBUG] 寫入ad帳號
2019-02-11 13:18:04,823: [DEBUG] 寫入ad帳號
2019-02-11 13:18:04,932: [DEBUG] 寫入ad帳號
2019-02-11 13:18:04,934: [DEBUG] 寫入ad帳號
2019-02-11 13:18:04,971: [DEBUG] Employee：鍾XXXXX
2019-02-11 13:18:05,003: [DEBUG] Employee：鍾XXXXX
2019-02-11 13:18:05,011: [DEBUG] 寫入ad帳號
2019-02-11 13:18:05,016: [DEBUG] Employee：鍾XXXXX
2019-02-11 13:18:05,016: [DEBUG] Employee：鍾XXXXX
2019-02-11 13:18:05,121: [DEBUG] 寫入ad帳號
2019-02-11 13:18:05,254: [DEBUG] 寫入ad帳號
2019-02-11 13:18:05,263: [DEBUG] 寫入ad帳號
2019-02-11 13:18:05,301: [DEBUG] Employee：鍾XXXXX
2019-02-11 13:18:05,315: [DEBUG] 寫入ad帳號
2019-02-11 13:18:05,357: [DEBUG] Employee：鍾XXXXX
2019-02-11 13:18:05,452: [DEBUG] Employee：鍾XXXXX
2019-02-11 13:18:05,513: [DEBUG] Employee：鍾XXXXX
2019-02-11 13:18:05,513: [DEBUG] Employee：鍾XXXXX
2019-02-11 13:18:05,587: [DEBUG] 寫入ad帳號
2019-02-11 13:18:05,637: [DEBUG] 寫入ad帳號
2019-02-11 13:18:05,653: [DEBUG] 寫入ad帳號
2019-02-11 13:18:05,715: [DEBUG] Employee：鍾XXXXX
2019-02-11 13:18:05,715: [DEBUG] Employee：鍾XXXXX
2019-02-11 13:18:05,739: [DEBUG] 寫入ad帳號
2019-02-11 13:18:05,777: [DEBUG] Employee：鍾XXXXX
2019-02-11 13:18:05,779: [DEBUG] 寫入ad帳號
2019-02-11 13:18:05,898: [DEBUG] Employee：鍾XXXXX
2019-02-11 13:18:05,935: [DEBUG] 寫入ad帳號
2019-02-11 13:18:05,955: [DEBUG] Employee：鍾XXXXX
2019-02-11 13:18:05,981: [DEBUG] 寫入ad帳號
2019-02-11 13:18:05,982: [DEBUG] 寫入ad帳號
2019-02-11 13:18:06,072: [DEBUG] Employee：鍾XXXXX
2019-02-11 13:18:06,139: [DEBUG] Employee：鍾XXXXX
2019-02-11 13:18:06,150: [DEBUG] Employee：鍾XXXXX
2019-02-11 13:18:06,152: [DEBUG] 寫入ad帳號
2019-02-11 13:18:06,245: [DEBUG] 寫入ad帳號
2019-02-11 13:18:06,249: [DEBUG] 寫入ad帳號
2019-02-11 13:18:06,296: [DEBUG] Employee：鍾XXXXX
2019-02-11 13:18:06,321: [DEBUG] Employee：鍾XXXXX
2019-02-11 13:18:06,362: [DEBUG] 寫入ad帳號
2019-02-11 13:18:06,371: [DEBUG] Employee：鍾XXXXX
2019-02-11 13:18:06,372: [DEBUG] 寫入ad帳號
2019-02-11 13:18:06,429: [DEBUG] 寫入ad帳號
2019-02-11 13:18:06,457: [DEBUG] 寫入ad帳號
2019-02-11 13:18:06,498: [DEBUG] Employee：鍾XXXXX
2019-02-11 13:18:06,511: [DEBUG] Employee：鍾XXXXX
2019-02-11 13:18:06,557: [DEBUG] Employee：鍾XXXXX
2019-02-11 13:18:06,572: [DEBUG] Employee：鍾XXXXX
2019-02-11 13:18:06,578: [DEBUG] 寫入ad帳號
2019-02-11 13:18:06,635: [DEBUG] 寫入ad帳號
2019-02-11 13:18:06,636: [DEBUG] 寫入ad帳號
2019-02-11 13:18:06,670: [DEBUG] 寫入ad帳號
2019-02-11 13:18:06,737: [DEBUG] Employee：鍾XXXXX
2019-02-11 13:18:06,750: [DEBUG] Employee：鍾XXXXX
2019-02-11 13:18:06,794: [DEBUG] Employee：鍾XXXXX
2019-02-11 13:18:06,794: [DEBUG] Employee：鍾XXXXX
2019-02-11 13:21:25,064: [DEBUG] 寫入ad帳號
2019-02-11 13:21:25,155: [DEBUG] Employee：鍾XXXXX
2019-02-11 13:21:44,155: [DEBUG] 1
2019-02-11 13:21:44,155: [DEBUG] F
2019-02-11 13:27:01,587: [DEBUG] 寫入ad帳號
2019-02-11 13:27:02,422: [DEBUG] Employee：鍾XXXXX
2019-02-11 13:27:03,153: [DEBUG] HomeController:F
2019-02-11 13:27:03,342: [DEBUG] 1
2019-02-11 13:27:03,345: [DEBUG] F
2019-02-11 13:27:03,939: [DEBUG] 寫入ad帳號
2019-02-11 13:27:03,958: [DEBUG] 寫入ad帳號
2019-02-11 13:27:03,958: [DEBUG] 寫入ad帳號
2019-02-11 13:27:04,021: [DEBUG] 寫入ad帳號
2019-02-11 13:27:04,084: [DEBUG] 寫入ad帳號
2019-02-11 13:27:04,163: [DEBUG] Employee：鍾XXXXX
2019-02-11 13:27:04,238: [DEBUG] Employee：鍾XXXXX
2019-02-11 13:27:04,245: [DEBUG] 寫入ad帳號
2019-02-11 13:27:04,255: [DEBUG] Employee：鍾XXXXX
2019-02-11 13:27:04,284: [DEBUG] Employee：鍾XXXXX
2019-02-11 13:27:04,290: [DEBUG] Employee：鍾XXXXX
2019-02-11 13:27:04,320: [DEBUG] 寫入ad帳號
2019-02-11 13:27:04,320: [DEBUG] 寫入ad帳號
2019-02-11 13:27:04,360: [DEBUG] 寫入ad帳號
2019-02-11 13:27:04,408: [DEBUG] 寫入ad帳號
2019-02-11 13:27:04,441: [DEBUG] Employee：鍾XXXXX
2019-02-11 13:27:04,450: [DEBUG] 寫入ad帳號
2019-02-11 13:27:04,487: [DEBUG] Employee：鍾XXXXX
2019-02-11 13:27:04,487: [DEBUG] Employee：鍾XXXXX
2019-02-11 13:27:04,566: [DEBUG] 寫入ad帳號
2019-02-11 13:27:04,584: [DEBUG] 寫入ad帳號
2019-02-11 13:27:04,586: [DEBUG] Employee：鍾XXXXX
2019-02-11 13:27:04,658: [DEBUG] 寫入ad帳號
2019-02-11 13:27:04,674: [DEBUG] Employee：鍾XXXXX
2019-02-11 13:27:04,676: [DEBUG] Employee：鍾XXXXX
2019-02-11 13:27:04,711: [DEBUG] 寫入ad帳號
2019-02-11 13:27:04,785: [DEBUG] Employee：鍾XXXXX
2019-02-11 13:27:04,785: [DEBUG] Employee：鍾XXXXX
2019-02-11 13:27:04,786: [DEBUG] 寫入ad帳號
2019-02-11 13:27:04,940: [DEBUG] Employee：鍾XXXXX
2019-02-11 13:27:04,967: [DEBUG] Employee：鍾XXXXX
2019-02-11 13:27:05,024: [DEBUG] Employee：鍾XXXXX
2019-02-11 13:27:22,380: [DEBUG] 寫入ad帳號
2019-02-11 13:27:22,585: [DEBUG] Employee：鍾XXXXX
2019-02-11 13:27:25,853: [DEBUG] 1
2019-02-11 13:27:25,853: [DEBUG] F
2019-02-11 13:27:26,253: [DEBUG] 寫入ad帳號
2019-02-11 13:27:26,267: [DEBUG] 寫入ad帳號
2019-02-11 13:27:26,416: [DEBUG] 寫入ad帳號
2019-02-11 13:27:26,421: [DEBUG] 寫入ad帳號
2019-02-11 13:27:26,470: [DEBUG] Employee：鍾XXXXX
2019-02-11 13:27:26,487: [DEBUG] Employee：鍾XXXXX
2019-02-11 13:27:26,487: [DEBUG] 寫入ad帳號
2019-02-11 13:27:26,488: [DEBUG] 寫入ad帳號
2019-02-11 13:27:26,573: [DEBUG] Employee：鍾XXXXX
2019-02-11 13:27:26,574: [DEBUG] Employee：鍾XXXXX
2019-02-11 13:27:26,602: [DEBUG] Employee：鍾XXXXX
2019-02-11 13:27:26,682: [DEBUG] 寫入ad帳號
2019-02-11 13:27:26,685: [DEBUG] Employee：鍾XXXXX
2019-02-11 13:27:26,686: [DEBUG] 寫入ad帳號
2019-02-11 13:27:26,725: [DEBUG] 寫入ad帳號
2019-02-11 13:27:26,774: [DEBUG] 寫入ad帳號
2019-02-11 13:27:26,884: [DEBUG] Employee：鍾XXXXX
2019-02-11 13:27:26,884: [DEBUG] Employee：鍾XXXXX
2019-02-11 13:27:26,898: [DEBUG] 寫入ad帳號
2019-02-11 13:27:26,898: [DEBUG] 寫入ad帳號
2019-02-11 13:27:26,929: [DEBUG] Employee：鍾XXXXX
2019-02-11 13:27:27,015: [DEBUG] 寫入ad帳號
2019-02-11 13:27:27,090: [DEBUG] Employee：鍾XXXXX
2019-02-11 13:27:27,090: [DEBUG] Employee：鍾XXXXX
2019-02-11 13:27:27,091: [DEBUG] 寫入ad帳號
2019-02-11 13:27:27,091: [DEBUG] 寫入ad帳號
2019-02-11 13:27:27,110: [DEBUG] Employee：鍾XXXXX
2019-02-11 13:27:27,174: [DEBUG] 寫入ad帳號
2019-02-11 13:27:27,235: [DEBUG] Employee：鍾XXXXX
2019-02-11 13:27:27,235: [DEBUG] Employee：鍾XXXXX
2019-02-11 13:27:27,235: [DEBUG] 寫入ad帳號
2019-02-11 13:27:27,235: [DEBUG] 寫入ad帳號
2019-02-11 13:27:27,291: [DEBUG] Employee：鍾XXXXX
2019-02-11 13:27:27,291: [DEBUG] Employee：鍾XXXXX
2019-02-11 13:27:27,301: [DEBUG] 寫入ad帳號
2019-02-11 13:27:27,359: [DEBUG] Employee：鍾XXXXX
2019-02-11 13:27:27,359: [DEBUG] Employee：鍾XXXXX
2019-02-11 13:27:27,360: [DEBUG] 寫入ad帳號
2019-02-11 13:27:27,360: [DEBUG] 寫入ad帳號
2019-02-11 13:27:27,360: [DEBUG] 寫入ad帳號
2019-02-11 13:27:27,566: [DEBUG] Employee：鍾XXXXX
2019-02-11 13:27:27,566: [DEBUG] Employee：鍾XXXXX
2019-02-11 13:27:27,566: [DEBUG] Employee：鍾XXXXX
2019-02-11 13:27:27,572: [DEBUG] 寫入ad帳號
2019-02-11 13:27:27,572: [DEBUG] 寫入ad帳號
2019-02-11 13:27:27,582: [DEBUG] Employee：鍾XXXXX
2019-02-11 13:27:27,582: [DEBUG] 寫入ad帳號
2019-02-11 13:27:27,726: [DEBUG] 寫入ad帳號
2019-02-11 13:27:27,842: [DEBUG] Employee：鍾XXXXX
2019-02-11 13:27:27,858: [DEBUG] 寫入ad帳號
2019-02-11 13:27:27,899: [DEBUG] Employee：鍾XXXXX
2019-02-11 13:27:27,900: [DEBUG] 寫入ad帳號
2019-02-11 13:27:27,978: [DEBUG] Employee：鍾XXXXX
2019-02-11 13:27:28,018: [DEBUG] Employee：鍾XXXXX
2019-02-11 13:27:28,114: [DEBUG] 寫入ad帳號
2019-02-11 13:27:28,158: [DEBUG] 寫入ad帳號
2019-02-11 13:27:28,158: [DEBUG] Employee：鍾XXXXX
2019-02-11 13:27:28,158: [DEBUG] Employee：鍾XXXXX
2019-02-11 13:27:28,159: [DEBUG] 寫入ad帳號
2019-02-11 13:27:28,165: [DEBUG] 寫入ad帳號
2019-02-11 13:27:28,359: [DEBUG] 寫入ad帳號
2019-02-11 13:27:28,359: [DEBUG] 寫入ad帳號
2019-02-11 13:27:28,474: [DEBUG] Employee：鍾XXXXX
2019-02-11 13:27:28,568: [DEBUG] Employee：鍾XXXXX
2019-02-11 13:27:28,568: [DEBUG] Employee：鍾XXXXX
2019-02-11 13:27:28,585: [DEBUG] Employee：鍾XXXXX
2019-02-11 13:27:28,590: [DEBUG] Employee：鍾XXXXX
2019-02-11 13:27:28,651: [DEBUG] 寫入ad帳號
2019-02-11 13:27:28,651: [DEBUG] 寫入ad帳號
2019-02-11 13:27:28,653: [DEBUG] Employee：鍾XXXXX
2019-02-11 13:27:28,653: [DEBUG] 寫入ad帳號
2019-02-11 13:27:28,703: [DEBUG] 寫入ad帳號
2019-02-11 13:27:28,703: [DEBUG] 寫入ad帳號
2019-02-11 13:27:28,739: [DEBUG] 寫入ad帳號
2019-02-11 13:27:28,803: [DEBUG] Employee：鍾XXXXX
2019-02-11 13:27:28,803: [DEBUG] Employee：鍾XXXXX
2019-02-11 13:27:28,825: [DEBUG] Employee：鍾XXXXX
2019-02-11 13:27:28,847: [DEBUG] Employee：鍾XXXXX
2019-02-11 13:27:28,859: [DEBUG] 寫入ad帳號
2019-02-11 13:27:28,859: [DEBUG] 寫入ad帳號
2019-02-11 13:27:28,892: [DEBUG] Employee：鍾XXXXX
2019-02-11 13:27:28,924: [DEBUG] Employee：鍾XXXXX
2019-02-11 13:27:28,943: [DEBUG] Employee：鍾XXXXX
2019-02-11 13:27:28,961: [DEBUG] Employee：鍾XXXXX
2019-02-11 13:31:08,766: [DEBUG] 寫入ad帳號
2019-02-11 13:31:08,941: [DEBUG] 寫入ad帳號
2019-02-11 13:31:08,965: [DEBUG] 寫入ad帳號
2019-02-11 13:31:09,098: [DEBUG] Employee：鍾XXXXX
2019-02-11 13:31:09,098: [DEBUG] Employee：鍾XXXXX
2019-02-11 13:31:09,109: [DEBUG] Employee：鍾XXXXX
2019-02-11 13:31:10,003: [DEBUG] 寫入ad帳號
2019-02-11 13:31:10,040: [DEBUG] 寫入ad帳號
2019-02-11 13:31:10,159: [DEBUG] 寫入ad帳號
2019-02-11 13:31:10,185: [DEBUG] 寫入ad帳號
2019-02-11 13:31:10,186: [DEBUG] Employee：鍾XXXXX
2019-02-11 13:31:10,212: [DEBUG] Employee：鍾XXXXX
2019-02-11 13:31:10,244: [DEBUG] Employee：鍾XXXXX
2019-02-11 13:31:10,255: [DEBUG] Employee：鍾XXXXX
2019-02-11 13:31:29,595: [DEBUG] 寫入ad帳號
2019-02-11 13:31:29,597: [DEBUG] 寫入ad帳號
2019-02-11 13:31:29,675: [DEBUG] 寫入ad帳號
2019-02-11 13:31:29,770: [DEBUG] Employee：鍾XXXXX
2019-02-11 13:31:29,770: [DEBUG] Employee：鍾XXXXX
2019-02-11 13:31:29,802: [DEBUG] Employee：鍾XXXXX
2019-02-11 13:31:29,958: [DEBUG] 寫入ad帳號
2019-02-11 13:31:29,992: [DEBUG] 寫入ad帳號
2019-02-11 13:31:30,017: [DEBUG] 寫入ad帳號
2019-02-11 13:31:30,337: [DEBUG] Employee：鍾XXXXX
2019-02-11 13:31:30,369: [DEBUG] 寫入ad帳號
2019-02-11 13:31:30,388: [DEBUG] Employee：鍾XXXXX
2019-02-11 13:31:30,389: [DEBUG] Employee：鍾XXXXX
2019-02-11 13:31:30,442: [DEBUG] Employee：鍾XXXXX
2019-02-11 13:51:33,977: [DEBUG] 寫入ad帳號
2019-02-11 13:51:34,090: [DEBUG] Employee：鍾XXXXX
2019-02-11 14:40:10,020: [DEBUG] 寫入ad帳號
2019-02-11 14:40:10,652: [DEBUG] Employee：鍾XXXXX
2019-02-11 14:40:12,514: [DEBUG] 1
2019-02-11 14:40:12,514: [DEBUG] F
2019-02-11 14:42:51,297: [DEBUG] 寫入ad帳號
2019-02-11 14:42:52,708: [DEBUG] Employee：鍾XXXXX
2019-02-11 14:42:53,462: [DEBUG] HomeController:F
2019-02-11 14:42:53,644: [DEBUG] 1
2019-02-11 14:42:53,645: [DEBUG] F
2019-02-11 14:42:54,357: [DEBUG] 寫入ad帳號
2019-02-11 14:42:54,357: [DEBUG] 寫入ad帳號
2019-02-11 14:42:54,439: [DEBUG] 寫入ad帳號
2019-02-11 14:42:54,491: [DEBUG] 寫入ad帳號
2019-02-11 14:42:54,491: [DEBUG] 寫入ad帳號
2019-02-11 14:42:54,767: [DEBUG] Employee：鍾XXXXX
2019-02-11 14:42:54,767: [DEBUG] Employee：鍾XXXXX
2019-02-11 14:42:54,781: [DEBUG] Employee：鍾XXXXX
2019-02-11 14:42:54,814: [DEBUG] 寫入ad帳號
2019-02-11 14:42:54,829: [DEBUG] Employee：鍾XXXXX
2019-02-11 14:42:54,864: [DEBUG] 寫入ad帳號
2019-02-11 14:42:54,982: [DEBUG] Employee：鍾XXXXX
2019-02-11 14:42:55,035: [DEBUG] Employee：鍾XXXXX
2019-02-11 14:42:55,047: [DEBUG] Employee：鍾XXXXX
2019-02-11 14:42:55,065: [DEBUG] 寫入ad帳號
2019-02-11 14:42:55,099: [DEBUG] 寫入ad帳號
2019-02-11 14:42:55,335: [DEBUG] Employee：鍾XXXXX
2019-02-11 14:42:55,410: [DEBUG] 寫入ad帳號
2019-02-11 14:42:55,410: [DEBUG] 寫入ad帳號
2019-02-11 14:42:55,444: [DEBUG] Employee：鍾XXXXX
2019-02-11 14:42:55,573: [DEBUG] 寫入ad帳號
2019-02-11 14:42:55,597: [DEBUG] Employee：鍾XXXXX
2019-02-11 14:42:55,632: [DEBUG] 寫入ad帳號
2019-02-11 14:42:55,659: [DEBUG] Employee：鍾XXXXX
2019-02-11 14:42:55,709: [DEBUG] Employee：鍾XXXXX
2019-02-11 14:42:55,730: [DEBUG] 寫入ad帳號
2019-02-11 14:42:55,740: [DEBUG] Employee：鍾XXXXX
2019-02-11 14:42:55,753: [DEBUG] 寫入ad帳號
2019-02-11 14:42:55,925: [DEBUG] 寫入ad帳號
2019-02-11 14:42:55,969: [DEBUG] Employee：鍾XXXXX
2019-02-11 14:42:55,969: [DEBUG] 寫入ad帳號
2019-02-11 14:42:56,004: [DEBUG] Employee：鍾XXXXX
2019-02-11 14:42:56,102: [DEBUG] 寫入ad帳號
2019-02-11 14:42:56,113: [DEBUG] Employee：鍾XXXXX
2019-02-11 14:42:56,113: [DEBUG] 寫入ad帳號
2019-02-11 14:42:56,182: [DEBUG] Employee：鍾XXXXX
2019-02-11 14:42:56,248: [DEBUG] 寫入ad帳號
2019-02-11 14:42:56,248: [DEBUG] 寫入ad帳號
2019-02-11 14:42:56,327: [DEBUG] Employee：鍾XXXXX
2019-02-11 14:42:56,532: [DEBUG] Employee：鍾XXXXX
2019-02-11 14:42:56,532: [DEBUG] Employee：鍾XXXXX
2019-02-11 14:42:56,616: [DEBUG] 寫入ad帳號
2019-02-11 14:42:56,675: [DEBUG] Employee：鍾XXXXX
2019-02-11 14:42:56,697: [DEBUG] 寫入ad帳號
2019-02-11 14:42:56,893: [DEBUG] Employee：鍾XXXXX
2019-02-11 14:42:56,973: [DEBUG] Employee：鍾XXXXX
2019-02-11 14:42:57,080: [DEBUG] 寫入ad帳號
2019-02-11 14:42:57,205: [DEBUG] 寫入ad帳號
2019-02-11 14:42:57,456: [DEBUG] Employee：鍾XXXXX
2019-02-11 14:42:57,466: [DEBUG] 寫入ad帳號
2019-02-11 14:42:57,490: [DEBUG] Employee：鍾XXXXX
2019-02-11 14:42:57,579: [DEBUG] Employee：鍾XXXXX
2019-02-11 14:42:57,581: [DEBUG] 寫入ad帳號
2019-02-11 14:42:57,692: [DEBUG] 寫入ad帳號
2019-02-11 14:42:57,724: [DEBUG] Employee：鍾XXXXX
2019-02-11 14:42:57,732: [DEBUG] 寫入ad帳號
2019-02-11 14:42:57,784: [DEBUG] 寫入ad帳號
2019-02-11 14:42:57,809: [DEBUG] Employee：鍾XXXXX
2019-02-11 14:42:57,892: [DEBUG] 寫入ad帳號
2019-02-11 14:42:57,920: [DEBUG] 寫入ad帳號
2019-02-11 14:42:57,948: [DEBUG] Employee：鍾XXXXX
2019-02-11 14:42:57,985: [DEBUG] Employee：鍾XXXXX
2019-02-11 14:42:58,071: [DEBUG] 寫入ad帳號
2019-02-11 14:42:58,092: [DEBUG] Employee：鍾XXXXX
2019-02-11 14:42:58,144: [DEBUG] Employee：鍾XXXXX
2019-02-11 14:42:58,175: [DEBUG] 寫入ad帳號
2019-02-11 14:42:58,210: [DEBUG] 寫入ad帳號
2019-02-11 14:42:58,212: [DEBUG] Employee：鍾XXXXX
2019-02-11 14:42:58,217: [DEBUG] 寫入ad帳號
2019-02-11 14:42:58,282: [DEBUG] Employee：鍾XXXXX
2019-02-11 14:42:58,320: [DEBUG] Employee：鍾XXXXX
2019-02-11 14:42:58,320: [DEBUG] Employee：鍾XXXXX
2019-02-11 14:42:58,341: [DEBUG] 寫入ad帳號
2019-02-11 14:42:58,381: [DEBUG] 寫入ad帳號
2019-02-11 14:42:58,390: [DEBUG] 寫入ad帳號
2019-02-11 14:42:58,484: [DEBUG] 寫入ad帳號
2019-02-11 14:42:58,501: [DEBUG] Employee：鍾XXXXX
2019-02-11 14:42:58,547: [DEBUG] Employee：鍾XXXXX
2019-02-11 14:42:58,547: [DEBUG] Employee：鍾XXXXX
2019-02-11 14:42:58,547: [DEBUG] 寫入ad帳號
2019-02-11 14:42:58,562: [DEBUG] Employee：鍾XXXXX
2019-02-11 14:42:58,564: [DEBUG] 寫入ad帳號
2019-02-11 14:42:58,661: [DEBUG] Employee：鍾XXXXX
2019-02-11 14:42:58,672: [DEBUG] Employee：鍾XXXXX
2019-02-11 14:43:11,551: [DEBUG] 1
2019-02-11 14:43:11,551: [DEBUG] F
2019-02-11 14:43:15,285: [DEBUG] 寫入ad帳號
2019-02-11 14:43:15,331: [DEBUG] Employee：鍾XXXXX
2019-02-11 14:43:16,609: [DEBUG] 1
2019-02-11 14:43:16,609: [DEBUG] F
2019-02-11 14:49:00,003: [DEBUG] 1
2019-02-11 14:49:00,004: [DEBUG] F
2019-02-11 14:52:30,346: [DEBUG] 寫入ad帳號
2019-02-11 14:52:31,382: [DEBUG] Employee：鍾XXXXX
2019-02-11 14:52:32,250: [DEBUG] HomeController:F
2019-02-11 14:52:32,437: [DEBUG] 1
2019-02-11 14:52:32,437: [DEBUG] F
2019-02-11 14:52:33,063: [DEBUG] 寫入ad帳號
2019-02-11 14:52:33,073: [DEBUG] 寫入ad帳號
2019-02-11 14:52:33,103: [DEBUG] 寫入ad帳號
2019-02-11 14:52:33,129: [DEBUG] 寫入ad帳號
2019-02-11 14:52:33,213: [DEBUG] 寫入ad帳號
2019-02-11 14:52:33,225: [DEBUG] Employee：鍾XXXXX
2019-02-11 14:52:33,370: [DEBUG] Employee：鍾XXXXX
2019-02-11 14:52:33,373: [DEBUG] Employee：鍾XXXXX
2019-02-11 14:52:33,387: [DEBUG] Employee：鍾XXXXX
2019-02-11 14:52:33,478: [DEBUG] 寫入ad帳號
2019-02-11 14:52:33,579: [DEBUG] 寫入ad帳號
2019-02-11 14:52:33,594: [DEBUG] Employee：鍾XXXXX
2019-02-11 14:52:33,610: [DEBUG] 寫入ad帳號
2019-02-11 14:52:33,674: [DEBUG] 寫入ad帳號
2019-02-11 14:52:33,714: [DEBUG] Employee：鍾XXXXX
2019-02-11 14:52:33,805: [DEBUG] Employee：鍾XXXXX
2019-02-11 14:52:33,805: [DEBUG] Employee：鍾XXXXX
2019-02-11 14:52:33,806: [DEBUG] 寫入ad帳號
2019-02-11 14:52:33,848: [DEBUG] Employee：鍾XXXXX
2019-02-11 14:52:33,910: [DEBUG] 寫入ad帳號
2019-02-11 14:52:34,017: [DEBUG] Employee：鍾XXXXX
2019-02-11 14:52:34,017: [DEBUG] 寫入ad帳號
2019-02-11 14:52:34,083: [DEBUG] 寫入ad帳號
2019-02-11 14:52:34,097: [DEBUG] Employee：鍾XXXXX
2019-02-11 14:52:34,098: [DEBUG] 寫入ad帳號
2019-02-11 14:52:34,128: [DEBUG] Employee：鍾XXXXX
2019-02-11 14:52:34,292: [DEBUG] 寫入ad帳號
2019-02-11 14:52:34,292: [DEBUG] 寫入ad帳號
2019-02-11 14:52:34,352: [DEBUG] Employee：鍾XXXXX
2019-02-11 14:52:34,393: [DEBUG] Employee：鍾XXXXX
2019-02-11 14:52:34,395: [DEBUG] 寫入ad帳號
2019-02-11 14:52:34,430: [DEBUG] Employee：鍾XXXXX
2019-02-11 14:52:34,455: [DEBUG] Employee：鍾XXXXX
2019-02-11 14:52:34,474: [DEBUG] 寫入ad帳號
2019-02-11 14:52:34,503: [DEBUG] Employee：鍾XXXXX
2019-02-11 14:52:34,505: [DEBUG] 寫入ad帳號
2019-02-11 14:52:34,599: [DEBUG] 寫入ad帳號
2019-02-11 14:52:34,616: [DEBUG] Employee：鍾XXXXX
2019-02-11 14:52:34,616: [DEBUG] Employee：鍾XXXXX
2019-02-11 14:52:34,616: [DEBUG] 寫入ad帳號
2019-02-11 14:52:34,684: [DEBUG] 寫入ad帳號
2019-02-11 14:52:34,724: [DEBUG] Employee：鍾XXXXX
2019-02-11 14:52:34,735: [DEBUG] Employee：鍾XXXXX
2019-02-11 14:52:34,820: [DEBUG] Employee：鍾XXXXX
2019-02-11 14:52:34,820: [DEBUG] 寫入ad帳號
2019-02-11 14:52:34,824: [DEBUG] 寫入ad帳號
2019-02-11 14:52:34,986: [DEBUG] Employee：鍾XXXXX
2019-02-11 14:52:35,042: [DEBUG] 寫入ad帳號
2019-02-11 14:52:35,046: [DEBUG] 寫入ad帳號
2019-02-11 14:52:35,129: [DEBUG] Employee：鍾XXXXX
2019-02-11 14:52:35,228: [DEBUG] 寫入ad帳號
2019-02-11 14:52:35,229: [DEBUG] Employee：鍾XXXXX
2019-02-11 14:52:35,284: [DEBUG] Employee：鍾XXXXX
2019-02-11 14:52:35,306: [DEBUG] 寫入ad帳號
2019-02-11 14:52:35,359: [DEBUG] 寫入ad帳號
2019-02-11 14:52:35,376: [DEBUG] Employee：鍾XXXXX
2019-02-11 14:52:35,414: [DEBUG] Employee：鍾XXXXX
2019-02-11 14:52:35,421: [DEBUG] 寫入ad帳號
2019-02-11 14:52:35,549: [DEBUG] 寫入ad帳號
2019-02-11 14:52:35,689: [DEBUG] Employee：鍾XXXXX
2019-02-11 14:52:35,689: [DEBUG] Employee：鍾XXXXX
2019-02-11 14:52:35,690: [DEBUG] 寫入ad帳號
2019-02-11 14:52:35,787: [DEBUG] 寫入ad帳號
2019-02-11 14:52:35,845: [DEBUG] 寫入ad帳號
2019-02-11 14:52:35,875: [DEBUG] Employee：鍾XXXXX
2019-02-11 14:52:35,876: [DEBUG] Employee：鍾XXXXX
2019-02-11 14:52:35,910: [DEBUG] Employee：鍾XXXXX
2019-02-11 14:52:35,927: [DEBUG] Employee：鍾XXXXX
2019-02-11 14:52:35,930: [DEBUG] 寫入ad帳號
2019-02-11 14:52:35,999: [DEBUG] 寫入ad帳號
2019-02-11 14:52:36,038: [DEBUG] 寫入ad帳號
2019-02-11 14:52:36,040: [DEBUG] 寫入ad帳號
2019-02-11 14:52:36,070: [DEBUG] Employee：鍾XXXXX
2019-02-11 14:52:36,088: [DEBUG] Employee：鍾XXXXX
2019-02-11 14:52:36,159: [DEBUG] Employee：鍾XXXXX
2019-02-11 14:52:36,160: [DEBUG] 寫入ad帳號
2019-02-11 14:52:36,170: [DEBUG] Employee：鍾XXXXX
2019-02-11 14:52:36,175: [DEBUG] 寫入ad帳號
2019-02-11 14:52:36,247: [DEBUG] 寫入ad帳號
2019-02-11 14:52:36,415: [DEBUG] 寫入ad帳號
2019-02-11 14:52:36,481: [DEBUG] Employee：鍾XXXXX
2019-02-11 14:52:36,544: [DEBUG] Employee：鍾XXXXX
2019-02-11 14:52:36,547: [DEBUG] 寫入ad帳號
2019-02-11 14:52:36,629: [DEBUG] Employee：鍾XXXXX
2019-02-11 14:52:36,680: [DEBUG] Employee：鍾XXXXX
2019-02-11 14:52:36,692: [DEBUG] Employee：鍾XXXXX
2019-02-11 14:52:42,071: [DEBUG] 1
2019-02-11 14:52:42,071: [DEBUG] F
2019-02-11 14:56:53,600: [DEBUG] 寫入ad帳號
2019-02-11 14:56:54,547: [DEBUG] Employee：鍾XXXXX
2019-02-11 14:56:55,371: [DEBUG] HomeController:F
2019-02-11 14:56:55,582: [DEBUG] 1
2019-02-11 14:56:55,582: [DEBUG] F
2019-02-11 14:56:56,289: [DEBUG] 寫入ad帳號
2019-02-11 14:56:56,289: [DEBUG] 寫入ad帳號
2019-02-11 14:56:56,570: [DEBUG] 寫入ad帳號
2019-02-11 14:56:56,571: [DEBUG] 寫入ad帳號
2019-02-11 14:56:56,571: [DEBUG] 寫入ad帳號
2019-02-11 14:56:56,634: [DEBUG] Employee：鍾XXXXX
2019-02-11 14:56:56,837: [DEBUG] Employee：鍾XXXXX
2019-02-11 14:56:56,841: [DEBUG] 寫入ad帳號
2019-02-11 14:56:56,844: [DEBUG] Employee：鍾XXXXX
2019-02-11 14:56:56,844: [DEBUG] Employee：鍾XXXXX
2019-02-11 14:56:56,847: [DEBUG] Employee：鍾XXXXX
2019-02-11 14:56:57,088: [DEBUG] 寫入ad帳號
2019-02-11 14:56:57,104: [DEBUG] 寫入ad帳號
2019-02-11 14:56:57,156: [DEBUG] Employee：鍾XXXXX
2019-02-11 14:56:57,156: [DEBUG] 寫入ad帳號
2019-02-11 14:56:57,169: [DEBUG] 寫入ad帳號
2019-02-11 14:56:57,334: [DEBUG] Employee：鍾XXXXX
2019-02-11 14:56:57,363: [DEBUG] Employee：鍾XXXXX
2019-02-11 14:56:57,379: [DEBUG] Employee：鍾XXXXX
2019-02-11 14:56:57,384: [DEBUG] 寫入ad帳號
2019-02-11 14:56:57,384: [DEBUG] 寫入ad帳號
2019-02-11 14:56:57,398: [DEBUG] Employee：鍾XXXXX
2019-02-11 14:56:57,474: [DEBUG] 寫入ad帳號
2019-02-11 14:56:57,583: [DEBUG] 寫入ad帳號
2019-02-11 14:56:57,600: [DEBUG] Employee：鍾XXXXX
2019-02-11 14:56:57,601: [DEBUG] Employee：鍾XXXXX
2019-02-11 14:56:57,641: [DEBUG] Employee：鍾XXXXX
2019-02-11 14:56:57,650: [DEBUG] 寫入ad帳號
2019-02-11 14:56:57,695: [DEBUG] Employee：鍾XXXXX
2019-02-11 14:56:57,696: [DEBUG] 寫入ad帳號
2019-02-11 14:56:57,696: [DEBUG] 寫入ad帳號
2019-02-11 14:56:57,807: [DEBUG] 寫入ad帳號
2019-02-11 14:56:57,847: [DEBUG] Employee：鍾XXXXX
2019-02-11 14:56:57,898: [DEBUG] Employee：鍾XXXXX
2019-02-11 14:56:57,899: [DEBUG] Employee：鍾XXXXX
2019-02-11 14:56:57,900: [DEBUG] 寫入ad帳號
2019-02-11 14:56:57,925: [DEBUG] Employee：鍾XXXXX
2019-02-11 14:56:57,925: [DEBUG] 寫入ad帳號
2019-02-11 14:56:57,926: [DEBUG] 寫入ad帳號
2019-02-11 14:56:57,961: [DEBUG] 寫入ad帳號
2019-02-11 14:56:58,035: [DEBUG] Employee：鍾XXXXX
2019-02-11 14:56:58,035: [DEBUG] Employee：鍾XXXXX
2019-02-11 14:56:58,053: [DEBUG] Employee：鍾XXXXX
2019-02-11 14:56:58,077: [DEBUG] Employee：鍾XXXXX
2019-02-11 14:56:58,102: [DEBUG] 寫入ad帳號
2019-02-11 14:56:58,213: [DEBUG] 寫入ad帳號
2019-02-11 14:56:58,293: [DEBUG] 寫入ad帳號
2019-02-11 14:56:58,397: [DEBUG] 寫入ad帳號
2019-02-11 14:56:58,432: [DEBUG] Employee：鍾XXXXX
2019-02-11 14:56:58,432: [DEBUG] Employee：鍾XXXXX
2019-02-11 14:56:58,536: [DEBUG] Employee：鍾XXXXX
2019-02-11 14:56:58,536: [DEBUG] Employee：鍾XXXXX
2019-02-11 14:56:58,537: [DEBUG] 寫入ad帳號
2019-02-11 14:56:58,590: [DEBUG] 寫入ad帳號
2019-02-11 14:56:58,685: [DEBUG] Employee：鍾XXXXX
2019-02-11 14:56:58,688: [DEBUG] 寫入ad帳號
2019-02-11 14:56:58,707: [DEBUG] Employee：鍾XXXXX
2019-02-11 14:56:58,792: [DEBUG] 寫入ad帳號
2019-02-11 14:56:58,792: [DEBUG] 寫入ad帳號
2019-02-11 14:56:59,009: [DEBUG] Employee：鍾XXXXX
2019-02-11 14:56:59,040: [DEBUG] Employee：鍾XXXXX
2019-02-11 14:56:59,050: [DEBUG] 寫入ad帳號
2019-02-11 14:56:59,056: [DEBUG] 寫入ad帳號
2019-02-11 14:56:59,097: [DEBUG] Employee：鍾XXXXX
2019-02-11 14:56:59,192: [DEBUG] Employee：鍾XXXXX
2019-02-11 14:56:59,192: [DEBUG] 寫入ad帳號
2019-02-11 14:56:59,323: [DEBUG] 寫入ad帳號
2019-02-11 14:56:59,342: [DEBUG] Employee：鍾XXXXX
2019-02-11 14:56:59,373: [DEBUG] 寫入ad帳號
2019-02-11 14:56:59,525: [DEBUG] Employee：鍾XXXXX
2019-02-11 14:56:59,526: [DEBUG] 寫入ad帳號
2019-02-11 14:56:59,608: [DEBUG] 寫入ad帳號
2019-02-11 14:56:59,641: [DEBUG] Employee：鍾XXXXX
2019-02-11 14:56:59,655: [DEBUG] Employee：鍾XXXXX
2019-02-11 14:56:59,729: [DEBUG] Employee：鍾XXXXX
2019-02-11 14:56:59,729: [DEBUG] Employee：鍾XXXXX
2019-02-11 14:56:59,777: [DEBUG] 寫入ad帳號
2019-02-11 14:56:59,778: [DEBUG] 寫入ad帳號
2019-02-11 14:56:59,836: [DEBUG] 寫入ad帳號
2019-02-11 14:56:59,882: [DEBUG] 寫入ad帳號
2019-02-11 14:56:59,968: [DEBUG] 寫入ad帳號
2019-02-11 14:57:00,021: [DEBUG] Employee：鍾XXXXX
2019-02-11 14:57:00,109: [DEBUG] Employee：鍾XXXXX
2019-02-11 14:57:00,114: [DEBUG] Employee：鍾XXXXX
2019-02-11 14:57:00,117: [DEBUG] Employee：鍾XXXXX
2019-02-11 14:57:00,209: [DEBUG] Employee：鍾XXXXX
2019-02-11 14:57:03,941: [DEBUG] 1
2019-02-11 14:57:03,941: [DEBUG] F
2019-02-11 15:04:05,440: [DEBUG] 寫入ad帳號
2019-02-11 15:04:06,747: [DEBUG] Employee：鍾XXXXX
2019-02-11 15:04:07,618: [DEBUG] HomeController:F
2019-02-11 15:04:07,816: [DEBUG] 1
2019-02-11 15:04:07,816: [DEBUG] F
2019-02-11 15:04:08,439: [DEBUG] 寫入ad帳號
2019-02-11 15:04:08,478: [DEBUG] 寫入ad帳號
2019-02-11 15:04:08,511: [DEBUG] 寫入ad帳號
2019-02-11 15:04:08,511: [DEBUG] 寫入ad帳號
2019-02-11 15:04:08,512: [DEBUG] 寫入ad帳號
2019-02-11 15:04:08,802: [DEBUG] Employee：鍾XXXXX
2019-02-11 15:04:08,820: [DEBUG] Employee：鍾XXXXX
2019-02-11 15:04:08,820: [DEBUG] Employee：鍾XXXXX
2019-02-11 15:04:08,839: [DEBUG] Employee：鍾XXXXX
2019-02-11 15:04:08,851: [DEBUG] Employee：鍾XXXXX
2019-02-11 15:04:08,861: [DEBUG] 寫入ad帳號
2019-02-11 15:04:08,973: [DEBUG] Employee：鍾XXXXX
2019-02-11 15:04:08,977: [DEBUG] 寫入ad帳號
2019-02-11 15:04:08,995: [DEBUG] 寫入ad帳號
2019-02-11 15:04:09,055: [DEBUG] 寫入ad帳號
2019-02-11 15:04:09,055: [DEBUG] 寫入ad帳號
2019-02-11 15:04:09,131: [DEBUG] Employee：鍾XXXXX
2019-02-11 15:04:09,149: [DEBUG] Employee：鍾XXXXX
2019-02-11 15:04:09,192: [DEBUG] 寫入ad帳號
2019-02-11 15:04:09,192: [DEBUG] Employee：鍾XXXXX
2019-02-11 15:04:09,229: [DEBUG] Employee：鍾XXXXX
2019-02-11 15:04:09,305: [DEBUG] 寫入ad帳號
2019-02-11 15:04:09,369: [DEBUG] Employee：鍾XXXXX
2019-02-11 15:04:09,371: [DEBUG] 寫入ad帳號
2019-02-11 15:04:09,394: [DEBUG] 寫入ad帳號
2019-02-11 15:04:09,492: [DEBUG] Employee：鍾XXXXX
2019-02-11 15:04:09,493: [DEBUG] 寫入ad帳號
2019-02-11 15:04:09,521: [DEBUG] Employee：鍾XXXXX
2019-02-11 15:04:09,521: [DEBUG] Employee：鍾XXXXX
2019-02-11 15:04:09,523: [DEBUG] 寫入ad帳號
2019-02-11 15:04:09,565: [DEBUG] Employee：鍾XXXXX
2019-02-11 15:04:09,568: [DEBUG] 寫入ad帳號
2019-02-11 15:04:09,618: [DEBUG] 寫入ad帳號
2019-02-11 15:04:09,647: [DEBUG] 寫入ad帳號
2019-02-11 15:04:09,647: [DEBUG] Employee：鍾XXXXX
2019-02-11 15:04:09,659: [DEBUG] Employee：鍾XXXXX
2019-02-11 15:04:09,723: [DEBUG] 寫入ad帳號
2019-02-11 15:04:09,748: [DEBUG] Employee：鍾XXXXX
2019-02-11 15:04:09,772: [DEBUG] Employee：鍾XXXXX
2019-02-11 15:04:09,773: [DEBUG] 寫入ad帳號
2019-02-11 15:04:09,788: [DEBUG] Employee：鍾XXXXX
2019-02-11 15:04:09,808: [DEBUG] 寫入ad帳號
2019-02-11 15:04:09,825: [DEBUG] 寫入ad帳號
2019-02-11 15:04:09,937: [DEBUG] Employee：鍾XXXXX
2019-02-11 15:04:09,949: [DEBUG] Employee：鍾XXXXX
2019-02-11 15:04:09,949: [DEBUG] Employee：鍾XXXXX
2019-02-11 15:04:10,024: [DEBUG] 寫入ad帳號
2019-02-11 15:04:10,086: [DEBUG] 寫入ad帳號
2019-02-11 15:04:10,172: [DEBUG] 寫入ad帳號
2019-02-11 15:04:10,174: [DEBUG] 寫入ad帳號
2019-02-11 15:04:10,256: [DEBUG] Employee：鍾XXXXX
2019-02-11 15:04:10,319: [DEBUG] Employee：鍾XXXXX
2019-02-11 15:04:10,323: [DEBUG] Employee：鍾XXXXX
2019-02-11 15:04:10,338: [DEBUG] Employee：鍾XXXXX
2019-02-11 15:04:10,343: [DEBUG] 寫入ad帳號
2019-02-11 15:04:10,370: [DEBUG] 寫入ad帳號
2019-02-11 15:04:10,442: [DEBUG] 寫入ad帳號
2019-02-11 15:04:10,442: [DEBUG] 寫入ad帳號
2019-02-11 15:04:10,458: [DEBUG] Employee：鍾XXXXX
2019-02-11 15:04:10,496: [DEBUG] Employee：鍾XXXXX
2019-02-11 15:04:10,516: [DEBUG] Employee：鍾XXXXX
2019-02-11 15:04:10,572: [DEBUG] 寫入ad帳號
2019-02-11 15:04:10,603: [DEBUG] Employee：鍾XXXXX
2019-02-11 15:04:10,604: [DEBUG] 寫入ad帳號
2019-02-11 15:04:10,675: [DEBUG] 寫入ad帳號
2019-02-11 15:04:10,728: [DEBUG] Employee：鍾XXXXX
2019-02-11 15:04:10,788: [DEBUG] 寫入ad帳號
2019-02-11 15:04:10,814: [DEBUG] Employee：鍾XXXXX
2019-02-11 15:04:10,869: [DEBUG] 寫入ad帳號
2019-02-11 15:04:10,935: [DEBUG] 寫入ad帳號
2019-02-11 15:04:11,009: [DEBUG] Employee：鍾XXXXX
2019-02-11 15:04:11,023: [DEBUG] Employee：鍾XXXXX
2019-02-11 15:04:11,072: [DEBUG] Employee：鍾XXXXX
2019-02-11 15:04:11,085: [DEBUG] Employee：鍾XXXXX
2019-02-11 15:04:11,117: [DEBUG] 寫入ad帳號
2019-02-11 15:04:11,121: [DEBUG] 寫入ad帳號
2019-02-11 15:04:11,227: [DEBUG] 寫入ad帳號
2019-02-11 15:04:11,230: [DEBUG] 寫入ad帳號
2019-02-11 15:04:11,270: [DEBUG] Employee：鍾XXXXX
2019-02-11 15:04:11,331: [DEBUG] 寫入ad帳號
2019-02-11 15:04:11,356: [DEBUG] Employee：鍾XXXXX
2019-02-11 15:04:11,356: [DEBUG] Employee：鍾XXXXX
2019-02-11 15:04:11,380: [DEBUG] Employee：鍾XXXXX
2019-02-11 15:04:11,396: [DEBUG] Employee：鍾XXXXX
2019-02-11 15:04:42,793: [DEBUG] 寫入ad帳號
2019-02-11 15:04:42,842: [DEBUG] Employee：鍾XXXXX
2019-02-11 15:05:08,132: [DEBUG] 1
2019-02-11 15:05:08,132: [DEBUG] F
2019-02-11 15:09:54,484: [DEBUG] 1
2019-02-11 15:09:54,484: [DEBUG] F
