2019-02-13 17:12:47,411: [DEBUG] 寫入ad帳號
2019-02-13 17:12:47,411: [DEBUG] 寫入ad帳號
2019-02-13 17:12:48,944: [DEBUG] Employee：鍾XXXXX
2019-02-13 17:12:48,944: [DEBUG] Employee：鍾XXXXX
2019-02-13 17:12:51,306: [DEBUG] HomeController:F
2019-02-13 17:12:51,629: [DEBUG] 1
2019-02-13 17:12:51,629: [DEBUG] F
2019-02-13 17:12:51,732: [DEBUG] 1
2019-02-13 17:12:51,732: [DEBUG] F
2019-02-13 17:12:52,952: [DEBUG] 寫入ad帳號
2019-02-13 17:12:52,964: [DEBUG] 寫入ad帳號
2019-02-13 17:12:53,542: [DEBUG] 寫入ad帳號
2019-02-13 17:12:53,543: [DEBUG] 寫入ad帳號
2019-02-13 17:12:53,543: [DEBUG] 寫入ad帳號
2019-02-13 17:12:53,543: [DEBUG] Employee：鍾XXXXX
2019-02-13 17:12:53,554: [DEBUG] Employee：鍾XXXXX
2019-02-13 17:12:53,754: [DEBUG] Employee：鍾XXXXX
2019-02-13 17:12:53,767: [DEBUG] Employee：鍾XXXXX
2019-02-13 17:12:53,773: [DEBUG] Employee：鍾XXXXX
2019-02-13 17:12:53,794: [DEBUG] 寫入ad帳號
2019-02-13 17:12:53,803: [DEBUG] 寫入ad帳號
2019-02-13 17:12:53,910: [DEBUG] 寫入ad帳號
2019-02-13 17:12:54,115: [DEBUG] 寫入ad帳號
2019-02-13 17:12:54,119: [DEBUG] Employee：鍾XXXXX
2019-02-13 17:12:54,236: [DEBUG] Employee：鍾XXXXX
2019-02-13 17:12:54,272: [DEBUG] 寫入ad帳號
2019-02-13 17:12:54,281: [DEBUG] Employee：鍾XXXXX
2019-02-13 17:12:54,350: [DEBUG] Employee：鍾XXXXX
2019-02-13 17:12:54,381: [DEBUG] 寫入ad帳號
2019-02-13 17:12:54,401: [DEBUG] 寫入ad帳號
2019-02-13 17:12:54,469: [DEBUG] 寫入ad帳號
2019-02-13 17:12:54,473: [DEBUG] Employee：鍾XXXXX
2019-02-13 17:12:54,542: [DEBUG] Employee：鍾XXXXX
2019-02-13 17:12:54,572: [DEBUG] Employee：鍾XXXXX
2019-02-13 17:12:54,572: [DEBUG] 寫入ad帳號
2019-02-13 17:12:54,650: [DEBUG] Employee：鍾XXXXX
2019-02-13 17:12:54,683: [DEBUG] 寫入ad帳號
2019-02-13 17:12:54,684: [DEBUG] 寫入ad帳號
2019-02-13 17:12:54,768: [DEBUG] 寫入ad帳號
2019-02-13 17:12:54,913: [DEBUG] Employee：鍾XXXXX
2019-02-13 17:12:54,915: [DEBUG] 寫入ad帳號
2019-02-13 17:12:54,916: [DEBUG] 寫入ad帳號
2019-02-13 17:12:54,913: [DEBUG] Employee：鍾XXXXX
2019-02-13 17:12:55,019: [DEBUG] 寫入ad帳號
2019-02-13 17:12:55,020: [DEBUG] Employee：鍾XXXXX
2019-02-13 17:12:55,118: [DEBUG] Employee：鍾XXXXX
2019-02-13 17:12:55,118: [DEBUG] Employee：鍾XXXXX
2019-02-13 17:12:55,120: [DEBUG] Employee：鍾XXXXX
2019-02-13 17:12:55,167: [DEBUG] 寫入ad帳號
2019-02-13 17:12:55,384: [DEBUG] 寫入ad帳號
2019-02-13 17:12:55,442: [DEBUG] Employee：鍾XXXXX
2019-02-13 17:12:55,546: [DEBUG] 寫入ad帳號
2019-02-13 17:12:55,737: [DEBUG] 寫入ad帳號
2019-02-13 17:12:55,742: [DEBUG] Employee：鍾XXXXX
2019-02-13 17:12:56,154: [DEBUG] 寫入ad帳號
2019-02-13 17:12:56,256: [DEBUG] Employee：鍾XXXXX
2019-02-13 17:12:56,408: [DEBUG] Employee：鍾XXXXX
2019-02-13 17:12:56,437: [DEBUG] Employee：鍾XXXXX
2019-02-13 17:12:56,528: [DEBUG] 寫入ad帳號
2019-02-13 17:12:56,538: [DEBUG] 寫入ad帳號
2019-02-13 17:12:56,620: [DEBUG] Employee：鍾XXXXX
2019-02-13 17:12:56,638: [DEBUG] 寫入ad帳號
2019-02-13 17:12:56,689: [DEBUG] 寫入ad帳號
2019-02-13 17:12:56,724: [DEBUG] Employee：鍾XXXXX
2019-02-13 17:12:56,741: [DEBUG] 寫入ad帳號
2019-02-13 17:12:56,742: [DEBUG] Employee：鍾XXXXX
2019-02-13 17:12:56,759: [DEBUG] Employee：鍾XXXXX
2019-02-13 17:12:56,930: [DEBUG] 寫入ad帳號
2019-02-13 17:12:56,930: [DEBUG] 寫入ad帳號
2019-02-13 17:12:56,931: [DEBUG] 寫入ad帳號
2019-02-13 17:12:56,965: [DEBUG] Employee：鍾XXXXX
2019-02-13 17:12:57,012: [DEBUG] Employee：鍾XXXXX
2019-02-13 17:12:57,206: [DEBUG] Employee：鍾XXXXX
2019-02-13 17:12:57,221: [DEBUG] Employee：鍾XXXXX
2019-02-13 17:12:57,222: [DEBUG] Employee：鍾XXXXX
2019-02-13 17:12:57,263: [DEBUG] 寫入ad帳號
2019-02-13 17:12:57,323: [DEBUG] 寫入ad帳號
2019-02-13 17:12:57,397: [DEBUG] Employee：鍾XXXXX
2019-02-13 17:12:57,397: [DEBUG] 寫入ad帳號
2019-02-13 17:12:57,404: [DEBUG] 寫入ad帳號
2019-02-13 17:12:57,460: [DEBUG] 寫入ad帳號
2019-02-13 17:12:57,476: [DEBUG] Employee：鍾XXXXX
2019-02-13 17:12:57,476: [DEBUG] Employee：鍾XXXXX
2019-02-13 17:12:57,506: [DEBUG] Employee：鍾XXXXX
2019-02-13 17:12:57,536: [DEBUG] 寫入ad帳號
2019-02-13 17:12:57,553: [DEBUG] Employee：鍾XXXXX
2019-02-13 17:12:57,554: [DEBUG] 寫入ad帳號
2019-02-13 17:12:57,620: [DEBUG] 寫入ad帳號
2019-02-13 17:12:57,661: [DEBUG] Employee：鍾XXXXX
2019-02-13 17:12:57,662: [DEBUG] 寫入ad帳號
2019-02-13 17:12:57,693: [DEBUG] Employee：鍾XXXXX
2019-02-13 17:12:57,725: [DEBUG] Employee：鍾XXXXX
2019-02-13 17:12:57,742: [DEBUG] Employee：鍾XXXXX
2019-02-13 17:13:05,085: [DEBUG] 3
2019-02-13 17:13:05,090: [DEBUG] @Season：201801,@Type：0,@Unit：,@SellerNo：0,@LongRateDis：0,@TodayShortRate：0,@OrdinaryShortRate：0,@UnReachMark：0
2019-02-13 17:13:06,183: [DEBUG] 4
2019-02-13 17:13:14,207: [DEBUG] 3
2019-02-13 17:13:14,207: [DEBUG] @Season：201801,@Type：1,@Unit：1,@SellerNo：0,@LongRateDis：0,@TodayShortRate：0,@OrdinaryShortRate：0,@UnReachMark：1
2019-02-13 17:13:16,157: [DEBUG] 3
2019-02-13 17:13:16,157: [DEBUG] @Season：201801,@Type：2,@Unit：1,@SellerNo：0,@LongRateDis：0,@TodayShortRate：0,@OrdinaryShortRate：0,@UnReachMark：1
2019-02-13 17:13:27,629: [DEBUG] 4
2019-02-13 17:13:29,045: [DEBUG] 4
2019-02-13 17:13:35,875: [DEBUG] 3
2019-02-13 17:13:35,875: [DEBUG] @Season：201801,@Type：0,@Unit：,@SellerNo：0,@LongRateDis：0,@TodayShortRate：0,@OrdinaryShortRate：0,@UnReachMark：0
2019-02-13 17:13:36,788: [DEBUG] 4
2019-02-13 17:13:40,627: [DEBUG] 3
2019-02-13 17:13:40,627: [DEBUG] @Season：201801,@Type：1,@Unit：0,@SellerNo：0,@LongRateDis：0,@TodayShortRate：0,@OrdinaryShortRate：0,@UnReachMark：1
2019-02-13 17:13:42,626: [DEBUG] 3
2019-02-13 17:13:42,626: [DEBUG] @Season：201801,@Type：2,@Unit：0,@SellerNo：0,@LongRateDis：0,@TodayShortRate：0,@OrdinaryShortRate：0,@UnReachMark：1
2019-02-13 17:14:05,159: [DEBUG] 4
2019-02-13 17:14:06,619: [DEBUG] 4
2019-02-13 17:27:45,824: [DEBUG] 寫入ad帳號
2019-02-13 17:27:46,345: [DEBUG] Employee：鍾XXXXX
2019-02-13 17:27:46,859: [DEBUG] HomeController:F
2019-02-13 17:27:47,067: [DEBUG] 1
2019-02-13 17:27:47,067: [DEBUG] F
